num_buckets not specified with -t, set to default value num_buckets=21
node_threashold not specified with -n, set to default value node_threashold=100K
K-mer size: 32, L-mer size: 8, Number of Processes: 32, MAX_KMER_COUNT: 1000000000 Coverage: 100,Avg read length: 100, Num buckets: 21, Node threshold: 100000
Average time for MPI_FIle_Open (secs): 0.030321 
Average time for MPI_FIle_Read (secs): 0.356355 
Average time for MPI_FIle_copy (secs): 0.226899 
Average time for MPI_FIle_Close (secs): 0.009664 
Average time for reading and storing the Reads in each proc's memory (secs): 0.623438 
Total number of reads: 30000000
Average time for Alltoall across all procs (secs): 0.000083 
Average time for pack_sbuf_time across all procs (secs): 0.000000 
Average time for AlltoallV across all procs (secs): 0.233563 
Average time for unpack_rbuf_time across all procs (secs): 3.783370 
Average time for unpack_rbuf_time:sort across all procs (secs): 1.809844 
Average time for unpack_rbuf_time:insert across all procs (secs): 0.124961 
Average time for unpack_rbuf_time:acc across all procs (secs): 1.848258 
Average time for partial Sliding Window across all procs (secs): 0.000000 
Average time for Sliding Window across all procs (secs): 5.849896 
Average time for lmer Sliding Window across all procs (secs): 0.181527 
Average time for vector insert across all procs (secs): 2.636531 
Average time for temp_map insert across all procs (secs): 6.358420 
Average number of re-calculations of min l-mer across all procs (secs): 4255749.625000 
Average time for performing k-mer counting across all procs (secs): 17.017539 
Total distinct k-mer entries across all proc's: 314137779
Number of batch iterations: 1 
Number of threads: 96
Total valid (>= min_bucket(20)) k-mer entries across all proc's: 11931197 
**********************************************************************

Average time for communication in Transfer of MN nodes (secs): 0.010417 
Average time for Re-grouping for k-mers across all procs (secs): 0.106640 
Average time for identifying the macro_nodes (secs): 0.124553 
Average time for sorting the pref/suff kmer buffers (secs): 0.130853 
Average time for populating the suff and pref buffers (secs): 0.307364 
Average time for constructing MN map across all procs (secs): 0.564419 
Total number of macro_nodes across all proc's: 11883414
Average time for MN node construction across all procs (secs): 0.722063 
Average time for initial wiring of MN nodes across all procs (secs): 0.325981 

Itr: 1, Total number of macro_nodes across all proc's: 11883414 [min=367019 max=377858] expected=371356.687500
part1: id set creation (itr: 1)  (secs): 0.029017 
Itr: 1, global ID_set size across all proc's: 3219812
part2: iterate and pack  (itr: 1)  (secs): 1.181832 
part3: serialize and update communication time  (secs): 0.009606 

part3: serialize and update nodes (itr: 1)  (secs): 0.321366 

Itr: 1, Total time for this iteration: 1.551257

Itr: 2, Total number of macro_nodes across all proc's: 8663602 [min=266333 max=276044] expected=270737.562500
part1: id set creation (itr: 2)  (secs): 0.024995 
Itr: 2, global ID_set size across all proc's: 2155093
part2: iterate and pack  (itr: 2)  (secs): 0.890260 
part3: serialize and update communication time  (secs): 0.007349 

part3: serialize and update nodes (itr: 2)  (secs): 0.235335 

Itr: 2, Total time for this iteration: 1.155602

Itr: 3, Total number of macro_nodes across all proc's: 6508509 [min=199765 max=206996] expected=203390.906250
part1: id set creation (itr: 3)  (secs): 0.020759 
Itr: 3, global ID_set size across all proc's: 1580938
part2: iterate and pack  (itr: 3)  (secs): 0.741556 
part3: serialize and update communication time  (secs): 0.005670 

part3: serialize and update nodes (itr: 3)  (secs): 0.165945 

Itr: 3, Total time for this iteration: 0.931656

Itr: 4, Total number of macro_nodes across all proc's: 4927571 [min=151219 max=157118] expected=153986.593750
part1: id set creation (itr: 4)  (secs): 0.016829 
Itr: 4, global ID_set size across all proc's: 1175164
part2: iterate and pack  (itr: 4)  (secs): 0.628568 
part3: serialize and update communication time  (secs): 0.004370 

part3: serialize and update nodes (itr: 4)  (secs): 0.128703 

Itr: 4, Total time for this iteration: 0.777370

Itr: 5, Total number of macro_nodes across all proc's: 3752407 [min=115247 max=120041] expected=117262.718750
part1: id set creation (itr: 5)  (secs): 0.013393 
Itr: 5, global ID_set size across all proc's: 886046
part2: iterate and pack  (itr: 5)  (secs): 0.528397 
part3: serialize and update communication time  (secs): 0.003150 

part3: serialize and update nodes (itr: 5)  (secs): 0.098107 

Itr: 5, Total time for this iteration: 0.642400

Itr: 6, Total number of macro_nodes across all proc's: 2866361 [min=88184 max=91843] expected=89573.781250
part1: id set creation (itr: 6)  (secs): 0.010585 
Itr: 6, global ID_set size across all proc's: 652081
part2: iterate and pack  (itr: 6)  (secs): 0.451714 
part3: serialize and update communication time  (secs): 0.002446 

part3: serialize and update nodes (itr: 6)  (secs): 0.073541 

Itr: 6, Total time for this iteration: 0.538355

Itr: 7, Total number of macro_nodes across all proc's: 2214280 [min=68347 max=71135] expected=69196.250000
part1: id set creation (itr: 7)  (secs): 0.008405 
Itr: 7, global ID_set size across all proc's: 495238
part2: iterate and pack  (itr: 7)  (secs): 0.400098 
part3: serialize and update communication time  (secs): 0.001785 

part3: serialize and update nodes (itr: 7)  (secs): 0.056189 

Itr: 7, Total time for this iteration: 0.465871

Itr: 8, Total number of macro_nodes across all proc's: 1719042 [min=52857 max=55432] expected=53720.062500
part1: id set creation (itr: 8)  (secs): 0.006589 
Itr: 8, global ID_set size across all proc's: 380694
part2: iterate and pack  (itr: 8)  (secs): 0.342752 
part3: serialize and update communication time  (secs): 0.001540 

part3: serialize and update nodes (itr: 8)  (secs): 0.043156 

Itr: 8, Total time for this iteration: 0.393611

Itr: 9, Total number of macro_nodes across all proc's: 1338348 [min=41106 max=43422] expected=41823.375000
part1: id set creation (itr: 9)  (secs): 0.005092 
Itr: 9, global ID_set size across all proc's: 293355
part2: iterate and pack  (itr: 9)  (secs): 0.307962 
part3: serialize and update communication time  (secs): 0.001460 

part3: serialize and update nodes (itr: 9)  (secs): 0.034107 

Itr: 9, Total time for this iteration: 0.347953

Itr: 10, Total number of macro_nodes across all proc's: 1044993 [min=31995 max=34077] expected=32656.031250
part1: id set creation (itr: 10)  (secs): 0.003872 
Itr: 10, global ID_set size across all proc's: 226118
part2: iterate and pack  (itr: 10)  (secs): 0.282627 
part3: serialize and update communication time  (secs): 0.001096 

part3: serialize and update nodes (itr: 10)  (secs): 0.026230 

Itr: 10, Total time for this iteration: 0.313442

Itr: 11, Total number of macro_nodes across all proc's: 818875 [min=25092 max=26794] expected=25589.843750
part1: id set creation (itr: 11)  (secs): 0.002906 
Itr: 11, global ID_set size across all proc's: 173765
part2: iterate and pack  (itr: 11)  (secs): 0.248651 
part3: serialize and update communication time  (secs): 0.000830 

part3: serialize and update nodes (itr: 11)  (secs): 0.032077 

Itr: 11, Total time for this iteration: 0.289329

Itr: 12, Total number of macro_nodes across all proc's: 645110 [min=19677 max=21212] expected=20159.687500
part1: id set creation (itr: 12)  (secs): 0.002293 
Itr: 12, global ID_set size across all proc's: 133559
part2: iterate and pack  (itr: 12)  (secs): 0.245981 
part3: serialize and update communication time  (secs): 0.000551 

part3: serialize and update nodes (itr: 12)  (secs): 0.027943 

Itr: 12, Total time for this iteration: 0.283239

Itr: 13, Total number of macro_nodes across all proc's: 511551 [min=15494 max=16867] expected=15985.968750
part1: id set creation (itr: 13)  (secs): 0.001828 
Itr: 13, global ID_set size across all proc's: 102755
part2: iterate and pack  (itr: 13)  (secs): 0.240069 
part3: serialize and update communication time  (secs): 0.000681 

part3: serialize and update nodes (itr: 13)  (secs): 0.023322 

Itr: 13, Total time for this iteration: 0.272333

Itr: 14, Total number of macro_nodes across all proc's: 408796 [min=12338 max=13608] expected=12774.875000
part1: id set creation (itr: 14)  (secs): 0.001368 
Itr: 14, global ID_set size across all proc's: 78956
part2: iterate and pack  (itr: 14)  (secs): 0.201169 
part3: serialize and update communication time  (secs): 0.000695 

part3: serialize and update nodes (itr: 14)  (secs): 0.010340 

Itr: 14, Total time for this iteration: 0.216913

Itr: 15, Total number of macro_nodes across all proc's: 329840 [min=9915 max=11083] expected=10307.500000
part1: id set creation (itr: 15)  (secs): 0.000980 
Itr: 15, global ID_set size across all proc's: 60893
part2: iterate and pack  (itr: 15)  (secs): 0.198832 
part3: serialize and update communication time  (secs): 0.000731 

part3: serialize and update nodes (itr: 15)  (secs): 0.008486 

Itr: 15, Total time for this iteration: 0.208655

Itr: 16, Total number of macro_nodes across all proc's: 268947 [min=8056 max=9154] expected=8404.593750
part1: id set creation (itr: 16)  (secs): 0.000783 
Itr: 16, global ID_set size across all proc's: 47317
part2: iterate and pack  (itr: 16)  (secs): 0.180871 
part3: serialize and update communication time  (secs): 0.000648 

part3: serialize and update nodes (itr: 16)  (secs): 0.007058 

Itr: 16, Total time for this iteration: 0.189050

Itr: 17, Total number of macro_nodes across all proc's: 221630 [min=6631 max=7625] expected=6925.937500
part1: id set creation (itr: 17)  (secs): 0.000641 
Itr: 17, global ID_set size across all proc's: 36896
part2: iterate and pack  (itr: 17)  (secs): 0.187079 
part3: serialize and update communication time  (secs): 0.000615 

part3: serialize and update nodes (itr: 17)  (secs): 0.006123 

Itr: 17, Total time for this iteration: 0.194133

Itr: 18, Total number of macro_nodes across all proc's: 184734 [min=5522 max=6418] expected=5772.937500
part1: id set creation (itr: 18)  (secs): 0.000528 
Itr: 18, global ID_set size across all proc's: 28832
part2: iterate and pack  (itr: 18)  (secs): 0.168482 
part3: serialize and update communication time  (secs): 0.000593 

part3: serialize and update nodes (itr: 18)  (secs): 0.005132 

Itr: 18, Total time for this iteration: 0.174367

Itr: 19, Total number of macro_nodes across all proc's: 155902 [min=4623 max=5476] expected=4871.937500
part1: id set creation (itr: 19)  (secs): 0.000448 
Itr: 19, global ID_set size across all proc's: 22437
part2: iterate and pack  (itr: 19)  (secs): 0.168174 
part3: serialize and update communication time  (secs): 0.000678 

part3: serialize and update nodes (itr: 19)  (secs): 0.004332 

Itr: 19, Total time for this iteration: 0.173159

Itr: 20, Total number of macro_nodes across all proc's: 133465 [min=3908 max=4752] expected=4170.781250
part1: id set creation (itr: 20)  (secs): 0.000381 
Itr: 20, global ID_set size across all proc's: 17846
part2: iterate and pack  (itr: 20)  (secs): 0.157024 
part3: serialize and update communication time  (secs): 0.000580 

part3: serialize and update nodes (itr: 20)  (secs): 0.003874 

Itr: 20, Total time for this iteration: 0.161511

Itr: 21, Total number of macro_nodes across all proc's: 115619 [min=3371 max=4233] expected=3613.093750
part1: id set creation (itr: 21)  (secs): 0.000331 
Itr: 21, global ID_set size across all proc's: 14266
part2: iterate and pack  (itr: 21)  (secs): 0.153922 
part3: serialize and update communication time  (secs): 0.000724 

part3: serialize and update nodes (itr: 21)  (secs): 0.003914 

Itr: 21, Total time for this iteration: 0.158387

Itr: 22, Total number of macro_nodes across all proc's: 101353 [min=2968 max=3764] expected=3167.281250
part1: id set creation (itr: 22)  (secs): 0.000291 
Itr: 22, global ID_set size across all proc's: 11386
part2: iterate and pack  (itr: 22)  (secs): 0.155436 
part3: serialize and update communication time  (secs): 0.000561 

part3: serialize and update nodes (itr: 22)  (secs): 0.003211 

Itr: 22, Total time for this iteration: 0.159167

Itr: 23, Total number of macro_nodes across all proc's: 89967 [min=2588 max=3383] expected=2811.468750
Average time for part1: id set creation across all procs (secs): 0.152315 
Average time for part2: packing nodes across all procs (secs): 8.061456 
Average time for part3: update nodes across all procs (secs): 1.318493 
Average time for phase to merge and dropping of nodes across all procs (secs): 9.597738 

Average time for Alltoall in Serialize and Transfer (secs): 0.001283 
Average time for AlltoallV in Serialize and Transfer (secs): 0.045073 
[StopClock: pakman-original-elapsed-time-no-io]: 30.1057 sec

[StopClock: pakman-original-elapsed-time-full]: 31.7209 sec

