Start Reading the input dataset
filesize: 133387325389, localsize: 1042088679
count_size: 1
dest_offset: 1000000000, localsize: 42088679
initial locstart: 0, locend: 1042088679
new localsize: 1042088557, locstart: 0, locend: 1042088557
Total number of reads: 1000000000
Completed Reading the input dataset
Starting sliding window
Completed sliding window
remaining sliding window, num_kmers: 547389282
Completed kmer counting
Identified min_bucket
Starting transfer_macro_nodes 
Begin macro node generation
Starting construct_macro_nodes
Completed MN node construction. Starting wiring
Completed wiring of Macro nodes
Starting phase 2 iterative phase
Completed iterative phase 2
