num_buckets not specified with -t, set to default value num_buckets=21
node_threashold not specified with -n, set to default value node_threashold=100K
K-mer size: 32, L-mer size: 8, Number of Processes: 128, MAX_KMER_COUNT: 1000000000 Coverage: 100,Avg read length: 100, Num buckets: 21, Node threshold: 100000
Average time for MPI_FIle_Open (secs): 0.110113 
Average time for MPI_FIle_Read (secs): 1.044641 
Average time for MPI_FIle_copy (secs): 0.190468 
Average time for MPI_FIle_Close (secs): 0.013992 
Average time for reading and storing the Reads in each proc's memory (secs): 1.360411 
Total number of reads: 100000000
Average time for Alltoall across all procs (secs): 0.000119 
Average time for pack_sbuf_time across all procs (secs): 0.000000 
Average time for AlltoallV across all procs (secs): 0.530637 
Average time for unpack_rbuf_time across all procs (secs): 2.693474 
Average time for unpack_rbuf_time:sort across all procs (secs): 1.592492 
Average time for unpack_rbuf_time:insert across all procs (secs): 0.108599 
Average time for unpack_rbuf_time:acc across all procs (secs): 0.992023 
Average time for partial Sliding Window across all procs (secs): 0.000000 
Average time for Sliding Window across all procs (secs): 5.064197 
Average time for lmer Sliding Window across all procs (secs): 0.151879 
Average time for vector insert across all procs (secs): 2.354935 
Average time for temp_map insert across all procs (secs): 4.859584 
Average number of re-calculations of min l-mer across all procs (secs): 3545584.718750 
Average time for performing k-mer counting across all procs (secs): 13.820956 
Total distinct k-mer entries across all proc's: 639265689
Number of batch iterations: 1 
Number of threads: 96
Total valid (>= min_bucket(20)) k-mer entries across all proc's: 33214151 
**********************************************************************

Average time for communication in Transfer of MN nodes (secs): 0.022515 
Average time for Re-grouping for k-mers across all procs (secs): 0.168699 
Average time for identifying the macro_nodes (secs): 0.093200 
Average time for sorting the pref/suff kmer buffers (secs): 0.112593 
Average time for populating the suff and pref buffers (secs): 0.214035 
Average time for constructing MN map across all procs (secs): 0.423228 
Total number of macro_nodes across all proc's: 33171876
Average time for MN node construction across all procs (secs): 0.828695 
Average time for initial wiring of MN nodes across all procs (secs): 0.224043 

Itr: 1, Total number of macro_nodes across all proc's: 33171876 [min=255597 max=266023] expected=259155.281250
part1: id set creation (itr: 1)  (secs): 0.019593 
Itr: 1, global ID_set size across all proc's: 9061256
part2: iterate and pack  (itr: 1)  (secs): 0.897083 
part3: serialize and update communication time  (secs): 0.022765 

part3: serialize and update nodes (itr: 1)  (secs): 0.265241 

Itr: 1, Total time for this iteration: 1.196534

Itr: 2, Total number of macro_nodes across all proc's: 24110620 [min=185384 max=192388] expected=188364.218750
part1: id set creation (itr: 2)  (secs): 0.017073 
Itr: 2, global ID_set size across all proc's: 6038688
part2: iterate and pack  (itr: 2)  (secs): 0.685804 
part3: serialize and update communication time  (secs): 0.013629 

part3: serialize and update nodes (itr: 2)  (secs): 0.176715 

Itr: 2, Total time for this iteration: 0.889097

Itr: 3, Total number of macro_nodes across all proc's: 18071932 [min=138562 max=144239] expected=141186.968750
part1: id set creation (itr: 3)  (secs): 0.013936 
Itr: 3, global ID_set size across all proc's: 4383513
part2: iterate and pack  (itr: 3)  (secs): 0.575908 
part3: serialize and update communication time  (secs): 0.010064 

part3: serialize and update nodes (itr: 3)  (secs): 0.131308 

Itr: 3, Total time for this iteration: 0.731804

Itr: 4, Total number of macro_nodes across all proc's: 13688419 [min=104883 max=109605] expected=106940.773438
part1: id set creation (itr: 4)  (secs): 0.011293 
Itr: 4, global ID_set size across all proc's: 3228443
part2: iterate and pack  (itr: 4)  (secs): 0.481269 
part3: serialize and update communication time  (secs): 0.007245 

part3: serialize and update nodes (itr: 4)  (secs): 0.099641 

Itr: 4, Total time for this iteration: 0.594455

Itr: 5, Total number of macro_nodes across all proc's: 10459976 [min=80266 max=83825] expected=81718.562500
part1: id set creation (itr: 5)  (secs): 0.009001 
Itr: 5, global ID_set size across all proc's: 2421643
part2: iterate and pack  (itr: 5)  (secs): 0.421905 
part3: serialize and update communication time  (secs): 0.005256 

part3: serialize and update nodes (itr: 5)  (secs): 0.075145 

Itr: 5, Total time for this iteration: 0.507729

Itr: 6, Total number of macro_nodes across all proc's: 8038333 [min=61409 max=64774] expected=62799.476562
part1: id set creation (itr: 6)  (secs): 0.007127 
Itr: 6, global ID_set size across all proc's: 1799362
part2: iterate and pack  (itr: 6)  (secs): 0.385824 
part3: serialize and update communication time  (secs): 0.004628 

part3: serialize and update nodes (itr: 6)  (secs): 0.058863 

Itr: 6, Total time for this iteration: 0.453246

Itr: 7, Total number of macro_nodes across all proc's: 6238971 [min=47620 max=50472] expected=48741.960938
part1: id set creation (itr: 7)  (secs): 0.005640 
Itr: 7, global ID_set size across all proc's: 1368323
part2: iterate and pack  (itr: 7)  (secs): 0.337434 
part3: serialize and update communication time  (secs): 0.003381 

part3: serialize and update nodes (itr: 7)  (secs): 0.043971 

Itr: 7, Total time for this iteration: 0.388672

Itr: 8, Total number of macro_nodes across all proc's: 4870648 [min=37130 max=39735] expected=38051.937500
part1: id set creation (itr: 8)  (secs): 0.004366 
Itr: 8, global ID_set size across all proc's: 1052053
part2: iterate and pack  (itr: 8)  (secs): 0.293068 
part3: serialize and update communication time  (secs): 0.003208 

part3: serialize and update nodes (itr: 8)  (secs): 0.034580 

Itr: 8, Total time for this iteration: 0.332906

Itr: 9, Total number of macro_nodes across all proc's: 3818595 [min=29033 max=31146] expected=29832.773438
part1: id set creation (itr: 9)  (secs): 0.003322 
Itr: 9, global ID_set size across all proc's: 811999
part2: iterate and pack  (itr: 9)  (secs): 0.281022 
part3: serialize and update communication time  (secs): 0.002823 

part3: serialize and update nodes (itr: 9)  (secs): 0.030540 

Itr: 9, Total time for this iteration: 0.316208

Itr: 10, Total number of macro_nodes across all proc's: 3006596 [min=22741 max=24630] expected=23489.031250
part1: id set creation (itr: 10)  (secs): 0.002484 
Itr: 10, global ID_set size across all proc's: 628012
part2: iterate and pack  (itr: 10)  (secs): 0.252764 
part3: serialize and update communication time  (secs): 0.002777 

part3: serialize and update nodes (itr: 10)  (secs): 0.023744 

Itr: 10, Total time for this iteration: 0.281628

Itr: 11, Total number of macro_nodes across all proc's: 2378584 [min=17941 max=19554] expected=18582.687500
part1: id set creation (itr: 11)  (secs): 0.001863 
Itr: 11, global ID_set size across all proc's: 486633
part2: iterate and pack  (itr: 11)  (secs): 0.227822 
part3: serialize and update communication time  (secs): 0.003121 

part3: serialize and update nodes (itr: 11)  (secs): 0.021927 

Itr: 11, Total time for this iteration: 0.256284

Itr: 12, Total number of macro_nodes across all proc's: 1891951 [min=14250 max=15662] expected=14780.867188
part1: id set creation (itr: 12)  (secs): 0.001502 
Itr: 12, global ID_set size across all proc's: 376877
part2: iterate and pack  (itr: 12)  (secs): 0.229901 
part3: serialize and update communication time  (secs): 0.003239 

part3: serialize and update nodes (itr: 12)  (secs): 0.024280 

Itr: 12, Total time for this iteration: 0.264050

Itr: 13, Total number of macro_nodes across all proc's: 1515074 [min=11372 max=12595] expected=11836.515625
part1: id set creation (itr: 13)  (secs): 0.001262 
Itr: 13, global ID_set size across all proc's: 292455
part2: iterate and pack  (itr: 13)  (secs): 0.202943 
part3: serialize and update communication time  (secs): 0.002357 

part3: serialize and update nodes (itr: 13)  (secs): 0.017430 

Itr: 13, Total time for this iteration: 0.227766

Itr: 14, Total number of macro_nodes across all proc's: 1222619 [min=9155 max=10358] expected=9551.710938
part1: id set creation (itr: 14)  (secs): 0.000918 
Itr: 14, global ID_set size across all proc's: 227445
part2: iterate and pack  (itr: 14)  (secs): 0.190058 
part3: serialize and update communication time  (secs): 0.001835 

part3: serialize and update nodes (itr: 14)  (secs): 0.009527 

Itr: 14, Total time for this iteration: 0.202880

Itr: 15, Total number of macro_nodes across all proc's: 995174 [min=7399 max=8473] expected=7774.796875
part1: id set creation (itr: 15)  (secs): 0.000704 
Itr: 15, global ID_set size across all proc's: 176947
part2: iterate and pack  (itr: 15)  (secs): 0.188797 
part3: serialize and update communication time  (secs): 0.001520 

part3: serialize and update nodes (itr: 15)  (secs): 0.008639 

Itr: 15, Total time for this iteration: 0.198818

Itr: 16, Total number of macro_nodes across all proc's: 818227 [min=6024 max=7036] expected=6392.398438
part1: id set creation (itr: 16)  (secs): 0.000581 
Itr: 16, global ID_set size across all proc's: 138667
part2: iterate and pack  (itr: 16)  (secs): 0.160370 
part3: serialize and update communication time  (secs): 0.000963 

part3: serialize and update nodes (itr: 16)  (secs): 0.006318 

Itr: 16, Total time for this iteration: 0.168105

Itr: 17, Total number of macro_nodes across all proc's: 679560 [min=4996 max=5911] expected=5309.062500
part1: id set creation (itr: 17)  (secs): 0.000478 
Itr: 17, global ID_set size across all proc's: 108338
part2: iterate and pack  (itr: 17)  (secs): 0.171813 
part3: serialize and update communication time  (secs): 0.000852 

part3: serialize and update nodes (itr: 17)  (secs): 0.006177 

Itr: 17, Total time for this iteration: 0.179269

Itr: 18, Total number of macro_nodes across all proc's: 571222 [min=4166 max=5059] expected=4462.671875
part1: id set creation (itr: 18)  (secs): 0.000419 
Itr: 18, global ID_set size across all proc's: 85377
part2: iterate and pack  (itr: 18)  (secs): 0.153275 
part3: serialize and update communication time  (secs): 0.000779 

part3: serialize and update nodes (itr: 18)  (secs): 0.005523 

Itr: 18, Total time for this iteration: 0.161049

Itr: 19, Total number of macro_nodes across all proc's: 485845 [min=3546 max=4335] expected=3795.664062
part1: id set creation (itr: 19)  (secs): 0.000350 
Itr: 19, global ID_set size across all proc's: 67305
part2: iterate and pack  (itr: 19)  (secs): 0.158080 
part3: serialize and update communication time  (secs): 0.000757 

part3: serialize and update nodes (itr: 19)  (secs): 0.004326 

Itr: 19, Total time for this iteration: 0.163877

Itr: 20, Total number of macro_nodes across all proc's: 418540 [min=3016 max=3827] expected=3269.843750
part1: id set creation (itr: 20)  (secs): 0.000295 
Itr: 20, global ID_set size across all proc's: 53304
part2: iterate and pack  (itr: 20)  (secs): 0.158213 
part3: serialize and update communication time  (secs): 0.000876 

part3: serialize and update nodes (itr: 20)  (secs): 0.005236 

Itr: 20, Total time for this iteration: 0.164229

Itr: 21, Total number of macro_nodes across all proc's: 365236 [min=2638 max=3378] expected=2853.406250
part1: id set creation (itr: 21)  (secs): 0.000263 
Itr: 21, global ID_set size across all proc's: 42319
part2: iterate and pack  (itr: 21)  (secs): 0.153677 
part3: serialize and update communication time  (secs): 0.000577 

part3: serialize and update nodes (itr: 21)  (secs): 0.003711 

Itr: 21, Total time for this iteration: 0.158969

Itr: 22, Total number of macro_nodes across all proc's: 322917 [min=2308 max=3065] expected=2522.789062
part1: id set creation (itr: 22)  (secs): 0.000239 
Itr: 22, global ID_set size across all proc's: 34306
part2: iterate and pack  (itr: 22)  (secs): 0.143558 
part3: serialize and update communication time  (secs): 0.000644 

part3: serialize and update nodes (itr: 22)  (secs): 0.003050 

Itr: 22, Total time for this iteration: 0.148422

Itr: 23, Total number of macro_nodes across all proc's: 288611 [min=2023 max=2793] expected=2254.773438
part1: id set creation (itr: 23)  (secs): 0.000203 
Itr: 23, global ID_set size across all proc's: 27686
part2: iterate and pack  (itr: 23)  (secs): 0.143674 
part3: serialize and update communication time  (secs): 0.000577 

part3: serialize and update nodes (itr: 23)  (secs): 0.002779 

Itr: 23, Total time for this iteration: 0.146896

Itr: 24, Total number of macro_nodes across all proc's: 260925 [min=1793 max=2584] expected=2038.476562
part1: id set creation (itr: 24)  (secs): 0.000183 
Itr: 24, global ID_set size across all proc's: 22684
part2: iterate and pack  (itr: 24)  (secs): 0.138044 
part3: serialize and update communication time  (secs): 0.000521 

part3: serialize and update nodes (itr: 24)  (secs): 0.003064 

Itr: 24, Total time for this iteration: 0.141908

Itr: 25, Total number of macro_nodes across all proc's: 238241 [min=1628 max=2383] expected=1861.257812
part1: id set creation (itr: 25)  (secs): 0.000182 
Itr: 25, global ID_set size across all proc's: 18233
part2: iterate and pack  (itr: 25)  (secs): 0.135528 
part3: serialize and update communication time  (secs): 0.000508 

part3: serialize and update nodes (itr: 25)  (secs): 0.002291 

Itr: 25, Total time for this iteration: 0.139985

Itr: 26, Total number of macro_nodes across all proc's: 220008 [min=1489 max=2215] expected=1718.812500
part1: id set creation (itr: 26)  (secs): 0.000155 
Itr: 26, global ID_set size across all proc's: 15231
part2: iterate and pack  (itr: 26)  (secs): 0.130308 
part3: serialize and update communication time  (secs): 0.000682 

part3: serialize and update nodes (itr: 26)  (secs): 0.005402 

Itr: 26, Total time for this iteration: 0.136368

Itr: 27, Total number of macro_nodes across all proc's: 204777 [min=1374 max=2075] expected=1599.820312
part1: id set creation (itr: 27)  (secs): 0.000178 
Itr: 27, global ID_set size across all proc's: 12630
part2: iterate and pack  (itr: 27)  (secs): 0.131742 
part3: serialize and update communication time  (secs): 0.000480 

part3: serialize and update nodes (itr: 27)  (secs): 0.002337 

Itr: 27, Total time for this iteration: 0.136913

Itr: 28, Total number of macro_nodes across all proc's: 192147 [min=1287 max=1953] expected=1501.148438
part1: id set creation (itr: 28)  (secs): 0.000212 
Itr: 28, global ID_set size across all proc's: 10461
part2: iterate and pack  (itr: 28)  (secs): 0.134922 
part3: serialize and update communication time  (secs): 0.000433 

part3: serialize and update nodes (itr: 28)  (secs): 0.002238 

Itr: 28, Total time for this iteration: 0.139740

Itr: 29, Total number of macro_nodes across all proc's: 181686 [min=1204 max=1873] expected=1419.421875
part1: id set creation (itr: 29)  (secs): 0.000159 
Itr: 29, global ID_set size across all proc's: 8772
part2: iterate and pack  (itr: 29)  (secs): 0.128155 
part3: serialize and update communication time  (secs): 0.000476 

part3: serialize and update nodes (itr: 29)  (secs): 0.004635 

Itr: 29, Total time for this iteration: 0.135434

Itr: 30, Total number of macro_nodes across all proc's: 172914 [min=1139 max=1786] expected=1350.890625
part1: id set creation (itr: 30)  (secs): 0.000170 
Itr: 30, global ID_set size across all proc's: 7507
part2: iterate and pack  (itr: 30)  (secs): 0.127615 
part3: serialize and update communication time  (secs): 0.000404 

part3: serialize and update nodes (itr: 30)  (secs): 0.001649 

Itr: 30, Total time for this iteration: 0.131665

Itr: 31, Total number of macro_nodes across all proc's: 165407 [min=1089 max=1721] expected=1292.242188
part1: id set creation (itr: 31)  (secs): 0.000119 
Itr: 31, global ID_set size across all proc's: 6611
part2: iterate and pack  (itr: 31)  (secs): 0.129430 
part3: serialize and update communication time  (secs): 0.003222 

part3: serialize and update nodes (itr: 31)  (secs): 0.005563 

Itr: 31, Total time for this iteration: 0.135457

Itr: 32, Total number of macro_nodes across all proc's: 158796 [min=1041 max=1644] expected=1240.593750
part1: id set creation (itr: 32)  (secs): 0.000160 
Itr: 32, global ID_set size across all proc's: 5575
part2: iterate and pack  (itr: 32)  (secs): 0.136594 
part3: serialize and update communication time  (secs): 0.000440 

part3: serialize and update nodes (itr: 32)  (secs): 0.001882 

Itr: 32, Total time for this iteration: 0.140973

Itr: 33, Total number of macro_nodes across all proc's: 153221 [min=1005 max=1582] expected=1197.039062
part1: id set creation (itr: 33)  (secs): 0.000125 
Itr: 33, global ID_set size across all proc's: 4779
part2: iterate and pack  (itr: 33)  (secs): 0.113433 
part3: serialize and update communication time  (secs): 0.000404 

part3: serialize and update nodes (itr: 33)  (secs): 0.001816 

Itr: 33, Total time for this iteration: 0.117402

Itr: 34, Total number of macro_nodes across all proc's: 148442 [min=973 max=1536] expected=1159.703125
part1: id set creation (itr: 34)  (secs): 0.000122 
Itr: 34, global ID_set size across all proc's: 4020
part2: iterate and pack  (itr: 34)  (secs): 0.113946 
part3: serialize and update communication time  (secs): 0.000398 

part3: serialize and update nodes (itr: 34)  (secs): 0.001354 

Itr: 34, Total time for this iteration: 0.117425

Itr: 35, Total number of macro_nodes across all proc's: 144422 [min=944 max=1502] expected=1128.296875
part1: id set creation (itr: 35)  (secs): 0.000105 
Itr: 35, global ID_set size across all proc's: 3563
part2: iterate and pack  (itr: 35)  (secs): 0.117510 
part3: serialize and update communication time  (secs): 0.000426 

part3: serialize and update nodes (itr: 35)  (secs): 0.001705 

Itr: 35, Total time for this iteration: 0.119484

Itr: 36, Total number of macro_nodes across all proc's: 140859 [min=916 max=1453] expected=1100.460938
part1: id set creation (itr: 36)  (secs): 0.000104 
Itr: 36, global ID_set size across all proc's: 3245
part2: iterate and pack  (itr: 36)  (secs): 0.118763 
part3: serialize and update communication time  (secs): 0.000383 

part3: serialize and update nodes (itr: 36)  (secs): 0.001429 

Itr: 36, Total time for this iteration: 0.120546

Itr: 37, Total number of macro_nodes across all proc's: 137614 [min=900 max=1415] expected=1075.109375
part1: id set creation (itr: 37)  (secs): 0.000100 
Itr: 37, global ID_set size across all proc's: 2857
part2: iterate and pack  (itr: 37)  (secs): 0.118073 
part3: serialize and update communication time  (secs): 0.000342 

part3: serialize and update nodes (itr: 37)  (secs): 0.001275 

Itr: 37, Total time for this iteration: 0.119722

Itr: 38, Total number of macro_nodes across all proc's: 134757 [min=889 max=1378] expected=1052.789062
part1: id set creation (itr: 38)  (secs): 0.000119 
Itr: 38, global ID_set size across all proc's: 2586
part2: iterate and pack  (itr: 38)  (secs): 0.116176 
part3: serialize and update communication time  (secs): 0.000332 

part3: serialize and update nodes (itr: 38)  (secs): 0.001597 

Itr: 38, Total time for this iteration: 0.121970

Itr: 39, Total number of macro_nodes across all proc's: 132171 [min=877 max=1342] expected=1032.585938
part1: id set creation (itr: 39)  (secs): 0.000112 
Itr: 39, global ID_set size across all proc's: 2348
part2: iterate and pack  (itr: 39)  (secs): 0.115350 
part3: serialize and update communication time  (secs): 0.000448 

part3: serialize and update nodes (itr: 39)  (secs): 0.001668 

Itr: 39, Total time for this iteration: 0.119445

Itr: 40, Total number of macro_nodes across all proc's: 129823 [min=861 max=1314] expected=1014.242188
part1: id set creation (itr: 40)  (secs): 0.000122 
Itr: 40, global ID_set size across all proc's: 2302
part2: iterate and pack  (itr: 40)  (secs): 0.115911 
part3: serialize and update communication time  (secs): 0.000301 

part3: serialize and update nodes (itr: 40)  (secs): 0.001142 

Itr: 40, Total time for this iteration: 0.119412

Itr: 41, Total number of macro_nodes across all proc's: 127521 [min=846 max=1295] expected=996.257812
part1: id set creation (itr: 41)  (secs): 0.000102 
Itr: 41, global ID_set size across all proc's: 2227
part2: iterate and pack  (itr: 41)  (secs): 0.131304 
part3: serialize and update communication time  (secs): 0.000295 

part3: serialize and update nodes (itr: 41)  (secs): 0.000996 

Itr: 41, Total time for this iteration: 0.133203

Itr: 42, Total number of macro_nodes across all proc's: 125294 [min=837 max=1272] expected=978.859375
part1: id set creation (itr: 42)  (secs): 0.000090 
Itr: 42, global ID_set size across all proc's: 2073
part2: iterate and pack  (itr: 42)  (secs): 0.118809 
part3: serialize and update communication time  (secs): 0.000438 

part3: serialize and update nodes (itr: 42)  (secs): 0.001602 

Itr: 42, Total time for this iteration: 0.120684

Itr: 43, Total number of macro_nodes across all proc's: 123221 [min=821 max=1255] expected=962.664062
part1: id set creation (itr: 43)  (secs): 0.000089 
Itr: 43, global ID_set size across all proc's: 2184
part2: iterate and pack  (itr: 43)  (secs): 0.114453 
part3: serialize and update communication time  (secs): 0.000274 

part3: serialize and update nodes (itr: 43)  (secs): 0.001038 

Itr: 43, Total time for this iteration: 0.115756

Itr: 44, Total number of macro_nodes across all proc's: 121037 [min=809 max=1238] expected=945.601562
part1: id set creation (itr: 44)  (secs): 0.000086 
Itr: 44, global ID_set size across all proc's: 2013
part2: iterate and pack  (itr: 44)  (secs): 0.114825 
part3: serialize and update communication time  (secs): 0.000358 

part3: serialize and update nodes (itr: 44)  (secs): 0.001029 

Itr: 44, Total time for this iteration: 0.116097

Itr: 45, Total number of macro_nodes across all proc's: 119024 [min=793 max=1212] expected=929.875000
part1: id set creation (itr: 45)  (secs): 0.000085 
Itr: 45, global ID_set size across all proc's: 1817
part2: iterate and pack  (itr: 45)  (secs): 0.122422 
part3: serialize and update communication time  (secs): 0.000341 

part3: serialize and update nodes (itr: 45)  (secs): 0.001103 

Itr: 45, Total time for this iteration: 0.123790

Itr: 46, Total number of macro_nodes across all proc's: 117207 [min=784 max=1184] expected=915.679688
part1: id set creation (itr: 46)  (secs): 0.000113 
Itr: 46, global ID_set size across all proc's: 1667
part2: iterate and pack  (itr: 46)  (secs): 0.121322 
part3: serialize and update communication time  (secs): 0.000316 

part3: serialize and update nodes (itr: 46)  (secs): 0.000981 

Itr: 46, Total time for this iteration: 0.124483

Itr: 47, Total number of macro_nodes across all proc's: 115540 [min=774 max=1167] expected=902.656250
part1: id set creation (itr: 47)  (secs): 0.000083 
Itr: 47, global ID_set size across all proc's: 1637
part2: iterate and pack  (itr: 47)  (secs): 0.119606 
part3: serialize and update communication time  (secs): 0.000362 

part3: serialize and update nodes (itr: 47)  (secs): 0.001303 

Itr: 47, Total time for this iteration: 0.121295

Itr: 48, Total number of macro_nodes across all proc's: 113903 [min=756 max=1132] expected=889.867188
part1: id set creation (itr: 48)  (secs): 0.000108 
Itr: 48, global ID_set size across all proc's: 1571
part2: iterate and pack  (itr: 48)  (secs): 0.124283 
part3: serialize and update communication time  (secs): 0.000277 

part3: serialize and update nodes (itr: 48)  (secs): 0.000833 

Itr: 48, Total time for this iteration: 0.126994

Itr: 49, Total number of macro_nodes across all proc's: 112332 [min=745 max=1109] expected=877.593750
part1: id set creation (itr: 49)  (secs): 0.000088 
Itr: 49, global ID_set size across all proc's: 1447
part2: iterate and pack  (itr: 49)  (secs): 0.114241 
part3: serialize and update communication time  (secs): 0.000260 

part3: serialize and update nodes (itr: 49)  (secs): 0.000833 

Itr: 49, Total time for this iteration: 0.116385

Itr: 50, Total number of macro_nodes across all proc's: 110885 [min=730 max=1092] expected=866.289062
part1: id set creation (itr: 50)  (secs): 0.000109 
Itr: 50, global ID_set size across all proc's: 1355
part2: iterate and pack  (itr: 50)  (secs): 0.113588 
part3: serialize and update communication time  (secs): 0.000239 

part3: serialize and update nodes (itr: 50)  (secs): 0.000658 

Itr: 50, Total time for this iteration: 0.116019

Itr: 51, Total number of macro_nodes across all proc's: 109530 [min=722 max=1076] expected=855.703125
part1: id set creation (itr: 51)  (secs): 0.000103 
Itr: 51, global ID_set size across all proc's: 1140
part2: iterate and pack  (itr: 51)  (secs): 0.114448 
part3: serialize and update communication time  (secs): 0.000263 

part3: serialize and update nodes (itr: 51)  (secs): 0.000719 

Itr: 51, Total time for this iteration: 0.117007

Itr: 52, Total number of macro_nodes across all proc's: 108390 [min=716 max=1064] expected=846.796875
part1: id set creation (itr: 52)  (secs): 0.000089 
Itr: 52, global ID_set size across all proc's: 987
part2: iterate and pack  (itr: 52)  (secs): 0.113117 
part3: serialize and update communication time  (secs): 0.000161 

part3: serialize and update nodes (itr: 52)  (secs): 0.000748 

Itr: 52, Total time for this iteration: 0.115674

Itr: 53, Total number of macro_nodes across all proc's: 107403 [min=712 max=1058] expected=839.085938
part1: id set creation (itr: 53)  (secs): 0.000126 
Itr: 53, global ID_set size across all proc's: 823
part2: iterate and pack  (itr: 53)  (secs): 0.114164 
part3: serialize and update communication time  (secs): 0.000280 

part3: serialize and update nodes (itr: 53)  (secs): 0.000717 

Itr: 53, Total time for this iteration: 0.116873

Itr: 54, Total number of macro_nodes across all proc's: 106580 [min=709 max=1052] expected=832.656250
part1: id set creation (itr: 54)  (secs): 0.000115 
Itr: 54, global ID_set size across all proc's: 723
part2: iterate and pack  (itr: 54)  (secs): 0.115310 
part3: serialize and update communication time  (secs): 0.000173 

part3: serialize and update nodes (itr: 54)  (secs): 0.000613 

Itr: 54, Total time for this iteration: 0.117934

Itr: 55, Total number of macro_nodes across all proc's: 105857 [min=704 max=1047] expected=827.007812
part1: id set creation (itr: 55)  (secs): 0.000097 
Itr: 55, global ID_set size across all proc's: 602
part2: iterate and pack  (itr: 55)  (secs): 0.114270 
part3: serialize and update communication time  (secs): 0.000253 

part3: serialize and update nodes (itr: 55)  (secs): 0.000586 

Itr: 55, Total time for this iteration: 0.116718

Itr: 56, Total number of macro_nodes across all proc's: 105255 [min=698 max=1042] expected=822.304688
part1: id set creation (itr: 56)  (secs): 0.000108 
Itr: 56, global ID_set size across all proc's: 545
part2: iterate and pack  (itr: 56)  (secs): 0.116415 
part3: serialize and update communication time  (secs): 0.000154 

part3: serialize and update nodes (itr: 56)  (secs): 0.000443 

Itr: 56, Total time for this iteration: 0.119304

Itr: 57, Total number of macro_nodes across all proc's: 104710 [min=692 max=1040] expected=818.046875
part1: id set creation (itr: 57)  (secs): 0.000136 
Itr: 57, global ID_set size across all proc's: 488
part2: iterate and pack  (itr: 57)  (secs): 0.115655 
part3: serialize and update communication time  (secs): 0.000258 

part3: serialize and update nodes (itr: 57)  (secs): 0.000698 

Itr: 57, Total time for this iteration: 0.118323

Itr: 58, Total number of macro_nodes across all proc's: 104222 [min=690 max=1038] expected=814.234375
part1: id set creation (itr: 58)  (secs): 0.000119 
Itr: 58, global ID_set size across all proc's: 427
part2: iterate and pack  (itr: 58)  (secs): 0.113400 
part3: serialize and update communication time  (secs): 0.000188 

part3: serialize and update nodes (itr: 58)  (secs): 0.000490 

Itr: 58, Total time for this iteration: 0.116191

Itr: 59, Total number of macro_nodes across all proc's: 103795 [min=688 max=1033] expected=810.898438
part1: id set creation (itr: 59)  (secs): 0.000084 
Itr: 59, global ID_set size across all proc's: 355
part2: iterate and pack  (itr: 59)  (secs): 0.114478 
part3: serialize and update communication time  (secs): 0.000210 

part3: serialize and update nodes (itr: 59)  (secs): 0.000558 

Itr: 59, Total time for this iteration: 0.117102

Itr: 60, Total number of macro_nodes across all proc's: 103440 [min=685 max=1032] expected=808.125000
part1: id set creation (itr: 60)  (secs): 0.000080 
Itr: 60, global ID_set size across all proc's: 310
part2: iterate and pack  (itr: 60)  (secs): 0.113451 
part3: serialize and update communication time  (secs): 0.000154 

part3: serialize and update nodes (itr: 60)  (secs): 0.000457 

Itr: 60, Total time for this iteration: 0.115682

Itr: 61, Total number of macro_nodes across all proc's: 103130 [min=685 max=1030] expected=805.703125
part1: id set creation (itr: 61)  (secs): 0.000096 
Itr: 61, global ID_set size across all proc's: 273
part2: iterate and pack  (itr: 61)  (secs): 0.112000 
part3: serialize and update communication time  (secs): 0.000154 

part3: serialize and update nodes (itr: 61)  (secs): 0.000390 

Itr: 61, Total time for this iteration: 0.114423

Itr: 62, Total number of macro_nodes across all proc's: 102857 [min=683 max=1029] expected=803.570312
part1: id set creation (itr: 62)  (secs): 0.000066 
Itr: 62, global ID_set size across all proc's: 243
part2: iterate and pack  (itr: 62)  (secs): 0.110704 
part3: serialize and update communication time  (secs): 0.000180 

part3: serialize and update nodes (itr: 62)  (secs): 0.000565 

Itr: 62, Total time for this iteration: 0.111459

Itr: 63, Total number of macro_nodes across all proc's: 102614 [min=682 max=1027] expected=801.671875
part1: id set creation (itr: 63)  (secs): 0.000083 
Itr: 63, global ID_set size across all proc's: 270
part2: iterate and pack  (itr: 63)  (secs): 0.111440 
part3: serialize and update communication time  (secs): 0.000220 

part3: serialize and update nodes (itr: 63)  (secs): 0.000530 

Itr: 63, Total time for this iteration: 0.114357

Itr: 64, Total number of macro_nodes across all proc's: 102344 [min=681 max=1026] expected=799.562500
part1: id set creation (itr: 64)  (secs): 0.000095 
Itr: 64, global ID_set size across all proc's: 357
part2: iterate and pack  (itr: 64)  (secs): 0.112812 
part3: serialize and update communication time  (secs): 0.000237 

part3: serialize and update nodes (itr: 64)  (secs): 0.000500 

Itr: 64, Total time for this iteration: 0.115392

Itr: 65, Total number of macro_nodes across all proc's: 101987 [min=680 max=1021] expected=796.773438
part1: id set creation (itr: 65)  (secs): 0.000066 
Itr: 65, global ID_set size across all proc's: 356
part2: iterate and pack  (itr: 65)  (secs): 0.112544 
part3: serialize and update communication time  (secs): 0.000169 

part3: serialize and update nodes (itr: 65)  (secs): 0.000453 

Itr: 65, Total time for this iteration: 0.113171

Itr: 66, Total number of macro_nodes across all proc's: 101631 [min=677 max=1016] expected=793.992188
part1: id set creation (itr: 66)  (secs): 0.000083 
Itr: 66, global ID_set size across all proc's: 340
part2: iterate and pack  (itr: 66)  (secs): 0.111450 
part3: serialize and update communication time  (secs): 0.000221 

part3: serialize and update nodes (itr: 66)  (secs): 0.000466 

Itr: 66, Total time for this iteration: 0.114358

Itr: 67, Total number of macro_nodes across all proc's: 101291 [min=676 max=1014] expected=791.335938
part1: id set creation (itr: 67)  (secs): 0.000065 
Itr: 67, global ID_set size across all proc's: 339
part2: iterate and pack  (itr: 67)  (secs): 0.108798 
part3: serialize and update communication time  (secs): 0.000165 

part3: serialize and update nodes (itr: 67)  (secs): 0.000393 

Itr: 67, Total time for this iteration: 0.109365

Itr: 68, Total number of macro_nodes across all proc's: 100952 [min=673 max=1014] expected=788.687500
part1: id set creation (itr: 68)  (secs): 0.000065 
Itr: 68, global ID_set size across all proc's: 359
part2: iterate and pack  (itr: 68)  (secs): 0.109693 
part3: serialize and update communication time  (secs): 0.000185 

part3: serialize and update nodes (itr: 68)  (secs): 0.000411 

Itr: 68, Total time for this iteration: 0.110272

Itr: 69, Total number of macro_nodes across all proc's: 100593 [min=668 max=1011] expected=785.882812
part1: id set creation (itr: 69)  (secs): 0.000065 
Itr: 69, global ID_set size across all proc's: 351
part2: iterate and pack  (itr: 69)  (secs): 0.110010 
part3: serialize and update communication time  (secs): 0.000154 

part3: serialize and update nodes (itr: 69)  (secs): 0.000402 

Itr: 69, Total time for this iteration: 0.110591

Itr: 70, Total number of macro_nodes across all proc's: 100242 [min=664 max=1007] expected=783.140625
part1: id set creation (itr: 70)  (secs): 0.000065 
Itr: 70, global ID_set size across all proc's: 323
part2: iterate and pack  (itr: 70)  (secs): 0.108111 
part3: serialize and update communication time  (secs): 0.000144 

part3: serialize and update nodes (itr: 70)  (secs): 0.000330 

Itr: 70, Total time for this iteration: 0.108616

Itr: 71, Total number of macro_nodes across all proc's: 99919 [min=662 max=1006] expected=780.617188
Average time for part1: id set creation across all procs (secs): 0.108095 
Average time for part2: packing nodes across all procs (secs): 12.462887 
Average time for part3: update nodes across all procs (secs): 1.120563 
Average time for phase to merge and dropping of nodes across all procs (secs): 13.834229 

Average time for Alltoall in Serialize and Transfer (secs): 0.005728 
Average time for AlltoallV in Serialize and Transfer (secs): 0.105428 
[StopClock: pakman-original-elapsed-time-no-io]: 31.7967 sec

[StopClock: pakman-original-elapsed-time-full]: 34.6829 sec

