num_buckets not specified with -t, set to default value num_buckets=21
node_threashold not specified with -n, set to default value node_threashold=100K
K-mer size: 32, L-mer size: 8, Number of Processes: 16, MAX_KMER_COUNT: 1000000000 Coverage: 100,Avg read length: 100, Num buckets: 21, Node threshold: 100000
Average time for MPI_FIle_Open (secs): 0.104795 
Average time for MPI_FIle_Read (secs): 11.197127 
Average time for MPI_FIle_copy (secs): 1.537635 
Average time for MPI_FIle_Close (secs): 0.007922 
Average time for reading and storing the Reads in each proc's memory (secs): 12.850432 
Total number of reads: 100000000
Average time for Alltoall across all procs (secs): 0.000083 
Average time for pack_sbuf_time across all procs (secs): 0.000000 
Average time for AlltoallV across all procs (secs): 0.500546 
Average time for unpack_rbuf_time across all procs (secs): 16.077898 
Average time for unpack_rbuf_time:sort across all procs (secs): 7.674811 
Average time for unpack_rbuf_time:insert across all procs (secs): 0.504920 
Average time for unpack_rbuf_time:acc across all procs (secs): 7.897193 
Average time for partial Sliding Window across all procs (secs): 0.000000 
Average time for Sliding Window across all procs (secs): 39.212517 
Average time for lmer Sliding Window across all procs (secs): 1.247900 
Average time for vector insert across all procs (secs): 17.489717 
Average time for temp_map insert across all procs (secs): 47.264135 
Average number of re-calculations of min l-mer across all procs (secs): 28364677.750000 
Average time for performing k-mer counting across all procs (secs): 105.675207 
Total distinct k-mer entries across all proc's: 639265689
Number of batch iterations: 1 
Number of threads: 96
Total valid (>= min_bucket(20)) k-mer entries across all proc's: 33214151 
**********************************************************************

Average time for communication in Transfer of MN nodes (secs): 0.033140 
Average time for Re-grouping for k-mers across all procs (secs): 0.366130 
Average time for identifying the macro_nodes (secs): 0.689641 
Average time for sorting the pref/suff kmer buffers (secs): 0.684176 
Average time for populating the suff and pref buffers (secs): 1.721256 
Average time for constructing MN map across all procs (secs): 3.108395 
Total number of macro_nodes across all proc's: 33171876
Average time for MN node construction across all procs (secs): 3.832927 
Average time for initial wiring of MN nodes across all procs (secs): 1.976805 

Itr: 1, Total number of macro_nodes across all proc's: 33171876 [min=2064917 max=2092292] expected=2073242.250000
part1: id set creation (itr: 1)  (secs): 0.180226 
Itr: 1, global ID_set size across all proc's: 9061256
part2: iterate and pack  (itr: 1)  (secs): 5.944800 
part3: serialize and update communication time  (secs): 0.032282 

part3: serialize and update nodes (itr: 1)  (secs): 1.876143 

Itr: 1, Total time for this iteration: 8.011988

Itr: 2, Total number of macro_nodes across all proc's: 24110620 [min=1498262 max=1520037] expected=1506913.750000
part1: id set creation (itr: 2)  (secs): 0.152280 
Itr: 2, global ID_set size across all proc's: 6038688
part2: iterate and pack  (itr: 2)  (secs): 4.367056 
part3: serialize and update communication time  (secs): 0.023669 

part3: serialize and update nodes (itr: 2)  (secs): 1.307028 

Itr: 2, Total time for this iteration: 5.834673

Itr: 3, Total number of macro_nodes across all proc's: 18071932 [min=1123751 max=1138417] expected=1129495.750000
part1: id set creation (itr: 3)  (secs): 0.125576 
Itr: 3, global ID_set size across all proc's: 4383512
part2: iterate and pack  (itr: 3)  (secs): 3.442513 
part3: serialize and update communication time  (secs): 0.018858 

part3: serialize and update nodes (itr: 3)  (secs): 0.987794 

Itr: 3, Total time for this iteration: 4.570886

Itr: 4, Total number of macro_nodes across all proc's: 13688420 [min=850845 max=863171] expected=855526.250000
part1: id set creation (itr: 4)  (secs): 0.102351 
Itr: 4, global ID_set size across all proc's: 3228448
part2: iterate and pack  (itr: 4)  (secs): 2.715106 
part3: serialize and update communication time  (secs): 0.013894 

part3: serialize and update nodes (itr: 4)  (secs): 0.766187 

Itr: 4, Total time for this iteration: 3.593562

Itr: 5, Total number of macro_nodes across all proc's: 10459972 [min=650180 max=660048] expected=653748.250000
part1: id set creation (itr: 5)  (secs): 0.081749 
Itr: 5, global ID_set size across all proc's: 2421637
part2: iterate and pack  (itr: 5)  (secs): 2.173194 
part3: serialize and update communication time  (secs): 0.010678 

part3: serialize and update nodes (itr: 5)  (secs): 0.594512 

Itr: 5, Total time for this iteration: 2.854159

Itr: 6, Total number of macro_nodes across all proc's: 8038335 [min=499791 max=507196] expected=502395.937500
part1: id set creation (itr: 6)  (secs): 0.065876 
Itr: 6, global ID_set size across all proc's: 1799365
part2: iterate and pack  (itr: 6)  (secs): 1.779035 
part3: serialize and update communication time  (secs): 0.008541 

part3: serialize and update nodes (itr: 6)  (secs): 0.452404 

Itr: 6, Total time for this iteration: 2.302971

Itr: 7, Total number of macro_nodes across all proc's: 6238970 [min=387929 max=394142] expected=389935.625000
part1: id set creation (itr: 7)  (secs): 0.053550 
Itr: 7, global ID_set size across all proc's: 1368326
part2: iterate and pack  (itr: 7)  (secs): 1.443984 
part3: serialize and update communication time  (secs): 0.006295 

part3: serialize and update nodes (itr: 7)  (secs): 0.345107 

Itr: 7, Total time for this iteration: 1.847890

Itr: 8, Total number of macro_nodes across all proc's: 4870644 [min=302336 max=308518] expected=304415.250000
part1: id set creation (itr: 8)  (secs): 0.043709 
Itr: 8, global ID_set size across all proc's: 1052067
part2: iterate and pack  (itr: 8)  (secs): 1.184205 
part3: serialize and update communication time  (secs): 0.006058 

part3: serialize and update nodes (itr: 8)  (secs): 0.272800 

Itr: 8, Total time for this iteration: 1.504177

Itr: 9, Total number of macro_nodes across all proc's: 3818577 [min=236804 max=242162] expected=238661.062500
part1: id set creation (itr: 9)  (secs): 0.035338 
Itr: 9, global ID_set size across all proc's: 812010
part2: iterate and pack  (itr: 9)  (secs): 0.967515 
part3: serialize and update communication time  (secs): 0.004070 

part3: serialize and update nodes (itr: 9)  (secs): 0.219666 

Itr: 9, Total time for this iteration: 1.239491

Itr: 10, Total number of macro_nodes across all proc's: 3006567 [min=186103 max=190976] expected=187910.437500
part1: id set creation (itr: 10)  (secs): 0.028967 
Itr: 10, global ID_set size across all proc's: 628014
part2: iterate and pack  (itr: 10)  (secs): 0.854712 
part3: serialize and update communication time  (secs): 0.003294 

part3: serialize and update nodes (itr: 10)  (secs): 0.188614 

Itr: 10, Total time for this iteration: 1.081622

Itr: 11, Total number of macro_nodes across all proc's: 2378553 [min=147046 max=150913] expected=148659.562500
part1: id set creation (itr: 11)  (secs): 0.023615 
Itr: 11, global ID_set size across all proc's: 486629
part2: iterate and pack  (itr: 11)  (secs): 0.709749 
part3: serialize and update communication time  (secs): 0.002773 

part3: serialize and update nodes (itr: 11)  (secs): 0.145266 

Itr: 11, Total time for this iteration: 0.884929

Itr: 12, Total number of macro_nodes across all proc's: 1891924 [min=116745 max=120367] expected=118245.250000
part1: id set creation (itr: 12)  (secs): 0.018728 
Itr: 12, global ID_set size across all proc's: 376888
part2: iterate and pack  (itr: 12)  (secs): 0.604671 
part3: serialize and update communication time  (secs): 0.001917 

part3: serialize and update nodes (itr: 12)  (secs): 0.113187 

Itr: 12, Total time for this iteration: 0.740292

Itr: 13, Total number of macro_nodes across all proc's: 1515036 [min=93126 max=96864] expected=94689.750000
part1: id set creation (itr: 13)  (secs): 0.014806 
Itr: 13, global ID_set size across all proc's: 292453
part2: iterate and pack  (itr: 13)  (secs): 0.545243 
part3: serialize and update communication time  (secs): 0.001746 

part3: serialize and update nodes (itr: 13)  (secs): 0.091183 

Itr: 13, Total time for this iteration: 0.652300

Itr: 14, Total number of macro_nodes across all proc's: 1222583 [min=74957 max=78098] expected=76411.437500
part1: id set creation (itr: 14)  (secs): 0.011840 
Itr: 14, global ID_set size across all proc's: 227422
part2: iterate and pack  (itr: 14)  (secs): 0.479666 
part3: serialize and update communication time  (secs): 0.001903 

part3: serialize and update nodes (itr: 14)  (secs): 0.073224 

Itr: 14, Total time for this iteration: 0.565513

Itr: 15, Total number of macro_nodes across all proc's: 995161 [min=60826 max=63752] expected=62197.562500
part1: id set creation (itr: 15)  (secs): 0.009496 
Itr: 15, global ID_set size across all proc's: 176963
part2: iterate and pack  (itr: 15)  (secs): 0.429841 
part3: serialize and update communication time  (secs): 0.001337 

part3: serialize and update nodes (itr: 15)  (secs): 0.059115 

Itr: 15, Total time for this iteration: 0.499078

Itr: 16, Total number of macro_nodes across all proc's: 818198 [min=49922 max=52519] expected=51137.375000
part1: id set creation (itr: 16)  (secs): 0.007689 
Itr: 16, global ID_set size across all proc's: 138672
part2: iterate and pack  (itr: 16)  (secs): 0.380404 
part3: serialize and update communication time  (secs): 0.001189 

part3: serialize and update nodes (itr: 16)  (secs): 0.049035 

Itr: 16, Total time for this iteration: 0.437673

Itr: 17, Total number of macro_nodes across all proc's: 679526 [min=41367 max=43763] expected=42470.375000
part1: id set creation (itr: 17)  (secs): 0.006266 
Itr: 17, global ID_set size across all proc's: 108361
part2: iterate and pack  (itr: 17)  (secs): 0.361963 
part3: serialize and update communication time  (secs): 0.001378 

part3: serialize and update nodes (itr: 17)  (secs): 0.040693 

Itr: 17, Total time for this iteration: 0.409448

Itr: 18, Total number of macro_nodes across all proc's: 571165 [min=34628 max=37050] expected=35697.812500
part1: id set creation (itr: 18)  (secs): 0.005156 
Itr: 18, global ID_set size across all proc's: 85401
part2: iterate and pack  (itr: 18)  (secs): 0.328957 
part3: serialize and update communication time  (secs): 0.001218 

part3: serialize and update nodes (itr: 18)  (secs): 0.034146 

Itr: 18, Total time for this iteration: 0.368792

Itr: 19, Total number of macro_nodes across all proc's: 485764 [min=29333 max=31769] expected=30360.250000
part1: id set creation (itr: 19)  (secs): 0.004324 
Itr: 19, global ID_set size across all proc's: 67300
part2: iterate and pack  (itr: 19)  (secs): 0.311884 
part3: serialize and update communication time  (secs): 0.001172 

part3: serialize and update nodes (itr: 19)  (secs): 0.028746 

Itr: 19, Total time for this iteration: 0.345584

Itr: 20, Total number of macro_nodes across all proc's: 418464 [min=25217 max=27575] expected=26154.000000
part1: id set creation (itr: 20)  (secs): 0.003626 
Itr: 20, global ID_set size across all proc's: 53283
part2: iterate and pack  (itr: 20)  (secs): 0.280458 
part3: serialize and update communication time  (secs): 0.001002 

part3: serialize and update nodes (itr: 20)  (secs): 0.024777 

Itr: 20, Total time for this iteration: 0.309369

Itr: 21, Total number of macro_nodes across all proc's: 365181 [min=21928 max=24157] expected=22823.812500
part1: id set creation (itr: 21)  (secs): 0.003110 
Itr: 21, global ID_set size across all proc's: 42352
part2: iterate and pack  (itr: 21)  (secs): 0.277914 
part3: serialize and update communication time  (secs): 0.001131 

part3: serialize and update nodes (itr: 21)  (secs): 0.021526 

Itr: 21, Total time for this iteration: 0.303158

Itr: 22, Total number of macro_nodes across all proc's: 322829 [min=19289 max=21401] expected=20176.812500
part1: id set creation (itr: 22)  (secs): 0.002698 
Itr: 22, global ID_set size across all proc's: 34323
part2: iterate and pack  (itr: 22)  (secs): 0.279256 
part3: serialize and update communication time  (secs): 0.001127 

part3: serialize and update nodes (itr: 22)  (secs): 0.019306 

Itr: 22, Total time for this iteration: 0.301793

Itr: 23, Total number of macro_nodes across all proc's: 288506 [min=17289 max=19312] expected=18031.625000
part1: id set creation (itr: 23)  (secs): 0.002373 
Itr: 23, global ID_set size across all proc's: 27688
part2: iterate and pack  (itr: 23)  (secs): 0.262158 
part3: serialize and update communication time  (secs): 0.000895 

part3: serialize and update nodes (itr: 23)  (secs): 0.016817 

Itr: 23, Total time for this iteration: 0.281799

Itr: 24, Total number of macro_nodes across all proc's: 260818 [min=15593 max=17600] expected=16301.125000
part1: id set creation (itr: 24)  (secs): 0.002117 
Itr: 24, global ID_set size across all proc's: 22696
part2: iterate and pack  (itr: 24)  (secs): 0.259668 
part3: serialize and update communication time  (secs): 0.000792 

part3: serialize and update nodes (itr: 24)  (secs): 0.014404 

Itr: 24, Total time for this iteration: 0.276690

Itr: 25, Total number of macro_nodes across all proc's: 238122 [min=14182 max=16169] expected=14882.625000
part1: id set creation (itr: 25)  (secs): 0.001894 
Itr: 25, global ID_set size across all proc's: 18220
part2: iterate and pack  (itr: 25)  (secs): 0.243278 
part3: serialize and update communication time  (secs): 0.000946 

part3: serialize and update nodes (itr: 25)  (secs): 0.013446 

Itr: 25, Total time for this iteration: 0.259149

Itr: 26, Total number of macro_nodes across all proc's: 219902 [min=13051 max=15009] expected=13743.875000
part1: id set creation (itr: 26)  (secs): 0.001730 
Itr: 26, global ID_set size across all proc's: 15239
part2: iterate and pack  (itr: 26)  (secs): 0.248951 
part3: serialize and update communication time  (secs): 0.000698 

part3: serialize and update nodes (itr: 26)  (secs): 0.011301 

Itr: 26, Total time for this iteration: 0.262663

Itr: 27, Total number of macro_nodes across all proc's: 204663 [min=12070 max=14017] expected=12791.437500
part1: id set creation (itr: 27)  (secs): 0.001728 
Itr: 27, global ID_set size across all proc's: 12648
part2: iterate and pack  (itr: 27)  (secs): 0.241117 
part3: serialize and update communication time  (secs): 0.000618 

part3: serialize and update nodes (itr: 27)  (secs): 0.010235 

Itr: 27, Total time for this iteration: 0.255536

Itr: 28, Total number of macro_nodes across all proc's: 192015 [min=11271 max=13170] expected=12000.937500
part1: id set creation (itr: 28)  (secs): 0.001473 
Itr: 28, global ID_set size across all proc's: 10488
part2: iterate and pack  (itr: 28)  (secs): 0.247795 
part3: serialize and update communication time  (secs): 0.000615 

part3: serialize and update nodes (itr: 28)  (secs): 0.009405 

Itr: 28, Total time for this iteration: 0.259219

Itr: 29, Total number of macro_nodes across all proc's: 181527 [min=10652 max=12490] expected=11345.437500
part1: id set creation (itr: 29)  (secs): 0.001506 
Itr: 29, global ID_set size across all proc's: 8768
part2: iterate and pack  (itr: 29)  (secs): 0.214275 
part3: serialize and update communication time  (secs): 0.000744 

part3: serialize and update nodes (itr: 29)  (secs): 0.008539 

Itr: 29, Total time for this iteration: 0.226483

Itr: 30, Total number of macro_nodes across all proc's: 172759 [min=10171 max=11872] expected=10797.437500
part1: id set creation (itr: 30)  (secs): 0.001296 
Itr: 30, global ID_set size across all proc's: 7477
part2: iterate and pack  (itr: 30)  (secs): 0.211420 
part3: serialize and update communication time  (secs): 0.000691 

part3: serialize and update nodes (itr: 30)  (secs): 0.007743 

Itr: 30, Total time for this iteration: 0.220912

Itr: 31, Total number of macro_nodes across all proc's: 165282 [min=9718 max=11349] expected=10330.125000
part1: id set creation (itr: 31)  (secs): 0.001230 
Itr: 31, global ID_set size across all proc's: 6586
part2: iterate and pack  (itr: 31)  (secs): 0.222504 
part3: serialize and update communication time  (secs): 0.000642 

part3: serialize and update nodes (itr: 31)  (secs): 0.007801 

Itr: 31, Total time for this iteration: 0.232061

Itr: 32, Total number of macro_nodes across all proc's: 158696 [min=9322 max=10889] expected=9918.500000
part1: id set creation (itr: 32)  (secs): 0.001177 
Itr: 32, global ID_set size across all proc's: 5584
part2: iterate and pack  (itr: 32)  (secs): 0.221208 
part3: serialize and update communication time  (secs): 0.000669 

part3: serialize and update nodes (itr: 32)  (secs): 0.006966 

Itr: 32, Total time for this iteration: 0.229800

Itr: 33, Total number of macro_nodes across all proc's: 153112 [min=8983 max=10491] expected=9569.500000
part1: id set creation (itr: 33)  (secs): 0.001126 
Itr: 33, global ID_set size across all proc's: 4781
part2: iterate and pack  (itr: 33)  (secs): 0.218428 
part3: serialize and update communication time  (secs): 0.000633 

part3: serialize and update nodes (itr: 33)  (secs): 0.005951 

Itr: 33, Total time for this iteration: 0.225926

Itr: 34, Total number of macro_nodes across all proc's: 148331 [min=8686 max=10164] expected=9270.687500
part1: id set creation (itr: 34)  (secs): 0.001087 
Itr: 34, global ID_set size across all proc's: 4044
part2: iterate and pack  (itr: 34)  (secs): 0.211997 
part3: serialize and update communication time  (secs): 0.000561 

part3: serialize and update nodes (itr: 34)  (secs): 0.004955 

Itr: 34, Total time for this iteration: 0.218453

Itr: 35, Total number of macro_nodes across all proc's: 144287 [min=8416 max=9910] expected=9017.937500
part1: id set creation (itr: 35)  (secs): 0.001050 
Itr: 35, global ID_set size across all proc's: 3563
part2: iterate and pack  (itr: 35)  (secs): 0.212694 
part3: serialize and update communication time  (secs): 0.000523 

part3: serialize and update nodes (itr: 35)  (secs): 0.004849 

Itr: 35, Total time for this iteration: 0.219007

Itr: 36, Total number of macro_nodes across all proc's: 140724 [min=8203 max=9634] expected=8795.250000
part1: id set creation (itr: 36)  (secs): 0.001020 
Itr: 36, global ID_set size across all proc's: 3239
part2: iterate and pack  (itr: 36)  (secs): 0.214247 
part3: serialize and update communication time  (secs): 0.000517 

part3: serialize and update nodes (itr: 36)  (secs): 0.004742 

Itr: 36, Total time for this iteration: 0.220489

Itr: 37, Total number of macro_nodes across all proc's: 137485 [min=8000 max=9413] expected=8592.812500
part1: id set creation (itr: 37)  (secs): 0.000991 
Itr: 37, global ID_set size across all proc's: 2859
part2: iterate and pack  (itr: 37)  (secs): 0.214338 
part3: serialize and update communication time  (secs): 0.000554 

part3: serialize and update nodes (itr: 37)  (secs): 0.004429 

Itr: 37, Total time for this iteration: 0.220156

Itr: 38, Total number of macro_nodes across all proc's: 134626 [min=7826 max=9189] expected=8414.125000
part1: id set creation (itr: 38)  (secs): 0.000960 
Itr: 38, global ID_set size across all proc's: 2589
part2: iterate and pack  (itr: 38)  (secs): 0.210911 
part3: serialize and update communication time  (secs): 0.000468 

part3: serialize and update nodes (itr: 38)  (secs): 0.003898 

Itr: 38, Total time for this iteration: 0.216162

Itr: 39, Total number of macro_nodes across all proc's: 132037 [min=7676 max=8993] expected=8252.312500
part1: id set creation (itr: 39)  (secs): 0.000945 
Itr: 39, global ID_set size across all proc's: 2360
part2: iterate and pack  (itr: 39)  (secs): 0.212262 
part3: serialize and update communication time  (secs): 0.000457 

part3: serialize and update nodes (itr: 39)  (secs): 0.004171 

Itr: 39, Total time for this iteration: 0.217759

Itr: 40, Total number of macro_nodes across all proc's: 129677 [min=7534 max=8796] expected=8104.812500
part1: id set creation (itr: 40)  (secs): 0.000924 
Itr: 40, global ID_set size across all proc's: 2301
part2: iterate and pack  (itr: 40)  (secs): 0.208911 
part3: serialize and update communication time  (secs): 0.000474 

part3: serialize and update nodes (itr: 40)  (secs): 0.003524 

Itr: 40, Total time for this iteration: 0.213703

Itr: 41, Total number of macro_nodes across all proc's: 127376 [min=7392 max=8580] expected=7961.000000
part1: id set creation (itr: 41)  (secs): 0.000901 
Itr: 41, global ID_set size across all proc's: 2193
part2: iterate and pack  (itr: 41)  (secs): 0.212016 
part3: serialize and update communication time  (secs): 0.000488 

part3: serialize and update nodes (itr: 41)  (secs): 0.003566 

Itr: 41, Total time for this iteration: 0.216819

Itr: 42, Total number of macro_nodes across all proc's: 125183 [min=7238 max=8424] expected=7823.937500
part1: id set creation (itr: 42)  (secs): 0.000884 
Itr: 42, global ID_set size across all proc's: 2061
part2: iterate and pack  (itr: 42)  (secs): 0.202833 
part3: serialize and update communication time  (secs): 0.000504 

part3: serialize and update nodes (itr: 42)  (secs): 0.003585 

Itr: 42, Total time for this iteration: 0.207643

Itr: 43, Total number of macro_nodes across all proc's: 123122 [min=7122 max=8289] expected=7695.125000
part1: id set creation (itr: 43)  (secs): 0.000866 
Itr: 43, global ID_set size across all proc's: 2101
part2: iterate and pack  (itr: 43)  (secs): 0.199049 
part3: serialize and update communication time  (secs): 0.000482 

part3: serialize and update nodes (itr: 43)  (secs): 0.003599 

Itr: 43, Total time for this iteration: 0.203828

Itr: 44, Total number of macro_nodes across all proc's: 121021 [min=6999 max=8153] expected=7563.812500
part1: id set creation (itr: 44)  (secs): 0.000850 
Itr: 44, global ID_set size across all proc's: 2040
part2: iterate and pack  (itr: 44)  (secs): 0.204315 
part3: serialize and update communication time  (secs): 0.000441 

part3: serialize and update nodes (itr: 44)  (secs): 0.003153 

Itr: 44, Total time for this iteration: 0.208656

Itr: 45, Total number of macro_nodes across all proc's: 118981 [min=6886 max=8011] expected=7436.312500
part1: id set creation (itr: 45)  (secs): 0.000836 
Itr: 45, global ID_set size across all proc's: 1816
part2: iterate and pack  (itr: 45)  (secs): 0.194393 
part3: serialize and update communication time  (secs): 0.000465 

part3: serialize and update nodes (itr: 45)  (secs): 0.003103 

Itr: 45, Total time for this iteration: 0.198644

Itr: 46, Total number of macro_nodes across all proc's: 117165 [min=6786 max=7861] expected=7322.812500
part1: id set creation (itr: 46)  (secs): 0.000820 
Itr: 46, global ID_set size across all proc's: 1683
part2: iterate and pack  (itr: 46)  (secs): 0.193543 
part3: serialize and update communication time  (secs): 0.000440 

part3: serialize and update nodes (itr: 46)  (secs): 0.002767 

Itr: 46, Total time for this iteration: 0.197422

Itr: 47, Total number of macro_nodes across all proc's: 115482 [min=6687 max=7738] expected=7217.625000
part1: id set creation (itr: 47)  (secs): 0.000809 
Itr: 47, global ID_set size across all proc's: 1641
part2: iterate and pack  (itr: 47)  (secs): 0.195499 
part3: serialize and update communication time  (secs): 0.000434 

part3: serialize and update nodes (itr: 47)  (secs): 0.002567 

Itr: 47, Total time for this iteration: 0.199115

Itr: 48, Total number of macro_nodes across all proc's: 113841 [min=6587 max=7623] expected=7115.062500
part1: id set creation (itr: 48)  (secs): 0.000797 
Itr: 48, global ID_set size across all proc's: 1604
part2: iterate and pack  (itr: 48)  (secs): 0.191634 
part3: serialize and update communication time  (secs): 0.000426 

part3: serialize and update nodes (itr: 48)  (secs): 0.002267 

Itr: 48, Total time for this iteration: 0.194996

Itr: 49, Total number of macro_nodes across all proc's: 112237 [min=6492 max=7513] expected=7014.812500
part1: id set creation (itr: 49)  (secs): 0.000783 
Itr: 49, global ID_set size across all proc's: 1457
part2: iterate and pack  (itr: 49)  (secs): 0.189820 
part3: serialize and update communication time  (secs): 0.000376 

part3: serialize and update nodes (itr: 49)  (secs): 0.001918 

Itr: 49, Total time for this iteration: 0.192794

Itr: 50, Total number of macro_nodes across all proc's: 110780 [min=6410 max=7411] expected=6923.750000
part1: id set creation (itr: 50)  (secs): 0.000773 
Itr: 50, global ID_set size across all proc's: 1346
part2: iterate and pack  (itr: 50)  (secs): 0.186492 
part3: serialize and update communication time  (secs): 0.000359 

part3: serialize and update nodes (itr: 50)  (secs): 0.001834 

Itr: 50, Total time for this iteration: 0.189332

Itr: 51, Total number of macro_nodes across all proc's: 109434 [min=6340 max=7315] expected=6839.625000
part1: id set creation (itr: 51)  (secs): 0.000761 
Itr: 51, global ID_set size across all proc's: 1143
part2: iterate and pack  (itr: 51)  (secs): 0.193262 
part3: serialize and update communication time  (secs): 0.000366 

part3: serialize and update nodes (itr: 51)  (secs): 0.001778 

Itr: 51, Total time for this iteration: 0.196064

Itr: 52, Total number of macro_nodes across all proc's: 108291 [min=6270 max=7246] expected=6768.187500
part1: id set creation (itr: 52)  (secs): 0.000747 
Itr: 52, global ID_set size across all proc's: 996
part2: iterate and pack  (itr: 52)  (secs): 0.189954 
part3: serialize and update communication time  (secs): 0.000378 

part3: serialize and update nodes (itr: 52)  (secs): 0.001944 

Itr: 52, Total time for this iteration: 0.192848

Itr: 53, Total number of macro_nodes across all proc's: 107295 [min=6219 max=7173] expected=6705.937500
part1: id set creation (itr: 53)  (secs): 0.000744 
Itr: 53, global ID_set size across all proc's: 845
part2: iterate and pack  (itr: 53)  (secs): 0.179006 
part3: serialize and update communication time  (secs): 0.000277 

part3: serialize and update nodes (itr: 53)  (secs): 0.001476 

Itr: 53, Total time for this iteration: 0.181411

Itr: 54, Total number of macro_nodes across all proc's: 106450 [min=6164 max=7119] expected=6653.125000
part1: id set creation (itr: 54)  (secs): 0.000729 
Itr: 54, global ID_set size across all proc's: 746
part2: iterate and pack  (itr: 54)  (secs): 0.178495 
part3: serialize and update communication time  (secs): 0.000318 

part3: serialize and update nodes (itr: 54)  (secs): 0.001691 

Itr: 54, Total time for this iteration: 0.181107

Itr: 55, Total number of macro_nodes across all proc's: 105704 [min=6121 max=7066] expected=6606.500000
part1: id set creation (itr: 55)  (secs): 0.000721 
Itr: 55, global ID_set size across all proc's: 629
part2: iterate and pack  (itr: 55)  (secs): 0.181409 
part3: serialize and update communication time  (secs): 0.000298 

part3: serialize and update nodes (itr: 55)  (secs): 0.001403 

Itr: 55, Total time for this iteration: 0.183720

Itr: 56, Total number of macro_nodes across all proc's: 105075 [min=6082 max=7027] expected=6567.187500
part1: id set creation (itr: 56)  (secs): 0.000719 
Itr: 56, global ID_set size across all proc's: 573
part2: iterate and pack  (itr: 56)  (secs): 0.179898 
part3: serialize and update communication time  (secs): 0.000263 

part3: serialize and update nodes (itr: 56)  (secs): 0.001256 

Itr: 56, Total time for this iteration: 0.182049

Itr: 57, Total number of macro_nodes across all proc's: 104502 [min=6045 max=6996] expected=6531.375000
part1: id set creation (itr: 57)  (secs): 0.000716 
Itr: 57, global ID_set size across all proc's: 498
part2: iterate and pack  (itr: 57)  (secs): 0.180234 
part3: serialize and update communication time  (secs): 0.000275 

part3: serialize and update nodes (itr: 57)  (secs): 0.001174 

Itr: 57, Total time for this iteration: 0.182314

Itr: 58, Total number of macro_nodes across all proc's: 104004 [min=6015 max=6972] expected=6500.250000
part1: id set creation (itr: 58)  (secs): 0.000709 
Itr: 58, global ID_set size across all proc's: 422
part2: iterate and pack  (itr: 58)  (secs): 0.190631 
part3: serialize and update communication time  (secs): 0.000230 

part3: serialize and update nodes (itr: 58)  (secs): 0.001050 

Itr: 58, Total time for this iteration: 0.192635

Itr: 59, Total number of macro_nodes across all proc's: 103582 [min=5978 max=6952] expected=6473.875000
part1: id set creation (itr: 59)  (secs): 0.000706 
Itr: 59, global ID_set size across all proc's: 348
part2: iterate and pack  (itr: 59)  (secs): 0.191974 
part3: serialize and update communication time  (secs): 0.000237 

part3: serialize and update nodes (itr: 59)  (secs): 0.000876 

Itr: 59, Total time for this iteration: 0.193738

Itr: 60, Total number of macro_nodes across all proc's: 103234 [min=5962 max=6927] expected=6452.125000
part1: id set creation (itr: 60)  (secs): 0.000700 
Itr: 60, global ID_set size across all proc's: 299
part2: iterate and pack  (itr: 60)  (secs): 0.185729 
part3: serialize and update communication time  (secs): 0.000211 

part3: serialize and update nodes (itr: 60)  (secs): 0.000823 

Itr: 60, Total time for this iteration: 0.187430

Itr: 61, Total number of macro_nodes across all proc's: 102935 [min=5945 max=6912] expected=6433.437500
part1: id set creation (itr: 61)  (secs): 0.000706 
Itr: 61, global ID_set size across all proc's: 267
part2: iterate and pack  (itr: 61)  (secs): 0.193252 
part3: serialize and update communication time  (secs): 0.000253 

part3: serialize and update nodes (itr: 61)  (secs): 0.000744 

Itr: 61, Total time for this iteration: 0.194867

Itr: 62, Total number of macro_nodes across all proc's: 102668 [min=5927 max=6902] expected=6416.750000
part1: id set creation (itr: 62)  (secs): 0.000696 
Itr: 62, global ID_set size across all proc's: 241
part2: iterate and pack  (itr: 62)  (secs): 0.181448 
part3: serialize and update communication time  (secs): 0.000298 

part3: serialize and update nodes (itr: 62)  (secs): 0.001198 

Itr: 62, Total time for this iteration: 0.183518

Itr: 63, Total number of macro_nodes across all proc's: 102427 [min=5915 max=6887] expected=6401.687500
part1: id set creation (itr: 63)  (secs): 0.000696 
Itr: 63, global ID_set size across all proc's: 265
part2: iterate and pack  (itr: 63)  (secs): 0.177325 
part3: serialize and update communication time  (secs): 0.000237 

part3: serialize and update nodes (itr: 63)  (secs): 0.000982 

Itr: 63, Total time for this iteration: 0.179195

Itr: 64, Total number of macro_nodes across all proc's: 102162 [min=5909 max=6867] expected=6385.125000
part1: id set creation (itr: 64)  (secs): 0.000694 
Itr: 64, global ID_set size across all proc's: 350
part2: iterate and pack  (itr: 64)  (secs): 0.180270 
part3: serialize and update communication time  (secs): 0.000273 

part3: serialize and update nodes (itr: 64)  (secs): 0.001123 

Itr: 64, Total time for this iteration: 0.182281

Itr: 65, Total number of macro_nodes across all proc's: 101812 [min=5891 max=6854] expected=6363.250000
part1: id set creation (itr: 65)  (secs): 0.000702 
Itr: 65, global ID_set size across all proc's: 350
part2: iterate and pack  (itr: 65)  (secs): 0.183598 
part3: serialize and update communication time  (secs): 0.000201 

part3: serialize and update nodes (itr: 65)  (secs): 0.000685 

Itr: 65, Total time for this iteration: 0.185235

Itr: 66, Total number of macro_nodes across all proc's: 101462 [min=5873 max=6839] expected=6341.375000
part1: id set creation (itr: 66)  (secs): 0.000686 
Itr: 66, global ID_set size across all proc's: 336
part2: iterate and pack  (itr: 66)  (secs): 0.183098 
part3: serialize and update communication time  (secs): 0.000198 

part3: serialize and update nodes (itr: 66)  (secs): 0.000649 

Itr: 66, Total time for this iteration: 0.184621

Itr: 67, Total number of macro_nodes across all proc's: 101126 [min=5850 max=6814] expected=6320.375000
part1: id set creation (itr: 67)  (secs): 0.000683 
Itr: 67, global ID_set size across all proc's: 312
part2: iterate and pack  (itr: 67)  (secs): 0.184444 
part3: serialize and update communication time  (secs): 0.000247 

part3: serialize and update nodes (itr: 67)  (secs): 0.000760 

Itr: 67, Total time for this iteration: 0.186058

Itr: 68, Total number of macro_nodes across all proc's: 100814 [min=5831 max=6795] expected=6300.875000
part1: id set creation (itr: 68)  (secs): 0.000679 
Itr: 68, global ID_set size across all proc's: 308
part2: iterate and pack  (itr: 68)  (secs): 0.181986 
part3: serialize and update communication time  (secs): 0.000102 

part3: serialize and update nodes (itr: 68)  (secs): 0.000619 

Itr: 68, Total time for this iteration: 0.183473

Itr: 69, Total number of macro_nodes across all proc's: 100506 [min=5818 max=6770] expected=6281.625000
part1: id set creation (itr: 69)  (secs): 0.000673 
Itr: 69, global ID_set size across all proc's: 297
part2: iterate and pack  (itr: 69)  (secs): 0.206202 
part3: serialize and update communication time  (secs): 0.000234 

part3: serialize and update nodes (itr: 69)  (secs): 0.000725 

Itr: 69, Total time for this iteration: 0.207764

Itr: 70, Total number of macro_nodes across all proc's: 100209 [min=5803 max=6757] expected=6263.062500
part1: id set creation (itr: 70)  (secs): 0.000678 
Itr: 70, global ID_set size across all proc's: 270
part2: iterate and pack  (itr: 70)  (secs): 0.181895 
part3: serialize and update communication time  (secs): 0.000182 

part3: serialize and update nodes (itr: 70)  (secs): 0.000575 

Itr: 70, Total time for this iteration: 0.183324

Itr: 71, Total number of macro_nodes across all proc's: 99939 [min=5786 max=6740] expected=6246.187500
Average time for part1: id set creation across all procs (secs): 1.028067 
Average time for part2: packing nodes across all procs (secs): 39.611991 
Average time for part3: update nodes across all procs (secs): 7.903525 
Average time for phase to merge and dropping of nodes across all procs (secs): 48.668340 

Average time for Alltoall in Serialize and Transfer (secs): 0.002692 
Average time for AlltoallV in Serialize and Transfer (secs): 0.163831 
[StopClock: pakman-original-elapsed-time-no-io]: 168.565 sec

[StopClock: pakman-original-elapsed-time-full]: 182.39 sec

