Start Reading the input dataset
filesize: 133387325389, localsize: 4168354118
count_size: 4
dest_offset: 4000000000, localsize: 168354118
initial locstart: 0, locend: 4168354118
new localsize: 4168354029, locstart: 0, locend: 4168354029
Total number of reads: 1000000000
Completed Reading the input dataset
Starting sliding window
Completed sliding window
remaining sliding window, num_kmers: 176502119
Completed kmer counting
Identified min_bucket
Starting transfer_macro_nodes 
Begin macro node generation
Starting construct_macro_nodes
Completed MN node construction. Starting wiring
Completed wiring of Macro nodes
Starting phase 2 iterative phase
Completed iterative phase 2
