num_buckets not specified with -t, set to default value num_buckets=21
node_threashold not specified with -n, set to default value node_threashold=100K
K-mer size: 32, L-mer size: 8, Number of Processes: 16, MAX_KMER_COUNT: 1000000000 Coverage: 100,Avg read length: 100, Num buckets: 21, Node threshold: 100000
Average time for MPI_FIle_Open (secs): 0.021586 
Average time for MPI_FIle_Read (secs): 0.749190 
Average time for MPI_FIle_copy (secs): 0.316986 
Average time for MPI_FIle_Close (secs): 0.012237 
Average time for reading and storing the Reads in each proc's memory (secs): 1.106406 
Total number of reads: 30000000
Average time for Alltoall across all procs (secs): 0.000072 
Average time for pack_sbuf_time across all procs (secs): 0.000000 
Average time for AlltoallV across all procs (secs): 0.264869 
Average time for unpack_rbuf_time across all procs (secs): 4.480781 
Average time for unpack_rbuf_time:sort across all procs (secs): 3.901318 
Average time for unpack_rbuf_time:insert across all procs (secs): 0.282521 
Average time for unpack_rbuf_time:acc across all procs (secs): 0.296365 
Average time for partial Sliding Window across all procs (secs): 0.000000 
Average time for Sliding Window across all procs (secs): 22.956482 
Average time for lmer Sliding Window across all procs (secs): 0.344962 
Average time for vector insert across all procs (secs): 0.000000 
Average time for temp_map insert across all procs (secs): 0.000000 
Average number of re-calculations of min l-mer across all procs (secs): 0.000000 
Average time for performing k-mer counting across all procs (secs): 23.330782 
Total distinct k-mer entries across all proc's: 415814444
Number of batch iterations: 1 
Number of threads: 96
Total valid (>= min_bucket(20)) k-mer entries across all proc's: 17682805 
**********************************************************************

Average time for communication in Transfer of MN nodes (secs): 0.012554 
Average time for Re-grouping for k-mers across all procs (secs): 0.153327 
Average time for identifying the macro_nodes (secs): 0.281094 
Average time for sorting the pref/suff kmer buffers (secs): 0.300027 
Average time for populating the suff and pref buffers (secs): 0.885497 
Average time for constructing MN map across all procs (secs): 1.509873 
Total number of macro_nodes across all proc's: 17516875
Average time for MN node construction across all procs (secs): 1.770019 
Average time for initial wiring of MN nodes across all procs (secs): 0.989088 

Itr: 1, Total number of macro_nodes across all proc's: 17516875 [min=1067335 max=1120289] expected=1094804.687500
part1: id set creation (itr: 1)  (secs): 0.092739 
Itr: 1, global ID_set size across all proc's: 5080916
part2: iterate and pack  (itr: 1)  (secs): 3.191503 
part3: serialize and update communication time  (secs): 0.015848 

part3: serialize and update nodes (itr: 1)  (secs): 1.010566 

Itr: 1, Total time for this iteration: 4.328445

Itr: 2, Total number of macro_nodes across all proc's: 12435959 [min=748643 max=796798] expected=777247.437500
part1: id set creation (itr: 2)  (secs): 0.076424 
Itr: 2, global ID_set size across all proc's: 3095657
part2: iterate and pack  (itr: 2)  (secs): 2.210861 
part3: serialize and update communication time  (secs): 0.011015 

part3: serialize and update nodes (itr: 2)  (secs): 0.629873 

Itr: 2, Total time for this iteration: 2.937931

Itr: 3, Total number of macro_nodes across all proc's: 9340302 [min=561367 max=598767] expected=583768.875000
part1: id set creation (itr: 3)  (secs): 0.062556 
Itr: 3, global ID_set size across all proc's: 2312288
part2: iterate and pack  (itr: 3)  (secs): 1.813756 
part3: serialize and update communication time  (secs): 0.008747 

part3: serialize and update nodes (itr: 3)  (secs): 0.510313 

Itr: 3, Total time for this iteration: 2.404417

Itr: 4, Total number of macro_nodes across all proc's: 7028014 [min=422222 max=454754] expected=439250.875000
part1: id set creation (itr: 4)  (secs): 0.051180 
Itr: 4, global ID_set size across all proc's: 1760837
part2: iterate and pack  (itr: 4)  (secs): 1.471109 
part3: serialize and update communication time  (secs): 0.006181 

part3: serialize and update nodes (itr: 4)  (secs): 0.393838 

Itr: 4, Total time for this iteration: 1.951310

Itr: 5, Total number of macro_nodes across all proc's: 5267177 [min=316808 max=343509] expected=329198.562500
part1: id set creation (itr: 5)  (secs): 0.042226 
Itr: 5, global ID_set size across all proc's: 1289828
part2: iterate and pack  (itr: 5)  (secs): 1.199031 
part3: serialize and update communication time  (secs): 0.004849 

part3: serialize and update nodes (itr: 5)  (secs): 0.316055 

Itr: 5, Total time for this iteration: 1.606597

Itr: 6, Total number of macro_nodes across all proc's: 3977349 [min=239201 max=264166] expected=248584.312500
part1: id set creation (itr: 6)  (secs): 0.033180 
Itr: 6, global ID_set size across all proc's: 964575
part2: iterate and pack  (itr: 6)  (secs): 1.012305 
part3: serialize and update communication time  (secs): 0.003787 

part3: serialize and update nodes (itr: 6)  (secs): 0.246409 

Itr: 6, Total time for this iteration: 1.313251

Itr: 7, Total number of macro_nodes across all proc's: 3012774 [min=181112 max=203398] expected=188298.375000
part1: id set creation (itr: 7)  (secs): 0.025797 
Itr: 7, global ID_set size across all proc's: 710978
part2: iterate and pack  (itr: 7)  (secs): 0.837428 
part3: serialize and update communication time  (secs): 0.003960 

part3: serialize and update nodes (itr: 7)  (secs): 0.171384 

Itr: 7, Total time for this iteration: 1.047709

Itr: 8, Total number of macro_nodes across all proc's: 2301796 [min=137694 max=156123] expected=143862.250000
part1: id set creation (itr: 8)  (secs): 0.020491 
Itr: 8, global ID_set size across all proc's: 533613
part2: iterate and pack  (itr: 8)  (secs): 0.692436 
part3: serialize and update communication time  (secs): 0.002820 

part3: serialize and update nodes (itr: 8)  (secs): 0.131080 

Itr: 8, Total time for this iteration: 0.853810

Itr: 9, Total number of macro_nodes across all proc's: 1768183 [min=105368 max=121209] expected=110511.437500
part1: id set creation (itr: 9)  (secs): 0.015816 
Itr: 9, global ID_set size across all proc's: 405784
part2: iterate and pack  (itr: 9)  (secs): 0.574298 
part3: serialize and update communication time  (secs): 0.001720 

part3: serialize and update nodes (itr: 9)  (secs): 0.110670 

Itr: 9, Total time for this iteration: 0.709607

Itr: 10, Total number of macro_nodes across all proc's: 1362399 [min=80884 max=94528] expected=85149.937500
part1: id set creation (itr: 10)  (secs): 0.012335 
Itr: 10, global ID_set size across all proc's: 308266
part2: iterate and pack  (itr: 10)  (secs): 0.515915 
part3: serialize and update communication time  (secs): 0.001603 

part3: serialize and update nodes (itr: 10)  (secs): 0.083952 

Itr: 10, Total time for this iteration: 0.619175

Itr: 11, Total number of macro_nodes across all proc's: 1054133 [min=62315 max=73688] expected=65883.312500
part1: id set creation (itr: 11)  (secs): 0.009911 
Itr: 11, global ID_set size across all proc's: 233517
part2: iterate and pack  (itr: 11)  (secs): 0.442849 
part3: serialize and update communication time  (secs): 0.001313 

part3: serialize and update nodes (itr: 11)  (secs): 0.068955 

Itr: 11, Total time for this iteration: 0.531660

Itr: 12, Total number of macro_nodes across all proc's: 820616 [min=48289 max=57893] expected=51288.500000
part1: id set creation (itr: 12)  (secs): 0.007878 
Itr: 12, global ID_set size across all proc's: 177011
part2: iterate and pack  (itr: 12)  (secs): 0.387115 
part3: serialize and update communication time  (secs): 0.001164 

part3: serialize and update nodes (itr: 12)  (secs): 0.049099 

Itr: 12, Total time for this iteration: 0.449561

Itr: 13, Total number of macro_nodes across all proc's: 643605 [min=37672 max=45581] expected=40225.312500
part1: id set creation (itr: 13)  (secs): 0.005697 
Itr: 13, global ID_set size across all proc's: 135089
part2: iterate and pack  (itr: 13)  (secs): 0.341720 
part3: serialize and update communication time  (secs): 0.001226 

part3: serialize and update nodes (itr: 13)  (secs): 0.036860 

Itr: 13, Total time for this iteration: 0.387882

Itr: 14, Total number of macro_nodes across all proc's: 508516 [min=29690 max=36399] expected=31782.250000
part1: id set creation (itr: 14)  (secs): 0.004232 
Itr: 14, global ID_set size across all proc's: 103134
part2: iterate and pack  (itr: 14)  (secs): 0.324395 
part3: serialize and update communication time  (secs): 0.001300 

part3: serialize and update nodes (itr: 14)  (secs): 0.029127 

Itr: 14, Total time for this iteration: 0.359779

Itr: 15, Total number of macro_nodes across all proc's: 405382 [min=23562 max=29158] expected=25336.375000
part1: id set creation (itr: 15)  (secs): 0.003217 
Itr: 15, global ID_set size across all proc's: 79488
part2: iterate and pack  (itr: 15)  (secs): 0.276987 
part3: serialize and update communication time  (secs): 0.001297 

part3: serialize and update nodes (itr: 15)  (secs): 0.023030 

Itr: 15, Total time for this iteration: 0.304934

Itr: 16, Total number of macro_nodes across all proc's: 325894 [min=18814 max=23693] expected=20368.375000
part1: id set creation (itr: 16)  (secs): 0.002460 
Itr: 16, global ID_set size across all proc's: 61722
part2: iterate and pack  (itr: 16)  (secs): 0.276262 
part3: serialize and update communication time  (secs): 0.001264 

part3: serialize and update nodes (itr: 16)  (secs): 0.019887 

Itr: 16, Total time for this iteration: 0.304881

Itr: 17, Total number of macro_nodes across all proc's: 264172 [min=15189 max=19488] expected=16510.750000
part1: id set creation (itr: 17)  (secs): 0.002164 
Itr: 17, global ID_set size across all proc's: 47684
part2: iterate and pack  (itr: 17)  (secs): 0.255412 
part3: serialize and update communication time  (secs): 0.000768 

part3: serialize and update nodes (itr: 17)  (secs): 0.015065 

Itr: 17, Total time for this iteration: 0.276640

Itr: 18, Total number of macro_nodes across all proc's: 216488 [min=12335 max=16116] expected=13530.500000
part1: id set creation (itr: 18)  (secs): 0.001511 
Itr: 18, global ID_set size across all proc's: 37071
part2: iterate and pack  (itr: 18)  (secs): 0.250225 
part3: serialize and update communication time  (secs): 0.000669 

part3: serialize and update nodes (itr: 18)  (secs): 0.012384 

Itr: 18, Total time for this iteration: 0.265299

Itr: 19, Total number of macro_nodes across all proc's: 179417 [min=10218 max=13549] expected=11213.562500
part1: id set creation (itr: 19)  (secs): 0.001211 
Itr: 19, global ID_set size across all proc's: 28417
part2: iterate and pack  (itr: 19)  (secs): 0.217096 
part3: serialize and update communication time  (secs): 0.000563 

part3: serialize and update nodes (itr: 19)  (secs): 0.009714 

Itr: 19, Total time for this iteration: 0.229104

Itr: 20, Total number of macro_nodes across all proc's: 151000 [min=8486 max=11588] expected=9437.500000
part1: id set creation (itr: 20)  (secs): 0.000999 
Itr: 20, global ID_set size across all proc's: 21594
part2: iterate and pack  (itr: 20)  (secs): 0.219511 
part3: serialize and update communication time  (secs): 0.000595 

part3: serialize and update nodes (itr: 20)  (secs): 0.007673 

Itr: 20, Total time for this iteration: 0.229251

Itr: 21, Total number of macro_nodes across all proc's: 129406 [min=7196 max=10063] expected=8087.875000
part1: id set creation (itr: 21)  (secs): 0.000943 
Itr: 21, global ID_set size across all proc's: 16347
part2: iterate and pack  (itr: 21)  (secs): 0.208975 
part3: serialize and update communication time  (secs): 0.000592 

part3: serialize and update nodes (itr: 21)  (secs): 0.006285 

Itr: 21, Total time for this iteration: 0.218286

Itr: 22, Total number of macro_nodes across all proc's: 113059 [min=6248 max=8846] expected=7066.187500
part1: id set creation (itr: 22)  (secs): 0.000714 
Itr: 22, global ID_set size across all proc's: 12627
part2: iterate and pack  (itr: 22)  (secs): 0.200451 
part3: serialize and update communication time  (secs): 0.000524 

part3: serialize and update nodes (itr: 22)  (secs): 0.005251 

Itr: 22, Total time for this iteration: 0.207131

Itr: 23, Total number of macro_nodes across all proc's: 100432 [min=5486 max=7941] expected=6277.000000
part1: id set creation (itr: 23)  (secs): 0.000625 
Itr: 23, global ID_set size across all proc's: 9965
part2: iterate and pack  (itr: 23)  (secs): 0.194814 
part3: serialize and update communication time  (secs): 0.000563 

part3: serialize and update nodes (itr: 23)  (secs): 0.004474 

Itr: 23, Total time for this iteration: 0.200541

Itr: 24, Total number of macro_nodes across all proc's: 90467 [min=4864 max=7222] expected=5654.187500
Average time for part1: id set creation across all procs (secs): 0.474306 
Average time for part2: packing nodes across all procs (secs): 17.114455 
Average time for part3: update nodes across all procs (secs): 3.891945 
Average time for phase to merge and dropping of nodes across all procs (secs): 21.737192 

Average time for Alltoall in Serialize and Transfer (secs): 0.001028 
Average time for AlltoallV in Serialize and Transfer (secs): 0.071340 
[StopClock: pakman-original-elapsed-time-no-io]: 48.1999 sec

[StopClock: pakman-original-elapsed-time-full]: 50.2071 sec

