num_buckets not specified with -t, set to default value num_buckets=21
node_threashold not specified with -n, set to default value node_threashold=100K
K-mer size: 32, L-mer size: 8, Number of Processes: 32, MAX_KMER_COUNT: 1000000000 Coverage: 100,Avg read length: 100, Num buckets: 21, Node threshold: 100000
Average time for MPI_FIle_Open (secs): 0.031506 
Average time for MPI_FIle_Read (secs): 0.352909 
Average time for MPI_FIle_copy (secs): 0.164605 
Average time for MPI_FIle_Close (secs): 0.003949 
Average time for reading and storing the Reads in each proc's memory (secs): 0.553101 
Total number of reads: 30000000
Average time for Alltoall across all procs (secs): 0.000071 
Average time for pack_sbuf_time across all procs (secs): 0.000000 
Average time for AlltoallV across all procs (secs): 0.301167 
Average time for unpack_rbuf_time across all procs (secs): 2.707274 
Average time for unpack_rbuf_time:sort across all procs (secs): 2.375892 
Average time for unpack_rbuf_time:insert across all procs (secs): 0.167334 
Average time for unpack_rbuf_time:acc across all procs (secs): 0.163704 
Average time for partial Sliding Window across all procs (secs): 9.065330 
Average time for Sliding Window across all procs (secs): 13.941012 
Average time for lmer Sliding Window across all procs (secs): 0.180787 
Average time for vector insert across all procs (secs): 2.951968 
Average time for temp_map insert across all procs (secs): 5.669627 
Average number of re-calculations of min l-mer across all procs (secs): 0.000000 
Average time for performing k-mer counting across all procs (secs): 14.126693 
Total distinct k-mer entries across all proc's: 415814444
Number of batch iterations: 1 
Number of threads: 96
Total valid (>= min_bucket(20)) k-mer entries across all proc's: 17682805 
**********************************************************************

Average time for communication in Transfer of MN nodes (secs): 0.008764 
Average time for Re-grouping for k-mers across all procs (secs): 0.097187 
Average time for identifying the macro_nodes (secs): 0.149540 
Average time for sorting the pref/suff kmer buffers (secs): 0.168060 
Average time for populating the suff and pref buffers (secs): 0.457025 
Average time for constructing MN map across all procs (secs): 0.778887 
Total number of macro_nodes across all proc's: 17516875
Average time for MN node construction across all procs (secs): 0.943039 
Average time for initial wiring of MN nodes across all procs (secs): 0.495577 

Itr: 1, Total number of macro_nodes across all proc's: 17516875 [min=527001 max=575152] expected=547402.343750
part1: id set creation (itr: 1)  (secs): 0.044620 
Itr: 1, global ID_set size across all proc's: 5080916
part2: iterate and pack  (itr: 1)  (secs): 1.689377 
part3: serialize and update communication time  (secs): 0.014730 

part3: serialize and update nodes (itr: 1)  (secs): 0.524723 

Itr: 1, Total time for this iteration: 2.297252

Itr: 2, Total number of macro_nodes across all proc's: 12435959 [min=370154 max=407141] expected=388623.718750
part1: id set creation (itr: 2)  (secs): 0.041110 
Itr: 2, global ID_set size across all proc's: 3095663
part2: iterate and pack  (itr: 2)  (secs): 1.219080 
part3: serialize and update communication time  (secs): 0.010532 

part3: serialize and update nodes (itr: 2)  (secs): 0.360817 

Itr: 2, Total time for this iteration: 1.657656

Itr: 3, Total number of macro_nodes across all proc's: 9340296 [min=278894 max=305020] expected=291884.250000
part1: id set creation (itr: 3)  (secs): 0.030714 
Itr: 3, global ID_set size across all proc's: 2312298
part2: iterate and pack  (itr: 3)  (secs): 1.018982 
part3: serialize and update communication time  (secs): 0.008077 

part3: serialize and update nodes (itr: 3)  (secs): 0.263611 

Itr: 3, Total time for this iteration: 1.330047

Itr: 4, Total number of macro_nodes across all proc's: 7027998 [min=210039 max=232058] expected=219624.937500
part1: id set creation (itr: 4)  (secs): 0.024621 
Itr: 4, global ID_set size across all proc's: 1760846
part2: iterate and pack  (itr: 4)  (secs): 0.850632 
part3: serialize and update communication time  (secs): 0.006077 

part3: serialize and update nodes (itr: 4)  (secs): 0.208804 

Itr: 4, Total time for this iteration: 1.088905

Itr: 5, Total number of macro_nodes across all proc's: 5267152 [min=156977 max=176950] expected=164598.500000
part1: id set creation (itr: 5)  (secs): 0.019318 
Itr: 5, global ID_set size across all proc's: 1289853
part2: iterate and pack  (itr: 5)  (secs): 0.713185 
part3: serialize and update communication time  (secs): 0.005098 

part3: serialize and update nodes (itr: 5)  (secs): 0.168990 

Itr: 5, Total time for this iteration: 0.907036

Itr: 6, Total number of macro_nodes across all proc's: 3977299 [min=118162 max=136963] expected=124290.593750
part1: id set creation (itr: 6)  (secs): 0.015278 
Itr: 6, global ID_set size across all proc's: 964567
part2: iterate and pack  (itr: 6)  (secs): 0.611708 
part3: serialize and update communication time  (secs): 0.006505 

part3: serialize and update nodes (itr: 6)  (secs): 0.118192 

Itr: 6, Total time for this iteration: 0.750373

Itr: 7, Total number of macro_nodes across all proc's: 3012732 [min=89048 max=106006] expected=94147.875000
part1: id set creation (itr: 7)  (secs): 0.011994 
Itr: 7, global ID_set size across all proc's: 710971
part2: iterate and pack  (itr: 7)  (secs): 0.512540 
part3: serialize and update communication time  (secs): 0.002491 

part3: serialize and update nodes (itr: 7)  (secs): 0.085589 

Itr: 7, Total time for this iteration: 0.614628

Itr: 8, Total number of macro_nodes across all proc's: 2301761 [min=67361 max=82066] expected=71930.031250
part1: id set creation (itr: 8)  (secs): 0.009364 
Itr: 8, global ID_set size across all proc's: 533612
part2: iterate and pack  (itr: 8)  (secs): 0.451650 
part3: serialize and update communication time  (secs): 0.001917 

part3: serialize and update nodes (itr: 8)  (secs): 0.063509 

Itr: 8, Total time for this iteration: 0.527747

Itr: 9, Total number of macro_nodes across all proc's: 1768149 [min=51489 max=64108] expected=55254.656250
part1: id set creation (itr: 9)  (secs): 0.007224 
Itr: 9, global ID_set size across all proc's: 405760
part2: iterate and pack  (itr: 9)  (secs): 0.398232 
part3: serialize and update communication time  (secs): 0.001742 

part3: serialize and update nodes (itr: 9)  (secs): 0.050525 

Itr: 9, Total time for this iteration: 0.459054

Itr: 10, Total number of macro_nodes across all proc's: 1362389 [min=39288 max=50556] expected=42574.656250
part1: id set creation (itr: 10)  (secs): 0.005533 
Itr: 10, global ID_set size across all proc's: 308273
part2: iterate and pack  (itr: 10)  (secs): 0.352686 
part3: serialize and update communication time  (secs): 0.001485 

part3: serialize and update nodes (itr: 10)  (secs): 0.039303 

Itr: 10, Total time for this iteration: 0.400206

Itr: 11, Total number of macro_nodes across all proc's: 1054116 [min=30308 max=39704] expected=32941.125000
part1: id set creation (itr: 11)  (secs): 0.004124 
Itr: 11, global ID_set size across all proc's: 233512
part2: iterate and pack  (itr: 11)  (secs): 0.312983 
part3: serialize and update communication time  (secs): 0.001215 

part3: serialize and update nodes (itr: 11)  (secs): 0.030537 

Itr: 11, Total time for this iteration: 0.350211

Itr: 12, Total number of macro_nodes across all proc's: 820604 [min=23587 max=31468] expected=25643.875000
part1: id set creation (itr: 12)  (secs): 0.003068 
Itr: 12, global ID_set size across all proc's: 177007
part2: iterate and pack  (itr: 12)  (secs): 0.301061 
part3: serialize and update communication time  (secs): 0.000874 

part3: serialize and update nodes (itr: 12)  (secs): 0.023612 

Itr: 12, Total time for this iteration: 0.329761

Itr: 13, Total number of macro_nodes across all proc's: 643597 [min=18391 max=25089] expected=20112.406250
part1: id set creation (itr: 13)  (secs): 0.002272 
Itr: 13, global ID_set size across all proc's: 135048
part2: iterate and pack  (itr: 13)  (secs): 0.268342 
part3: serialize and update communication time  (secs): 0.001007 

part3: serialize and update nodes (itr: 13)  (secs): 0.019387 

Itr: 13, Total time for this iteration: 0.291819

Itr: 14, Total number of macro_nodes across all proc's: 508549 [min=14505 max=20316] expected=15892.156250
part1: id set creation (itr: 14)  (secs): 0.001713 
Itr: 14, global ID_set size across all proc's: 103087
part2: iterate and pack  (itr: 14)  (secs): 0.247181 
part3: serialize and update communication time  (secs): 0.000821 

part3: serialize and update nodes (itr: 14)  (secs): 0.015511 

Itr: 14, Total time for this iteration: 0.266042

Itr: 15, Total number of macro_nodes across all proc's: 405462 [min=11552 max=16585] expected=12670.687500
part1: id set creation (itr: 15)  (secs): 0.001312 
Itr: 15, global ID_set size across all proc's: 79459
part2: iterate and pack  (itr: 15)  (secs): 0.233457 
part3: serialize and update communication time  (secs): 0.000769 

part3: serialize and update nodes (itr: 15)  (secs): 0.014390 

Itr: 15, Total time for this iteration: 0.251931

Itr: 16, Total number of macro_nodes across all proc's: 326003 [min=9236 max=13694] expected=10187.593750
part1: id set creation (itr: 16)  (secs): 0.001083 
Itr: 16, global ID_set size across all proc's: 61653
part2: iterate and pack  (itr: 16)  (secs): 0.213801 
part3: serialize and update communication time  (secs): 0.000763 

part3: serialize and update nodes (itr: 16)  (secs): 0.009959 

Itr: 16, Total time for this iteration: 0.226942

Itr: 17, Total number of macro_nodes across all proc's: 264350 [min=7449 max=11459] expected=8260.937500
part1: id set creation (itr: 17)  (secs): 0.000819 
Itr: 17, global ID_set size across all proc's: 47576
part2: iterate and pack  (itr: 17)  (secs): 0.217023 
part3: serialize and update communication time  (secs): 0.000779 

part3: serialize and update nodes (itr: 17)  (secs): 0.008621 

Itr: 17, Total time for this iteration: 0.227597

Itr: 18, Total number of macro_nodes across all proc's: 216774 [min=6020 max=9631] expected=6774.187500
part1: id set creation (itr: 18)  (secs): 0.000658 
Itr: 18, global ID_set size across all proc's: 36996
part2: iterate and pack  (itr: 18)  (secs): 0.199463 
part3: serialize and update communication time  (secs): 0.000718 

part3: serialize and update nodes (itr: 18)  (secs): 0.007482 

Itr: 18, Total time for this iteration: 0.208669

Itr: 19, Total number of macro_nodes across all proc's: 179778 [min=4964 max=8233] expected=5618.062500
part1: id set creation (itr: 19)  (secs): 0.000537 
Itr: 19, global ID_set size across all proc's: 28419
part2: iterate and pack  (itr: 19)  (secs): 0.194822 
part3: serialize and update communication time  (secs): 0.000716 

part3: serialize and update nodes (itr: 19)  (secs): 0.005982 

Itr: 19, Total time for this iteration: 0.205090

Itr: 20, Total number of macro_nodes across all proc's: 151359 [min=4121 max=7111] expected=4729.968750
part1: id set creation (itr: 20)  (secs): 0.000476 
Itr: 20, global ID_set size across all proc's: 21604
part2: iterate and pack  (itr: 20)  (secs): 0.204495 
part3: serialize and update communication time  (secs): 0.000646 

part3: serialize and update nodes (itr: 20)  (secs): 0.004778 

Itr: 20, Total time for this iteration: 0.211217

Itr: 21, Total number of macro_nodes across all proc's: 129755 [min=3506 max=6229] expected=4054.843750
part1: id set creation (itr: 21)  (secs): 0.000382 
Itr: 21, global ID_set size across all proc's: 16386
part2: iterate and pack  (itr: 21)  (secs): 0.176894 
part3: serialize and update communication time  (secs): 0.000487 

part3: serialize and update nodes (itr: 21)  (secs): 0.004524 

Itr: 21, Total time for this iteration: 0.182542

Itr: 22, Total number of macro_nodes across all proc's: 113369 [min=3018 max=5538] expected=3542.781250
part1: id set creation (itr: 22)  (secs): 0.000337 
Itr: 22, global ID_set size across all proc's: 12697
part2: iterate and pack  (itr: 22)  (secs): 0.174697 
part3: serialize and update communication time  (secs): 0.000438 

part3: serialize and update nodes (itr: 22)  (secs): 0.003275 

Itr: 22, Total time for this iteration: 0.179007

Itr: 23, Total number of macro_nodes across all proc's: 100672 [min=2666 max=5008] expected=3146.000000
part1: id set creation (itr: 23)  (secs): 0.000294 
Itr: 23, global ID_set size across all proc's: 10030
part2: iterate and pack  (itr: 23)  (secs): 0.182999 
part3: serialize and update communication time  (secs): 0.000382 

part3: serialize and update nodes (itr: 23)  (secs): 0.002843 

Itr: 23, Total time for this iteration: 0.186726

Itr: 24, Total number of macro_nodes across all proc's: 90642 [min=2372 max=4569] expected=2832.562500
Average time for part1: id set creation across all procs (secs): 0.226851 
Average time for part2: packing nodes across all procs (secs): 10.745291 
Average time for part3: update nodes across all procs (secs): 2.034963 
Average time for phase to merge and dropping of nodes across all procs (secs): 13.150471 

Average time for Alltoall in Serialize and Transfer (secs): 0.002027 
Average time for AlltoallV in Serialize and Transfer (secs): 0.066242 
[StopClock: pakman-original-elapsed-time-no-io]: 28.9436 sec

[StopClock: pakman-original-elapsed-time-full]: 30.4731 sec

