num_buckets not specified with -t, set to default value num_buckets=21
node_threashold not specified with -n, set to default value node_threashold=100K
K-mer size: 32, L-mer size: 8, Number of Processes: 128, MAX_KMER_COUNT: 1000000000 Coverage: 100,Avg read length: 100, Num buckets: 21, Node threshold: 100000
Average time for MPI_FIle_Open (secs): 0.113557 
Average time for MPI_FIle_Read (secs): 0.332879 
Average time for MPI_FIle_copy (secs): 0.041325 
Average time for MPI_FIle_Close (secs): 0.009673 
Average time for reading and storing the Reads in each proc's memory (secs): 0.497613 
Total number of reads: 30000000
Average time for Alltoall across all procs (secs): 0.000107 
Average time for pack_sbuf_time across all procs (secs): 0.000000 
Average time for AlltoallV across all procs (secs): 0.226325 
Average time for unpack_rbuf_time across all procs (secs): 0.833381 
Average time for unpack_rbuf_time:sort across all procs (secs): 0.736679 
Average time for unpack_rbuf_time:insert across all procs (secs): 0.051909 
Average time for unpack_rbuf_time:acc across all procs (secs): 0.044483 
Average time for partial Sliding Window across all procs (secs): 3.352404 
Average time for Sliding Window across all procs (secs): 4.651988 
Average time for lmer Sliding Window across all procs (secs): 0.044916 
Average time for vector insert across all procs (secs): 0.802565 
Average time for temp_map insert across all procs (secs): 1.427064 
Average number of re-calculations of min l-mer across all procs (secs): 0.000000 
Average time for performing k-mer counting across all procs (secs): 4.700682 
Total distinct k-mer entries across all proc's: 415814444
Number of batch iterations: 1 
Number of threads: 96
Total valid (>= min_bucket(20)) k-mer entries across all proc's: 17682805 
**********************************************************************

Average time for communication in Transfer of MN nodes (secs): 0.023914 
Average time for Re-grouping for k-mers across all procs (secs): 0.112175 
Average time for identifying the macro_nodes (secs): 0.044002 
Average time for sorting the pref/suff kmer buffers (secs): 0.053924 
Average time for populating the suff and pref buffers (secs): 0.117842 
Average time for constructing MN map across all procs (secs): 0.217915 
Total number of macro_nodes across all proc's: 17516875
Average time for MN node construction across all procs (secs): 0.360001 
Average time for initial wiring of MN nodes across all procs (secs): 0.115044 

Itr: 1, Total number of macro_nodes across all proc's: 17516875 [min=129260 max=152321] expected=136850.585938
part1: id set creation (itr: 1)  (secs): 0.009423 
Itr: 1, global ID_set size across all proc's: 5080916
part2: iterate and pack  (itr: 1)  (secs): 0.575773 
part3: serialize and update communication time  (secs): 0.011742 

part3: serialize and update nodes (itr: 1)  (secs): 0.147195 

Itr: 1, Total time for this iteration: 0.736790

Itr: 2, Total number of macro_nodes across all proc's: 12435959 [min=90573 max=111340] expected=97155.929688
part1: id set creation (itr: 2)  (secs): 0.007980 
Itr: 2, global ID_set size across all proc's: 3095668
part2: iterate and pack  (itr: 2)  (secs): 0.443010 
part3: serialize and update communication time  (secs): 0.006985 

part3: serialize and update nodes (itr: 2)  (secs): 0.086621 

Itr: 2, Total time for this iteration: 0.540538

Itr: 3, Total number of macro_nodes across all proc's: 9340291 [min=67488 max=85314] expected=72971.023438
part1: id set creation (itr: 3)  (secs): 0.006480 
Itr: 3, global ID_set size across all proc's: 2312287
part2: iterate and pack  (itr: 3)  (secs): 0.397074 
part3: serialize and update communication time  (secs): 0.005309 

part3: serialize and update nodes (itr: 3)  (secs): 0.084218 

Itr: 3, Total time for this iteration: 0.504627

Itr: 4, Total number of macro_nodes across all proc's: 7028004 [min=50680 max=65809] expected=54906.281250
part1: id set creation (itr: 4)  (secs): 0.005807 
Itr: 4, global ID_set size across all proc's: 1760858
part2: iterate and pack  (itr: 4)  (secs): 0.367848 
part3: serialize and update communication time  (secs): 0.004874 

part3: serialize and update nodes (itr: 4)  (secs): 0.065486 

Itr: 4, Total time for this iteration: 0.472172

Itr: 5, Total number of macro_nodes across all proc's: 5267146 [min=37979 max=51454] expected=41149.578125
part1: id set creation (itr: 5)  (secs): 0.004730 
Itr: 5, global ID_set size across all proc's: 1289868
part2: iterate and pack  (itr: 5)  (secs): 0.310919 
part3: serialize and update communication time  (secs): 0.008469 

part3: serialize and update nodes (itr: 5)  (secs): 0.058723 

Itr: 5, Total time for this iteration: 0.406407

Itr: 6, Total number of macro_nodes across all proc's: 3977278 [min=28507 max=40711] expected=31072.484375
part1: id set creation (itr: 6)  (secs): 0.003464 
Itr: 6, global ID_set size across all proc's: 964578
part2: iterate and pack  (itr: 6)  (secs): 0.295296 
part3: serialize and update communication time  (secs): 0.004865 

part3: serialize and update nodes (itr: 6)  (secs): 0.040489 

Itr: 6, Total time for this iteration: 0.361222

Itr: 7, Total number of macro_nodes across all proc's: 3012700 [min=21488 max=32520] expected=23536.718750
part1: id set creation (itr: 7)  (secs): 0.002889 
Itr: 7, global ID_set size across all proc's: 710975
part2: iterate and pack  (itr: 7)  (secs): 0.270308 
part3: serialize and update communication time  (secs): 0.003261 

part3: serialize and update nodes (itr: 7)  (secs): 0.031329 

Itr: 7, Total time for this iteration: 0.318858

Itr: 8, Total number of macro_nodes across all proc's: 2301725 [min=16186 max=25955] expected=17982.226562
part1: id set creation (itr: 8)  (secs): 0.001646 
Itr: 8, global ID_set size across all proc's: 533576
part2: iterate and pack  (itr: 8)  (secs): 0.248158 
part3: serialize and update communication time  (secs): 0.004517 

part3: serialize and update nodes (itr: 8)  (secs): 0.023579 

Itr: 8, Total time for this iteration: 0.284172

Itr: 9, Total number of macro_nodes across all proc's: 1768149 [min=12425 max=20803] expected=13813.664062
part1: id set creation (itr: 9)  (secs): 0.001161 
Itr: 9, global ID_set size across all proc's: 405725
part2: iterate and pack  (itr: 9)  (secs): 0.229187 
part3: serialize and update communication time  (secs): 0.002579 

part3: serialize and update nodes (itr: 9)  (secs): 0.018045 

Itr: 9, Total time for this iteration: 0.251754

Itr: 10, Total number of macro_nodes across all proc's: 1362424 [min=9503 max=16984] expected=10643.937500
part1: id set creation (itr: 10)  (secs): 0.000889 
Itr: 10, global ID_set size across all proc's: 308283
part2: iterate and pack  (itr: 10)  (secs): 0.219118 
part3: serialize and update communication time  (secs): 0.004905 

part3: serialize and update nodes (itr: 10)  (secs): 0.016117 

Itr: 10, Total time for this iteration: 0.241036

Itr: 11, Total number of macro_nodes across all proc's: 1054141 [min=7335 max=13608] expected=8235.476562
part1: id set creation (itr: 11)  (secs): 0.000689 
Itr: 11, global ID_set size across all proc's: 233536
part2: iterate and pack  (itr: 11)  (secs): 0.202096 
part3: serialize and update communication time  (secs): 0.001534 

part3: serialize and update nodes (itr: 11)  (secs): 0.010060 

Itr: 11, Total time for this iteration: 0.215064

Itr: 12, Total number of macro_nodes across all proc's: 820605 [min=5708 max=11052] expected=6410.976562
part1: id set creation (itr: 12)  (secs): 0.000519 
Itr: 12, global ID_set size across all proc's: 177002
part2: iterate and pack  (itr: 12)  (secs): 0.191704 
part3: serialize and update communication time  (secs): 0.001190 

part3: serialize and update nodes (itr: 12)  (secs): 0.008140 

Itr: 12, Total time for this iteration: 0.201701

Itr: 13, Total number of macro_nodes across all proc's: 643603 [min=4432 max=9013] expected=5028.148438
part1: id set creation (itr: 13)  (secs): 0.000411 
Itr: 13, global ID_set size across all proc's: 135065
part2: iterate and pack  (itr: 13)  (secs): 0.183040 
part3: serialize and update communication time  (secs): 0.000837 

part3: serialize and update nodes (itr: 13)  (secs): 0.006253 

Itr: 13, Total time for this iteration: 0.190881

Itr: 14, Total number of macro_nodes across all proc's: 508538 [min=3502 max=7462] expected=3972.953125
part1: id set creation (itr: 14)  (secs): 0.000328 
Itr: 14, global ID_set size across all proc's: 103078
part2: iterate and pack  (itr: 14)  (secs): 0.188102 
part3: serialize and update communication time  (secs): 0.000690 

part3: serialize and update nodes (itr: 14)  (secs): 0.005585 

Itr: 14, Total time for this iteration: 0.195067

Itr: 15, Total number of macro_nodes across all proc's: 405460 [min=2737 max=6326] expected=3167.656250
part1: id set creation (itr: 15)  (secs): 0.000271 
Itr: 15, global ID_set size across all proc's: 79444
part2: iterate and pack  (itr: 15)  (secs): 0.172213 
part3: serialize and update communication time  (secs): 0.000769 

part3: serialize and update nodes (itr: 15)  (secs): 0.004684 

Itr: 15, Total time for this iteration: 0.178268

Itr: 16, Total number of macro_nodes across all proc's: 326016 [min=2168 max=5370] expected=2547.000000
part1: id set creation (itr: 16)  (secs): 0.000221 
Itr: 16, global ID_set size across all proc's: 61628
part2: iterate and pack  (itr: 16)  (secs): 0.178366 
part3: serialize and update communication time  (secs): 0.000681 

part3: serialize and update nodes (itr: 16)  (secs): 0.004220 

Itr: 16, Total time for this iteration: 0.184402

Itr: 17, Total number of macro_nodes across all proc's: 264388 [min=1754 max=4634] expected=2065.531250
part1: id set creation (itr: 17)  (secs): 0.000182 
Itr: 17, global ID_set size across all proc's: 47570
part2: iterate and pack  (itr: 17)  (secs): 0.159347 
part3: serialize and update communication time  (secs): 0.000618 

part3: serialize and update nodes (itr: 17)  (secs): 0.003830 

Itr: 17, Total time for this iteration: 0.164298

Itr: 18, Total number of macro_nodes across all proc's: 216818 [min=1408 max=4010] expected=1693.890625
part1: id set creation (itr: 18)  (secs): 0.000160 
Itr: 18, global ID_set size across all proc's: 37028
part2: iterate and pack  (itr: 18)  (secs): 0.160601 
part3: serialize and update communication time  (secs): 0.000520 

part3: serialize and update nodes (itr: 18)  (secs): 0.003527 

Itr: 18, Total time for this iteration: 0.165892

Itr: 19, Total number of macro_nodes across all proc's: 179790 [min=1165 max=3492] expected=1404.609375
part1: id set creation (itr: 19)  (secs): 0.000119 
Itr: 19, global ID_set size across all proc's: 28440
part2: iterate and pack  (itr: 19)  (secs): 0.173594 
part3: serialize and update communication time  (secs): 0.000492 

part3: serialize and update nodes (itr: 19)  (secs): 0.002900 

Itr: 19, Total time for this iteration: 0.177348

Itr: 20, Total number of macro_nodes across all proc's: 151350 [min=947 max=3061] expected=1182.421875
part1: id set creation (itr: 20)  (secs): 0.000101 
Itr: 20, global ID_set size across all proc's: 21601
part2: iterate and pack  (itr: 20)  (secs): 0.144784 
part3: serialize and update communication time  (secs): 0.000393 

part3: serialize and update nodes (itr: 20)  (secs): 0.002357 

Itr: 20, Total time for this iteration: 0.147889

Itr: 21, Total number of macro_nodes across all proc's: 129749 [min=766 max=2742] expected=1013.664062
part1: id set creation (itr: 21)  (secs): 0.000086 
Itr: 21, global ID_set size across all proc's: 16375
part2: iterate and pack  (itr: 21)  (secs): 0.142355 
part3: serialize and update communication time  (secs): 0.000371 

part3: serialize and update nodes (itr: 21)  (secs): 0.002064 

Itr: 21, Total time for this iteration: 0.145100

Itr: 22, Total number of macro_nodes across all proc's: 113374 [min=661 max=2478] expected=885.734375
part1: id set creation (itr: 22)  (secs): 0.000075 
Itr: 22, global ID_set size across all proc's: 12699
part2: iterate and pack  (itr: 22)  (secs): 0.158461 
part3: serialize and update communication time  (secs): 0.000373 

part3: serialize and update nodes (itr: 22)  (secs): 0.001959 

Itr: 22, Total time for this iteration: 0.161067

Itr: 23, Total number of macro_nodes across all proc's: 100675 [min=571 max=2263] expected=786.523438
part1: id set creation (itr: 23)  (secs): 0.000072 
Itr: 23, global ID_set size across all proc's: 10048
part2: iterate and pack  (itr: 23)  (secs): 0.147480 
part3: serialize and update communication time  (secs): 0.000308 

part3: serialize and update nodes (itr: 23)  (secs): 0.001619 

Itr: 23, Total time for this iteration: 0.149997

Itr: 24, Total number of macro_nodes across all proc's: 90627 [min=505 max=2089] expected=708.023438
Average time for part1: id set creation across all procs (secs): 0.047704 
Average time for part2: packing nodes across all procs (secs): 5.558834 
Average time for part3: update nodes across all procs (secs): 0.629001 
Average time for phase to merge and dropping of nodes across all procs (secs): 6.394547 

Average time for Alltoall in Serialize and Transfer (secs): 0.008228 
Average time for AlltoallV in Serialize and Transfer (secs): 0.058056 
[StopClock: pakman-original-elapsed-time-no-io]: 11.8535 sec

[StopClock: pakman-original-elapsed-time-full]: 15.2771 sec

