num_buckets not specified with -t, set to default value num_buckets=21
node_threashold not specified with -n, set to default value node_threashold=100K
K-mer size: 32, L-mer size: 8, Number of Processes: 224, MAX_KMER_COUNT: 1000000000 Coverage: 100,Avg read length: 100, Num buckets: 21, Node threshold: 100000
Average time for MPI_FIle_Open (secs): 0.235118 
Average time for MPI_FIle_Read (secs): 0.330342 
Average time for MPI_FIle_copy (secs): 0.023528 
Average time for MPI_FIle_Close (secs): 0.017949 
Average time for reading and storing the Reads in each proc's memory (secs): 0.607218 
Total number of reads: 30000000
Average time for Alltoall across all procs (secs): 0.000113 
Average time for pack_sbuf_time across all procs (secs): 0.000000 
Average time for AlltoallV across all procs (secs): 0.210550 
Average time for unpack_rbuf_time across all procs (secs): 0.499624 
Average time for unpack_rbuf_time:sort across all procs (secs): 0.442416 
Average time for unpack_rbuf_time:insert across all procs (secs): 0.031096 
Average time for unpack_rbuf_time:acc across all procs (secs): 0.025759 
Average time for partial Sliding Window across all procs (secs): 2.109703 
Average time for Sliding Window across all procs (secs): 2.864331 
Average time for lmer Sliding Window across all procs (secs): 0.025416 
Average time for vector insert across all procs (secs): 0.475309 
Average time for temp_map insert across all procs (secs): 0.808028 
Average number of re-calculations of min l-mer across all procs (secs): 0.000000 
Average time for performing k-mer counting across all procs (secs): 2.892991 
Total distinct k-mer entries across all proc's: 415814444
Number of batch iterations: 1 
Number of threads: 96
Total valid (>= min_bucket(20)) k-mer entries across all proc's: 17682805 
**********************************************************************

Average time for communication in Transfer of MN nodes (secs): 0.020325 
Average time for Re-grouping for k-mers across all procs (secs): 0.153904 
Average time for identifying the macro_nodes (secs): 0.028301 
Average time for sorting the pref/suff kmer buffers (secs): 0.038429 
Average time for populating the suff and pref buffers (secs): 0.067125 
Average time for constructing MN map across all procs (secs): 0.134845 
Total number of macro_nodes across all proc's: 17516875
Average time for MN node construction across all procs (secs): 0.311772 
Average time for initial wiring of MN nodes across all procs (secs): 0.064310 

Itr: 1, Total number of macro_nodes across all proc's: 17516875 [min=74871 max=82370] expected=78200.334821
part1: id set creation (itr: 1)  (secs): 0.004839 
Itr: 1, global ID_set size across all proc's: 5080916
part2: iterate and pack  (itr: 1)  (secs): 0.407447 
part3: serialize and update communication time  (secs): 0.009130 

part3: serialize and update nodes (itr: 1)  (secs): 0.084836 

Itr: 1, Total time for this iteration: 0.498839

Itr: 2, Total number of macro_nodes across all proc's: 12435959 [min=52493 max=58324] expected=55517.674107
part1: id set creation (itr: 2)  (secs): 0.004177 
Itr: 2, global ID_set size across all proc's: 3095656
part2: iterate and pack  (itr: 2)  (secs): 0.314195 
part3: serialize and update communication time  (secs): 0.007709 

part3: serialize and update nodes (itr: 2)  (secs): 0.051261 

Itr: 2, Total time for this iteration: 0.370840

Itr: 3, Total number of macro_nodes across all proc's: 9340303 [min=39562 max=43814] expected=41697.781250
part1: id set creation (itr: 3)  (secs): 0.003361 
Itr: 3, global ID_set size across all proc's: 2312298
part2: iterate and pack  (itr: 3)  (secs): 0.285226 
part3: serialize and update communication time  (secs): 0.005998 

part3: serialize and update nodes (itr: 3)  (secs): 0.038055 

Itr: 3, Total time for this iteration: 0.327674

Itr: 4, Total number of macro_nodes across all proc's: 7028005 [min=29824 max=33420] expected=31375.022321
part1: id set creation (itr: 4)  (secs): 0.002579 
Itr: 4, global ID_set size across all proc's: 1760854
part2: iterate and pack  (itr: 4)  (secs): 0.262308 
part3: serialize and update communication time  (secs): 0.005730 

part3: serialize and update nodes (itr: 4)  (secs): 0.032812 

Itr: 4, Total time for this iteration: 0.298612

Itr: 5, Total number of macro_nodes across all proc's: 5267151 [min=22262 max=25535] expected=23514.066964
part1: id set creation (itr: 5)  (secs): 0.001870 
Itr: 5, global ID_set size across all proc's: 1289830
part2: iterate and pack  (itr: 5)  (secs): 0.241295 
part3: serialize and update communication time  (secs): 0.005202 

part3: serialize and update nodes (itr: 5)  (secs): 0.023796 

Itr: 5, Total time for this iteration: 0.268151

Itr: 6, Total number of macro_nodes across all proc's: 3977321 [min=16773 max=19761] expected=17755.897321
part1: id set creation (itr: 6)  (secs): 0.001344 
Itr: 6, global ID_set size across all proc's: 964566
part2: iterate and pack  (itr: 6)  (secs): 0.213524 
part3: serialize and update communication time  (secs): 0.005298 

part3: serialize and update nodes (itr: 6)  (secs): 0.019200 

Itr: 6, Total time for this iteration: 0.234885

Itr: 7, Total number of macro_nodes across all proc's: 3012755 [min=12616 max=15247] expected=13449.799107
part1: id set creation (itr: 7)  (secs): 0.000985 
Itr: 7, global ID_set size across all proc's: 710963
part2: iterate and pack  (itr: 7)  (secs): 0.192799 
part3: serialize and update communication time  (secs): 0.003001 

part3: serialize and update nodes (itr: 7)  (secs): 0.014085 

Itr: 7, Total time for this iteration: 0.208535

Itr: 8, Total number of macro_nodes across all proc's: 2301792 [min=9521 max=11766] expected=10275.857143
part1: id set creation (itr: 8)  (secs): 0.000751 
Itr: 8, global ID_set size across all proc's: 533607
part2: iterate and pack  (itr: 8)  (secs): 0.192564 
part3: serialize and update communication time  (secs): 0.001840 

part3: serialize and update nodes (itr: 8)  (secs): 0.009024 

Itr: 8, Total time for this iteration: 0.203332

Itr: 9, Total number of macro_nodes across all proc's: 1768185 [min=7270 max=9182] expected=7893.683036
part1: id set creation (itr: 9)  (secs): 0.000574 
Itr: 9, global ID_set size across all proc's: 405750
part2: iterate and pack  (itr: 9)  (secs): 0.181527 
part3: serialize and update communication time  (secs): 0.003768 

part3: serialize and update nodes (itr: 9)  (secs): 0.015037 

Itr: 9, Total time for this iteration: 0.197875

Itr: 10, Total number of macro_nodes across all proc's: 1362435 [min=5536 max=7283] expected=6082.299107
part1: id set creation (itr: 10)  (secs): 0.000452 
Itr: 10, global ID_set size across all proc's: 308304
part2: iterate and pack  (itr: 10)  (secs): 0.162510 
part3: serialize and update communication time  (secs): 0.001270 

part3: serialize and update nodes (itr: 10)  (secs): 0.012423 

Itr: 10, Total time for this iteration: 0.177386

Itr: 11, Total number of macro_nodes across all proc's: 1054131 [min=4268 max=5742] expected=4705.941964
part1: id set creation (itr: 11)  (secs): 0.000364 
Itr: 11, global ID_set size across all proc's: 233535
part2: iterate and pack  (itr: 11)  (secs): 0.154525 
part3: serialize and update communication time  (secs): 0.000979 

part3: serialize and update nodes (itr: 11)  (secs): 0.007122 

Itr: 11, Total time for this iteration: 0.168009

Itr: 12, Total number of macro_nodes across all proc's: 820596 [min=3281 max=4548] expected=3663.375000
part1: id set creation (itr: 12)  (secs): 0.000309 
Itr: 12, global ID_set size across all proc's: 177000
part2: iterate and pack  (itr: 12)  (secs): 0.149589 
part3: serialize and update communication time  (secs): 0.000904 

part3: serialize and update nodes (itr: 12)  (secs): 0.008032 

Itr: 12, Total time for this iteration: 0.163203

Itr: 13, Total number of macro_nodes across all proc's: 643596 [min=2527 max=3617] expected=2873.196429
part1: id set creation (itr: 13)  (secs): 0.000282 
Itr: 13, global ID_set size across all proc's: 135076
part2: iterate and pack  (itr: 13)  (secs): 0.135982 
part3: serialize and update communication time  (secs): 0.000881 

part3: serialize and update nodes (itr: 13)  (secs): 0.006421 

Itr: 13, Total time for this iteration: 0.145781

Itr: 14, Total number of macro_nodes across all proc's: 508520 [min=1982 max=2917] expected=2270.178571
part1: id set creation (itr: 14)  (secs): 0.000210 
Itr: 14, global ID_set size across all proc's: 103142
part2: iterate and pack  (itr: 14)  (secs): 0.134014 
part3: serialize and update communication time  (secs): 0.002250 

part3: serialize and update nodes (itr: 14)  (secs): 0.008497 

Itr: 14, Total time for this iteration: 0.147033

Itr: 15, Total number of macro_nodes across all proc's: 405378 [min=1559 max=2437] expected=1809.723214
part1: id set creation (itr: 15)  (secs): 0.000211 
Itr: 15, global ID_set size across all proc's: 79481
part2: iterate and pack  (itr: 15)  (secs): 0.127718 
part3: serialize and update communication time  (secs): 0.001444 

part3: serialize and update nodes (itr: 15)  (secs): 0.006161 

Itr: 15, Total time for this iteration: 0.137210

Itr: 16, Total number of macro_nodes across all proc's: 325897 [min=1239 max=2014] expected=1454.897321
part1: id set creation (itr: 16)  (secs): 0.000194 
Itr: 16, global ID_set size across all proc's: 61718
part2: iterate and pack  (itr: 16)  (secs): 0.124986 
part3: serialize and update communication time  (secs): 0.000835 

part3: serialize and update nodes (itr: 16)  (secs): 0.003972 

Itr: 16, Total time for this iteration: 0.133301

Itr: 17, Total number of macro_nodes across all proc's: 264179 [min=993 max=1715] expected=1179.370536
part1: id set creation (itr: 17)  (secs): 0.000156 
Itr: 17, global ID_set size across all proc's: 47651
part2: iterate and pack  (itr: 17)  (secs): 0.119042 
part3: serialize and update communication time  (secs): 0.000769 

part3: serialize and update nodes (itr: 17)  (secs): 0.003276 

Itr: 17, Total time for this iteration: 0.126599

Itr: 18, Total number of macro_nodes across all proc's: 216528 [min=784 max=1452] expected=966.642857
part1: id set creation (itr: 18)  (secs): 0.000169 
Itr: 18, global ID_set size across all proc's: 37034
part2: iterate and pack  (itr: 18)  (secs): 0.116367 
part3: serialize and update communication time  (secs): 0.000675 

part3: serialize and update nodes (itr: 18)  (secs): 0.002984 

Itr: 18, Total time for this iteration: 0.122428

Itr: 19, Total number of macro_nodes across all proc's: 179494 [min=651 max=1250] expected=801.312500
part1: id set creation (itr: 19)  (secs): 0.000158 
Itr: 19, global ID_set size across all proc's: 28419
part2: iterate and pack  (itr: 19)  (secs): 0.107351 
part3: serialize and update communication time  (secs): 0.002556 

part3: serialize and update nodes (itr: 19)  (secs): 0.004936 

Itr: 19, Total time for this iteration: 0.114064

Itr: 20, Total number of macro_nodes across all proc's: 151075 [min=525 max=1069] expected=674.441964
part1: id set creation (itr: 20)  (secs): 0.000117 
Itr: 20, global ID_set size across all proc's: 21578
part2: iterate and pack  (itr: 20)  (secs): 0.000937 
part3: serialize and update communication time  (secs): 0.000457 

part3: serialize and update nodes (itr: 20)  (secs): 0.001253 

Itr: 20, Total time for this iteration: 0.003622

Itr: 21, Total number of macro_nodes across all proc's: 129497 [min=447 max=924] expected=578.111607
part1: id set creation (itr: 21)  (secs): 0.000052 
Itr: 21, global ID_set size across all proc's: 16319
part2: iterate and pack  (itr: 21)  (secs): 0.000702 
part3: serialize and update communication time  (secs): 0.000385 

part3: serialize and update nodes (itr: 21)  (secs): 0.001038 

Itr: 21, Total time for this iteration: 0.001972

Itr: 22, Total number of macro_nodes across all proc's: 113178 [min=370 max=830] expected=505.258929
part1: id set creation (itr: 22)  (secs): 0.000045 
Itr: 22, global ID_set size across all proc's: 12660
part2: iterate and pack  (itr: 22)  (secs): 0.000551 
part3: serialize and update communication time  (secs): 0.000416 

part3: serialize and update nodes (itr: 22)  (secs): 0.001017 

Itr: 22, Total time for this iteration: 0.001770

Itr: 23, Total number of macro_nodes across all proc's: 100518 [min=321 max=757] expected=448.741071
part1: id set creation (itr: 23)  (secs): 0.000040 
Itr: 23, global ID_set size across all proc's: 9982
part2: iterate and pack  (itr: 23)  (secs): 0.000469 
part3: serialize and update communication time  (secs): 0.000432 

part3: serialize and update nodes (itr: 23)  (secs): 0.000938 

Itr: 23, Total time for this iteration: 0.001597

Itr: 24, Total number of macro_nodes across all proc's: 90536 [min=289 max=691] expected=404.178571
Average time for part1: id set creation across all procs (secs): 0.023240 
Average time for part2: packing nodes across all procs (secs): 3.625626 
Average time for part3: update nodes across all procs (secs): 0.356174 
Average time for phase to merge and dropping of nodes across all procs (secs): 4.052717 

Average time for Alltoall in Serialize and Transfer (secs): 0.006163 
Average time for AlltoallV in Serialize and Transfer (secs): 0.055766 
[StopClock: pakman-original-elapsed-time-no-io]: 7.71782 sec

[StopClock: pakman-original-elapsed-time-full]: 11.8348 sec

