num_buckets not specified with -t, set to default value num_buckets=21
node_threashold not specified with -n, set to default value node_threashold=100K
K-mer size: 32, L-mer size: 8, Number of Processes: 64, MAX_KMER_COUNT: 1000000000 Coverage: 100,Avg read length: 100, Num buckets: 21, Node threshold: 100000
Average time for MPI_FIle_Open (secs): 0.052216 
Average time for MPI_FIle_Read (secs): 0.334432 
Average time for MPI_FIle_copy (secs): 0.083314 
Average time for MPI_FIle_Close (secs): 0.005374 
Average time for reading and storing the Reads in each proc's memory (secs): 0.475436 
Total number of reads: 30000000
Average time for Alltoall across all procs (secs): 0.000088 
Average time for pack_sbuf_time across all procs (secs): 0.000000 
Average time for AlltoallV across all procs (secs): 0.258968 
Average time for unpack_rbuf_time across all procs (secs): 1.533507 
Average time for unpack_rbuf_time:sort across all procs (secs): 1.352810 
Average time for unpack_rbuf_time:insert across all procs (secs): 0.094410 
Average time for unpack_rbuf_time:acc across all procs (secs): 0.086014 
Average time for partial Sliding Window across all procs (secs): 0.000000 
Average time for Sliding Window across all procs (secs): 6.246362 
Average time for lmer Sliding Window across all procs (secs): 0.090529 
Average time for vector insert across all procs (secs): 0.000000 
Average time for temp_map insert across all procs (secs): 0.000000 
Average number of re-calculations of min l-mer across all procs (secs): 0.000000 
Average time for performing k-mer counting across all procs (secs): 6.339276 
Total distinct k-mer entries across all proc's: 415814444
Number of batch iterations: 1 
Number of threads: 96
Total valid (>= min_bucket(20)) k-mer entries across all proc's: 17682805 
**********************************************************************

Average time for communication in Transfer of MN nodes (secs): 0.014861 
Average time for Re-grouping for k-mers across all procs (secs): 0.091988 
Average time for identifying the macro_nodes (secs): 0.081886 
Average time for sorting the pref/suff kmer buffers (secs): 0.092533 
Average time for populating the suff and pref buffers (secs): 0.233197 
Average time for constructing MN map across all procs (secs): 0.410847 
Total number of macro_nodes across all proc's: 17516875
Average time for MN node construction across all procs (secs): 1.350596 
Average time for initial wiring of MN nodes across all procs (secs): 0.238569 

Itr: 1, Total number of macro_nodes across all proc's: 17516875 [min=261348 max=288324] expected=273701.171875
part1: id set creation (itr: 1)  (secs): 0.020595 
Itr: 1, global ID_set size across all proc's: 5080916
part2: iterate and pack  (itr: 1)  (secs): 0.943981 
part3: serialize and update communication time  (secs): 0.012250 

part3: serialize and update nodes (itr: 1)  (secs): 0.264453 

Itr: 1, Total time for this iteration: 1.233129

Itr: 2, Total number of macro_nodes across all proc's: 12435959 [min=184437 max=208523] expected=194311.859375
part1: id set creation (itr: 2)  (secs): 0.017319 
Itr: 2, global ID_set size across all proc's: 3095662
part2: iterate and pack  (itr: 2)  (secs): 0.698707 
part3: serialize and update communication time  (secs): 0.008337 

part3: serialize and update nodes (itr: 2)  (secs): 0.168000 

Itr: 2, Total time for this iteration: 0.887240

Itr: 3, Total number of macro_nodes across all proc's: 9340297 [min=138295 max=158078] expected=145942.140625
part1: id set creation (itr: 3)  (secs): 0.014203 
Itr: 3, global ID_set size across all proc's: 2312293
part2: iterate and pack  (itr: 3)  (secs): 0.601796 
part3: serialize and update communication time  (secs): 0.006777 

part3: serialize and update nodes (itr: 3)  (secs): 0.127728 

Itr: 3, Total time for this iteration: 0.746585

Itr: 4, Total number of macro_nodes across all proc's: 7028004 [min=103922 max=120024] expected=109812.562500
part1: id set creation (itr: 4)  (secs): 0.011522 
Itr: 4, global ID_set size across all proc's: 1760849
part2: iterate and pack  (itr: 4)  (secs): 0.508364 
part3: serialize and update communication time  (secs): 0.005353 

part3: serialize and update nodes (itr: 4)  (secs): 0.109352 

Itr: 4, Total time for this iteration: 0.636078

Itr: 5, Total number of macro_nodes across all proc's: 5267155 [min=77132 max=93142] expected=82299.296875
part1: id set creation (itr: 5)  (secs): 0.009066 
Itr: 5, global ID_set size across all proc's: 1289845
part2: iterate and pack  (itr: 5)  (secs): 0.449167 
part3: serialize and update communication time  (secs): 0.005383 

part3: serialize and update nodes (itr: 5)  (secs): 0.093061 

Itr: 5, Total time for this iteration: 0.571410

Itr: 6, Total number of macro_nodes across all proc's: 3977310 [min=57594 max=72597] expected=62145.468750
part1: id set creation (itr: 6)  (secs): 0.009405 
Itr: 6, global ID_set size across all proc's: 964573
part2: iterate and pack  (itr: 6)  (secs): 0.404117 
part3: serialize and update communication time  (secs): 0.003697 

part3: serialize and update nodes (itr: 6)  (secs): 0.069641 

Itr: 6, Total time for this iteration: 0.515412

Itr: 7, Total number of macro_nodes across all proc's: 3012737 [min=43329 max=56873] expected=47074.015625
part1: id set creation (itr: 7)  (secs): 0.005762 
Itr: 7, global ID_set size across all proc's: 710982
part2: iterate and pack  (itr: 7)  (secs): 0.343381 
part3: serialize and update communication time  (secs): 0.002161 

part3: serialize and update nodes (itr: 7)  (secs): 0.053051 

Itr: 7, Total time for this iteration: 0.410322

Itr: 8, Total number of macro_nodes across all proc's: 2301755 [min=32752 max=44603] expected=35964.921875
part1: id set creation (itr: 8)  (secs): 0.004279 
Itr: 8, global ID_set size across all proc's: 533586
part2: iterate and pack  (itr: 8)  (secs): 0.310236 
part3: serialize and update communication time  (secs): 0.001764 

part3: serialize and update nodes (itr: 8)  (secs): 0.041544 

Itr: 8, Total time for this iteration: 0.382093

Itr: 9, Total number of macro_nodes across all proc's: 1768169 [min=25015 max=35074] expected=27627.640625
part1: id set creation (itr: 9)  (secs): 0.003245 
Itr: 9, global ID_set size across all proc's: 405740
part2: iterate and pack  (itr: 9)  (secs): 0.291202 
part3: serialize and update communication time  (secs): 0.001770 

part3: serialize and update nodes (itr: 9)  (secs): 0.032024 

Itr: 9, Total time for this iteration: 0.336703

Itr: 10, Total number of macro_nodes across all proc's: 1362429 [min=19130 max=28031] expected=21287.953125
part1: id set creation (itr: 10)  (secs): 0.002255 
Itr: 10, global ID_set size across all proc's: 308291
part2: iterate and pack  (itr: 10)  (secs): 0.255758 
part3: serialize and update communication time  (secs): 0.001662 

part3: serialize and update nodes (itr: 10)  (secs): 0.029075 

Itr: 10, Total time for this iteration: 0.301109

Itr: 11, Total number of macro_nodes across all proc's: 1054138 [min=14790 max=22188] expected=16470.906250
part1: id set creation (itr: 11)  (secs): 0.002197 
Itr: 11, global ID_set size across all proc's: 233519
part2: iterate and pack  (itr: 11)  (secs): 0.242633 
part3: serialize and update communication time  (secs): 0.003692 

part3: serialize and update nodes (itr: 11)  (secs): 0.024269 

Itr: 11, Total time for this iteration: 0.287889

Itr: 12, Total number of macro_nodes across all proc's: 820619 [min=11511 max=17675] expected=12822.171875
part1: id set creation (itr: 12)  (secs): 0.001815 
Itr: 12, global ID_set size across all proc's: 176981
part2: iterate and pack  (itr: 12)  (secs): 0.230421 
part3: serialize and update communication time  (secs): 0.002900 

part3: serialize and update nodes (itr: 12)  (secs): 0.019531 

Itr: 12, Total time for this iteration: 0.266399

Itr: 13, Total number of macro_nodes across all proc's: 643638 [min=8969 max=14222] expected=10056.843750
part1: id set creation (itr: 13)  (secs): 0.001426 
Itr: 13, global ID_set size across all proc's: 135058
part2: iterate and pack  (itr: 13)  (secs): 0.209532 
part3: serialize and update communication time  (secs): 0.001537 

part3: serialize and update nodes (itr: 13)  (secs): 0.015869 

Itr: 13, Total time for this iteration: 0.236851

Itr: 14, Total number of macro_nodes across all proc's: 508580 [min=7104 max=11555] expected=7946.562500
part1: id set creation (itr: 14)  (secs): 0.000894 
Itr: 14, global ID_set size across all proc's: 103088
part2: iterate and pack  (itr: 14)  (secs): 0.209402 
part3: serialize and update communication time  (secs): 0.001349 

part3: serialize and update nodes (itr: 14)  (secs): 0.008736 

Itr: 14, Total time for this iteration: 0.223174

Itr: 15, Total number of macro_nodes across all proc's: 405492 [min=5714 max=9562] expected=6335.812500
part1: id set creation (itr: 15)  (secs): 0.000587 
Itr: 15, global ID_set size across all proc's: 79436
part2: iterate and pack  (itr: 15)  (secs): 0.195724 
part3: serialize and update communication time  (secs): 0.001255 

part3: serialize and update nodes (itr: 15)  (secs): 0.009680 

Itr: 15, Total time for this iteration: 0.209010

Itr: 16, Total number of macro_nodes across all proc's: 326056 [min=4537 max=7953] expected=5094.625000
part1: id set creation (itr: 16)  (secs): 0.000531 
Itr: 16, global ID_set size across all proc's: 61625
part2: iterate and pack  (itr: 16)  (secs): 0.191059 
part3: serialize and update communication time  (secs): 0.000939 

part3: serialize and update nodes (itr: 16)  (secs): 0.007067 

Itr: 16, Total time for this iteration: 0.202475

Itr: 17, Total number of macro_nodes across all proc's: 264431 [min=3653 max=6734] expected=4131.734375
part1: id set creation (itr: 17)  (secs): 0.000404 
Itr: 17, global ID_set size across all proc's: 47573
part2: iterate and pack  (itr: 17)  (secs): 0.170207 
part3: serialize and update communication time  (secs): 0.000733 

part3: serialize and update nodes (itr: 17)  (secs): 0.005300 

Itr: 17, Total time for this iteration: 0.178557

Itr: 18, Total number of macro_nodes across all proc's: 216858 [min=2947 max=5733] expected=3388.406250
part1: id set creation (itr: 18)  (secs): 0.000304 
Itr: 18, global ID_set size across all proc's: 37029
part2: iterate and pack  (itr: 18)  (secs): 0.181047 
part3: serialize and update communication time  (secs): 0.000673 

part3: serialize and update nodes (itr: 18)  (secs): 0.004735 

Itr: 18, Total time for this iteration: 0.186966

Itr: 19, Total number of macro_nodes across all proc's: 179829 [min=2424 max=4934] expected=2809.828125
part1: id set creation (itr: 19)  (secs): 0.000252 
Itr: 19, global ID_set size across all proc's: 28433
part2: iterate and pack  (itr: 19)  (secs): 0.170316 
part3: serialize and update communication time  (secs): 0.000412 

part3: serialize and update nodes (itr: 19)  (secs): 0.003680 

Itr: 19, Total time for this iteration: 0.175013

Itr: 20, Total number of macro_nodes across all proc's: 151396 [min=2022 max=4264] expected=2365.562500
part1: id set creation (itr: 20)  (secs): 0.000212 
Itr: 20, global ID_set size across all proc's: 21605
part2: iterate and pack  (itr: 20)  (secs): 0.166046 
part3: serialize and update communication time  (secs): 0.000365 

part3: serialize and update nodes (itr: 20)  (secs): 0.002892 

Itr: 20, Total time for this iteration: 0.169838

Itr: 21, Total number of macro_nodes across all proc's: 129791 [min=1720 max=3762] expected=2027.984375
part1: id set creation (itr: 21)  (secs): 0.000181 
Itr: 21, global ID_set size across all proc's: 16382
part2: iterate and pack  (itr: 21)  (secs): 0.166807 
part3: serialize and update communication time  (secs): 0.000342 

part3: serialize and update nodes (itr: 21)  (secs): 0.002583 

Itr: 21, Total time for this iteration: 0.170185

Itr: 22, Total number of macro_nodes across all proc's: 113409 [min=1462 max=3367] expected=1772.015625
part1: id set creation (itr: 22)  (secs): 0.000158 
Itr: 22, global ID_set size across all proc's: 12737
part2: iterate and pack  (itr: 22)  (secs): 0.171194 
part3: serialize and update communication time  (secs): 0.000323 

part3: serialize and update nodes (itr: 22)  (secs): 0.002218 

Itr: 22, Total time for this iteration: 0.174164

Itr: 23, Total number of macro_nodes across all proc's: 100672 [min=1296 max=3057] expected=1573.000000
part1: id set creation (itr: 23)  (secs): 0.000140 
Itr: 23, global ID_set size across all proc's: 10046
part2: iterate and pack  (itr: 23)  (secs): 0.145347 
part3: serialize and update communication time  (secs): 0.000436 

part3: serialize and update nodes (itr: 23)  (secs): 0.002779 

Itr: 23, Total time for this iteration: 0.149011

Itr: 24, Total number of macro_nodes across all proc's: 90626 [min=1139 max=2797] expected=1416.031250
Average time for part1: id set creation across all procs (secs): 0.106753 
Average time for part2: packing nodes across all procs (secs): 7.256446 
Average time for part3: update nodes across all procs (secs): 1.097269 
Average time for phase to merge and dropping of nodes across all procs (secs): 8.649608 

Average time for Alltoall in Serialize and Transfer (secs): 0.006265 
Average time for AlltoallV in Serialize and Transfer (secs): 0.057845 
[StopClock: pakman-original-elapsed-time-no-io]: 16.7651 sec

[StopClock: pakman-original-elapsed-time-full]: 19.8372 sec

