Start Reading the input dataset
filesize: 134736261231, localsize: 33684065507
count_size: 33
dest_offset: 33000000000, localsize: 684065507
initial locstart: 0, locend: 33684065507
new localsize: 33684065426, locstart: 0, locend: 33684065426
Total number of reads: 1000000000
Completed Reading the input dataset
Starting sliding window
Completed sliding window
remaining sliding window, num_kmers: 292642742
Completed kmer counting
Identified min_bucket
Starting transfer_macro_nodes 
Begin macro node generation
Starting construct_macro_nodes
Completed MN node construction. Starting wiring
Completed wiring of Macro nodes
Starting phase 2 iterative phase
Completed iterative phase 2
