num_buckets not specified with -t, set to default value num_buckets=21
node_threashold not specified with -n, set to default value node_threashold=100K
K-mer size: 32, L-mer size: 8, Number of Processes: 128, MAX_KMER_COUNT: 1000000000 Coverage: 100,Avg read length: 100, Num buckets: 21, Node threshold: 100000
Average time for MPI_FIle_Open (secs): 0.118296 
Average time for MPI_FIle_Read (secs): 0.330338 
Average time for MPI_FIle_copy (secs): 0.041321 
Average time for MPI_FIle_Close (secs): 0.009058 
Average time for reading and storing the Reads in each proc's memory (secs): 0.499179 
Total number of reads: 30000000
Average time for Alltoall across all procs (secs): 0.000119 
Average time for pack_sbuf_time across all procs (secs): 0.000000 
Average time for AlltoallV across all procs (secs): 0.231818 
Average time for unpack_rbuf_time across all procs (secs): 1.410207 
Average time for unpack_rbuf_time:sort across all procs (secs): 0.737031 
Average time for unpack_rbuf_time:insert across all procs (secs): 0.051535 
Average time for unpack_rbuf_time:acc across all procs (secs): 0.621295 
Average time for partial Sliding Window across all procs (secs): 0.000000 
Average time for Sliding Window across all procs (secs): 1.537810 
Average time for lmer Sliding Window across all procs (secs): 0.044944 
Average time for vector insert across all procs (secs): 0.694931 
Average time for temp_map insert across all procs (secs): 1.602386 
Average number of re-calculations of min l-mer across all procs (secs): 1163899.960938 
Average time for performing k-mer counting across all procs (secs): 4.978172 
Total distinct k-mer entries across all proc's: 415814444
Number of batch iterations: 1 
Number of threads: 96
Total valid (>= min_bucket(20)) k-mer entries across all proc's: 17682805 
**********************************************************************

Average time for communication in Transfer of MN nodes (secs): 0.017062 
Average time for Re-grouping for k-mers across all procs (secs): 0.126472 
Average time for identifying the macro_nodes (secs): 0.049551 
Average time for sorting the pref/suff kmer buffers (secs): 0.065045 
Average time for populating the suff and pref buffers (secs): 0.116002 
Average time for constructing MN map across all procs (secs): 0.233264 
Total number of macro_nodes across all proc's: 17516875
Average time for MN node construction across all procs (secs): 0.975569 
Average time for initial wiring of MN nodes across all procs (secs): 0.115130 

Itr: 1, Total number of macro_nodes across all proc's: 17516875 [min=129260 max=152321] expected=136850.585938
part1: id set creation (itr: 1)  (secs): 0.009383 
Itr: 1, global ID_set size across all proc's: 5080916
part2: iterate and pack  (itr: 1)  (secs): 0.575046 
part3: serialize and update communication time  (secs): 0.011880 

part3: serialize and update nodes (itr: 1)  (secs): 0.144774 

Itr: 1, Total time for this iteration: 0.733500

Itr: 2, Total number of macro_nodes across all proc's: 12435959 [min=90573 max=111340] expected=97155.929688
part1: id set creation (itr: 2)  (secs): 0.008041 
Itr: 2, global ID_set size across all proc's: 3095668
part2: iterate and pack  (itr: 2)  (secs): 0.444627 
part3: serialize and update communication time  (secs): 0.007302 

part3: serialize and update nodes (itr: 2)  (secs): 0.087606 

Itr: 2, Total time for this iteration: 0.543202

Itr: 3, Total number of macro_nodes across all proc's: 9340291 [min=67488 max=85314] expected=72971.023438
part1: id set creation (itr: 3)  (secs): 0.006539 
Itr: 3, global ID_set size across all proc's: 2312287
part2: iterate and pack  (itr: 3)  (secs): 0.396663 
part3: serialize and update communication time  (secs): 0.005433 

part3: serialize and update nodes (itr: 3)  (secs): 0.067801 

Itr: 3, Total time for this iteration: 0.473682

Itr: 4, Total number of macro_nodes across all proc's: 7028004 [min=50680 max=65809] expected=54906.281250
part1: id set creation (itr: 4)  (secs): 0.005245 
Itr: 4, global ID_set size across all proc's: 1760858
part2: iterate and pack  (itr: 4)  (secs): 0.352071 
part3: serialize and update communication time  (secs): 0.004355 

part3: serialize and update nodes (itr: 4)  (secs): 0.053407 

Itr: 4, Total time for this iteration: 0.413407

Itr: 5, Total number of macro_nodes across all proc's: 5267146 [min=37979 max=51454] expected=41149.578125
part1: id set creation (itr: 5)  (secs): 0.004012 
Itr: 5, global ID_set size across all proc's: 1289868
part2: iterate and pack  (itr: 5)  (secs): 0.311035 
part3: serialize and update communication time  (secs): 0.003088 

part3: serialize and update nodes (itr: 5)  (secs): 0.040870 

Itr: 5, Total time for this iteration: 0.359116

Itr: 6, Total number of macro_nodes across all proc's: 3977278 [min=28507 max=40711] expected=31072.484375
part1: id set creation (itr: 6)  (secs): 0.002969 
Itr: 6, global ID_set size across all proc's: 964578
part2: iterate and pack  (itr: 6)  (secs): 0.289485 
part3: serialize and update communication time  (secs): 0.003692 

part3: serialize and update nodes (itr: 6)  (secs): 0.032088 

Itr: 6, Total time for this iteration: 0.327396

Itr: 7, Total number of macro_nodes across all proc's: 3012700 [min=21488 max=32520] expected=23536.718750
part1: id set creation (itr: 7)  (secs): 0.002171 
Itr: 7, global ID_set size across all proc's: 710975
part2: iterate and pack  (itr: 7)  (secs): 0.270699 
part3: serialize and update communication time  (secs): 0.003863 

part3: serialize and update nodes (itr: 7)  (secs): 0.026155 

Itr: 7, Total time for this iteration: 0.303765

Itr: 8, Total number of macro_nodes across all proc's: 2301725 [min=16186 max=25955] expected=17982.226562
part1: id set creation (itr: 8)  (secs): 0.001623 
Itr: 8, global ID_set size across all proc's: 533576
part2: iterate and pack  (itr: 8)  (secs): 0.239576 
part3: serialize and update communication time  (secs): 0.002945 

part3: serialize and update nodes (itr: 8)  (secs): 0.018813 

Itr: 8, Total time for this iteration: 0.267220

Itr: 9, Total number of macro_nodes across all proc's: 1768149 [min=12425 max=20803] expected=13813.664062
part1: id set creation (itr: 9)  (secs): 0.001176 
Itr: 9, global ID_set size across all proc's: 405725
part2: iterate and pack  (itr: 9)  (secs): 0.229504 
part3: serialize and update communication time  (secs): 0.002935 

part3: serialize and update nodes (itr: 9)  (secs): 0.015645 

Itr: 9, Total time for this iteration: 0.251991

Itr: 10, Total number of macro_nodes across all proc's: 1362424 [min=9503 max=16984] expected=10643.937500
part1: id set creation (itr: 10)  (secs): 0.000867 
Itr: 10, global ID_set size across all proc's: 308283
part2: iterate and pack  (itr: 10)  (secs): 0.220473 
part3: serialize and update communication time  (secs): 0.002122 

part3: serialize and update nodes (itr: 10)  (secs): 0.012558 

Itr: 10, Total time for this iteration: 0.235778

Itr: 11, Total number of macro_nodes across all proc's: 1054141 [min=7335 max=13608] expected=8235.476562
part1: id set creation (itr: 11)  (secs): 0.000671 
Itr: 11, global ID_set size across all proc's: 233536
part2: iterate and pack  (itr: 11)  (secs): 0.201998 
part3: serialize and update communication time  (secs): 0.001375 

part3: serialize and update nodes (itr: 11)  (secs): 0.009711 

Itr: 11, Total time for this iteration: 0.214199

Itr: 12, Total number of macro_nodes across all proc's: 820605 [min=5708 max=11052] expected=6410.976562
part1: id set creation (itr: 12)  (secs): 0.000519 
Itr: 12, global ID_set size across all proc's: 177002
part2: iterate and pack  (itr: 12)  (secs): 0.191813 
part3: serialize and update communication time  (secs): 0.001353 

part3: serialize and update nodes (itr: 12)  (secs): 0.008369 

Itr: 12, Total time for this iteration: 0.202027

Itr: 13, Total number of macro_nodes across all proc's: 643603 [min=4432 max=9013] expected=5028.148438
part1: id set creation (itr: 13)  (secs): 0.000412 
Itr: 13, global ID_set size across all proc's: 135065
part2: iterate and pack  (itr: 13)  (secs): 0.182944 
part3: serialize and update communication time  (secs): 0.000867 

part3: serialize and update nodes (itr: 13)  (secs): 0.006740 

Itr: 13, Total time for this iteration: 0.191289

Itr: 14, Total number of macro_nodes across all proc's: 508538 [min=3502 max=7462] expected=3972.953125
part1: id set creation (itr: 14)  (secs): 0.000329 
Itr: 14, global ID_set size across all proc's: 103078
part2: iterate and pack  (itr: 14)  (secs): 0.189975 
part3: serialize and update communication time  (secs): 0.000814 

part3: serialize and update nodes (itr: 14)  (secs): 0.005669 

Itr: 14, Total time for this iteration: 0.196995

Itr: 15, Total number of macro_nodes across all proc's: 405460 [min=2737 max=6326] expected=3167.656250
part1: id set creation (itr: 15)  (secs): 0.000265 
Itr: 15, global ID_set size across all proc's: 79444
part2: iterate and pack  (itr: 15)  (secs): 0.172932 
part3: serialize and update communication time  (secs): 0.000755 

part3: serialize and update nodes (itr: 15)  (secs): 0.004785 

Itr: 15, Total time for this iteration: 0.178931

Itr: 16, Total number of macro_nodes across all proc's: 326016 [min=2168 max=5370] expected=2547.000000
part1: id set creation (itr: 16)  (secs): 0.000214 
Itr: 16, global ID_set size across all proc's: 61628
part2: iterate and pack  (itr: 16)  (secs): 0.179156 
part3: serialize and update communication time  (secs): 0.000620 

part3: serialize and update nodes (itr: 16)  (secs): 0.004781 

Itr: 16, Total time for this iteration: 0.185488

Itr: 17, Total number of macro_nodes across all proc's: 264388 [min=1754 max=4634] expected=2065.531250
part1: id set creation (itr: 17)  (secs): 0.000190 
Itr: 17, global ID_set size across all proc's: 47570
part2: iterate and pack  (itr: 17)  (secs): 0.159991 
part3: serialize and update communication time  (secs): 0.000598 

part3: serialize and update nodes (itr: 17)  (secs): 0.003657 

Itr: 17, Total time for this iteration: 0.166293

Itr: 18, Total number of macro_nodes across all proc's: 216818 [min=1408 max=4010] expected=1693.890625
part1: id set creation (itr: 18)  (secs): 0.000143 
Itr: 18, global ID_set size across all proc's: 37028
part2: iterate and pack  (itr: 18)  (secs): 0.161413 
part3: serialize and update communication time  (secs): 0.000547 

part3: serialize and update nodes (itr: 18)  (secs): 0.003415 

Itr: 18, Total time for this iteration: 0.165793

Itr: 19, Total number of macro_nodes across all proc's: 179790 [min=1165 max=3492] expected=1404.609375
part1: id set creation (itr: 19)  (secs): 0.000119 
Itr: 19, global ID_set size across all proc's: 28440
part2: iterate and pack  (itr: 19)  (secs): 0.174772 
part3: serialize and update communication time  (secs): 0.000474 

part3: serialize and update nodes (itr: 19)  (secs): 0.003037 

Itr: 19, Total time for this iteration: 0.178681

Itr: 20, Total number of macro_nodes across all proc's: 151350 [min=947 max=3061] expected=1182.421875
part1: id set creation (itr: 20)  (secs): 0.000100 
Itr: 20, global ID_set size across all proc's: 21601
part2: iterate and pack  (itr: 20)  (secs): 0.145550 
part3: serialize and update communication time  (secs): 0.000492 

part3: serialize and update nodes (itr: 20)  (secs): 0.002550 

Itr: 20, Total time for this iteration: 0.148855

Itr: 21, Total number of macro_nodes across all proc's: 129749 [min=766 max=2742] expected=1013.664062
part1: id set creation (itr: 21)  (secs): 0.000094 
Itr: 21, global ID_set size across all proc's: 16375
part2: iterate and pack  (itr: 21)  (secs): 0.142728 
part3: serialize and update communication time  (secs): 0.000423 

part3: serialize and update nodes (itr: 21)  (secs): 0.002222 

Itr: 21, Total time for this iteration: 0.146461

Itr: 22, Total number of macro_nodes across all proc's: 113374 [min=661 max=2478] expected=885.734375
part1: id set creation (itr: 22)  (secs): 0.000076 
Itr: 22, global ID_set size across all proc's: 12699
part2: iterate and pack  (itr: 22)  (secs): 0.159490 
part3: serialize and update communication time  (secs): 0.000455 

part3: serialize and update nodes (itr: 22)  (secs): 0.002389 

Itr: 22, Total time for this iteration: 0.162530

Itr: 23, Total number of macro_nodes across all proc's: 100675 [min=571 max=2263] expected=786.523438
part1: id set creation (itr: 23)  (secs): 0.000123 
Itr: 23, global ID_set size across all proc's: 10048
part2: iterate and pack  (itr: 23)  (secs): 0.148803 
part3: serialize and update communication time  (secs): 0.000331 

part3: serialize and update nodes (itr: 23)  (secs): 0.001885 

Itr: 23, Total time for this iteration: 0.152530

Itr: 24, Total number of macro_nodes across all proc's: 90627 [min=505 max=2089] expected=708.023438
Average time for part1: id set creation across all procs (secs): 0.045281 
Average time for part2: packing nodes across all procs (secs): 5.540745 
Average time for part3: update nodes across all procs (secs): 0.558929 
Average time for phase to merge and dropping of nodes across all procs (secs): 6.199125 

Average time for Alltoall in Serialize and Transfer (secs): 0.002188 
Average time for AlltoallV in Serialize and Transfer (secs): 0.054531 
[StopClock: pakman-original-elapsed-time-no-io]: 13.6017 sec

[StopClock: pakman-original-elapsed-time-full]: 17.0541 sec

