num_buckets not specified with -t, set to default value num_buckets=21
node_threashold not specified with -n, set to default value node_threashold=100K
K-mer size: 32, L-mer size: 8, Number of Processes: 4, MAX_KMER_COUNT: 1000000000 Coverage: 100,Avg read length: 100, Num buckets: 21, Node threshold: 100000
Average time for MPI_FIle_Open (secs): 0.019354 
Average time for MPI_FIle_Read (secs): 1.142478 
Average time for MPI_FIle_copy (secs): 1.316893 
Average time for MPI_FIle_Close (secs): 0.007851 
Average time for reading and storing the Reads in each proc's memory (secs): 2.489637 
Total number of reads: 30000000
Average time for Alltoall across all procs (secs): 0.000070 
Average time for pack_sbuf_time across all procs (secs): 0.000000 
Average time for AlltoallV across all procs (secs): 0.434282 
Average time for unpack_rbuf_time across all procs (secs): 32.433594 
Average time for unpack_rbuf_time:sort across all procs (secs): 12.158965 
Average time for unpack_rbuf_time:insert across all procs (secs): 0.739037 
Average time for unpack_rbuf_time:acc across all procs (secs): 19.533897 
Average time for partial Sliding Window across all procs (secs): 0.000000 
Average time for Sliding Window across all procs (secs): 47.639404 
Average time for lmer Sliding Window across all procs (secs): 1.442122 
Average time for vector insert across all procs (secs): 21.075578 
Average time for temp_map insert across all procs (secs): 71.193481 
Average number of re-calculations of min l-mer across all procs (secs): 37244798.750000 
Average time for performing k-mer counting across all procs (secs): 154.458262 
Total distinct k-mer entries across all proc's: 415814444
Number of batch iterations: 1 
Number of threads: 96
Total valid (>= min_bucket(20)) k-mer entries across all proc's: 17682805 
**********************************************************************

Average time for communication in Transfer of MN nodes (secs): 0.027256 
Average time for Re-grouping for k-mers across all procs (secs): 0.584790 
Average time for identifying the macro_nodes (secs): 1.381828 
Average time for sorting the pref/suff kmer buffers (secs): 1.151718 
Average time for populating the suff and pref buffers (secs): 3.446310 
Average time for constructing MN map across all procs (secs): 5.991599 
Total number of macro_nodes across all proc's: 17516875
Average time for MN node construction across all procs (secs): 6.804428 
Average time for initial wiring of MN nodes across all procs (secs): 4.137961 

Itr: 1, Total number of macro_nodes across all proc's: 17516875 [min=4310130 max=4413324] expected=4379218.750000
part1: id set creation (itr: 1)  (secs): 0.390802 
Itr: 1, global ID_set size across all proc's: 5080916
part2: iterate and pack  (itr: 1)  (secs): 12.366491 
part3: serialize and update communication time  (secs): 0.037521 

part3: serialize and update nodes (itr: 1)  (secs): 4.283314 

Itr: 1, Total time for this iteration: 17.055473

Itr: 2, Total number of macro_nodes across all proc's: 12435959 [min=3047532 max=3147201] expected=3108989.750000
part1: id set creation (itr: 2)  (secs): 0.317434 
Itr: 2, global ID_set size across all proc's: 3095663
part2: iterate and pack  (itr: 2)  (secs): 8.842040 
part3: serialize and update communication time  (secs): 0.024298 

part3: serialize and update nodes (itr: 2)  (secs): 2.740529 

Itr: 2, Total time for this iteration: 11.921425

Itr: 3, Total number of macro_nodes across all proc's: 9340296 [min=2289696 max=2369720] expected=2335074.000000
part1: id set creation (itr: 3)  (secs): 0.264236 
Itr: 3, global ID_set size across all proc's: 2312309
part2: iterate and pack  (itr: 3)  (secs): 7.200229 
part3: serialize and update communication time  (secs): 0.017536 

part3: serialize and update nodes (itr: 3)  (secs): 2.053346 

Itr: 3, Total time for this iteration: 9.564791

Itr: 4, Total number of macro_nodes across all proc's: 7027987 [min=1716044 max=1783160] expected=1756996.750000
part1: id set creation (itr: 4)  (secs): 0.213013 
Itr: 4, global ID_set size across all proc's: 1760838
part2: iterate and pack  (itr: 4)  (secs): 5.565581 
part3: serialize and update communication time  (secs): 0.013575 

part3: serialize and update nodes (itr: 4)  (secs): 1.604878 

Itr: 4, Total time for this iteration: 7.406406

Itr: 5, Total number of macro_nodes across all proc's: 5267149 [min=1286586 max=1331408] expected=1316787.250000
part1: id set creation (itr: 5)  (secs): 0.167944 
Itr: 5, global ID_set size across all proc's: 1289837
part2: iterate and pack  (itr: 5)  (secs): 4.440515 
part3: serialize and update communication time  (secs): 0.010172 

part3: serialize and update nodes (itr: 5)  (secs): 1.206219 

Itr: 5, Total time for this iteration: 5.820884

Itr: 6, Total number of macro_nodes across all proc's: 3977312 [min=968887 max=1004023] expected=994328.000000
part1: id set creation (itr: 6)  (secs): 0.132795 
Itr: 6, global ID_set size across all proc's: 964585
part2: iterate and pack  (itr: 6)  (secs): 3.393287 
part3: serialize and update communication time  (secs): 0.007590 

part3: serialize and update nodes (itr: 6)  (secs): 0.936229 

Itr: 6, Total time for this iteration: 4.468998

Itr: 7, Total number of macro_nodes across all proc's: 3012727 [min=733886 max=765888] expected=753181.750000
part1: id set creation (itr: 7)  (secs): 0.108726 
Itr: 7, global ID_set size across all proc's: 710992
part2: iterate and pack  (itr: 7)  (secs): 2.713335 
part3: serialize and update communication time  (secs): 0.006061 

part3: serialize and update nodes (itr: 7)  (secs): 0.677726 

Itr: 7, Total time for this iteration: 3.508963

Itr: 8, Total number of macro_nodes across all proc's: 2301735 [min=558978 max=586074] expected=575433.750000
part1: id set creation (itr: 8)  (secs): 0.084952 
Itr: 8, global ID_set size across all proc's: 533630
part2: iterate and pack  (itr: 8)  (secs): 2.127293 
part3: serialize and update communication time  (secs): 0.005362 

part3: serialize and update nodes (itr: 8)  (secs): 0.515724 

Itr: 8, Total time for this iteration: 2.730995

Itr: 9, Total number of macro_nodes across all proc's: 1768105 [min=428753 max=451254] expected=442026.250000
part1: id set creation (itr: 9)  (secs): 0.067815 
Itr: 9, global ID_set size across all proc's: 405783
part2: iterate and pack  (itr: 9)  (secs): 1.728905 
part3: serialize and update communication time  (secs): 0.004189 

part3: serialize and update nodes (itr: 9)  (secs): 0.410048 

Itr: 9, Total time for this iteration: 2.216539

Itr: 10, Total number of macro_nodes across all proc's: 1362322 [min=329642 max=348923] expected=340580.500000
part1: id set creation (itr: 10)  (secs): 0.057908 
Itr: 10, global ID_set size across all proc's: 308286
part2: iterate and pack  (itr: 10)  (secs): 1.436244 
part3: serialize and update communication time  (secs): 0.003334 

part3: serialize and update nodes (itr: 10)  (secs): 0.323149 

Itr: 10, Total time for this iteration: 1.836100

Itr: 11, Total number of macro_nodes across all proc's: 1054036 [min=254477 max=270394] expected=263509.000000
part1: id set creation (itr: 11)  (secs): 0.046082 
Itr: 11, global ID_set size across all proc's: 233483
part2: iterate and pack  (itr: 11)  (secs): 1.180338 
part3: serialize and update communication time  (secs): 0.002651 

part3: serialize and update nodes (itr: 11)  (secs): 0.247261 

Itr: 11, Total time for this iteration: 1.481239

Itr: 12, Total number of macro_nodes across all proc's: 820553 [min=197402 max=210825] expected=205138.250000
part1: id set creation (itr: 12)  (secs): 0.033747 
Itr: 12, global ID_set size across all proc's: 177009
part2: iterate and pack  (itr: 12)  (secs): 0.985392 
part3: serialize and update communication time  (secs): 0.002108 

part3: serialize and update nodes (itr: 12)  (secs): 0.190205 

Itr: 12, Total time for this iteration: 1.211559

Itr: 13, Total number of macro_nodes across all proc's: 643544 [min=154491 max=165948] expected=160886.000000
part1: id set creation (itr: 13)  (secs): 0.026632 
Itr: 13, global ID_set size across all proc's: 135100
part2: iterate and pack  (itr: 13)  (secs): 0.826948 
part3: serialize and update communication time  (secs): 0.001404 

part3: serialize and update nodes (itr: 13)  (secs): 0.149782 

Itr: 13, Total time for this iteration: 1.005173

Itr: 14, Total number of macro_nodes across all proc's: 508444 [min=121905 max=131395] expected=127111.000000
part1: id set creation (itr: 14)  (secs): 0.021107 
Itr: 14, global ID_set size across all proc's: 103123
part2: iterate and pack  (itr: 14)  (secs): 0.725687 
part3: serialize and update communication time  (secs): 0.001406 

part3: serialize and update nodes (itr: 14)  (secs): 0.117438 

Itr: 14, Total time for this iteration: 0.865947

Itr: 15, Total number of macro_nodes across all proc's: 405321 [min=96800 max=104852] expected=101330.250000
part1: id set creation (itr: 15)  (secs): 0.016775 
Itr: 15, global ID_set size across all proc's: 79455
part2: iterate and pack  (itr: 15)  (secs): 0.615670 
part3: serialize and update communication time  (secs): 0.001192 

part3: serialize and update nodes (itr: 15)  (secs): 0.093908 

Itr: 15, Total time for this iteration: 0.727870

Itr: 16, Total number of macro_nodes across all proc's: 325866 [min=77745 max=84385] expected=81466.500000
part1: id set creation (itr: 16)  (secs): 0.013376 
Itr: 16, global ID_set size across all proc's: 61714
part2: iterate and pack  (itr: 16)  (secs): 0.561984 
part3: serialize and update communication time  (secs): 0.000955 

part3: serialize and update nodes (itr: 16)  (secs): 0.075980 

Itr: 16, Total time for this iteration: 0.652994

Itr: 17, Total number of macro_nodes across all proc's: 264152 [min=62912 max=68606] expected=66038.000000
part1: id set creation (itr: 17)  (secs): 0.010770 
Itr: 17, global ID_set size across all proc's: 47680
part2: iterate and pack  (itr: 17)  (secs): 0.507447 
part3: serialize and update communication time  (secs): 0.000743 

part3: serialize and update nodes (itr: 17)  (secs): 0.062018 

Itr: 17, Total time for this iteration: 0.581534

Itr: 18, Total number of macro_nodes across all proc's: 216472 [min=51518 max=56180] expected=54118.000000
part1: id set creation (itr: 18)  (secs): 0.008669 
Itr: 18, global ID_set size across all proc's: 37078
part2: iterate and pack  (itr: 18)  (secs): 0.424987 
part3: serialize and update communication time  (secs): 0.000655 

part3: serialize and update nodes (itr: 18)  (secs): 0.048378 

Itr: 18, Total time for this iteration: 0.483146

Itr: 19, Total number of macro_nodes across all proc's: 179394 [min=42513 max=46699] expected=44848.500000
part1: id set creation (itr: 19)  (secs): 0.007080 
Itr: 19, global ID_set size across all proc's: 28440
part2: iterate and pack  (itr: 19)  (secs): 0.403954 
part3: serialize and update communication time  (secs): 0.000683 

part3: serialize and update nodes (itr: 19)  (secs): 0.039035 

Itr: 19, Total time for this iteration: 0.451170

Itr: 20, Total number of macro_nodes across all proc's: 150954 [min=35560 max=39375] expected=37738.500000
part1: id set creation (itr: 20)  (secs): 0.005891 
Itr: 20, global ID_set size across all proc's: 21596
part2: iterate and pack  (itr: 20)  (secs): 0.363602 
part3: serialize and update communication time  (secs): 0.000836 

part3: serialize and update nodes (itr: 20)  (secs): 0.029465 

Itr: 20, Total time for this iteration: 0.399870

Itr: 21, Total number of macro_nodes across all proc's: 129358 [min=30307 max=33773] expected=32339.500000
part1: id set creation (itr: 21)  (secs): 0.004951 
Itr: 21, global ID_set size across all proc's: 16339
part2: iterate and pack  (itr: 21)  (secs): 0.342270 
part3: serialize and update communication time  (secs): 0.000537 

part3: serialize and update nodes (itr: 21)  (secs): 0.023312 

Itr: 21, Total time for this iteration: 0.371299

Itr: 22, Total number of macro_nodes across all proc's: 113019 [min=26425 max=29420] expected=28254.750000
part1: id set creation (itr: 22)  (secs): 0.004249 
Itr: 22, global ID_set size across all proc's: 12674
part2: iterate and pack  (itr: 22)  (secs): 0.331083 
part3: serialize and update communication time  (secs): 0.000488 

part3: serialize and update nodes (itr: 22)  (secs): 0.018208 

Itr: 22, Total time for this iteration: 0.354238

Itr: 23, Total number of macro_nodes across all proc's: 100345 [min=23393 max=26193] expected=25086.250000
part1: id set creation (itr: 23)  (secs): 0.003688 
Itr: 23, global ID_set size across all proc's: 9995
part2: iterate and pack  (itr: 23)  (secs): 0.296247 
part3: serialize and update communication time  (secs): 0.000486 

part3: serialize and update nodes (itr: 23)  (secs): 0.015774 

Itr: 23, Total time for this iteration: 0.316325

Itr: 24, Total number of macro_nodes across all proc's: 90350 [min=20972 max=23578] expected=22587.500000
Average time for part1: id set creation across all procs (secs): 2.008642 
Average time for part2: packing nodes across all procs (secs): 57.379531 
Average time for part3: update nodes across all procs (secs): 15.861925 
Average time for phase to merge and dropping of nodes across all procs (secs): 75.432917 

Average time for Alltoall in Serialize and Transfer (secs): 0.000566 
Average time for AlltoallV in Serialize and Transfer (secs): 0.143216 
[StopClock: pakman-original-elapsed-time-no-io]: 248.916 sec

[StopClock: pakman-original-elapsed-time-full]: 253.713 sec

