num_buckets not specified with -t, set to default value num_buckets=21
node_threashold not specified with -n, set to default value node_threashold=100K
K-mer size: 32, L-mer size: 8, Number of Processes: 64, MAX_KMER_COUNT: 1000000000 Coverage: 100,Avg read length: 100, Num buckets: 21, Node threshold: 100000
Average time for MPI_FIle_Open (secs): 0.056317 
Average time for MPI_FIle_Read (secs): 1.081684 
Average time for MPI_FIle_copy (secs): 0.269337 
Average time for MPI_FIle_Close (secs): 0.012351 
Average time for reading and storing the Reads in each proc's memory (secs): 1.421154 
Total number of reads: 100000000
Average time for Alltoall across all procs (secs): 0.000099 
Average time for pack_sbuf_time across all procs (secs): 0.000000 
Average time for AlltoallV across all procs (secs): 0.617782 
Average time for unpack_rbuf_time across all procs (secs): 3.988948 
Average time for unpack_rbuf_time:sort across all procs (secs): 3.518473 
Average time for unpack_rbuf_time:insert across all procs (secs): 0.248271 
Average time for unpack_rbuf_time:acc across all procs (secs): 0.221630 
Average time for partial Sliding Window across all procs (secs): 15.505225 
Average time for Sliding Window across all procs (secs): 23.723362 
Average time for lmer Sliding Window across all procs (secs): 0.294317 
Average time for vector insert across all procs (secs): 4.963641 
Average time for temp_map insert across all procs (secs): 9.203115 
Average number of re-calculations of min l-mer across all procs (secs): 0.000000 
Average time for performing k-mer counting across all procs (secs): 24.035203 
Total distinct k-mer entries across all proc's: 880474949
Number of batch iterations: 1 
Number of threads: 96
Total valid (>= min_bucket(20)) k-mer entries across all proc's: 46504387 
**********************************************************************

Average time for communication in Transfer of MN nodes (secs): 0.014931 
Average time for Re-grouping for k-mers across all procs (secs): 0.137971 
Average time for identifying the macro_nodes (secs): 0.188700 
Average time for sorting the pref/suff kmer buffers (secs): 0.215881 
Average time for populating the suff and pref buffers (secs): 0.594166 
Average time for constructing MN map across all procs (secs): 1.009912 
Total number of macro_nodes across all proc's: 45874708
Average time for MN node construction across all procs (secs): 1.225679 
Average time for initial wiring of MN nodes across all procs (secs): 0.651431 

Itr: 1, Total number of macro_nodes across all proc's: 45874708 [min=694720 max=742119] expected=716792.312500
part1: id set creation (itr: 1)  (secs): 0.061317 
Itr: 1, global ID_set size across all proc's: 13082909
part2: iterate and pack  (itr: 1)  (secs): 2.221319 
part3: serialize and update communication time  (secs): 0.026075 

part3: serialize and update nodes (itr: 1)  (secs): 0.717377 

Itr: 1, Total time for this iteration: 3.054820

Itr: 2, Total number of macro_nodes across all proc's: 32791799 [min=496061 max=535565] expected=512371.859375
part1: id set creation (itr: 2)  (secs): 0.055007 
Itr: 2, global ID_set size across all proc's: 8044787
part2: iterate and pack  (itr: 2)  (secs): 1.595347 
part3: serialize and update communication time  (secs): 0.018068 

part3: serialize and update nodes (itr: 2)  (secs): 0.493259 

Itr: 2, Total time for this iteration: 2.205952

Itr: 3, Total number of macro_nodes across all proc's: 24747012 [min=373467 max=406117] expected=386672.062500
part1: id set creation (itr: 3)  (secs): 0.042794 
Itr: 3, global ID_set size across all proc's: 5969493
part2: iterate and pack  (itr: 3)  (secs): 1.311662 
part3: serialize and update communication time  (secs): 0.013845 

part3: serialize and update nodes (itr: 3)  (secs): 0.372319 

Itr: 3, Total time for this iteration: 1.782314

Itr: 4, Total number of macro_nodes across all proc's: 18777519 [min=283324 max=310059] expected=293398.734375
part1: id set creation (itr: 4)  (secs): 0.035176 
Itr: 4, global ID_set size across all proc's: 4524760
part2: iterate and pack  (itr: 4)  (secs): 1.076257 
part3: serialize and update communication time  (secs): 0.011187 

part3: serialize and update nodes (itr: 4)  (secs): 0.281301 

Itr: 4, Total time for this iteration: 1.434376

Itr: 5, Total number of macro_nodes across all proc's: 14252759 [min=213756 max=240422] expected=222699.359375
part1: id set creation (itr: 5)  (secs): 0.026598 
Itr: 5, global ID_set size across all proc's: 3326552
part2: iterate and pack  (itr: 5)  (secs): 0.888562 
part3: serialize and update communication time  (secs): 0.008328 

part3: serialize and update nodes (itr: 5)  (secs): 0.215757 

Itr: 5, Total time for this iteration: 1.137848

Itr: 6, Total number of macro_nodes across all proc's: 10926207 [min=162946 max=188387] expected=170721.984375
part1: id set creation (itr: 6)  (secs): 0.021428 
Itr: 6, global ID_set size across all proc's: 2494578
part2: iterate and pack  (itr: 6)  (secs): 0.777825 
part3: serialize and update communication time  (secs): 0.005978 

part3: serialize and update nodes (itr: 6)  (secs): 0.170075 

Itr: 6, Total time for this iteration: 0.976765

Itr: 7, Total number of macro_nodes across all proc's: 8431629 [min=125337 max=148203] expected=131744.203125
part1: id set creation (itr: 7)  (secs): 0.017635 
Itr: 7, global ID_set size across all proc's: 1854219
part2: iterate and pack  (itr: 7)  (secs): 0.655286 
part3: serialize and update communication time  (secs): 0.006399 

part3: serialize and update nodes (itr: 7)  (secs): 0.128737 

Itr: 7, Total time for this iteration: 0.816514

Itr: 8, Total number of macro_nodes across all proc's: 6577410 [min=97303 max=117693] expected=102772.031250
part1: id set creation (itr: 8)  (secs): 0.013858 
Itr: 8, global ID_set size across all proc's: 1406401
part2: iterate and pack  (itr: 8)  (secs): 0.560462 
part3: serialize and update communication time  (secs): 0.005647 

part3: serialize and update nodes (itr: 8)  (secs): 0.103525 

Itr: 8, Total time for this iteration: 0.683155

Itr: 9, Total number of macro_nodes across all proc's: 5171009 [min=75920 max=93917] expected=80797.015625
part1: id set creation (itr: 9)  (secs): 0.011102 
Itr: 9, global ID_set size across all proc's: 1084176
part2: iterate and pack  (itr: 9)  (secs): 0.502118 
part3: serialize and update communication time  (secs): 0.003530 

part3: serialize and update nodes (itr: 9)  (secs): 0.080414 

Itr: 9, Total time for this iteration: 0.598588

Itr: 10, Total number of macro_nodes across all proc's: 4086833 [min=59733 max=75932] expected=63856.765625
part1: id set creation (itr: 10)  (secs): 0.008855 
Itr: 10, global ID_set size across all proc's: 834540
part2: iterate and pack  (itr: 10)  (secs): 0.449720 
part3: serialize and update communication time  (secs): 0.002430 

part3: serialize and update nodes (itr: 10)  (secs): 0.064660 

Itr: 10, Total time for this iteration: 0.527645

Itr: 11, Total number of macro_nodes across all proc's: 3252293 [min=47273 max=61463] expected=50817.078125
part1: id set creation (itr: 11)  (secs): 0.007021 
Itr: 11, global ID_set size across all proc's: 640307
part2: iterate and pack  (itr: 11)  (secs): 0.408862 
part3: serialize and update communication time  (secs): 0.002058 

part3: serialize and update nodes (itr: 11)  (secs): 0.053052 

Itr: 11, Total time for this iteration: 0.473050

Itr: 12, Total number of macro_nodes across all proc's: 2611986 [min=37881 max=50330] expected=40812.281250
part1: id set creation (itr: 12)  (secs): 0.005554 
Itr: 12, global ID_set size across all proc's: 492662
part2: iterate and pack  (itr: 12)  (secs): 0.360521 
part3: serialize and update communication time  (secs): 0.001760 

part3: serialize and update nodes (itr: 12)  (secs): 0.043240 

Itr: 12, Total time for this iteration: 0.412985

Itr: 13, Total number of macro_nodes across all proc's: 2119324 [min=30692 max=41697] expected=33114.437500
part1: id set creation (itr: 13)  (secs): 0.004350 
Itr: 13, global ID_set size across all proc's: 381513
part2: iterate and pack  (itr: 13)  (secs): 0.334632 
part3: serialize and update communication time  (secs): 0.001800 

part3: serialize and update nodes (itr: 13)  (secs): 0.036240 

Itr: 13, Total time for this iteration: 0.378625

Itr: 14, Total number of macro_nodes across all proc's: 1737811 [min=25008 max=34869] expected=27153.296875
part1: id set creation (itr: 14)  (secs): 0.003445 
Itr: 14, global ID_set size across all proc's: 297008
part2: iterate and pack  (itr: 14)  (secs): 0.313315 
part3: serialize and update communication time  (secs): 0.001739 

part3: serialize and update nodes (itr: 14)  (secs): 0.030411 

Itr: 14, Total time for this iteration: 0.350461

Itr: 15, Total number of macro_nodes across all proc's: 1440803 [min=20665 max=29535] expected=22512.546875
part1: id set creation (itr: 15)  (secs): 0.002725 
Itr: 15, global ID_set size across all proc's: 234069
part2: iterate and pack  (itr: 15)  (secs): 0.313357 
part3: serialize and update communication time  (secs): 0.001616 

part3: serialize and update nodes (itr: 15)  (secs): 0.025811 

Itr: 15, Total time for this iteration: 0.344869

Itr: 16, Total number of macro_nodes across all proc's: 1206734 [min=17241 max=25418] expected=18855.218750
part1: id set creation (itr: 16)  (secs): 0.002225 
Itr: 16, global ID_set size across all proc's: 186026
part2: iterate and pack  (itr: 16)  (secs): 0.273462 
part3: serialize and update communication time  (secs): 0.001571 

part3: serialize and update nodes (itr: 16)  (secs): 0.022433 

Itr: 16, Total time for this iteration: 0.300865

Itr: 17, Total number of macro_nodes across all proc's: 1020708 [min=14508 max=22085] expected=15948.562500
part1: id set creation (itr: 17)  (secs): 0.001796 
Itr: 17, global ID_set size across all proc's: 148984
part2: iterate and pack  (itr: 17)  (secs): 0.280611 
part3: serialize and update communication time  (secs): 0.001540 

part3: serialize and update nodes (itr: 17)  (secs): 0.019035 

Itr: 17, Total time for this iteration: 0.304191

Itr: 18, Total number of macro_nodes across all proc's: 871724 [min=12351 max=19328] expected=13620.687500
part1: id set creation (itr: 18)  (secs): 0.001492 
Itr: 18, global ID_set size across all proc's: 119429
part2: iterate and pack  (itr: 18)  (secs): 0.262517 
part3: serialize and update communication time  (secs): 0.001503 

part3: serialize and update nodes (itr: 18)  (secs): 0.016798 

Itr: 18, Total time for this iteration: 0.283202

Itr: 19, Total number of macro_nodes across all proc's: 752295 [min=10532 max=17039] expected=11754.609375
part1: id set creation (itr: 19)  (secs): 0.001261 
Itr: 19, global ID_set size across all proc's: 95909
part2: iterate and pack  (itr: 19)  (secs): 0.248939 
part3: serialize and update communication time  (secs): 0.001842 

part3: serialize and update nodes (itr: 19)  (secs): 0.014770 

Itr: 19, Total time for this iteration: 0.267204

Itr: 20, Total number of macro_nodes across all proc's: 656386 [min=9189 max=15185] expected=10256.031250
part1: id set creation (itr: 20)  (secs): 0.001069 
Itr: 20, global ID_set size across all proc's: 76648
part2: iterate and pack  (itr: 20)  (secs): 0.250707 
part3: serialize and update communication time  (secs): 0.001517 

part3: serialize and update nodes (itr: 20)  (secs): 0.012066 

Itr: 20, Total time for this iteration: 0.266044

Itr: 21, Total number of macro_nodes across all proc's: 579738 [min=8102 max=13671] expected=9058.406250
part1: id set creation (itr: 21)  (secs): 0.000931 
Itr: 21, global ID_set size across all proc's: 61689
part2: iterate and pack  (itr: 21)  (secs): 0.261371 
part3: serialize and update communication time  (secs): 0.001398 

part3: serialize and update nodes (itr: 21)  (secs): 0.010256 

Itr: 21, Total time for this iteration: 0.274487

Itr: 22, Total number of macro_nodes across all proc's: 518049 [min=7173 max=12366] expected=8094.515625
part1: id set creation (itr: 22)  (secs): 0.000819 
Itr: 22, global ID_set size across all proc's: 49391
part2: iterate and pack  (itr: 22)  (secs): 0.220919 
part3: serialize and update communication time  (secs): 0.001136 

part3: serialize and update nodes (itr: 22)  (secs): 0.008479 

Itr: 22, Total time for this iteration: 0.231710

Itr: 23, Total number of macro_nodes across all proc's: 468658 [min=6460 max=11377] expected=7322.781250
part1: id set creation (itr: 23)  (secs): 0.000730 
Itr: 23, global ID_set size across all proc's: 39811
part2: iterate and pack  (itr: 23)  (secs): 0.207892 
part3: serialize and update communication time  (secs): 0.001043 

part3: serialize and update nodes (itr: 23)  (secs): 0.006995 

Itr: 23, Total time for this iteration: 0.217017

Itr: 24, Total number of macro_nodes across all proc's: 428847 [min=5855 max=10633] expected=6700.734375
part1: id set creation (itr: 24)  (secs): 0.000664 
Itr: 24, global ID_set size across all proc's: 32587
part2: iterate and pack  (itr: 24)  (secs): 0.216700 
part3: serialize and update communication time  (secs): 0.000858 

part3: serialize and update nodes (itr: 24)  (secs): 0.005692 

Itr: 24, Total time for this iteration: 0.224270

Itr: 25, Total number of macro_nodes across all proc's: 396260 [min=5358 max=10017] expected=6191.562500
part1: id set creation (itr: 25)  (secs): 0.000609 
Itr: 25, global ID_set size across all proc's: 26804
part2: iterate and pack  (itr: 25)  (secs): 0.225368 
part3: serialize and update communication time  (secs): 0.000689 

part3: serialize and update nodes (itr: 25)  (secs): 0.004676 

Itr: 25, Total time for this iteration: 0.231677

Itr: 26, Total number of macro_nodes across all proc's: 369456 [min=4910 max=9475] expected=5772.750000
part1: id set creation (itr: 26)  (secs): 0.000564 
Itr: 26, global ID_set size across all proc's: 22315
part2: iterate and pack  (itr: 26)  (secs): 0.222676 
part3: serialize and update communication time  (secs): 0.000782 

part3: serialize and update nodes (itr: 26)  (secs): 0.004238 

Itr: 26, Total time for this iteration: 0.228358

Itr: 27, Total number of macro_nodes across all proc's: 347141 [min=4549 max=9035] expected=5424.078125
part1: id set creation (itr: 27)  (secs): 0.000526 
Itr: 27, global ID_set size across all proc's: 18596
part2: iterate and pack  (itr: 27)  (secs): 0.212836 
part3: serialize and update communication time  (secs): 0.000719 

part3: serialize and update nodes (itr: 27)  (secs): 0.004483 

Itr: 27, Total time for this iteration: 0.218593

Itr: 28, Total number of macro_nodes across all proc's: 328545 [min=4271 max=8716] expected=5133.515625
part1: id set creation (itr: 28)  (secs): 0.000503 
Itr: 28, global ID_set size across all proc's: 15875
part2: iterate and pack  (itr: 28)  (secs): 0.215405 
part3: serialize and update communication time  (secs): 0.000430 

part3: serialize and update nodes (itr: 28)  (secs): 0.003021 

Itr: 28, Total time for this iteration: 0.219737

Itr: 29, Total number of macro_nodes across all proc's: 312670 [min=4014 max=8454] expected=4885.468750
part1: id set creation (itr: 29)  (secs): 0.000474 
Itr: 29, global ID_set size across all proc's: 14055
part2: iterate and pack  (itr: 29)  (secs): 0.214682 
part3: serialize and update communication time  (secs): 0.000549 

part3: serialize and update nodes (itr: 29)  (secs): 0.003994 

Itr: 29, Total time for this iteration: 0.220009

Itr: 30, Total number of macro_nodes across all proc's: 298615 [min=3798 max=8216] expected=4665.859375
part1: id set creation (itr: 30)  (secs): 0.000457 
Itr: 30, global ID_set size across all proc's: 12545
part2: iterate and pack  (itr: 30)  (secs): 0.207255 
part3: serialize and update communication time  (secs): 0.000539 

part3: serialize and update nodes (itr: 30)  (secs): 0.003429 

Itr: 30, Total time for this iteration: 0.211904

Itr: 31, Total number of macro_nodes across all proc's: 286070 [min=3617 max=8028] expected=4469.843750
part1: id set creation (itr: 31)  (secs): 0.000437 
Itr: 31, global ID_set size across all proc's: 11126
part2: iterate and pack  (itr: 31)  (secs): 0.200715 
part3: serialize and update communication time  (secs): 0.000447 

part3: serialize and update nodes (itr: 31)  (secs): 0.002906 

Itr: 31, Total time for this iteration: 0.204812

Itr: 32, Total number of macro_nodes across all proc's: 274944 [min=3466 max=7850] expected=4296.000000
part1: id set creation (itr: 32)  (secs): 0.000410 
Itr: 32, global ID_set size across all proc's: 9366
part2: iterate and pack  (itr: 32)  (secs): 0.207936 
part3: serialize and update communication time  (secs): 0.000430 

part3: serialize and update nodes (itr: 32)  (secs): 0.002958 

Itr: 32, Total time for this iteration: 0.212077

Itr: 33, Total number of macro_nodes across all proc's: 265578 [min=3333 max=7707] expected=4149.656250
part1: id set creation (itr: 33)  (secs): 0.000399 
Itr: 33, global ID_set size across all proc's: 7834
part2: iterate and pack  (itr: 33)  (secs): 0.212854 
part3: serialize and update communication time  (secs): 0.000431 

part3: serialize and update nodes (itr: 33)  (secs): 0.003492 

Itr: 33, Total time for this iteration: 0.217482

Itr: 34, Total number of macro_nodes across all proc's: 257744 [min=3223 max=7599] expected=4027.250000
part1: id set creation (itr: 34)  (secs): 0.000390 
Itr: 34, global ID_set size across all proc's: 7023
part2: iterate and pack  (itr: 34)  (secs): 0.203441 
part3: serialize and update communication time  (secs): 0.000370 

part3: serialize and update nodes (itr: 34)  (secs): 0.002047 

Itr: 34, Total time for this iteration: 0.206579

Itr: 35, Total number of macro_nodes across all proc's: 250721 [min=3130 max=7471] expected=3917.515625
part1: id set creation (itr: 35)  (secs): 0.000372 
Itr: 35, global ID_set size across all proc's: 5962
part2: iterate and pack  (itr: 35)  (secs): 0.201154 
part3: serialize and update communication time  (secs): 0.000309 

part3: serialize and update nodes (itr: 35)  (secs): 0.002521 

Itr: 35, Total time for this iteration: 0.204760

Itr: 36, Total number of macro_nodes across all proc's: 244759 [min=3054 max=7383] expected=3824.359375
part1: id set creation (itr: 36)  (secs): 0.000385 
Itr: 36, global ID_set size across all proc's: 5122
part2: iterate and pack  (itr: 36)  (secs): 0.199822 
part3: serialize and update communication time  (secs): 0.000381 

part3: serialize and update nodes (itr: 36)  (secs): 0.001851 

Itr: 36, Total time for this iteration: 0.202958

Itr: 37, Total number of macro_nodes across all proc's: 239637 [min=2984 max=7296] expected=3744.328125
part1: id set creation (itr: 37)  (secs): 0.000353 
Itr: 37, global ID_set size across all proc's: 4435
part2: iterate and pack  (itr: 37)  (secs): 0.198409 
part3: serialize and update communication time  (secs): 0.000300 

part3: serialize and update nodes (itr: 37)  (secs): 0.002995 

Itr: 37, Total time for this iteration: 0.202460

Itr: 38, Total number of macro_nodes across all proc's: 235202 [min=2921 max=7224] expected=3675.031250
part1: id set creation (itr: 38)  (secs): 0.000393 
Itr: 38, global ID_set size across all proc's: 3930
part2: iterate and pack  (itr: 38)  (secs): 0.193134 
part3: serialize and update communication time  (secs): 0.000290 

part3: serialize and update nodes (itr: 38)  (secs): 0.001798 

Itr: 38, Total time for this iteration: 0.198448

Itr: 39, Total number of macro_nodes across all proc's: 231272 [min=2870 max=7158] expected=3613.625000
part1: id set creation (itr: 39)  (secs): 0.000346 
Itr: 39, global ID_set size across all proc's: 3516
part2: iterate and pack  (itr: 39)  (secs): 0.189104 
part3: serialize and update communication time  (secs): 0.000370 

part3: serialize and update nodes (itr: 39)  (secs): 0.001403 

Itr: 39, Total time for this iteration: 0.191468

Itr: 40, Total number of macro_nodes across all proc's: 227756 [min=2830 max=7107] expected=3558.687500
part1: id set creation (itr: 40)  (secs): 0.000334 
Itr: 40, global ID_set size across all proc's: 3245
part2: iterate and pack  (itr: 40)  (secs): 0.192005 
part3: serialize and update communication time  (secs): 0.000253 

part3: serialize and update nodes (itr: 40)  (secs): 0.001269 

Itr: 40, Total time for this iteration: 0.194249

Itr: 41, Total number of macro_nodes across all proc's: 224511 [min=2793 max=7054] expected=3507.984375
part1: id set creation (itr: 41)  (secs): 0.000329 
Itr: 41, global ID_set size across all proc's: 3264
part2: iterate and pack  (itr: 41)  (secs): 0.189849 
part3: serialize and update communication time  (secs): 0.000319 

part3: serialize and update nodes (itr: 41)  (secs): 0.001883 

Itr: 41, Total time for this iteration: 0.192731

Itr: 42, Total number of macro_nodes across all proc's: 221247 [min=2753 max=7002] expected=3456.984375
part1: id set creation (itr: 42)  (secs): 0.000329 
Itr: 42, global ID_set size across all proc's: 3298
part2: iterate and pack  (itr: 42)  (secs): 0.189775 
part3: serialize and update communication time  (secs): 0.000296 

part3: serialize and update nodes (itr: 42)  (secs): 0.001582 

Itr: 42, Total time for this iteration: 0.192355

Itr: 43, Total number of macro_nodes across all proc's: 217949 [min=2710 max=6951] expected=3405.453125
part1: id set creation (itr: 43)  (secs): 0.000321 
Itr: 43, global ID_set size across all proc's: 3236
part2: iterate and pack  (itr: 43)  (secs): 0.179652 
part3: serialize and update communication time  (secs): 0.000305 

part3: serialize and update nodes (itr: 43)  (secs): 0.001632 

Itr: 43, Total time for this iteration: 0.182275

Itr: 44, Total number of macro_nodes across all proc's: 214713 [min=2670 max=6919] expected=3354.890625
part1: id set creation (itr: 44)  (secs): 0.000315 
Itr: 44, global ID_set size across all proc's: 3228
part2: iterate and pack  (itr: 44)  (secs): 0.196366 
part3: serialize and update communication time  (secs): 0.000297 

part3: serialize and update nodes (itr: 44)  (secs): 0.001675 

Itr: 44, Total time for this iteration: 0.199034

Itr: 45, Total number of macro_nodes across all proc's: 211485 [min=2640 max=6872] expected=3304.453125
part1: id set creation (itr: 45)  (secs): 0.000320 
Itr: 45, global ID_set size across all proc's: 2839
part2: iterate and pack  (itr: 45)  (secs): 0.203467 
part3: serialize and update communication time  (secs): 0.000218 

part3: serialize and update nodes (itr: 45)  (secs): 0.001752 

Itr: 45, Total time for this iteration: 0.206334

Itr: 46, Total number of macro_nodes across all proc's: 208646 [min=2596 max=6832] expected=3260.093750
part1: id set creation (itr: 46)  (secs): 0.000315 
Itr: 46, global ID_set size across all proc's: 2421
part2: iterate and pack  (itr: 46)  (secs): 0.196878 
part3: serialize and update communication time  (secs): 0.000250 

part3: serialize and update nodes (itr: 46)  (secs): 0.001624 

Itr: 46, Total time for this iteration: 0.199527

Itr: 47, Total number of macro_nodes across all proc's: 206225 [min=2569 max=6801] expected=3222.265625
part1: id set creation (itr: 47)  (secs): 0.000334 
Itr: 47, global ID_set size across all proc's: 2137
part2: iterate and pack  (itr: 47)  (secs): 0.194716 
part3: serialize and update communication time  (secs): 0.000237 

part3: serialize and update nodes (itr: 47)  (secs): 0.001596 

Itr: 47, Total time for this iteration: 0.197280

Itr: 48, Total number of macro_nodes across all proc's: 204088 [min=2542 max=6772] expected=3188.875000
part1: id set creation (itr: 48)  (secs): 0.000326 
Itr: 48, global ID_set size across all proc's: 1824
part2: iterate and pack  (itr: 48)  (secs): 0.193114 
part3: serialize and update communication time  (secs): 0.000371 

part3: serialize and update nodes (itr: 48)  (secs): 0.001812 

Itr: 48, Total time for this iteration: 0.195984

Itr: 49, Total number of macro_nodes across all proc's: 202264 [min=2520 max=6749] expected=3160.375000
part1: id set creation (itr: 49)  (secs): 0.000295 
Itr: 49, global ID_set size across all proc's: 1630
part2: iterate and pack  (itr: 49)  (secs): 0.190817 
part3: serialize and update communication time  (secs): 0.000281 

part3: serialize and update nodes (itr: 49)  (secs): 0.002264 

Itr: 49, Total time for this iteration: 0.193972

Itr: 50, Total number of macro_nodes across all proc's: 200634 [min=2494 max=6734] expected=3134.906250
part1: id set creation (itr: 50)  (secs): 0.000366 
Itr: 50, global ID_set size across all proc's: 1375
part2: iterate and pack  (itr: 50)  (secs): 0.188251 
part3: serialize and update communication time  (secs): 0.000221 

part3: serialize and update nodes (itr: 50)  (secs): 0.001684 

Itr: 50, Total time for this iteration: 0.192857

Itr: 51, Total number of macro_nodes across all proc's: 199259 [min=2468 max=6712] expected=3113.421875
part1: id set creation (itr: 51)  (secs): 0.000321 
Itr: 51, global ID_set size across all proc's: 1144
part2: iterate and pack  (itr: 51)  (secs): 0.188805 
part3: serialize and update communication time  (secs): 0.000148 

part3: serialize and update nodes (itr: 51)  (secs): 0.001185 

Itr: 51, Total time for this iteration: 0.191309

Itr: 52, Total number of macro_nodes across all proc's: 198115 [min=2449 max=6686] expected=3095.546875
part1: id set creation (itr: 52)  (secs): 0.000321 
Itr: 52, global ID_set size across all proc's: 1001
part2: iterate and pack  (itr: 52)  (secs): 0.188616 
part3: serialize and update communication time  (secs): 0.000161 

part3: serialize and update nodes (itr: 52)  (secs): 0.001253 

Itr: 52, Total time for this iteration: 0.190920

Itr: 53, Total number of macro_nodes across all proc's: 197114 [min=2429 max=6673] expected=3079.906250
part1: id set creation (itr: 53)  (secs): 0.000301 
Itr: 53, global ID_set size across all proc's: 779
part2: iterate and pack  (itr: 53)  (secs): 0.185748 
part3: serialize and update communication time  (secs): 0.000218 

part3: serialize and update nodes (itr: 53)  (secs): 0.001260 

Itr: 53, Total time for this iteration: 0.187914

Itr: 54, Total number of macro_nodes across all proc's: 196335 [min=2414 max=6661] expected=3067.734375
part1: id set creation (itr: 54)  (secs): 0.000312 
Itr: 54, global ID_set size across all proc's: 657
part2: iterate and pack  (itr: 54)  (secs): 0.190933 
part3: serialize and update communication time  (secs): 0.000190 

part3: serialize and update nodes (itr: 54)  (secs): 0.001058 

Itr: 54, Total time for this iteration: 0.193329

Itr: 55, Total number of macro_nodes across all proc's: 195678 [min=2400 max=6653] expected=3057.468750
part1: id set creation (itr: 55)  (secs): 0.000317 
Itr: 55, global ID_set size across all proc's: 572
part2: iterate and pack  (itr: 55)  (secs): 0.187793 
part3: serialize and update communication time  (secs): 0.000134 

part3: serialize and update nodes (itr: 55)  (secs): 0.000876 

Itr: 55, Total time for this iteration: 0.189888

Itr: 56, Total number of macro_nodes across all proc's: 195106 [min=2388 max=6646] expected=3048.531250
part1: id set creation (itr: 56)  (secs): 0.000303 
Itr: 56, global ID_set size across all proc's: 476
part2: iterate and pack  (itr: 56)  (secs): 0.187519 
part3: serialize and update communication time  (secs): 0.000122 

part3: serialize and update nodes (itr: 56)  (secs): 0.000811 

Itr: 56, Total time for this iteration: 0.189500

Itr: 57, Total number of macro_nodes across all proc's: 194630 [min=2383 max=6640] expected=3041.093750
part1: id set creation (itr: 57)  (secs): 0.000302 
Itr: 57, global ID_set size across all proc's: 486
part2: iterate and pack  (itr: 57)  (secs): 0.184782 
part3: serialize and update communication time  (secs): 0.000184 

part3: serialize and update nodes (itr: 57)  (secs): 0.001033 

Itr: 57, Total time for this iteration: 0.187094

Itr: 58, Total number of macro_nodes across all proc's: 194144 [min=2379 max=6632] expected=3033.500000
part1: id set creation (itr: 58)  (secs): 0.000315 
Itr: 58, global ID_set size across all proc's: 447
part2: iterate and pack  (itr: 58)  (secs): 0.178966 
part3: serialize and update communication time  (secs): 0.000228 

part3: serialize and update nodes (itr: 58)  (secs): 0.000943 

Itr: 58, Total time for this iteration: 0.181087

Itr: 59, Total number of macro_nodes across all proc's: 193697 [min=2373 max=6623] expected=3026.515625
part1: id set creation (itr: 59)  (secs): 0.000311 
Itr: 59, global ID_set size across all proc's: 401
part2: iterate and pack  (itr: 59)  (secs): 0.181792 
part3: serialize and update communication time  (secs): 0.000117 

part3: serialize and update nodes (itr: 59)  (secs): 0.000944 

Itr: 59, Total time for this iteration: 0.184010

Itr: 60, Total number of macro_nodes across all proc's: 193296 [min=2365 max=6620] expected=3020.250000
part1: id set creation (itr: 60)  (secs): 0.000353 
Itr: 60, global ID_set size across all proc's: 362
part2: iterate and pack  (itr: 60)  (secs): 0.175659 
part3: serialize and update communication time  (secs): 0.000107 

part3: serialize and update nodes (itr: 60)  (secs): 0.000579 

Itr: 60, Total time for this iteration: 0.178852

Itr: 61, Total number of macro_nodes across all proc's: 192934 [min=2361 max=6617] expected=3014.593750
part1: id set creation (itr: 61)  (secs): 0.000311 
Itr: 61, global ID_set size across all proc's: 319
part2: iterate and pack  (itr: 61)  (secs): 0.181028 
part3: serialize and update communication time  (secs): 0.000104 

part3: serialize and update nodes (itr: 61)  (secs): 0.000678 

Itr: 61, Total time for this iteration: 0.183533

Itr: 62, Total number of macro_nodes across all proc's: 192615 [min=2356 max=6614] expected=3009.609375
part1: id set creation (itr: 62)  (secs): 0.000376 
Itr: 62, global ID_set size across all proc's: 339
part2: iterate and pack  (itr: 62)  (secs): 0.182006 
part3: serialize and update communication time  (secs): 0.000104 

part3: serialize and update nodes (itr: 62)  (secs): 0.000375 

Itr: 62, Total time for this iteration: 0.185798

Itr: 63, Total number of macro_nodes across all proc's: 192276 [min=2351 max=6610] expected=3004.312500
part1: id set creation (itr: 63)  (secs): 0.000280 
Itr: 63, global ID_set size across all proc's: 323
part2: iterate and pack  (itr: 63)  (secs): 0.182795 
part3: serialize and update communication time  (secs): 0.000110 

part3: serialize and update nodes (itr: 63)  (secs): 0.000946 

Itr: 63, Total time for this iteration: 0.184588

Itr: 64, Total number of macro_nodes across all proc's: 191953 [min=2345 max=6606] expected=2999.265625
part1: id set creation (itr: 64)  (secs): 0.000314 
Itr: 64, global ID_set size across all proc's: 311
part2: iterate and pack  (itr: 64)  (secs): 0.181701 
part3: serialize and update communication time  (secs): 0.000104 

part3: serialize and update nodes (itr: 64)  (secs): 0.000747 

Itr: 64, Total time for this iteration: 0.183924

Itr: 65, Total number of macro_nodes across all proc's: 191642 [min=2336 max=6600] expected=2994.406250
part1: id set creation (itr: 65)  (secs): 0.000296 
Itr: 65, global ID_set size across all proc's: 302
part2: iterate and pack  (itr: 65)  (secs): 0.183119 
part3: serialize and update communication time  (secs): 0.000111 

part3: serialize and update nodes (itr: 65)  (secs): 0.000383 

Itr: 65, Total time for this iteration: 0.184602

Itr: 66, Total number of macro_nodes across all proc's: 191340 [min=2329 max=6599] expected=2989.687500
part1: id set creation (itr: 66)  (secs): 0.000275 
Itr: 66, global ID_set size across all proc's: 306
part2: iterate and pack  (itr: 66)  (secs): 0.176634 
part3: serialize and update communication time  (secs): 0.000095 

part3: serialize and update nodes (itr: 66)  (secs): 0.000325 

Itr: 66, Total time for this iteration: 0.177784

Itr: 67, Total number of macro_nodes across all proc's: 191034 [min=2321 max=6596] expected=2984.906250
part1: id set creation (itr: 67)  (secs): 0.000311 
Itr: 67, global ID_set size across all proc's: 280
part2: iterate and pack  (itr: 67)  (secs): 0.180756 
part3: serialize and update communication time  (secs): 0.000167 

part3: serialize and update nodes (itr: 67)  (secs): 0.000764 

Itr: 67, Total time for this iteration: 0.183217

Itr: 68, Total number of macro_nodes across all proc's: 190754 [min=2313 max=6594] expected=2980.531250
part1: id set creation (itr: 68)  (secs): 0.000308 
Itr: 68, global ID_set size across all proc's: 283
part2: iterate and pack  (itr: 68)  (secs): 0.178594 
part3: serialize and update communication time  (secs): 0.000143 

part3: serialize and update nodes (itr: 68)  (secs): 0.000547 

Itr: 68, Total time for this iteration: 0.181224

Itr: 69, Total number of macro_nodes across all proc's: 190471 [min=2313 max=6591] expected=2976.109375
part1: id set creation (itr: 69)  (secs): 0.000285 
Itr: 69, global ID_set size across all proc's: 246
part2: iterate and pack  (itr: 69)  (secs): 0.180097 
part3: serialize and update communication time  (secs): 0.000110 

part3: serialize and update nodes (itr: 69)  (secs): 0.000467 

Itr: 69, Total time for this iteration: 0.181641

Itr: 70, Total number of macro_nodes across all proc's: 190225 [min=2308 max=6586] expected=2972.265625
part1: id set creation (itr: 70)  (secs): 0.000299 
Itr: 70, global ID_set size across all proc's: 253
part2: iterate and pack  (itr: 70)  (secs): 0.175011 
part3: serialize and update communication time  (secs): 0.001371 

part3: serialize and update nodes (itr: 70)  (secs): 0.004548 

Itr: 70, Total time for this iteration: 0.181506

Itr: 71, Total number of macro_nodes across all proc's: 189972 [min=2304 max=6583] expected=2968.312500
part1: id set creation (itr: 71)  (secs): 0.000419 
Itr: 71, global ID_set size across all proc's: 254
part2: iterate and pack  (itr: 71)  (secs): 0.171273 
part3: serialize and update communication time  (secs): 0.000117 

part3: serialize and update nodes (itr: 71)  (secs): 0.000905 

Itr: 71, Total time for this iteration: 0.175297

Itr: 72, Total number of macro_nodes across all proc's: 189718 [min=2301 max=6572] expected=2964.343750
part1: id set creation (itr: 72)  (secs): 0.000294 
Itr: 72, global ID_set size across all proc's: 303
part2: iterate and pack  (itr: 72)  (secs): 0.179903 
part3: serialize and update communication time  (secs): 0.000156 

part3: serialize and update nodes (itr: 72)  (secs): 0.000488 

Itr: 72, Total time for this iteration: 0.181612

Itr: 73, Total number of macro_nodes across all proc's: 189415 [min=2295 max=6567] expected=2959.609375
part1: id set creation (itr: 73)  (secs): 0.000328 
Itr: 73, global ID_set size across all proc's: 328
part2: iterate and pack  (itr: 73)  (secs): 0.177438 
part3: serialize and update communication time  (secs): 0.000109 

part3: serialize and update nodes (itr: 73)  (secs): 0.000433 

Itr: 73, Total time for this iteration: 0.180526

Itr: 74, Total number of macro_nodes across all proc's: 189087 [min=2289 max=6567] expected=2954.484375
part1: id set creation (itr: 74)  (secs): 0.000322 
Itr: 74, global ID_set size across all proc's: 313
part2: iterate and pack  (itr: 74)  (secs): 0.179814 
part3: serialize and update communication time  (secs): 0.000105 

part3: serialize and update nodes (itr: 74)  (secs): 0.000354 

Itr: 74, Total time for this iteration: 0.181731

Itr: 75, Total number of macro_nodes across all proc's: 188774 [min=2283 max=6562] expected=2949.593750
part1: id set creation (itr: 75)  (secs): 0.000326 
Itr: 75, global ID_set size across all proc's: 281
part2: iterate and pack  (itr: 75)  (secs): 0.170724 
part3: serialize and update communication time  (secs): 0.000095 

part3: serialize and update nodes (itr: 75)  (secs): 0.000319 

Itr: 75, Total time for this iteration: 0.172866

Itr: 76, Total number of macro_nodes across all proc's: 188493 [min=2279 max=6556] expected=2945.203125
part1: id set creation (itr: 76)  (secs): 0.000283 
Itr: 76, global ID_set size across all proc's: 250
part2: iterate and pack  (itr: 76)  (secs): 0.179554 
part3: serialize and update communication time  (secs): 0.000090 

part3: serialize and update nodes (itr: 76)  (secs): 0.000599 

Itr: 76, Total time for this iteration: 0.181270

Itr: 77, Total number of macro_nodes across all proc's: 188243 [min=2274 max=6554] expected=2941.296875
part1: id set creation (itr: 77)  (secs): 0.000331 
Itr: 77, global ID_set size across all proc's: 221
part2: iterate and pack  (itr: 77)  (secs): 0.168844 
part3: serialize and update communication time  (secs): 0.000190 

part3: serialize and update nodes (itr: 77)  (secs): 0.002930 

Itr: 77, Total time for this iteration: 0.174858

Itr: 78, Total number of macro_nodes across all proc's: 188022 [min=2270 max=6552] expected=2937.843750
part1: id set creation (itr: 78)  (secs): 0.000383 
Itr: 78, global ID_set size across all proc's: 215
part2: iterate and pack  (itr: 78)  (secs): 0.176948 
part3: serialize and update communication time  (secs): 0.000093 

part3: serialize and update nodes (itr: 78)  (secs): 0.000288 

Itr: 78, Total time for this iteration: 0.180764

Itr: 79, Total number of macro_nodes across all proc's: 187807 [min=2268 max=6546] expected=2934.484375
part1: id set creation (itr: 79)  (secs): 0.000296 
Itr: 79, global ID_set size across all proc's: 214
part2: iterate and pack  (itr: 79)  (secs): 0.177335 
part3: serialize and update communication time  (secs): 0.000099 

part3: serialize and update nodes (itr: 79)  (secs): 0.000266 

Itr: 79, Total time for this iteration: 0.178840

Itr: 80, Total number of macro_nodes across all proc's: 187593 [min=2262 max=6544] expected=2931.140625
part1: id set creation (itr: 80)  (secs): 0.000291 
Itr: 80, global ID_set size across all proc's: 214
part2: iterate and pack  (itr: 80)  (secs): 0.171208 
part3: serialize and update communication time  (secs): 0.000093 

part3: serialize and update nodes (itr: 80)  (secs): 0.000288 

Itr: 80, Total time for this iteration: 0.173320

Itr: 81, Total number of macro_nodes across all proc's: 187379 [min=2254 max=6538] expected=2927.796875
part1: id set creation (itr: 81)  (secs): 0.000374 
Itr: 81, global ID_set size across all proc's: 229
part2: iterate and pack  (itr: 81)  (secs): 0.170812 
part3: serialize and update communication time  (secs): 0.000089 

part3: serialize and update nodes (itr: 81)  (secs): 0.000267 

Itr: 81, Total time for this iteration: 0.173843

Itr: 82, Total number of macro_nodes across all proc's: 187150 [min=2248 max=6535] expected=2924.218750
part1: id set creation (itr: 82)  (secs): 0.000370 
Itr: 82, global ID_set size across all proc's: 237
part2: iterate and pack  (itr: 82)  (secs): 0.165323 
part3: serialize and update communication time  (secs): 0.000104 

part3: serialize and update nodes (itr: 82)  (secs): 0.000319 

Itr: 82, Total time for this iteration: 0.168497

Itr: 83, Total number of macro_nodes across all proc's: 186913 [min=2246 max=6523] expected=2920.515625
part1: id set creation (itr: 83)  (secs): 0.000353 
Itr: 83, global ID_set size across all proc's: 246
part2: iterate and pack  (itr: 83)  (secs): 0.160459 
part3: serialize and update communication time  (secs): 0.000090 

part3: serialize and update nodes (itr: 83)  (secs): 0.000288 

Itr: 83, Total time for this iteration: 0.163338

Itr: 84, Total number of macro_nodes across all proc's: 186667 [min=2240 max=6516] expected=2916.671875
part1: id set creation (itr: 84)  (secs): 0.000280 
Itr: 84, global ID_set size across all proc's: 265
part2: iterate and pack  (itr: 84)  (secs): 0.161199 
part3: serialize and update communication time  (secs): 0.000099 

part3: serialize and update nodes (itr: 84)  (secs): 0.000276 

Itr: 84, Total time for this iteration: 0.162562

Itr: 85, Total number of macro_nodes across all proc's: 186402 [min=2238 max=6513] expected=2912.531250
part1: id set creation (itr: 85)  (secs): 0.000304 
Itr: 85, global ID_set size across all proc's: 335
part2: iterate and pack  (itr: 85)  (secs): 0.158445 
part3: serialize and update communication time  (secs): 0.000099 

part3: serialize and update nodes (itr: 85)  (secs): 0.000311 

Itr: 85, Total time for this iteration: 0.161441

Itr: 86, Total number of macro_nodes across all proc's: 186067 [min=2233 max=6502] expected=2907.296875
part1: id set creation (itr: 86)  (secs): 0.000302 
Itr: 86, global ID_set size across all proc's: 418
part2: iterate and pack  (itr: 86)  (secs): 0.162639 
part3: serialize and update communication time  (secs): 0.000104 

part3: serialize and update nodes (itr: 86)  (secs): 0.000324 

Itr: 86, Total time for this iteration: 0.164655

Itr: 87, Total number of macro_nodes across all proc's: 185649 [min=2227 max=6497] expected=2900.765625
part1: id set creation (itr: 87)  (secs): 0.000300 
Itr: 87, global ID_set size across all proc's: 498
part2: iterate and pack  (itr: 87)  (secs): 0.162074 
part3: serialize and update communication time  (secs): 0.000126 

part3: serialize and update nodes (itr: 87)  (secs): 0.000851 

Itr: 87, Total time for this iteration: 0.164696

Itr: 88, Total number of macro_nodes across all proc's: 185151 [min=2223 max=6485] expected=2892.984375
part1: id set creation (itr: 88)  (secs): 0.000349 
Itr: 88, global ID_set size across all proc's: 546
part2: iterate and pack  (itr: 88)  (secs): 0.174031 
part3: serialize and update communication time  (secs): 0.000160 

part3: serialize and update nodes (itr: 88)  (secs): 0.000501 

Itr: 88, Total time for this iteration: 0.177365

Itr: 89, Total number of macro_nodes across all proc's: 184605 [min=2219 max=6460] expected=2884.453125
part1: id set creation (itr: 89)  (secs): 0.000333 
Itr: 89, global ID_set size across all proc's: 635
part2: iterate and pack  (itr: 89)  (secs): 0.179401 
part3: serialize and update communication time  (secs): 0.000125 

part3: serialize and update nodes (itr: 89)  (secs): 0.000453 

Itr: 89, Total time for this iteration: 0.182578

Itr: 90, Total number of macro_nodes across all proc's: 183970 [min=2211 max=6450] expected=2874.531250
part1: id set creation (itr: 90)  (secs): 0.000342 
Itr: 90, global ID_set size across all proc's: 793
part2: iterate and pack  (itr: 90)  (secs): 0.182329 
part3: serialize and update communication time  (secs): 0.000120 

part3: serialize and update nodes (itr: 90)  (secs): 0.000487 

Itr: 90, Total time for this iteration: 0.186411

Itr: 91, Total number of macro_nodes across all proc's: 183177 [min=2209 max=6435] expected=2862.140625
part1: id set creation (itr: 91)  (secs): 0.000266 
Itr: 91, global ID_set size across all proc's: 1042
part2: iterate and pack  (itr: 91)  (secs): 0.188725 
part3: serialize and update communication time  (secs): 0.000243 

part3: serialize and update nodes (itr: 91)  (secs): 0.000646 

Itr: 91, Total time for this iteration: 0.190185

Itr: 92, Total number of macro_nodes across all proc's: 182135 [min=2199 max=6408] expected=2845.859375
part1: id set creation (itr: 92)  (secs): 0.000320 
Itr: 92, global ID_set size across all proc's: 1276
part2: iterate and pack  (itr: 92)  (secs): 0.182732 
part3: serialize and update communication time  (secs): 0.000145 

part3: serialize and update nodes (itr: 92)  (secs): 0.000732 

Itr: 92, Total time for this iteration: 0.186507

Itr: 93, Total number of macro_nodes across all proc's: 180859 [min=2189 max=6375] expected=2825.921875
part1: id set creation (itr: 93)  (secs): 0.000338 
Itr: 93, global ID_set size across all proc's: 1721
part2: iterate and pack  (itr: 93)  (secs): 0.180662 
part3: serialize and update communication time  (secs): 0.000231 

part3: serialize and update nodes (itr: 93)  (secs): 0.001043 

Itr: 93, Total time for this iteration: 0.184694

Itr: 94, Total number of macro_nodes across all proc's: 179138 [min=2172 max=6337] expected=2799.031250
part1: id set creation (itr: 94)  (secs): 0.000302 
Itr: 94, global ID_set size across all proc's: 1936
part2: iterate and pack  (itr: 94)  (secs): 0.206229 
part3: serialize and update communication time  (secs): 0.000223 

part3: serialize and update nodes (itr: 94)  (secs): 0.001134 

Itr: 94, Total time for this iteration: 0.210543

Itr: 95, Total number of macro_nodes across all proc's: 177202 [min=2152 max=6267] expected=2768.781250
part1: id set creation (itr: 95)  (secs): 0.000404 
Itr: 95, global ID_set size across all proc's: 2050
part2: iterate and pack  (itr: 95)  (secs): 0.205928 
part3: serialize and update communication time  (secs): 0.000161 

part3: serialize and update nodes (itr: 95)  (secs): 0.001088 

Itr: 95, Total time for this iteration: 0.210129

Itr: 96, Total number of macro_nodes across all proc's: 175152 [min=2125 max=6192] expected=2736.750000
part1: id set creation (itr: 96)  (secs): 0.000452 
Itr: 96, global ID_set size across all proc's: 2063
part2: iterate and pack  (itr: 96)  (secs): 0.187440 
part3: serialize and update communication time  (secs): 0.000277 

part3: serialize and update nodes (itr: 96)  (secs): 0.001250 

Itr: 96, Total time for this iteration: 0.191727

Itr: 97, Total number of macro_nodes across all proc's: 173089 [min=2098 max=6112] expected=2704.515625
part1: id set creation (itr: 97)  (secs): 0.000283 
Itr: 97, global ID_set size across all proc's: 2087
part2: iterate and pack  (itr: 97)  (secs): 0.208303 
part3: serialize and update communication time  (secs): 0.000270 

part3: serialize and update nodes (itr: 97)  (secs): 0.003931 

Itr: 97, Total time for this iteration: 0.214804

Itr: 98, Total number of macro_nodes across all proc's: 171002 [min=2064 max=6040] expected=2671.906250
part1: id set creation (itr: 98)  (secs): 0.000499 
Itr: 98, global ID_set size across all proc's: 2071
part2: iterate and pack  (itr: 98)  (secs): 0.196534 
part3: serialize and update communication time  (secs): 0.000139 

part3: serialize and update nodes (itr: 98)  (secs): 0.001188 

Itr: 98, Total time for this iteration: 0.200953

Itr: 99, Total number of macro_nodes across all proc's: 168931 [min=2034 max=5959] expected=2639.546875
part1: id set creation (itr: 99)  (secs): 0.000322 
Itr: 99, global ID_set size across all proc's: 2076
part2: iterate and pack  (itr: 99)  (secs): 0.214059 
part3: serialize and update communication time  (secs): 0.000211 

part3: serialize and update nodes (itr: 99)  (secs): 0.001237 

Itr: 99, Total time for this iteration: 0.217956

Itr: 100, Total number of macro_nodes across all proc's: 166855 [min=2008 max=5885] expected=2607.109375
part1: id set creation (itr: 100)  (secs): 0.000374 
Itr: 100, global ID_set size across all proc's: 2152
part2: iterate and pack  (itr: 100)  (secs): 0.195694 
part3: serialize and update communication time  (secs): 0.000253 

part3: serialize and update nodes (itr: 100)  (secs): 0.001476 

Itr: 100, Total time for this iteration: 0.200135

Itr: 101, Total number of macro_nodes across all proc's: 164703 [min=1988 max=5796] expected=2573.484375
part1: id set creation (itr: 101)  (secs): 0.000288 
Itr: 101, global ID_set size across all proc's: 2107
part2: iterate and pack  (itr: 101)  (secs): 0.186355 
part3: serialize and update communication time  (secs): 0.000141 

part3: serialize and update nodes (itr: 101)  (secs): 0.001393 

Itr: 101, Total time for this iteration: 0.191451

Itr: 102, Total number of macro_nodes across all proc's: 162596 [min=1960 max=5702] expected=2540.562500
part1: id set creation (itr: 102)  (secs): 0.000437 
Itr: 102, global ID_set size across all proc's: 2002
part2: iterate and pack  (itr: 102)  (secs): 0.189812 
part3: serialize and update communication time  (secs): 0.000250 

part3: serialize and update nodes (itr: 102)  (secs): 0.001685 

Itr: 102, Total time for this iteration: 0.195101

Itr: 103, Total number of macro_nodes across all proc's: 160594 [min=1951 max=5627] expected=2509.281250
part1: id set creation (itr: 103)  (secs): 0.000445 
Itr: 103, global ID_set size across all proc's: 1951
part2: iterate and pack  (itr: 103)  (secs): 0.185040 
part3: serialize and update communication time  (secs): 0.000290 

part3: serialize and update nodes (itr: 103)  (secs): 0.001673 

Itr: 103, Total time for this iteration: 0.189944

Itr: 104, Total number of macro_nodes across all proc's: 158643 [min=1927 max=5532] expected=2478.796875
part1: id set creation (itr: 104)  (secs): 0.000234 
Itr: 104, global ID_set size across all proc's: 1940
part2: iterate and pack  (itr: 104)  (secs): 0.185501 
part3: serialize and update communication time  (secs): 0.000329 

part3: serialize and update nodes (itr: 104)  (secs): 0.001726 

Itr: 104, Total time for this iteration: 0.188350

Itr: 105, Total number of macro_nodes across all proc's: 156703 [min=1908 max=5428] expected=2448.484375
part1: id set creation (itr: 105)  (secs): 0.000306 
Itr: 105, global ID_set size across all proc's: 1826
part2: iterate and pack  (itr: 105)  (secs): 0.183960 
part3: serialize and update communication time  (secs): 0.000282 

part3: serialize and update nodes (itr: 105)  (secs): 0.002312 

Itr: 105, Total time for this iteration: 0.189385

Itr: 106, Total number of macro_nodes across all proc's: 154877 [min=1892 max=5333] expected=2419.953125
part1: id set creation (itr: 106)  (secs): 0.000261 
Itr: 106, global ID_set size across all proc's: 1789
part2: iterate and pack  (itr: 106)  (secs): 0.187637 
part3: serialize and update communication time  (secs): 0.000290 

part3: serialize and update nodes (itr: 106)  (secs): 0.001597 

Itr: 106, Total time for this iteration: 0.191897

Itr: 107, Total number of macro_nodes across all proc's: 153088 [min=1873 max=5257] expected=2392.000000
part1: id set creation (itr: 107)  (secs): 0.000251 
Itr: 107, global ID_set size across all proc's: 1711
part2: iterate and pack  (itr: 107)  (secs): 0.217859 
part3: serialize and update communication time  (secs): 0.000159 

part3: serialize and update nodes (itr: 107)  (secs): 0.001460 

Itr: 107, Total time for this iteration: 0.221522

Itr: 108, Total number of macro_nodes across all proc's: 151377 [min=1859 max=5159] expected=2365.265625
part1: id set creation (itr: 108)  (secs): 0.000240 
Itr: 108, global ID_set size across all proc's: 1640
part2: iterate and pack  (itr: 108)  (secs): 0.181075 
part3: serialize and update communication time  (secs): 0.000309 

part3: serialize and update nodes (itr: 108)  (secs): 0.001536 

Itr: 108, Total time for this iteration: 0.184164

Itr: 109, Total number of macro_nodes across all proc's: 149737 [min=1850 max=5068] expected=2339.640625
part1: id set creation (itr: 109)  (secs): 0.000337 
Itr: 109, global ID_set size across all proc's: 1564
part2: iterate and pack  (itr: 109)  (secs): 0.169940 
part3: serialize and update communication time  (secs): 0.000142 

part3: serialize and update nodes (itr: 109)  (secs): 0.001226 

Itr: 109, Total time for this iteration: 0.174336

Itr: 110, Total number of macro_nodes across all proc's: 148173 [min=1840 max=4979] expected=2315.203125
part1: id set creation (itr: 110)  (secs): 0.000252 
Itr: 110, global ID_set size across all proc's: 1528
part2: iterate and pack  (itr: 110)  (secs): 0.178513 
part3: serialize and update communication time  (secs): 0.000170 

part3: serialize and update nodes (itr: 110)  (secs): 0.001607 

Itr: 110, Total time for this iteration: 0.182802

Itr: 111, Total number of macro_nodes across all proc's: 146645 [min=1818 max=4890] expected=2291.328125
part1: id set creation (itr: 111)  (secs): 0.000295 
Itr: 111, global ID_set size across all proc's: 1513
part2: iterate and pack  (itr: 111)  (secs): 0.207962 
part3: serialize and update communication time  (secs): 0.000261 

part3: serialize and update nodes (itr: 111)  (secs): 0.001681 

Itr: 111, Total time for this iteration: 0.212567

Itr: 112, Total number of macro_nodes across all proc's: 145132 [min=1807 max=4801] expected=2267.687500
part1: id set creation (itr: 112)  (secs): 0.000349 
Itr: 112, global ID_set size across all proc's: 1586
part2: iterate and pack  (itr: 112)  (secs): 0.187932 
part3: serialize and update communication time  (secs): 0.000363 

part3: serialize and update nodes (itr: 112)  (secs): 0.002064 

Itr: 112, Total time for this iteration: 0.193416

Itr: 113, Total number of macro_nodes across all proc's: 143546 [min=1795 max=4694] expected=2242.906250
part1: id set creation (itr: 113)  (secs): 0.000256 
Itr: 113, global ID_set size across all proc's: 1609
part2: iterate and pack  (itr: 113)  (secs): 0.172716 
part3: serialize and update communication time  (secs): 0.000343 

part3: serialize and update nodes (itr: 113)  (secs): 0.003375 

Itr: 113, Total time for this iteration: 0.179361

Itr: 114, Total number of macro_nodes across all proc's: 141937 [min=1770 max=4594] expected=2217.765625
part1: id set creation (itr: 114)  (secs): 0.000261 
Itr: 114, global ID_set size across all proc's: 1647
part2: iterate and pack  (itr: 114)  (secs): 0.200191 
part3: serialize and update communication time  (secs): 0.000283 

part3: serialize and update nodes (itr: 114)  (secs): 0.001807 

Itr: 114, Total time for this iteration: 0.204393

Itr: 115, Total number of macro_nodes across all proc's: 140290 [min=1747 max=4495] expected=2192.031250
part1: id set creation (itr: 115)  (secs): 0.000294 
Itr: 115, global ID_set size across all proc's: 1687
part2: iterate and pack  (itr: 115)  (secs): 0.200875 
part3: serialize and update communication time  (secs): 0.000370 

part3: serialize and update nodes (itr: 115)  (secs): 0.002147 

Itr: 115, Total time for this iteration: 0.207523

Itr: 116, Total number of macro_nodes across all proc's: 138603 [min=1732 max=4371] expected=2165.671875
part1: id set creation (itr: 116)  (secs): 0.000394 
Itr: 116, global ID_set size across all proc's: 1846
part2: iterate and pack  (itr: 116)  (secs): 0.201268 
part3: serialize and update communication time  (secs): 0.000303 

part3: serialize and update nodes (itr: 116)  (secs): 0.001946 

Itr: 116, Total time for this iteration: 0.206254

Itr: 117, Total number of macro_nodes across all proc's: 136757 [min=1698 max=4288] expected=2136.828125
part1: id set creation (itr: 117)  (secs): 0.000268 
Itr: 117, global ID_set size across all proc's: 2014
part2: iterate and pack  (itr: 117)  (secs): 0.193201 
part3: serialize and update communication time  (secs): 0.003144 

part3: serialize and update nodes (itr: 117)  (secs): 0.005693 

Itr: 117, Total time for this iteration: 0.201826

Itr: 118, Total number of macro_nodes across all proc's: 134743 [min=1669 max=4181] expected=2105.359375
part1: id set creation (itr: 118)  (secs): 0.000271 
Itr: 118, global ID_set size across all proc's: 2167
part2: iterate and pack  (itr: 118)  (secs): 0.229957 
part3: serialize and update communication time  (secs): 0.000537 

part3: serialize and update nodes (itr: 118)  (secs): 0.002334 

Itr: 118, Total time for this iteration: 0.234885

Itr: 119, Total number of macro_nodes across all proc's: 132576 [min=1640 max=4072] expected=2071.500000
part1: id set creation (itr: 119)  (secs): 0.000363 
Itr: 119, global ID_set size across all proc's: 2287
part2: iterate and pack  (itr: 119)  (secs): 0.183071 
part3: serialize and update communication time  (secs): 0.000202 

part3: serialize and update nodes (itr: 119)  (secs): 0.001646 

Itr: 119, Total time for this iteration: 0.187644

Itr: 120, Total number of macro_nodes across all proc's: 130289 [min=1616 max=3966] expected=2035.765625
part1: id set creation (itr: 120)  (secs): 0.000261 
Itr: 120, global ID_set size across all proc's: 2291
part2: iterate and pack  (itr: 120)  (secs): 0.194187 
part3: serialize and update communication time  (secs): 0.000310 

part3: serialize and update nodes (itr: 120)  (secs): 0.001449 

Itr: 120, Total time for this iteration: 0.198459

Itr: 121, Total number of macro_nodes across all proc's: 127998 [min=1591 max=3892] expected=1999.968750
part1: id set creation (itr: 121)  (secs): 0.000252 
Itr: 121, global ID_set size across all proc's: 2104
part2: iterate and pack  (itr: 121)  (secs): 0.179756 
part3: serialize and update communication time  (secs): 0.000245 

part3: serialize and update nodes (itr: 121)  (secs): 0.001241 

Itr: 121, Total time for this iteration: 0.183382

Itr: 122, Total number of macro_nodes across all proc's: 125894 [min=1543 max=3825] expected=1967.093750
part1: id set creation (itr: 122)  (secs): 0.000222 
Itr: 122, global ID_set size across all proc's: 1828
part2: iterate and pack  (itr: 122)  (secs): 0.182447 
part3: serialize and update communication time  (secs): 0.000286 

part3: serialize and update nodes (itr: 122)  (secs): 0.001505 

Itr: 122, Total time for this iteration: 0.186440

Itr: 123, Total number of macro_nodes across all proc's: 124066 [min=1514 max=3752] expected=1938.531250
part1: id set creation (itr: 123)  (secs): 0.000214 
Itr: 123, global ID_set size across all proc's: 1721
part2: iterate and pack  (itr: 123)  (secs): 0.183016 
part3: serialize and update communication time  (secs): 0.000210 

part3: serialize and update nodes (itr: 123)  (secs): 0.001363 

Itr: 123, Total time for this iteration: 0.186544

Itr: 124, Total number of macro_nodes across all proc's: 122345 [min=1478 max=3672] expected=1911.640625
part1: id set creation (itr: 124)  (secs): 0.000216 
Itr: 124, global ID_set size across all proc's: 1531
part2: iterate and pack  (itr: 124)  (secs): 0.176221 
part3: serialize and update communication time  (secs): 0.000150 

part3: serialize and update nodes (itr: 124)  (secs): 0.001118 

Itr: 124, Total time for this iteration: 0.179593

Itr: 125, Total number of macro_nodes across all proc's: 120814 [min=1445 max=3611] expected=1887.718750
part1: id set creation (itr: 125)  (secs): 0.000182 
Itr: 125, global ID_set size across all proc's: 1373
part2: iterate and pack  (itr: 125)  (secs): 0.168251 
part3: serialize and update communication time  (secs): 0.000152 

part3: serialize and update nodes (itr: 125)  (secs): 0.000980 

Itr: 125, Total time for this iteration: 0.169847

Itr: 126, Total number of macro_nodes across all proc's: 119441 [min=1429 max=3566] expected=1866.265625
part1: id set creation (itr: 126)  (secs): 0.000215 
Itr: 126, global ID_set size across all proc's: 1215
part2: iterate and pack  (itr: 126)  (secs): 0.174136 
part3: serialize and update communication time  (secs): 0.000162 

part3: serialize and update nodes (itr: 126)  (secs): 0.001084 

Itr: 126, Total time for this iteration: 0.178119

Itr: 127, Total number of macro_nodes across all proc's: 118226 [min=1413 max=3519] expected=1847.281250
part1: id set creation (itr: 127)  (secs): 0.000180 
Itr: 127, global ID_set size across all proc's: 1119
part2: iterate and pack  (itr: 127)  (secs): 0.163693 
part3: serialize and update communication time  (secs): 0.000274 

part3: serialize and update nodes (itr: 127)  (secs): 0.001274 

Itr: 127, Total time for this iteration: 0.165650

Itr: 128, Total number of macro_nodes across all proc's: 117107 [min=1405 max=3457] expected=1829.796875
part1: id set creation (itr: 128)  (secs): 0.000233 
Itr: 128, global ID_set size across all proc's: 1263
part2: iterate and pack  (itr: 128)  (secs): 0.172163 
part3: serialize and update communication time  (secs): 0.000240 

part3: serialize and update nodes (itr: 128)  (secs): 0.001747 

Itr: 128, Total time for this iteration: 0.176106

Itr: 129, Total number of macro_nodes across all proc's: 115844 [min=1387 max=3414] expected=1810.062500
part1: id set creation (itr: 129)  (secs): 0.000182 
Itr: 129, global ID_set size across all proc's: 1489
part2: iterate and pack  (itr: 129)  (secs): 0.168960 
part3: serialize and update communication time  (secs): 0.000162 

part3: serialize and update nodes (itr: 129)  (secs): 0.001181 

Itr: 129, Total time for this iteration: 0.171001

Itr: 130, Total number of macro_nodes across all proc's: 114355 [min=1368 max=3371] expected=1786.796875
part1: id set creation (itr: 130)  (secs): 0.000171 
Itr: 130, global ID_set size across all proc's: 1332
part2: iterate and pack  (itr: 130)  (secs): 0.170990 
part3: serialize and update communication time  (secs): 0.000276 

part3: serialize and update nodes (itr: 130)  (secs): 0.001526 

Itr: 130, Total time for this iteration: 0.173190

Itr: 131, Total number of macro_nodes across all proc's: 113023 [min=1353 max=3311] expected=1765.984375
part1: id set creation (itr: 131)  (secs): 0.000174 
Itr: 131, global ID_set size across all proc's: 1274
part2: iterate and pack  (itr: 131)  (secs): 0.157474 
part3: serialize and update communication time  (secs): 0.000270 

part3: serialize and update nodes (itr: 131)  (secs): 0.001183 

Itr: 131, Total time for this iteration: 0.159350

Itr: 132, Total number of macro_nodes across all proc's: 111749 [min=1337 max=3272] expected=1746.078125
part1: id set creation (itr: 132)  (secs): 0.000196 
Itr: 132, global ID_set size across all proc's: 1366
part2: iterate and pack  (itr: 132)  (secs): 0.168951 
part3: serialize and update communication time  (secs): 0.000238 

part3: serialize and update nodes (itr: 132)  (secs): 0.001159 

Itr: 132, Total time for this iteration: 0.172461

Itr: 133, Total number of macro_nodes across all proc's: 110383 [min=1322 max=3227] expected=1724.734375
part1: id set creation (itr: 133)  (secs): 0.000192 
Itr: 133, global ID_set size across all proc's: 1380
part2: iterate and pack  (itr: 133)  (secs): 0.172887 
part3: serialize and update communication time  (secs): 0.000294 

part3: serialize and update nodes (itr: 133)  (secs): 0.002757 

Itr: 133, Total time for this iteration: 0.177692

Itr: 134, Total number of macro_nodes across all proc's: 109003 [min=1306 max=3181] expected=1703.171875
part1: id set creation (itr: 134)  (secs): 0.000223 
Itr: 134, global ID_set size across all proc's: 1493
part2: iterate and pack  (itr: 134)  (secs): 0.175370 
part3: serialize and update communication time  (secs): 0.000259 

part3: serialize and update nodes (itr: 134)  (secs): 0.001122 

Itr: 134, Total time for this iteration: 0.178899

Itr: 135, Total number of macro_nodes across all proc's: 107510 [min=1279 max=3123] expected=1679.843750
part1: id set creation (itr: 135)  (secs): 0.000161 
Itr: 135, global ID_set size across all proc's: 1420
part2: iterate and pack  (itr: 135)  (secs): 0.176210 
part3: serialize and update communication time  (secs): 0.000302 

part3: serialize and update nodes (itr: 135)  (secs): 0.001359 

Itr: 135, Total time for this iteration: 0.178198

Itr: 136, Total number of macro_nodes across all proc's: 106090 [min=1255 max=3074] expected=1657.656250
part1: id set creation (itr: 136)  (secs): 0.000196 
Itr: 136, global ID_set size across all proc's: 1309
part2: iterate and pack  (itr: 136)  (secs): 0.183349 
part3: serialize and update communication time  (secs): 0.000321 

part3: serialize and update nodes (itr: 136)  (secs): 0.001428 

Itr: 136, Total time for this iteration: 0.187352

Itr: 137, Total number of macro_nodes across all proc's: 104781 [min=1240 max=3020] expected=1637.203125
part1: id set creation (itr: 137)  (secs): 0.000162 
Itr: 137, global ID_set size across all proc's: 1308
part2: iterate and pack  (itr: 137)  (secs): 0.169551 
part3: serialize and update communication time  (secs): 0.000320 

part3: serialize and update nodes (itr: 137)  (secs): 0.001488 

Itr: 137, Total time for this iteration: 0.171765

Itr: 138, Total number of macro_nodes across all proc's: 103473 [min=1225 max=2959] expected=1616.765625
part1: id set creation (itr: 138)  (secs): 0.000191 
Itr: 138, global ID_set size across all proc's: 1318
part2: iterate and pack  (itr: 138)  (secs): 0.163170 
part3: serialize and update communication time  (secs): 0.000261 

part3: serialize and update nodes (itr: 138)  (secs): 0.001206 

Itr: 138, Total time for this iteration: 0.166579

Itr: 139, Total number of macro_nodes across all proc's: 102155 [min=1209 max=2879] expected=1596.171875
part1: id set creation (itr: 139)  (secs): 0.000159 
Itr: 139, global ID_set size across all proc's: 1324
part2: iterate and pack  (itr: 139)  (secs): 0.165123 
part3: serialize and update communication time  (secs): 0.000182 

part3: serialize and update nodes (itr: 139)  (secs): 0.001274 

Itr: 139, Total time for this iteration: 0.167103

Itr: 140, Total number of macro_nodes across all proc's: 100831 [min=1187 max=2819] expected=1575.484375
part1: id set creation (itr: 140)  (secs): 0.000183 
Itr: 140, global ID_set size across all proc's: 1480
part2: iterate and pack  (itr: 140)  (secs): 0.154836 
part3: serialize and update communication time  (secs): 0.000268 

part3: serialize and update nodes (itr: 140)  (secs): 0.001093 

Itr: 140, Total time for this iteration: 0.157950

Itr: 141, Total number of macro_nodes across all proc's: 99351 [min=1165 max=2774] expected=1552.359375
Average time for part1: id set creation across all procs (secs): 0.364375 
Average time for part2: packing nodes across all procs (secs): 35.524066 
Average time for part3: update nodes across all procs (secs): 3.109127 
Average time for phase to merge and dropping of nodes across all procs (secs): 39.483210 

Average time for Alltoall in Serialize and Transfer (secs): 0.013545 
Average time for AlltoallV in Serialize and Transfer (secs): 0.141197 
[StopClock: pakman-original-elapsed-time-no-io]: 65.8033 sec

[StopClock: pakman-original-elapsed-time-full]: 69.8358 sec

