num_buckets not specified with -t, set to default value num_buckets=21
node_threashold not specified with -n, set to default value node_threashold=100K
K-mer size: 32, L-mer size: 8, Number of Processes: 128, MAX_KMER_COUNT: 1000000000 Coverage: 100,Avg read length: 100, Num buckets: 21, Node threshold: 100000
Average time for MPI_FIle_Open (secs): 0.110685 
Average time for MPI_FIle_Read (secs): 0.325423 
Average time for MPI_FIle_copy (secs): 0.041318 
Average time for MPI_FIle_Close (secs): 0.010665 
Average time for reading and storing the Reads in each proc's memory (secs): 0.488261 
Total number of reads: 30000000
Average time for Alltoall across all procs (secs): 0.000089 
Average time for pack_sbuf_time across all procs (secs): 0.000000 
Average time for AlltoallV across all procs (secs): 0.226726 
Average time for unpack_rbuf_time across all procs (secs): 0.831740 
Average time for unpack_rbuf_time:sort across all procs (secs): 0.735203 
Average time for unpack_rbuf_time:insert across all procs (secs): 0.051962 
Average time for unpack_rbuf_time:acc across all procs (secs): 0.044267 
Average time for partial Sliding Window across all procs (secs): 0.000000 
Average time for Sliding Window across all procs (secs): 3.259400 
Average time for lmer Sliding Window across all procs (secs): 0.044939 
Average time for vector insert across all procs (secs): 0.000000 
Average time for temp_map insert across all procs (secs): 0.000000 
Average number of re-calculations of min l-mer across all procs (secs): 0.000000 
Average time for performing k-mer counting across all procs (secs): 3.313282 
Total distinct k-mer entries across all proc's: 415814444
Number of batch iterations: 1 
Number of threads: 96
Total valid (>= min_bucket(20)) k-mer entries across all proc's: 17682805 
**********************************************************************

Average time for communication in Transfer of MN nodes (secs): 0.014200 
Average time for Re-grouping for k-mers across all procs (secs): 0.102725 
Average time for identifying the macro_nodes (secs): 0.044081 
Average time for sorting the pref/suff kmer buffers (secs): 0.054260 
Average time for populating the suff and pref buffers (secs): 0.117656 
Average time for constructing MN map across all procs (secs): 0.218451 
Total number of macro_nodes across all proc's: 17516875
Average time for MN node construction across all procs (secs): 1.148362 
Average time for initial wiring of MN nodes across all procs (secs): 0.115016 

Itr: 1, Total number of macro_nodes across all proc's: 17516875 [min=129260 max=152321] expected=136850.585938
part1: id set creation (itr: 1)  (secs): 0.009414 
Itr: 1, global ID_set size across all proc's: 5080916
part2: iterate and pack  (itr: 1)  (secs): 0.577898 
part3: serialize and update communication time  (secs): 0.011771 

part3: serialize and update nodes (itr: 1)  (secs): 0.146572 

Itr: 1, Total time for this iteration: 0.738122

Itr: 2, Total number of macro_nodes across all proc's: 12435959 [min=90573 max=111340] expected=97155.929688
part1: id set creation (itr: 2)  (secs): 0.007966 
Itr: 2, global ID_set size across all proc's: 3095668
part2: iterate and pack  (itr: 2)  (secs): 0.443889 
part3: serialize and update communication time  (secs): 0.007273 

part3: serialize and update nodes (itr: 2)  (secs): 0.100738 

Itr: 2, Total time for this iteration: 0.571906

Itr: 3, Total number of macro_nodes across all proc's: 9340291 [min=67488 max=85314] expected=72971.023438
part1: id set creation (itr: 3)  (secs): 0.009853 
Itr: 3, global ID_set size across all proc's: 2312287
part2: iterate and pack  (itr: 3)  (secs): 0.401519 
part3: serialize and update communication time  (secs): 0.005798 

part3: serialize and update nodes (itr: 3)  (secs): 0.081553 

Itr: 3, Total time for this iteration: 0.523907

Itr: 4, Total number of macro_nodes across all proc's: 7028004 [min=50680 max=65809] expected=54906.281250
part1: id set creation (itr: 4)  (secs): 0.005314 
Itr: 4, global ID_set size across all proc's: 1760858
part2: iterate and pack  (itr: 4)  (secs): 0.354234 
part3: serialize and update communication time  (secs): 0.003891 

part3: serialize and update nodes (itr: 4)  (secs): 0.053346 

Itr: 4, Total time for this iteration: 0.416325

Itr: 5, Total number of macro_nodes across all proc's: 5267146 [min=37979 max=51454] expected=41149.578125
part1: id set creation (itr: 5)  (secs): 0.003993 
Itr: 5, global ID_set size across all proc's: 1289868
part2: iterate and pack  (itr: 5)  (secs): 0.310860 
part3: serialize and update communication time  (secs): 0.003412 

part3: serialize and update nodes (itr: 5)  (secs): 0.041566 

Itr: 5, Total time for this iteration: 0.359446

Itr: 6, Total number of macro_nodes across all proc's: 3977278 [min=28507 max=40711] expected=31072.484375
part1: id set creation (itr: 6)  (secs): 0.002954 
Itr: 6, global ID_set size across all proc's: 964578
part2: iterate and pack  (itr: 6)  (secs): 0.288974 
part3: serialize and update communication time  (secs): 0.002992 

part3: serialize and update nodes (itr: 6)  (secs): 0.030583 

Itr: 6, Total time for this iteration: 0.325352

Itr: 7, Total number of macro_nodes across all proc's: 3012700 [min=21488 max=32520] expected=23536.718750
part1: id set creation (itr: 7)  (secs): 0.002154 
Itr: 7, global ID_set size across all proc's: 710975
part2: iterate and pack  (itr: 7)  (secs): 0.270314 
part3: serialize and update communication time  (secs): 0.003334 

part3: serialize and update nodes (itr: 7)  (secs): 0.024586 

Itr: 7, Total time for this iteration: 0.302134

Itr: 8, Total number of macro_nodes across all proc's: 2301725 [min=16186 max=25955] expected=17982.226562
part1: id set creation (itr: 8)  (secs): 0.001675 
Itr: 8, global ID_set size across all proc's: 533576
part2: iterate and pack  (itr: 8)  (secs): 0.238997 
part3: serialize and update communication time  (secs): 0.003705 

part3: serialize and update nodes (itr: 8)  (secs): 0.020109 

Itr: 8, Total time for this iteration: 0.269044

Itr: 9, Total number of macro_nodes across all proc's: 1768149 [min=12425 max=20803] expected=13813.664062
part1: id set creation (itr: 9)  (secs): 0.001357 
Itr: 9, global ID_set size across all proc's: 405725
part2: iterate and pack  (itr: 9)  (secs): 0.229133 
part3: serialize and update communication time  (secs): 0.004493 

part3: serialize and update nodes (itr: 9)  (secs): 0.018427 

Itr: 9, Total time for this iteration: 0.254820

Itr: 10, Total number of macro_nodes across all proc's: 1362424 [min=9503 max=16984] expected=10643.937500
part1: id set creation (itr: 10)  (secs): 0.001061 
Itr: 10, global ID_set size across all proc's: 308283
part2: iterate and pack  (itr: 10)  (secs): 0.219732 
part3: serialize and update communication time  (secs): 0.001918 

part3: serialize and update nodes (itr: 10)  (secs): 0.013373 

Itr: 10, Total time for this iteration: 0.242009

Itr: 11, Total number of macro_nodes across all proc's: 1054141 [min=7335 max=13608] expected=8235.476562
part1: id set creation (itr: 11)  (secs): 0.000748 
Itr: 11, global ID_set size across all proc's: 233536
part2: iterate and pack  (itr: 11)  (secs): 0.201657 
part3: serialize and update communication time  (secs): 0.001231 

part3: serialize and update nodes (itr: 11)  (secs): 0.010203 

Itr: 11, Total time for this iteration: 0.214995

Itr: 12, Total number of macro_nodes across all proc's: 820605 [min=5708 max=11052] expected=6410.976562
part1: id set creation (itr: 12)  (secs): 0.000531 
Itr: 12, global ID_set size across all proc's: 177002
part2: iterate and pack  (itr: 12)  (secs): 0.192126 
part3: serialize and update communication time  (secs): 0.001080 

part3: serialize and update nodes (itr: 12)  (secs): 0.008292 

Itr: 12, Total time for this iteration: 0.203128

Itr: 13, Total number of macro_nodes across all proc's: 643603 [min=4432 max=9013] expected=5028.148438
part1: id set creation (itr: 13)  (secs): 0.000416 
Itr: 13, global ID_set size across all proc's: 135065
part2: iterate and pack  (itr: 13)  (secs): 0.182806 
part3: serialize and update communication time  (secs): 0.000852 

part3: serialize and update nodes (itr: 13)  (secs): 0.006347 

Itr: 13, Total time for this iteration: 0.191062

Itr: 14, Total number of macro_nodes across all proc's: 508538 [min=3502 max=7462] expected=3972.953125
part1: id set creation (itr: 14)  (secs): 0.000334 
Itr: 14, global ID_set size across all proc's: 103078
part2: iterate and pack  (itr: 14)  (secs): 0.189187 
part3: serialize and update communication time  (secs): 0.000646 

part3: serialize and update nodes (itr: 14)  (secs): 0.006013 

Itr: 14, Total time for this iteration: 0.197385

Itr: 15, Total number of macro_nodes across all proc's: 405460 [min=2737 max=6326] expected=3167.656250
part1: id set creation (itr: 15)  (secs): 0.000271 
Itr: 15, global ID_set size across all proc's: 79444
part2: iterate and pack  (itr: 15)  (secs): 0.172383 
part3: serialize and update communication time  (secs): 0.000618 

part3: serialize and update nodes (itr: 15)  (secs): 0.004525 

Itr: 15, Total time for this iteration: 0.178833

Itr: 16, Total number of macro_nodes across all proc's: 326016 [min=2168 max=5370] expected=2547.000000
part1: id set creation (itr: 16)  (secs): 0.000214 
Itr: 16, global ID_set size across all proc's: 61628
part2: iterate and pack  (itr: 16)  (secs): 0.179084 
part3: serialize and update communication time  (secs): 0.000597 

part3: serialize and update nodes (itr: 16)  (secs): 0.004029 

Itr: 16, Total time for this iteration: 0.184235

Itr: 17, Total number of macro_nodes across all proc's: 264388 [min=1754 max=4634] expected=2065.531250
part1: id set creation (itr: 17)  (secs): 0.000174 
Itr: 17, global ID_set size across all proc's: 47570
part2: iterate and pack  (itr: 17)  (secs): 0.159591 
part3: serialize and update communication time  (secs): 0.000573 

part3: serialize and update nodes (itr: 17)  (secs): 0.003679 

Itr: 17, Total time for this iteration: 0.164335

Itr: 18, Total number of macro_nodes across all proc's: 216818 [min=1408 max=4010] expected=1693.890625
part1: id set creation (itr: 18)  (secs): 0.000145 
Itr: 18, global ID_set size across all proc's: 37028
part2: iterate and pack  (itr: 18)  (secs): 0.160961 
part3: serialize and update communication time  (secs): 0.000508 

part3: serialize and update nodes (itr: 18)  (secs): 0.003493 

Itr: 18, Total time for this iteration: 0.165616

Itr: 19, Total number of macro_nodes across all proc's: 179790 [min=1165 max=3492] expected=1404.609375
part1: id set creation (itr: 19)  (secs): 0.000118 
Itr: 19, global ID_set size across all proc's: 28440
part2: iterate and pack  (itr: 19)  (secs): 0.173873 
part3: serialize and update communication time  (secs): 0.000429 

part3: serialize and update nodes (itr: 19)  (secs): 0.002812 

Itr: 19, Total time for this iteration: 0.177534

Itr: 20, Total number of macro_nodes across all proc's: 151350 [min=947 max=3061] expected=1182.421875
part1: id set creation (itr: 20)  (secs): 0.000100 
Itr: 20, global ID_set size across all proc's: 21601
part2: iterate and pack  (itr: 20)  (secs): 0.144036 
part3: serialize and update communication time  (secs): 0.000404 

part3: serialize and update nodes (itr: 20)  (secs): 0.002380 

Itr: 20, Total time for this iteration: 0.147164

Itr: 21, Total number of macro_nodes across all proc's: 129749 [min=766 max=2742] expected=1013.664062
part1: id set creation (itr: 21)  (secs): 0.000086 
Itr: 21, global ID_set size across all proc's: 16375
part2: iterate and pack  (itr: 21)  (secs): 0.141956 
part3: serialize and update communication time  (secs): 0.000353 

part3: serialize and update nodes (itr: 21)  (secs): 0.002208 

Itr: 21, Total time for this iteration: 0.144850

Itr: 22, Total number of macro_nodes across all proc's: 113374 [min=661 max=2478] expected=885.734375
part1: id set creation (itr: 22)  (secs): 0.000075 
Itr: 22, global ID_set size across all proc's: 12699
part2: iterate and pack  (itr: 22)  (secs): 0.158658 
part3: serialize and update communication time  (secs): 0.000383 

part3: serialize and update nodes (itr: 22)  (secs): 0.001944 

Itr: 22, Total time for this iteration: 0.161251

Itr: 23, Total number of macro_nodes across all proc's: 100675 [min=571 max=2263] expected=786.523438
part1: id set creation (itr: 23)  (secs): 0.000068 
Itr: 23, global ID_set size across all proc's: 10048
part2: iterate and pack  (itr: 23)  (secs): 0.148190 
part3: serialize and update communication time  (secs): 0.000274 

part3: serialize and update nodes (itr: 23)  (secs): 0.001538 

Itr: 23, Total time for this iteration: 0.150344

Itr: 24, Total number of macro_nodes across all proc's: 90627 [min=505 max=2089] expected=708.023438
Average time for part1: id set creation across all procs (secs): 0.049020 
Average time for part2: packing nodes across all procs (secs): 5.540056 
Average time for part3: update nodes across all procs (secs): 0.588316 
Average time for phase to merge and dropping of nodes across all procs (secs): 6.283805 

Average time for Alltoall in Serialize and Transfer (secs): 0.003520 
Average time for AlltoallV in Serialize and Transfer (secs): 0.053016 
[StopClock: pakman-original-elapsed-time-no-io]: 11.1416 sec

[StopClock: pakman-original-elapsed-time-full]: 14.5752 sec

