num_buckets not specified with -t, set to default value num_buckets=21
node_threashold not specified with -n, set to default value node_threashold=100K
K-mer size: 32, L-mer size: 8, Number of Processes: 8, MAX_KMER_COUNT: 1000000000 Coverage: 100,Avg read length: 100, Num buckets: 21, Node threshold: 100000
Average time for MPI_FIle_Open (secs): 0.020187 
Average time for MPI_FIle_Read (secs): 0.627336 
Average time for MPI_FIle_copy (secs): 0.656038 
Average time for MPI_FIle_Close (secs): 0.003035 
Average time for reading and storing the Reads in each proc's memory (secs): 1.307254 
Total number of reads: 30000000
Average time for Alltoall across all procs (secs): 0.000066 
Average time for pack_sbuf_time across all procs (secs): 0.000000 
Average time for AlltoallV across all procs (secs): 0.177395 
Average time for unpack_rbuf_time across all procs (secs): 17.345960 
Average time for unpack_rbuf_time:sort across all procs (secs): 6.952090 
Average time for unpack_rbuf_time:insert across all procs (secs): 0.456126 
Average time for unpack_rbuf_time:acc across all procs (secs): 9.936800 
Average time for partial Sliding Window across all procs (secs): 0.000000 
Average time for Sliding Window across all procs (secs): 23.642863 
Average time for lmer Sliding Window across all procs (secs): 0.721071 
Average time for vector insert across all procs (secs): 10.365561 
Average time for temp_map insert across all procs (secs): 33.815633 
Average number of re-calculations of min l-mer across all procs (secs): 18622399.375000 
Average time for performing k-mer counting across all procs (secs): 76.623074 
Total distinct k-mer entries across all proc's: 415814444
Number of batch iterations: 1 
Number of threads: 96
Total valid (>= min_bucket(20)) k-mer entries across all proc's: 17682805 
**********************************************************************

Average time for communication in Transfer of MN nodes (secs): 0.017941 
Average time for Re-grouping for k-mers across all procs (secs): 0.350838 
Average time for identifying the macro_nodes (secs): 0.708216 
Average time for sorting the pref/suff kmer buffers (secs): 0.632106 
Average time for populating the suff and pref buffers (secs): 1.813393 
Average time for constructing MN map across all procs (secs): 3.173916 
Total number of macro_nodes across all proc's: 17516875
Average time for MN node construction across all procs (secs): 3.668122 
Average time for initial wiring of MN nodes across all procs (secs): 2.070194 

Itr: 1, Total number of macro_nodes across all proc's: 17516875 [min=2143587 max=2216097] expected=2189609.375000
part1: id set creation (itr: 1)  (secs): 0.189989 
Itr: 1, global ID_set size across all proc's: 5080916
part2: iterate and pack  (itr: 1)  (secs): 6.069683 
part3: serialize and update communication time  (secs): 0.015019 

part3: serialize and update nodes (itr: 1)  (secs): 1.996082 

Itr: 1, Total time for this iteration: 8.263620

Itr: 2, Total number of macro_nodes across all proc's: 12435959 [min=1514186 max=1581341] expected=1554494.875000
part1: id set creation (itr: 2)  (secs): 0.155789 
Itr: 2, global ID_set size across all proc's: 3095662
part2: iterate and pack  (itr: 2)  (secs): 4.345939 
part3: serialize and update communication time  (secs): 0.010671 

part3: serialize and update nodes (itr: 2)  (secs): 1.305536 

Itr: 2, Total time for this iteration: 5.813843

Itr: 3, Total number of macro_nodes across all proc's: 9340297 [min=1134483 max=1192334] expected=1167537.125000
part1: id set creation (itr: 3)  (secs): 0.128627 
Itr: 3, global ID_set size across all proc's: 2312294
part2: iterate and pack  (itr: 3)  (secs): 3.539018 
part3: serialize and update communication time  (secs): 0.008201 

part3: serialize and update nodes (itr: 3)  (secs): 1.001998 

Itr: 3, Total time for this iteration: 4.681852

Itr: 4, Total number of macro_nodes across all proc's: 7028003 [min=850068 max=899745] expected=878500.375000
part1: id set creation (itr: 4)  (secs): 0.107028 
Itr: 4, global ID_set size across all proc's: 1760843
part2: iterate and pack  (itr: 4)  (secs): 2.798767 
part3: serialize and update communication time  (secs): 0.006179 

part3: serialize and update nodes (itr: 4)  (secs): 0.779711 

Itr: 4, Total time for this iteration: 3.703787

Itr: 5, Total number of macro_nodes across all proc's: 5267160 [min=635197 max=676299] expected=658395.000000
part1: id set creation (itr: 5)  (secs): 0.081992 
Itr: 5, global ID_set size across all proc's: 1289836
part2: iterate and pack  (itr: 5)  (secs): 2.227118 
part3: serialize and update communication time  (secs): 0.005157 

part3: serialize and update nodes (itr: 5)  (secs): 0.589299 

Itr: 5, Total time for this iteration: 2.904536

Itr: 6, Total number of macro_nodes across all proc's: 3977324 [min=478862 max=518143] expected=497165.500000
part1: id set creation (itr: 6)  (secs): 0.065197 
Itr: 6, global ID_set size across all proc's: 964562
part2: iterate and pack  (itr: 6)  (secs): 1.788679 
part3: serialize and update communication time  (secs): 0.004195 

part3: serialize and update nodes (itr: 6)  (secs): 0.473932 

Itr: 6, Total time for this iteration: 2.340184

Itr: 7, Total number of macro_nodes across all proc's: 3012762 [min=362357 max=397617] expected=376595.250000
part1: id set creation (itr: 7)  (secs): 0.056321 
Itr: 7, global ID_set size across all proc's: 710977
part2: iterate and pack  (itr: 7)  (secs): 1.457225 
part3: serialize and update communication time  (secs): 0.003105 

part3: serialize and update nodes (itr: 7)  (secs): 0.340761 

Itr: 7, Total time for this iteration: 1.882437

Itr: 8, Total number of macro_nodes across all proc's: 2301785 [min=275589 max=305457] expected=287723.125000
part1: id set creation (itr: 8)  (secs): 0.041420 
Itr: 8, global ID_set size across all proc's: 533612
part2: iterate and pack  (itr: 8)  (secs): 1.177955 
part3: serialize and update communication time  (secs): 0.003507 

part3: serialize and update nodes (itr: 8)  (secs): 0.256239 

Itr: 8, Total time for this iteration: 1.481267

Itr: 9, Total number of macro_nodes across all proc's: 1768173 [min=210906 max=236541] expected=221021.625000
part1: id set creation (itr: 9)  (secs): 0.032863 
Itr: 9, global ID_set size across all proc's: 405786
part2: iterate and pack  (itr: 9)  (secs): 0.974325 
part3: serialize and update communication time  (secs): 0.002453 

part3: serialize and update nodes (itr: 9)  (secs): 0.202611 

Itr: 9, Total time for this iteration: 1.215007

Itr: 10, Total number of macro_nodes across all proc's: 1362387 [min=161814 max=184021] expected=170298.375000
part1: id set creation (itr: 10)  (secs): 0.025974 
Itr: 10, global ID_set size across all proc's: 308290
part2: iterate and pack  (itr: 10)  (secs): 0.834740 
part3: serialize and update communication time  (secs): 0.001956 

part3: serialize and update nodes (itr: 10)  (secs): 0.159385 

Itr: 10, Total time for this iteration: 1.024476

Itr: 11, Total number of macro_nodes across all proc's: 1054097 [min=124666 max=143231] expected=131762.125000
part1: id set creation (itr: 11)  (secs): 0.020487 
Itr: 11, global ID_set size across all proc's: 233500
part2: iterate and pack  (itr: 11)  (secs): 0.698831 
part3: serialize and update communication time  (secs): 0.001383 

part3: serialize and update nodes (itr: 11)  (secs): 0.125178 

Itr: 11, Total time for this iteration: 0.848821

Itr: 12, Total number of macro_nodes across all proc's: 820597 [min=96634 max=112019] expected=102574.625000
part1: id set creation (itr: 12)  (secs): 0.015993 
Itr: 12, global ID_set size across all proc's: 177014
part2: iterate and pack  (itr: 12)  (secs): 0.596908 
part3: serialize and update communication time  (secs): 0.001215 

part3: serialize and update nodes (itr: 12)  (secs): 0.096398 

Itr: 12, Total time for this iteration: 0.713179

Itr: 13, Total number of macro_nodes across all proc's: 643583 [min=75391 max=88349] expected=80447.875000
part1: id set creation (itr: 13)  (secs): 0.012479 
Itr: 13, global ID_set size across all proc's: 135065
part2: iterate and pack  (itr: 13)  (secs): 0.513663 
part3: serialize and update communication time  (secs): 0.001218 

part3: serialize and update nodes (itr: 13)  (secs): 0.075650 

Itr: 13, Total time for this iteration: 0.605012

Itr: 14, Total number of macro_nodes across all proc's: 508518 [min=59397 max=70409] expected=63564.750000
part1: id set creation (itr: 14)  (secs): 0.009801 
Itr: 14, global ID_set size across all proc's: 103084
part2: iterate and pack  (itr: 14)  (secs): 0.462915 
part3: serialize and update communication time  (secs): 0.001176 

part3: serialize and update nodes (itr: 14)  (secs): 0.060054 

Itr: 14, Total time for this iteration: 0.535441

Itr: 15, Total number of macro_nodes across all proc's: 405434 [min=47184 max=56395] expected=50679.250000
part1: id set creation (itr: 15)  (secs): 0.007652 
Itr: 15, global ID_set size across all proc's: 79441
part2: iterate and pack  (itr: 15)  (secs): 0.412552 
part3: serialize and update communication time  (secs): 0.000842 

part3: serialize and update nodes (itr: 15)  (secs): 0.047736 

Itr: 15, Total time for this iteration: 0.470414

Itr: 16, Total number of macro_nodes across all proc's: 325993 [min=37765 max=45729] expected=40749.125000
part1: id set creation (itr: 16)  (secs): 0.006067 
Itr: 16, global ID_set size across all proc's: 61651
part2: iterate and pack  (itr: 16)  (secs): 0.379012 
part3: serialize and update communication time  (secs): 0.000862 

part3: serialize and update nodes (itr: 16)  (secs): 0.039040 

Itr: 16, Total time for this iteration: 0.426561

Itr: 17, Total number of macro_nodes across all proc's: 264342 [min=30536 max=37450] expected=33042.750000
part1: id set creation (itr: 17)  (secs): 0.005076 
Itr: 17, global ID_set size across all proc's: 47583
part2: iterate and pack  (itr: 17)  (secs): 0.344306 
part3: serialize and update communication time  (secs): 0.000757 

part3: serialize and update nodes (itr: 17)  (secs): 0.031016 

Itr: 17, Total time for this iteration: 0.384018

Itr: 18, Total number of macro_nodes across all proc's: 216759 [min=24906 max=30843] expected=27094.875000
part1: id set creation (itr: 18)  (secs): 0.003883 
Itr: 18, global ID_set size across all proc's: 37021
part2: iterate and pack  (itr: 18)  (secs): 0.327334 
part3: serialize and update communication time  (secs): 0.000671 

part3: serialize and update nodes (itr: 18)  (secs): 0.024814 

Itr: 18, Total time for this iteration: 0.357651

Itr: 19, Total number of macro_nodes across all proc's: 179738 [min=20609 max=25810] expected=22467.250000
part1: id set creation (itr: 19)  (secs): 0.003103 
Itr: 19, global ID_set size across all proc's: 28406
part2: iterate and pack  (itr: 19)  (secs): 0.291257 
part3: serialize and update communication time  (secs): 0.000694 

part3: serialize and update nodes (itr: 19)  (secs): 0.019765 

Itr: 19, Total time for this iteration: 0.315646

Itr: 20, Total number of macro_nodes across all proc's: 151332 [min=17165 max=21998] expected=18916.500000
part1: id set creation (itr: 20)  (secs): 0.002503 
Itr: 20, global ID_set size across all proc's: 21607
part2: iterate and pack  (itr: 20)  (secs): 0.290051 
part3: serialize and update communication time  (secs): 0.000592 

part3: serialize and update nodes (itr: 20)  (secs): 0.015086 

Itr: 20, Total time for this iteration: 0.309037

Itr: 21, Total number of macro_nodes across all proc's: 129725 [min=14609 max=19004] expected=16215.625000
part1: id set creation (itr: 21)  (secs): 0.002095 
Itr: 21, global ID_set size across all proc's: 16389
part2: iterate and pack  (itr: 21)  (secs): 0.263094 
part3: serialize and update communication time  (secs): 0.000625 

part3: serialize and update nodes (itr: 21)  (secs): 0.012650 

Itr: 21, Total time for this iteration: 0.279061

Itr: 22, Total number of macro_nodes across all proc's: 113336 [min=12718 max=16702] expected=14167.000000
part1: id set creation (itr: 22)  (secs): 0.001778 
Itr: 22, global ID_set size across all proc's: 12717
part2: iterate and pack  (itr: 22)  (secs): 0.254791 
part3: serialize and update communication time  (secs): 0.000553 

part3: serialize and update nodes (itr: 22)  (secs): 0.011316 

Itr: 22, Total time for this iteration: 0.270990

Itr: 23, Total number of macro_nodes across all proc's: 100619 [min=11178 max=14925] expected=12577.375000
part1: id set creation (itr: 23)  (secs): 0.001754 
Itr: 23, global ID_set size across all proc's: 10056
part2: iterate and pack  (itr: 23)  (secs): 0.246333 
part3: serialize and update communication time  (secs): 0.000702 

part3: serialize and update nodes (itr: 23)  (secs): 0.008736 

Itr: 23, Total time for this iteration: 0.258836

Itr: 24, Total number of macro_nodes across all proc's: 90563 [min=9961 max=13494] expected=11320.375000
Average time for part1: id set creation across all procs (secs): 0.977872 
Average time for part2: packing nodes across all procs (secs): 30.294495 
Average time for part3: update nodes across all procs (secs): 7.672992 
Average time for phase to merge and dropping of nodes across all procs (secs): 39.085676 

Average time for Alltoall in Serialize and Transfer (secs): 0.000693 
Average time for AlltoallV in Serialize and Transfer (secs): 0.071040 
[StopClock: pakman-original-elapsed-time-no-io]: 129.047 sec

[StopClock: pakman-original-elapsed-time-full]: 131.24 sec

