num_buckets not specified with -t, set to default value num_buckets=21
node_threashold not specified with -n, set to default value node_threashold=100K
K-mer size: 32, L-mer size: 8, Number of Processes: 32, MAX_KMER_COUNT: 1000000000 Coverage: 100,Avg read length: 100, Num buckets: 21, Node threshold: 100000
Average time for MPI_FIle_Open (secs): 0.032917 
Average time for MPI_FIle_Read (secs): 0.357363 
Average time for MPI_FIle_copy (secs): 0.164612 
Average time for MPI_FIle_Close (secs): 0.004390 
Average time for reading and storing the Reads in each proc's memory (secs): 0.559475 
Total number of reads: 30000000
Average time for Alltoall across all procs (secs): 0.000084 
Average time for pack_sbuf_time across all procs (secs): 0.000000 
Average time for AlltoallV across all procs (secs): 0.299365 
Average time for unpack_rbuf_time across all procs (secs): 5.053096 
Average time for unpack_rbuf_time:sort across all procs (secs): 2.376700 
Average time for unpack_rbuf_time:insert across all procs (secs): 0.163320 
Average time for unpack_rbuf_time:acc across all procs (secs): 2.512722 
Average time for partial Sliding Window across all procs (secs): 0.000000 
Average time for Sliding Window across all procs (secs): 6.054194 
Average time for lmer Sliding Window across all procs (secs): 0.180281 
Average time for vector insert across all procs (secs): 2.699844 
Average time for temp_map insert across all procs (secs): 7.543059 
Average number of re-calculations of min l-mer across all procs (secs): 4655599.843750 
Average time for performing k-mer counting across all procs (secs): 19.480382 
Total distinct k-mer entries across all proc's: 415814444
Number of batch iterations: 1 
Number of threads: 96
Total valid (>= min_bucket(20)) k-mer entries across all proc's: 17682805 
**********************************************************************

Average time for communication in Transfer of MN nodes (secs): 0.012812 
Average time for Re-grouping for k-mers across all procs (secs): 0.130626 
Average time for identifying the macro_nodes (secs): 0.180769 
Average time for sorting the pref/suff kmer buffers (secs): 0.191101 
Average time for populating the suff and pref buffers (secs): 0.467156 
Average time for constructing MN map across all procs (secs): 0.845028 
Total number of macro_nodes across all proc's: 17516875
Average time for MN node construction across all procs (secs): 1.042026 
Average time for initial wiring of MN nodes across all procs (secs): 0.500555 

Itr: 1, Total number of macro_nodes across all proc's: 17516875 [min=527001 max=575152] expected=547402.343750
part1: id set creation (itr: 1)  (secs): 0.044608 
Itr: 1, global ID_set size across all proc's: 5080916
part2: iterate and pack  (itr: 1)  (secs): 1.672347 
part3: serialize and update communication time  (secs): 0.014642 

part3: serialize and update nodes (itr: 1)  (secs): 0.509704 

Itr: 1, Total time for this iteration: 2.234201

Itr: 2, Total number of macro_nodes across all proc's: 12435959 [min=370154 max=407141] expected=388623.718750
part1: id set creation (itr: 2)  (secs): 0.036711 
Itr: 2, global ID_set size across all proc's: 3095663
part2: iterate and pack  (itr: 2)  (secs): 1.193396 
part3: serialize and update communication time  (secs): 0.011072 

part3: serialize and update nodes (itr: 2)  (secs): 0.328063 

Itr: 2, Total time for this iteration: 1.563147

Itr: 3, Total number of macro_nodes across all proc's: 9340296 [min=278894 max=305020] expected=291884.250000
part1: id set creation (itr: 3)  (secs): 0.030014 
Itr: 3, global ID_set size across all proc's: 2312298
part2: iterate and pack  (itr: 3)  (secs): 1.001816 
part3: serialize and update communication time  (secs): 0.007899 

part3: serialize and update nodes (itr: 3)  (secs): 0.251386 

Itr: 3, Total time for this iteration: 1.288727

Itr: 4, Total number of macro_nodes across all proc's: 7027998 [min=210039 max=232058] expected=219624.937500
part1: id set creation (itr: 4)  (secs): 0.024479 
Itr: 4, global ID_set size across all proc's: 1760846
part2: iterate and pack  (itr: 4)  (secs): 0.839047 
part3: serialize and update communication time  (secs): 0.005963 

part3: serialize and update nodes (itr: 4)  (secs): 0.199310 

Itr: 4, Total time for this iteration: 1.079373

Itr: 5, Total number of macro_nodes across all proc's: 5267152 [min=156977 max=176950] expected=164598.500000
part1: id set creation (itr: 5)  (secs): 0.020055 
Itr: 5, global ID_set size across all proc's: 1289853
part2: iterate and pack  (itr: 5)  (secs): 0.708247 
part3: serialize and update communication time  (secs): 0.004359 

part3: serialize and update nodes (itr: 5)  (secs): 0.158593 

Itr: 5, Total time for this iteration: 0.900103

Itr: 6, Total number of macro_nodes across all proc's: 3977299 [min=118162 max=136963] expected=124290.593750
part1: id set creation (itr: 6)  (secs): 0.015401 
Itr: 6, global ID_set size across all proc's: 964567
part2: iterate and pack  (itr: 6)  (secs): 0.612405 
part3: serialize and update communication time  (secs): 0.003217 

part3: serialize and update nodes (itr: 6)  (secs): 0.116331 

Itr: 6, Total time for this iteration: 0.749493

Itr: 7, Total number of macro_nodes across all proc's: 3012732 [min=89048 max=106006] expected=94147.875000
part1: id set creation (itr: 7)  (secs): 0.011984 
Itr: 7, global ID_set size across all proc's: 710971
part2: iterate and pack  (itr: 7)  (secs): 0.514946 
part3: serialize and update communication time  (secs): 0.002978 

part3: serialize and update nodes (itr: 7)  (secs): 0.086644 

Itr: 7, Total time for this iteration: 0.617867

Itr: 8, Total number of macro_nodes across all proc's: 2301761 [min=67361 max=82066] expected=71930.031250
part1: id set creation (itr: 8)  (secs): 0.009352 
Itr: 8, global ID_set size across all proc's: 533612
part2: iterate and pack  (itr: 8)  (secs): 0.446601 
part3: serialize and update communication time  (secs): 0.002038 

part3: serialize and update nodes (itr: 8)  (secs): 0.064290 

Itr: 8, Total time for this iteration: 0.523520

Itr: 9, Total number of macro_nodes across all proc's: 1768149 [min=51489 max=64108] expected=55254.656250
part1: id set creation (itr: 9)  (secs): 0.007236 
Itr: 9, global ID_set size across all proc's: 405760
part2: iterate and pack  (itr: 9)  (secs): 0.398386 
part3: serialize and update communication time  (secs): 0.002175 

part3: serialize and update nodes (itr: 9)  (secs): 0.051032 

Itr: 9, Total time for this iteration: 0.459802

Itr: 10, Total number of macro_nodes across all proc's: 1362389 [min=39288 max=50556] expected=42574.656250
part1: id set creation (itr: 10)  (secs): 0.005517 
Itr: 10, global ID_set size across all proc's: 308273
part2: iterate and pack  (itr: 10)  (secs): 0.349845 
part3: serialize and update communication time  (secs): 0.001512 

part3: serialize and update nodes (itr: 10)  (secs): 0.039021 

Itr: 10, Total time for this iteration: 0.397229

Itr: 11, Total number of macro_nodes across all proc's: 1054116 [min=30308 max=39704] expected=32941.125000
part1: id set creation (itr: 11)  (secs): 0.004131 
Itr: 11, global ID_set size across all proc's: 233512
part2: iterate and pack  (itr: 11)  (secs): 0.313107 
part3: serialize and update communication time  (secs): 0.000981 

part3: serialize and update nodes (itr: 11)  (secs): 0.030019 

Itr: 11, Total time for this iteration: 0.349843

Itr: 12, Total number of macro_nodes across all proc's: 820604 [min=23587 max=31468] expected=25643.875000
part1: id set creation (itr: 12)  (secs): 0.003070 
Itr: 12, global ID_set size across all proc's: 177007
part2: iterate and pack  (itr: 12)  (secs): 0.301379 
part3: serialize and update communication time  (secs): 0.000690 

part3: serialize and update nodes (itr: 12)  (secs): 0.023020 

Itr: 12, Total time for this iteration: 0.329553

Itr: 13, Total number of macro_nodes across all proc's: 643597 [min=18391 max=25089] expected=20112.406250
part1: id set creation (itr: 13)  (secs): 0.002282 
Itr: 13, global ID_set size across all proc's: 135048
part2: iterate and pack  (itr: 13)  (secs): 0.264920 
part3: serialize and update communication time  (secs): 0.000813 

part3: serialize and update nodes (itr: 13)  (secs): 0.018972 

Itr: 13, Total time for this iteration: 0.288015

Itr: 14, Total number of macro_nodes across all proc's: 508549 [min=14505 max=20316] expected=15892.156250
part1: id set creation (itr: 14)  (secs): 0.001721 
Itr: 14, global ID_set size across all proc's: 103087
part2: iterate and pack  (itr: 14)  (secs): 0.247597 
part3: serialize and update communication time  (secs): 0.000712 

part3: serialize and update nodes (itr: 14)  (secs): 0.015622 

Itr: 14, Total time for this iteration: 0.266682

Itr: 15, Total number of macro_nodes across all proc's: 405462 [min=11552 max=16585] expected=12670.687500
part1: id set creation (itr: 15)  (secs): 0.001319 
Itr: 15, global ID_set size across all proc's: 79459
part2: iterate and pack  (itr: 15)  (secs): 0.234117 
part3: serialize and update communication time  (secs): 0.000692 

part3: serialize and update nodes (itr: 15)  (secs): 0.012169 

Itr: 15, Total time for this iteration: 0.249147

Itr: 16, Total number of macro_nodes across all proc's: 326003 [min=9236 max=13694] expected=10187.593750
part1: id set creation (itr: 16)  (secs): 0.001029 
Itr: 16, global ID_set size across all proc's: 61653
part2: iterate and pack  (itr: 16)  (secs): 0.212797 
part3: serialize and update communication time  (secs): 0.000654 

part3: serialize and update nodes (itr: 16)  (secs): 0.009977 

Itr: 16, Total time for this iteration: 0.225086

Itr: 17, Total number of macro_nodes across all proc's: 264350 [min=7449 max=11459] expected=8260.937500
part1: id set creation (itr: 17)  (secs): 0.000811 
Itr: 17, global ID_set size across all proc's: 47576
part2: iterate and pack  (itr: 17)  (secs): 0.216218 
part3: serialize and update communication time  (secs): 0.000512 

part3: serialize and update nodes (itr: 17)  (secs): 0.008128 

Itr: 17, Total time for this iteration: 0.226337

Itr: 18, Total number of macro_nodes across all proc's: 216774 [min=6020 max=9631] expected=6774.187500
part1: id set creation (itr: 18)  (secs): 0.000658 
Itr: 18, global ID_set size across all proc's: 36996
part2: iterate and pack  (itr: 18)  (secs): 0.199491 
part3: serialize and update communication time  (secs): 0.000522 

part3: serialize and update nodes (itr: 18)  (secs): 0.007439 

Itr: 18, Total time for this iteration: 0.208674

Itr: 19, Total number of macro_nodes across all proc's: 179778 [min=4964 max=8233] expected=5618.062500
part1: id set creation (itr: 19)  (secs): 0.000539 
Itr: 19, global ID_set size across all proc's: 28419
part2: iterate and pack  (itr: 19)  (secs): 0.194869 
part3: serialize and update communication time  (secs): 0.000647 

part3: serialize and update nodes (itr: 19)  (secs): 0.006106 

Itr: 19, Total time for this iteration: 0.202550

Itr: 20, Total number of macro_nodes across all proc's: 151359 [min=4121 max=7111] expected=4729.968750
part1: id set creation (itr: 20)  (secs): 0.000451 
Itr: 20, global ID_set size across all proc's: 21604
part2: iterate and pack  (itr: 20)  (secs): 0.204904 
part3: serialize and update communication time  (secs): 0.000480 

part3: serialize and update nodes (itr: 20)  (secs): 0.005002 

Itr: 20, Total time for this iteration: 0.211506

Itr: 21, Total number of macro_nodes across all proc's: 129755 [min=3506 max=6229] expected=4054.843750
part1: id set creation (itr: 21)  (secs): 0.000457 
Itr: 21, global ID_set size across all proc's: 16386
part2: iterate and pack  (itr: 21)  (secs): 0.176709 
part3: serialize and update communication time  (secs): 0.000390 

part3: serialize and update nodes (itr: 21)  (secs): 0.003828 

Itr: 21, Total time for this iteration: 0.183661

Itr: 22, Total number of macro_nodes across all proc's: 113369 [min=3018 max=5538] expected=3542.781250
part1: id set creation (itr: 22)  (secs): 0.000335 
Itr: 22, global ID_set size across all proc's: 12697
part2: iterate and pack  (itr: 22)  (secs): 0.173962 
part3: serialize and update communication time  (secs): 0.000429 

part3: serialize and update nodes (itr: 22)  (secs): 0.003552 

Itr: 22, Total time for this iteration: 0.178756

Itr: 23, Total number of macro_nodes across all proc's: 100672 [min=2666 max=5008] expected=3146.000000
part1: id set creation (itr: 23)  (secs): 0.000370 
Itr: 23, global ID_set size across all proc's: 10030
part2: iterate and pack  (itr: 23)  (secs): 0.182957 
part3: serialize and update communication time  (secs): 0.000378 

part3: serialize and update nodes (itr: 23)  (secs): 0.002952 

Itr: 23, Total time for this iteration: 0.188942

Itr: 24, Total number of macro_nodes across all proc's: 90642 [min=2372 max=4569] expected=2832.562500
Average time for part1: id set creation across all procs (secs): 0.222530 
Average time for part2: packing nodes across all procs (secs): 10.660061 
Average time for part3: update nodes across all procs (secs): 1.951161 
Average time for phase to merge and dropping of nodes across all procs (secs): 12.922144 

Average time for Alltoall in Serialize and Transfer (secs): 0.001361 
Average time for AlltoallV in Serialize and Transfer (secs): 0.062394 
[StopClock: pakman-original-elapsed-time-no-io]: 36.5382 sec

[StopClock: pakman-original-elapsed-time-full]: 39.7702 sec

