num_buckets not specified with -t, set to default value num_buckets=21
node_threashold not specified with -n, set to default value node_threashold=100K
K-mer size: 32, L-mer size: 8, Number of Processes: 32, MAX_KMER_COUNT: 1000000000 Coverage: 100,Avg read length: 100, Num buckets: 21, Node threshold: 100000
Average time for MPI_FIle_Open (secs): 0.034743 
Average time for MPI_FIle_Read (secs): 1.154831 
Average time for MPI_FIle_copy (secs): 0.528725 
Average time for MPI_FIle_Close (secs): 0.028069 
Average time for reading and storing the Reads in each proc's memory (secs): 1.746634 
Total number of reads: 100000000
Average time for Alltoall across all procs (secs): 0.000089 
Average time for pack_sbuf_time across all procs (secs): 0.000000 
Average time for AlltoallV across all procs (secs): 0.693636 
Average time for unpack_rbuf_time across all procs (secs): 6.609733 
Average time for unpack_rbuf_time:sort across all procs (secs): 5.800276 
Average time for unpack_rbuf_time:insert across all procs (secs): 0.408463 
Average time for unpack_rbuf_time:acc across all procs (secs): 0.400240 
Average time for partial Sliding Window across all procs (secs): 0.000000 
Average time for Sliding Window across all procs (secs): 37.976661 
Average time for lmer Sliding Window across all procs (secs): 0.574964 
Average time for vector insert across all procs (secs): 0.000000 
Average time for temp_map insert across all procs (secs): 0.000000 
Average number of re-calculations of min l-mer across all procs (secs): 0.000000 
Average time for performing k-mer counting across all procs (secs): 38.597517 
Total distinct k-mer entries across all proc's: 880474949
Number of batch iterations: 1 
Number of threads: 96
Total valid (>= min_bucket(20)) k-mer entries across all proc's: 46504387 
**********************************************************************

Average time for communication in Transfer of MN nodes (secs): 0.018051 
Average time for Re-grouping for k-mers across all procs (secs): 0.200651 
Average time for identifying the macro_nodes (secs): 0.367871 
Average time for sorting the pref/suff kmer buffers (secs): 0.410674 
Average time for populating the suff and pref buffers (secs): 1.172200 
Average time for constructing MN map across all procs (secs): 1.960932 
Total number of macro_nodes across all proc's: 45874708
Average time for MN node construction across all procs (secs): 2.360824 
Average time for initial wiring of MN nodes across all procs (secs): 1.313583 

Itr: 1, Total number of macro_nodes across all proc's: 45874708 [min=1396220 max=1481777] expected=1433584.625000
part1: id set creation (itr: 1)  (secs): 0.124409 
Itr: 1, global ID_set size across all proc's: 13082909
part2: iterate and pack  (itr: 1)  (secs): 4.259252 
part3: serialize and update communication time  (secs): 0.036218 

part3: serialize and update nodes (itr: 1)  (secs): 1.397354 

Itr: 1, Total time for this iteration: 5.828480

Itr: 2, Total number of macro_nodes across all proc's: 32791799 [min=994848 max=1055787] expected=1024743.718750
part1: id set creation (itr: 2)  (secs): 0.103903 
Itr: 2, global ID_set size across all proc's: 8044787
part2: iterate and pack  (itr: 2)  (secs): 3.029406 
part3: serialize and update communication time  (secs): 0.024223 

part3: serialize and update nodes (itr: 2)  (secs): 0.919826 

Itr: 2, Total time for this iteration: 4.119115

Itr: 3, Total number of macro_nodes across all proc's: 24747012 [min=751258 max=794741] expected=773344.125000
part1: id set creation (itr: 3)  (secs): 0.086837 
Itr: 3, global ID_set size across all proc's: 5969487
part2: iterate and pack  (itr: 3)  (secs): 2.365434 
part3: serialize and update communication time  (secs): 0.019006 

part3: serialize and update nodes (itr: 3)  (secs): 0.697144 

Itr: 3, Total time for this iteration: 3.200933

Itr: 4, Total number of macro_nodes across all proc's: 18777525 [min=570686 max=609134] expected=586797.656250
part1: id set creation (itr: 4)  (secs): 0.070200 
Itr: 4, global ID_set size across all proc's: 4524748
part2: iterate and pack  (itr: 4)  (secs): 1.944422 
part3: serialize and update communication time  (secs): 0.018632 

part3: serialize and update nodes (itr: 4)  (secs): 0.570522 

Itr: 4, Total time for this iteration: 2.635174

Itr: 5, Total number of macro_nodes across all proc's: 14252777 [min=432650 max=466851] expected=445399.281250
part1: id set creation (itr: 5)  (secs): 0.055926 
Itr: 5, global ID_set size across all proc's: 3326559
part2: iterate and pack  (itr: 5)  (secs): 1.575500 
part3: serialize and update communication time  (secs): 0.013396 

part3: serialize and update nodes (itr: 5)  (secs): 0.430732 

Itr: 5, Total time for this iteration: 2.091284

Itr: 6, Total number of macro_nodes across all proc's: 10926218 [min=331044 max=362652] expected=341444.312500
part1: id set creation (itr: 6)  (secs): 0.044833 
Itr: 6, global ID_set size across all proc's: 2494573
part2: iterate and pack  (itr: 6)  (secs): 1.328815 
part3: serialize and update communication time  (secs): 0.010314 

part3: serialize and update nodes (itr: 6)  (secs): 0.347282 

Itr: 6, Total time for this iteration: 1.742769

Itr: 7, Total number of macro_nodes across all proc's: 8431645 [min=254865 max=283256] expected=263488.906250
part1: id set creation (itr: 7)  (secs): 0.036389 
Itr: 7, global ID_set size across all proc's: 1854235
part2: iterate and pack  (itr: 7)  (secs): 1.091419 
part3: serialize and update communication time  (secs): 0.007883 

part3: serialize and update nodes (itr: 7)  (secs): 0.262041 

Itr: 7, Total time for this iteration: 1.402087

Itr: 8, Total number of macro_nodes across all proc's: 6577410 [min=197936 max=223022] expected=205544.062500
part1: id set creation (itr: 8)  (secs): 0.029660 
Itr: 8, global ID_set size across all proc's: 1406413
part2: iterate and pack  (itr: 8)  (secs): 0.917166 
part3: serialize and update communication time  (secs): 0.005828 

part3: serialize and update nodes (itr: 8)  (secs): 0.219519 

Itr: 8, Total time for this iteration: 1.176620

Itr: 9, Total number of macro_nodes across all proc's: 5170997 [min=154654 max=177494] expected=161593.656250
part1: id set creation (itr: 9)  (secs): 0.023821 
Itr: 9, global ID_set size across all proc's: 1084178
part2: iterate and pack  (itr: 9)  (secs): 0.808450 
part3: serialize and update communication time  (secs): 0.004535 

part3: serialize and update nodes (itr: 9)  (secs): 0.158841 

Itr: 9, Total time for this iteration: 1.007371

Itr: 10, Total number of macro_nodes across all proc's: 4086819 [min=121267 max=142445] expected=127713.093750
part1: id set creation (itr: 10)  (secs): 0.019613 
Itr: 10, global ID_set size across all proc's: 834522
part2: iterate and pack  (itr: 10)  (secs): 0.681164 
part3: serialize and update communication time  (secs): 0.003085 

part3: serialize and update nodes (itr: 10)  (secs): 0.139864 

Itr: 10, Total time for this iteration: 0.859497

Itr: 11, Total number of macro_nodes across all proc's: 3252297 [min=95858 max=114852] expected=101634.281250
part1: id set creation (itr: 11)  (secs): 0.016024 
Itr: 11, global ID_set size across all proc's: 640258
part2: iterate and pack  (itr: 11)  (secs): 0.585660 
part3: serialize and update communication time  (secs): 0.002921 

part3: serialize and update nodes (itr: 11)  (secs): 0.103020 

Itr: 11, Total time for this iteration: 0.711736

Itr: 12, Total number of macro_nodes across all proc's: 2612039 [min=76855 max=93535] expected=81626.218750
part1: id set creation (itr: 12)  (secs): 0.012488 
Itr: 12, global ID_set size across all proc's: 492639
part2: iterate and pack  (itr: 12)  (secs): 0.533964 
part3: serialize and update communication time  (secs): 0.002147 

part3: serialize and update nodes (itr: 12)  (secs): 0.083734 

Itr: 12, Total time for this iteration: 0.636757

Itr: 13, Total number of macro_nodes across all proc's: 2119400 [min=62199 max=76878] expected=66231.250000
part1: id set creation (itr: 13)  (secs): 0.010137 
Itr: 13, global ID_set size across all proc's: 381488
part2: iterate and pack  (itr: 13)  (secs): 0.470778 
part3: serialize and update communication time  (secs): 0.002141 

part3: serialize and update nodes (itr: 13)  (secs): 0.073303 

Itr: 13, Total time for this iteration: 0.560533

Itr: 14, Total number of macro_nodes across all proc's: 1737912 [min=50802 max=63936] expected=54309.750000
part1: id set creation (itr: 14)  (secs): 0.008781 
Itr: 14, global ID_set size across all proc's: 296956
part2: iterate and pack  (itr: 14)  (secs): 0.434635 
part3: serialize and update communication time  (secs): 0.001959 

part3: serialize and update nodes (itr: 14)  (secs): 0.056811 

Itr: 14, Total time for this iteration: 0.518647

Itr: 15, Total number of macro_nodes across all proc's: 1440956 [min=41977 max=53879] expected=45029.875000
part1: id set creation (itr: 15)  (secs): 0.006880 
Itr: 15, global ID_set size across all proc's: 234058
part2: iterate and pack  (itr: 15)  (secs): 0.385069 
part3: serialize and update communication time  (secs): 0.002548 

part3: serialize and update nodes (itr: 15)  (secs): 0.048168 

Itr: 15, Total time for this iteration: 0.446066

Itr: 16, Total number of macro_nodes across all proc's: 1206898 [min=35033 max=45966] expected=37715.562500
part1: id set creation (itr: 16)  (secs): 0.005401 
Itr: 16, global ID_set size across all proc's: 186016
part2: iterate and pack  (itr: 16)  (secs): 0.371403 
part3: serialize and update communication time  (secs): 0.001853 

part3: serialize and update nodes (itr: 16)  (secs): 0.047667 

Itr: 16, Total time for this iteration: 0.429253

Itr: 17, Total number of macro_nodes across all proc's: 1020882 [min=29507 max=39569] expected=31902.562500
part1: id set creation (itr: 17)  (secs): 0.004811 
Itr: 17, global ID_set size across all proc's: 149005
part2: iterate and pack  (itr: 17)  (secs): 0.346244 
part3: serialize and update communication time  (secs): 0.003069 

part3: serialize and update nodes (itr: 17)  (secs): 0.036785 

Itr: 17, Total time for this iteration: 0.394022

Itr: 18, Total number of macro_nodes across all proc's: 871877 [min=25125 max=34393] expected=27246.156250
part1: id set creation (itr: 18)  (secs): 0.003908 
Itr: 18, global ID_set size across all proc's: 119425
part2: iterate and pack  (itr: 18)  (secs): 0.323752 
part3: serialize and update communication time  (secs): 0.001317 

part3: serialize and update nodes (itr: 18)  (secs): 0.029768 

Itr: 18, Total time for this iteration: 0.361738

Itr: 19, Total number of macro_nodes across all proc's: 752452 [min=21479 max=30108] expected=23514.125000
part1: id set creation (itr: 19)  (secs): 0.003176 
Itr: 19, global ID_set size across all proc's: 95899
part2: iterate and pack  (itr: 19)  (secs): 0.317216 
part3: serialize and update communication time  (secs): 0.001128 

part3: serialize and update nodes (itr: 19)  (secs): 0.025710 

Itr: 19, Total time for this iteration: 0.350779

Itr: 20, Total number of macro_nodes across all proc's: 656553 [min=18753 max=26684] expected=20517.281250
part1: id set creation (itr: 20)  (secs): 0.002646 
Itr: 20, global ID_set size across all proc's: 76713
part2: iterate and pack  (itr: 20)  (secs): 0.286199 
part3: serialize and update communication time  (secs): 0.001086 

part3: serialize and update nodes (itr: 20)  (secs): 0.021384 

Itr: 20, Total time for this iteration: 0.312995

Itr: 21, Total number of macro_nodes across all proc's: 579840 [min=16533 max=23904] expected=18120.000000
part1: id set creation (itr: 21)  (secs): 0.002265 
Itr: 21, global ID_set size across all proc's: 61712
part2: iterate and pack  (itr: 21)  (secs): 0.281657 
part3: serialize and update communication time  (secs): 0.001052 

part3: serialize and update nodes (itr: 21)  (secs): 0.017569 

Itr: 21, Total time for this iteration: 0.303956

Itr: 22, Total number of macro_nodes across all proc's: 518128 [min=14726 max=21495] expected=16191.500000
part1: id set creation (itr: 22)  (secs): 0.001978 
Itr: 22, global ID_set size across all proc's: 49369
part2: iterate and pack  (itr: 22)  (secs): 0.287489 
part3: serialize and update communication time  (secs): 0.000925 

part3: serialize and update nodes (itr: 22)  (secs): 0.013999 

Itr: 22, Total time for this iteration: 0.305498

Itr: 23, Total number of macro_nodes across all proc's: 468759 [min=13245 max=19698] expected=14648.718750
part1: id set creation (itr: 23)  (secs): 0.001826 
Itr: 23, global ID_set size across all proc's: 39790
part2: iterate and pack  (itr: 23)  (secs): 0.277045 
part3: serialize and update communication time  (secs): 0.000913 

part3: serialize and update nodes (itr: 23)  (secs): 0.011733 

Itr: 23, Total time for this iteration: 0.292466

Itr: 24, Total number of macro_nodes across all proc's: 428969 [min=12049 max=18229] expected=13405.281250
part1: id set creation (itr: 24)  (secs): 0.001578 
Itr: 24, global ID_set size across all proc's: 32580
part2: iterate and pack  (itr: 24)  (secs): 0.267405 
part3: serialize and update communication time  (secs): 0.000910 

part3: serialize and update nodes (itr: 24)  (secs): 0.010044 

Itr: 24, Total time for this iteration: 0.280754

Itr: 25, Total number of macro_nodes across all proc's: 396389 [min=11049 max=17090] expected=12387.156250
part1: id set creation (itr: 25)  (secs): 0.001528 
Itr: 25, global ID_set size across all proc's: 26791
part2: iterate and pack  (itr: 25)  (secs): 0.261812 
part3: serialize and update communication time  (secs): 0.001041 

part3: serialize and update nodes (itr: 25)  (secs): 0.011971 

Itr: 25, Total time for this iteration: 0.279239

Itr: 26, Total number of macro_nodes across all proc's: 369598 [min=10223 max=16159] expected=11549.937500
part1: id set creation (itr: 26)  (secs): 0.001425 
Itr: 26, global ID_set size across all proc's: 22309
part2: iterate and pack  (itr: 26)  (secs): 0.268818 
part3: serialize and update communication time  (secs): 0.000900 

part3: serialize and update nodes (itr: 26)  (secs): 0.006937 

Itr: 26, Total time for this iteration: 0.280289

Itr: 27, Total number of macro_nodes across all proc's: 347289 [min=9528 max=15392] expected=10852.781250
part1: id set creation (itr: 27)  (secs): 0.001347 
Itr: 27, global ID_set size across all proc's: 18560
part2: iterate and pack  (itr: 27)  (secs): 0.245311 
part3: serialize and update communication time  (secs): 0.000847 

part3: serialize and update nodes (itr: 27)  (secs): 0.005878 

Itr: 27, Total time for this iteration: 0.254937

Itr: 28, Total number of macro_nodes across all proc's: 328729 [min=8970 max=14767] expected=10272.781250
part1: id set creation (itr: 28)  (secs): 0.001144 
Itr: 28, global ID_set size across all proc's: 15836
part2: iterate and pack  (itr: 28)  (secs): 0.251284 
part3: serialize and update communication time  (secs): 0.000782 

part3: serialize and update nodes (itr: 28)  (secs): 0.005472 

Itr: 28, Total time for this iteration: 0.259073

Itr: 29, Total number of macro_nodes across all proc's: 312893 [min=8449 max=14271] expected=9777.906250
part1: id set creation (itr: 29)  (secs): 0.001149 
Itr: 29, global ID_set size across all proc's: 14028
part2: iterate and pack  (itr: 29)  (secs): 0.246604 
part3: serialize and update communication time  (secs): 0.000726 

part3: serialize and update nodes (itr: 29)  (secs): 0.005638 

Itr: 29, Total time for this iteration: 0.255879

Itr: 30, Total number of macro_nodes across all proc's: 298865 [min=8047 max=13804] expected=9339.531250
part1: id set creation (itr: 30)  (secs): 0.001241 
Itr: 30, global ID_set size across all proc's: 12507
part2: iterate and pack  (itr: 30)  (secs): 0.225590 
part3: serialize and update communication time  (secs): 0.000665 

part3: serialize and update nodes (itr: 30)  (secs): 0.005195 

Itr: 30, Total time for this iteration: 0.234845

Itr: 31, Total number of macro_nodes across all proc's: 286358 [min=7685 max=13477] expected=8948.687500
part1: id set creation (itr: 31)  (secs): 0.000976 
Itr: 31, global ID_set size across all proc's: 11116
part2: iterate and pack  (itr: 31)  (secs): 0.234258 
part3: serialize and update communication time  (secs): 0.000651 

part3: serialize and update nodes (itr: 31)  (secs): 0.005071 

Itr: 31, Total time for this iteration: 0.241401

Itr: 32, Total number of macro_nodes across all proc's: 275242 [min=7380 max=13138] expected=8601.312500
part1: id set creation (itr: 32)  (secs): 0.000973 
Itr: 32, global ID_set size across all proc's: 9404
part2: iterate and pack  (itr: 32)  (secs): 0.239177 
part3: serialize and update communication time  (secs): 0.000567 

part3: serialize and update nodes (itr: 32)  (secs): 0.006975 

Itr: 32, Total time for this iteration: 0.248887

Itr: 33, Total number of macro_nodes across all proc's: 265838 [min=7108 max=12842] expected=8307.437500
part1: id set creation (itr: 33)  (secs): 0.001099 
Itr: 33, global ID_set size across all proc's: 7862
part2: iterate and pack  (itr: 33)  (secs): 0.234236 
part3: serialize and update communication time  (secs): 0.000519 

part3: serialize and update nodes (itr: 33)  (secs): 0.004531 

Itr: 33, Total time for this iteration: 0.242704

Itr: 34, Total number of macro_nodes across all proc's: 257976 [min=6866 max=12630] expected=8061.750000
part1: id set creation (itr: 34)  (secs): 0.000942 
Itr: 34, global ID_set size across all proc's: 7016
part2: iterate and pack  (itr: 34)  (secs): 0.238141 
part3: serialize and update communication time  (secs): 0.000443 

part3: serialize and update nodes (itr: 34)  (secs): 0.003185 

Itr: 34, Total time for this iteration: 0.244467

Itr: 35, Total number of macro_nodes across all proc's: 250960 [min=6661 max=12403] expected=7842.500000
part1: id set creation (itr: 35)  (secs): 0.000830 
Itr: 35, global ID_set size across all proc's: 5961
part2: iterate and pack  (itr: 35)  (secs): 0.242465 
part3: serialize and update communication time  (secs): 0.000400 

part3: serialize and update nodes (itr: 35)  (secs): 0.002957 

Itr: 35, Total time for this iteration: 0.247290

Itr: 36, Total number of macro_nodes across all proc's: 244999 [min=6481 max=12246] expected=7656.218750
part1: id set creation (itr: 36)  (secs): 0.000874 
Itr: 36, global ID_set size across all proc's: 5113
part2: iterate and pack  (itr: 36)  (secs): 0.229496 
part3: serialize and update communication time  (secs): 0.000386 

part3: serialize and update nodes (itr: 36)  (secs): 0.002707 

Itr: 36, Total time for this iteration: 0.235340

Itr: 37, Total number of macro_nodes across all proc's: 239886 [min=6324 max=12066] expected=7496.437500
part1: id set creation (itr: 37)  (secs): 0.000958 
Itr: 37, global ID_set size across all proc's: 4409
part2: iterate and pack  (itr: 37)  (secs): 0.224028 
part3: serialize and update communication time  (secs): 0.000356 

part3: serialize and update nodes (itr: 37)  (secs): 0.002666 

Itr: 37, Total time for this iteration: 0.230265

Itr: 38, Total number of macro_nodes across all proc's: 235477 [min=6190 max=11927] expected=7358.656250
part1: id set creation (itr: 38)  (secs): 0.000823 
Itr: 38, global ID_set size across all proc's: 3962
part2: iterate and pack  (itr: 38)  (secs): 0.221922 
part3: serialize and update communication time  (secs): 0.000338 

part3: serialize and update nodes (itr: 38)  (secs): 0.002300 

Itr: 38, Total time for this iteration: 0.226851

Itr: 39, Total number of macro_nodes across all proc's: 231515 [min=6074 max=11806] expected=7234.843750
part1: id set creation (itr: 39)  (secs): 0.000749 
Itr: 39, global ID_set size across all proc's: 3504
part2: iterate and pack  (itr: 39)  (secs): 0.220374 
part3: serialize and update communication time  (secs): 0.000332 

part3: serialize and update nodes (itr: 39)  (secs): 0.002240 

Itr: 39, Total time for this iteration: 0.224298

Itr: 40, Total number of macro_nodes across all proc's: 228011 [min=5981 max=11703] expected=7125.343750
part1: id set creation (itr: 40)  (secs): 0.000741 
Itr: 40, global ID_set size across all proc's: 3256
part2: iterate and pack  (itr: 40)  (secs): 0.217966 
part3: serialize and update communication time  (secs): 0.000362 

part3: serialize and update nodes (itr: 40)  (secs): 0.003571 

Itr: 40, Total time for this iteration: 0.223317

Itr: 41, Total number of macro_nodes across all proc's: 224755 [min=5888 max=11603] expected=7023.593750
part1: id set creation (itr: 41)  (secs): 0.000794 
Itr: 41, global ID_set size across all proc's: 3290
part2: iterate and pack  (itr: 41)  (secs): 0.218052 
part3: serialize and update communication time  (secs): 0.000305 

part3: serialize and update nodes (itr: 41)  (secs): 0.002082 

Itr: 41, Total time for this iteration: 0.223193

Itr: 42, Total number of macro_nodes across all proc's: 221465 [min=5792 max=11511] expected=6920.781250
part1: id set creation (itr: 42)  (secs): 0.000810 
Itr: 42, global ID_set size across all proc's: 3289
part2: iterate and pack  (itr: 42)  (secs): 0.220829 
part3: serialize and update communication time  (secs): 0.000348 

part3: serialize and update nodes (itr: 42)  (secs): 0.002230 

Itr: 42, Total time for this iteration: 0.227077

Itr: 43, Total number of macro_nodes across all proc's: 218176 [min=5645 max=11417] expected=6818.000000
part1: id set creation (itr: 43)  (secs): 0.000757 
Itr: 43, global ID_set size across all proc's: 3275
part2: iterate and pack  (itr: 43)  (secs): 0.215535 
part3: serialize and update communication time  (secs): 0.000297 

part3: serialize and update nodes (itr: 43)  (secs): 0.002344 

Itr: 43, Total time for this iteration: 0.220399

Itr: 44, Total number of macro_nodes across all proc's: 214901 [min=5532 max=11335] expected=6715.656250
part1: id set creation (itr: 44)  (secs): 0.000696 
Itr: 44, global ID_set size across all proc's: 3174
part2: iterate and pack  (itr: 44)  (secs): 0.220546 
part3: serialize and update communication time  (secs): 0.000344 

part3: serialize and update nodes (itr: 44)  (secs): 0.003408 

Itr: 44, Total time for this iteration: 0.225694

Itr: 45, Total number of macro_nodes across all proc's: 211727 [min=5430 max=11251] expected=6616.468750
part1: id set creation (itr: 45)  (secs): 0.000704 
Itr: 45, global ID_set size across all proc's: 2826
part2: iterate and pack  (itr: 45)  (secs): 0.231591 
part3: serialize and update communication time  (secs): 0.000349 

part3: serialize and update nodes (itr: 45)  (secs): 0.002129 

Itr: 45, Total time for this iteration: 0.235449

Itr: 46, Total number of macro_nodes across all proc's: 208901 [min=5334 max=11179] expected=6528.156250
part1: id set creation (itr: 46)  (secs): 0.000740 
Itr: 46, global ID_set size across all proc's: 2516
part2: iterate and pack  (itr: 46)  (secs): 0.223477 
part3: serialize and update communication time  (secs): 0.000329 

part3: serialize and update nodes (itr: 46)  (secs): 0.002031 

Itr: 46, Total time for this iteration: 0.228516

Itr: 47, Total number of macro_nodes across all proc's: 206385 [min=5219 max=11116] expected=6449.531250
part1: id set creation (itr: 47)  (secs): 0.000660 
Itr: 47, global ID_set size across all proc's: 2175
part2: iterate and pack  (itr: 47)  (secs): 0.227954 
part3: serialize and update communication time  (secs): 0.000231 

part3: serialize and update nodes (itr: 47)  (secs): 0.001668 

Itr: 47, Total time for this iteration: 0.231238

Itr: 48, Total number of macro_nodes across all proc's: 204210 [min=5152 max=11058] expected=6381.562500
part1: id set creation (itr: 48)  (secs): 0.000727 
Itr: 48, global ID_set size across all proc's: 1830
part2: iterate and pack  (itr: 48)  (secs): 0.216690 
part3: serialize and update communication time  (secs): 0.000263 

part3: serialize and update nodes (itr: 48)  (secs): 0.001694 

Itr: 48, Total time for this iteration: 0.221310

Itr: 49, Total number of macro_nodes across all proc's: 202380 [min=5085 max=11005] expected=6324.375000
part1: id set creation (itr: 49)  (secs): 0.000810 
Itr: 49, global ID_set size across all proc's: 1584
part2: iterate and pack  (itr: 49)  (secs): 0.216884 
part3: serialize and update communication time  (secs): 0.000227 

part3: serialize and update nodes (itr: 49)  (secs): 0.001333 

Itr: 49, Total time for this iteration: 0.220999

Itr: 50, Total number of macro_nodes across all proc's: 200796 [min=5036 max=10973] expected=6274.875000
part1: id set creation (itr: 50)  (secs): 0.000641 
Itr: 50, global ID_set size across all proc's: 1306
part2: iterate and pack  (itr: 50)  (secs): 0.223062 
part3: serialize and update communication time  (secs): 0.000239 

part3: serialize and update nodes (itr: 50)  (secs): 0.002841 

Itr: 50, Total time for this iteration: 0.227477

Itr: 51, Total number of macro_nodes across all proc's: 199490 [min=4998 max=10939] expected=6234.062500
part1: id set creation (itr: 51)  (secs): 0.000721 
Itr: 51, global ID_set size across all proc's: 1139
part2: iterate and pack  (itr: 51)  (secs): 0.205897 
part3: serialize and update communication time  (secs): 0.000241 

part3: serialize and update nodes (itr: 51)  (secs): 0.001380 

Itr: 51, Total time for this iteration: 0.210167

Itr: 52, Total number of macro_nodes across all proc's: 198351 [min=4953 max=10906] expected=6198.468750
part1: id set creation (itr: 52)  (secs): 0.000692 
Itr: 52, global ID_set size across all proc's: 1030
part2: iterate and pack  (itr: 52)  (secs): 0.205059 
part3: serialize and update communication time  (secs): 0.000227 

part3: serialize and update nodes (itr: 52)  (secs): 0.001205 

Itr: 52, Total time for this iteration: 0.209060

Itr: 53, Total number of macro_nodes across all proc's: 197321 [min=4912 max=10878] expected=6166.281250
part1: id set creation (itr: 53)  (secs): 0.000622 
Itr: 53, global ID_set size across all proc's: 828
part2: iterate and pack  (itr: 53)  (secs): 0.218576 
part3: serialize and update communication time  (secs): 0.000227 

part3: serialize and update nodes (itr: 53)  (secs): 0.001044 

Itr: 53, Total time for this iteration: 0.221166

Itr: 54, Total number of macro_nodes across all proc's: 196493 [min=4890 max=10856] expected=6140.406250
part1: id set creation (itr: 54)  (secs): 0.000733 
Itr: 54, global ID_set size across all proc's: 694
part2: iterate and pack  (itr: 54)  (secs): 0.201465 
part3: serialize and update communication time  (secs): 0.000192 

part3: serialize and update nodes (itr: 54)  (secs): 0.000826 

Itr: 54, Total time for this iteration: 0.204828

Itr: 55, Total number of macro_nodes across all proc's: 195799 [min=4864 max=10835] expected=6118.718750
part1: id set creation (itr: 55)  (secs): 0.000615 
Itr: 55, global ID_set size across all proc's: 579
part2: iterate and pack  (itr: 55)  (secs): 0.192774 
part3: serialize and update communication time  (secs): 0.000275 

part3: serialize and update nodes (itr: 55)  (secs): 0.000957 

Itr: 55, Total time for this iteration: 0.195185

Itr: 56, Total number of macro_nodes across all proc's: 195220 [min=4847 max=10822] expected=6100.625000
part1: id set creation (itr: 56)  (secs): 0.000646 
Itr: 56, global ID_set size across all proc's: 484
part2: iterate and pack  (itr: 56)  (secs): 0.202587 
part3: serialize and update communication time  (secs): 0.000154 

part3: serialize and update nodes (itr: 56)  (secs): 0.001053 

Itr: 56, Total time for this iteration: 0.205383

Itr: 57, Total number of macro_nodes across all proc's: 194736 [min=4838 max=10802] expected=6085.500000
part1: id set creation (itr: 57)  (secs): 0.000771 
Itr: 57, global ID_set size across all proc's: 490
part2: iterate and pack  (itr: 57)  (secs): 0.205545 
part3: serialize and update communication time  (secs): 0.000158 

part3: serialize and update nodes (itr: 57)  (secs): 0.002077 

Itr: 57, Total time for this iteration: 0.211211

Itr: 58, Total number of macro_nodes across all proc's: 194246 [min=4827 max=10790] expected=6070.187500
part1: id set creation (itr: 58)  (secs): 0.000739 
Itr: 58, global ID_set size across all proc's: 456
part2: iterate and pack  (itr: 58)  (secs): 0.208562 
part3: serialize and update communication time  (secs): 0.000116 

part3: serialize and update nodes (itr: 58)  (secs): 0.000558 

Itr: 58, Total time for this iteration: 0.212063

Itr: 59, Total number of macro_nodes across all proc's: 193790 [min=4809 max=10778] expected=6055.937500
part1: id set creation (itr: 59)  (secs): 0.000676 
Itr: 59, global ID_set size across all proc's: 392
part2: iterate and pack  (itr: 59)  (secs): 0.200616 
part3: serialize and update communication time  (secs): 0.000171 

part3: serialize and update nodes (itr: 59)  (secs): 0.000545 

Itr: 59, Total time for this iteration: 0.204195

Itr: 60, Total number of macro_nodes across all proc's: 193398 [min=4803 max=10771] expected=6043.687500
part1: id set creation (itr: 60)  (secs): 0.000609 
Itr: 60, global ID_set size across all proc's: 351
part2: iterate and pack  (itr: 60)  (secs): 0.200402 
part3: serialize and update communication time  (secs): 0.000151 

part3: serialize and update nodes (itr: 60)  (secs): 0.000678 

Itr: 60, Total time for this iteration: 0.202507

Itr: 61, Total number of macro_nodes across all proc's: 193047 [min=4792 max=10766] expected=6032.718750
part1: id set creation (itr: 61)  (secs): 0.000644 
Itr: 61, global ID_set size across all proc's: 342
part2: iterate and pack  (itr: 61)  (secs): 0.192763 
part3: serialize and update communication time  (secs): 0.000152 

part3: serialize and update nodes (itr: 61)  (secs): 0.000595 

Itr: 61, Total time for this iteration: 0.195466

Itr: 62, Total number of macro_nodes across all proc's: 192705 [min=4783 max=10758] expected=6022.031250
part1: id set creation (itr: 62)  (secs): 0.000598 
Itr: 62, global ID_set size across all proc's: 363
part2: iterate and pack  (itr: 62)  (secs): 0.188028 
part3: serialize and update communication time  (secs): 0.000186 

part3: serialize and update nodes (itr: 62)  (secs): 0.000779 

Itr: 62, Total time for this iteration: 0.190251

Itr: 63, Total number of macro_nodes across all proc's: 192342 [min=4771 max=10754] expected=6010.687500
part1: id set creation (itr: 63)  (secs): 0.000663 
Itr: 63, global ID_set size across all proc's: 361
part2: iterate and pack  (itr: 63)  (secs): 0.206350 
part3: serialize and update communication time  (secs): 0.000182 

part3: serialize and update nodes (itr: 63)  (secs): 0.000823 

Itr: 63, Total time for this iteration: 0.209817

Itr: 64, Total number of macro_nodes across all proc's: 191981 [min=4761 max=10745] expected=5999.406250
part1: id set creation (itr: 64)  (secs): 0.000673 
Itr: 64, global ID_set size across all proc's: 375
part2: iterate and pack  (itr: 64)  (secs): 0.201215 
part3: serialize and update communication time  (secs): 0.000134 

part3: serialize and update nodes (itr: 64)  (secs): 0.000598 

Itr: 64, Total time for this iteration: 0.203896

Itr: 65, Total number of macro_nodes across all proc's: 191606 [min=4745 max=10736] expected=5987.687500
part1: id set creation (itr: 65)  (secs): 0.000596 
Itr: 65, global ID_set size across all proc's: 314
part2: iterate and pack  (itr: 65)  (secs): 0.198210 
part3: serialize and update communication time  (secs): 0.000192 

part3: serialize and update nodes (itr: 65)  (secs): 0.000566 

Itr: 65, Total time for this iteration: 0.200185

Itr: 66, Total number of macro_nodes across all proc's: 191292 [min=4735 max=10729] expected=5977.875000
part1: id set creation (itr: 66)  (secs): 0.000595 
Itr: 66, global ID_set size across all proc's: 294
part2: iterate and pack  (itr: 66)  (secs): 0.191869 
part3: serialize and update communication time  (secs): 0.000090 

part3: serialize and update nodes (itr: 66)  (secs): 0.000460 

Itr: 66, Total time for this iteration: 0.193954

Itr: 67, Total number of macro_nodes across all proc's: 190998 [min=4723 max=10722] expected=5968.687500
part1: id set creation (itr: 67)  (secs): 0.000631 
Itr: 67, global ID_set size across all proc's: 270
part2: iterate and pack  (itr: 67)  (secs): 0.201866 
part3: serialize and update communication time  (secs): 0.000123 

part3: serialize and update nodes (itr: 67)  (secs): 0.000518 

Itr: 67, Total time for this iteration: 0.204285

Itr: 68, Total number of macro_nodes across all proc's: 190728 [min=4714 max=10712] expected=5960.250000
part1: id set creation (itr: 68)  (secs): 0.000709 
Itr: 68, global ID_set size across all proc's: 249
part2: iterate and pack  (itr: 68)  (secs): 0.194105 
part3: serialize and update communication time  (secs): 0.000138 

part3: serialize and update nodes (itr: 68)  (secs): 0.000621 

Itr: 68, Total time for this iteration: 0.197373

Itr: 69, Total number of macro_nodes across all proc's: 190479 [min=4710 max=10706] expected=5952.468750
part1: id set creation (itr: 69)  (secs): 0.000586 
Itr: 69, global ID_set size across all proc's: 237
part2: iterate and pack  (itr: 69)  (secs): 0.206122 
part3: serialize and update communication time  (secs): 0.000087 

part3: serialize and update nodes (itr: 69)  (secs): 0.000392 

Itr: 69, Total time for this iteration: 0.207896

Itr: 70, Total number of macro_nodes across all proc's: 190242 [min=4702 max=10696] expected=5945.062500
part1: id set creation (itr: 70)  (secs): 0.000586 
Itr: 70, global ID_set size across all proc's: 245
part2: iterate and pack  (itr: 70)  (secs): 0.207880 
part3: serialize and update communication time  (secs): 0.000146 

part3: serialize and update nodes (itr: 70)  (secs): 0.000710 

Itr: 70, Total time for this iteration: 0.209963

Itr: 71, Total number of macro_nodes across all proc's: 189997 [min=4693 max=10691] expected=5937.406250
part1: id set creation (itr: 71)  (secs): 0.000646 
Itr: 71, global ID_set size across all proc's: 252
part2: iterate and pack  (itr: 71)  (secs): 0.212492 
part3: serialize and update communication time  (secs): 0.001402 

part3: serialize and update nodes (itr: 71)  (secs): 0.002400 

Itr: 71, Total time for this iteration: 0.217474

Itr: 72, Total number of macro_nodes across all proc's: 189745 [min=4684 max=10678] expected=5929.531250
part1: id set creation (itr: 72)  (secs): 0.000643 
Itr: 72, global ID_set size across all proc's: 294
part2: iterate and pack  (itr: 72)  (secs): 0.213601 
part3: serialize and update communication time  (secs): 0.000175 

part3: serialize and update nodes (itr: 72)  (secs): 0.000570 

Itr: 72, Total time for this iteration: 0.215919

Itr: 73, Total number of macro_nodes across all proc's: 189451 [min=4674 max=10668] expected=5920.343750
part1: id set creation (itr: 73)  (secs): 0.000584 
Itr: 73, global ID_set size across all proc's: 319
part2: iterate and pack  (itr: 73)  (secs): 0.217868 
part3: serialize and update communication time  (secs): 0.000147 

part3: serialize and update nodes (itr: 73)  (secs): 0.000589 

Itr: 73, Total time for this iteration: 0.219835

Itr: 74, Total number of macro_nodes across all proc's: 189132 [min=4662 max=10664] expected=5910.375000
part1: id set creation (itr: 74)  (secs): 0.000582 
Itr: 74, global ID_set size across all proc's: 297
part2: iterate and pack  (itr: 74)  (secs): 0.221442 
part3: serialize and update communication time  (secs): 0.000179 

part3: serialize and update nodes (itr: 74)  (secs): 0.001301 

Itr: 74, Total time for this iteration: 0.224186

Itr: 75, Total number of macro_nodes across all proc's: 188835 [min=4646 max=10654] expected=5901.093750
part1: id set creation (itr: 75)  (secs): 0.000640 
Itr: 75, global ID_set size across all proc's: 286
part2: iterate and pack  (itr: 75)  (secs): 0.214620 
part3: serialize and update communication time  (secs): 0.000087 

part3: serialize and update nodes (itr: 75)  (secs): 0.000402 

Itr: 75, Total time for this iteration: 0.217364

Itr: 76, Total number of macro_nodes across all proc's: 188549 [min=4639 max=10647] expected=5892.156250
part1: id set creation (itr: 76)  (secs): 0.000582 
Itr: 76, global ID_set size across all proc's: 239
part2: iterate and pack  (itr: 76)  (secs): 0.214665 
part3: serialize and update communication time  (secs): 0.000081 

part3: serialize and update nodes (itr: 76)  (secs): 0.000330 

Itr: 76, Total time for this iteration: 0.216372

Itr: 77, Total number of macro_nodes across all proc's: 188310 [min=4626 max=10644] expected=5884.687500
part1: id set creation (itr: 77)  (secs): 0.000809 
Itr: 77, global ID_set size across all proc's: 212
part2: iterate and pack  (itr: 77)  (secs): 0.219999 
part3: serialize and update communication time  (secs): 0.000077 

part3: serialize and update nodes (itr: 77)  (secs): 0.000314 

Itr: 77, Total time for this iteration: 0.223967

Itr: 78, Total number of macro_nodes across all proc's: 188098 [min=4620 max=10640] expected=5878.062500
part1: id set creation (itr: 78)  (secs): 0.000639 
Itr: 78, global ID_set size across all proc's: 209
part2: iterate and pack  (itr: 78)  (secs): 0.221071 
part3: serialize and update communication time  (secs): 0.000082 

part3: serialize and update nodes (itr: 78)  (secs): 0.000306 

Itr: 78, Total time for this iteration: 0.223677

Itr: 79, Total number of macro_nodes across all proc's: 187889 [min=4614 max=10632] expected=5871.531250
part1: id set creation (itr: 79)  (secs): 0.000674 
Itr: 79, global ID_set size across all proc's: 219
part2: iterate and pack  (itr: 79)  (secs): 0.221944 
part3: serialize and update communication time  (secs): 0.000081 

part3: serialize and update nodes (itr: 79)  (secs): 0.000306 

Itr: 79, Total time for this iteration: 0.225434

Itr: 80, Total number of macro_nodes across all proc's: 187670 [min=4610 max=10627] expected=5864.687500
part1: id set creation (itr: 80)  (secs): 0.000578 
Itr: 80, global ID_set size across all proc's: 219
part2: iterate and pack  (itr: 80)  (secs): 0.217777 
part3: serialize and update communication time  (secs): 0.000077 

part3: serialize and update nodes (itr: 80)  (secs): 0.000292 

Itr: 80, Total time for this iteration: 0.219481

Itr: 81, Total number of macro_nodes across all proc's: 187451 [min=4595 max=10617] expected=5857.843750
part1: id set creation (itr: 81)  (secs): 0.000579 
Itr: 81, global ID_set size across all proc's: 227
part2: iterate and pack  (itr: 81)  (secs): 0.216946 
part3: serialize and update communication time  (secs): 0.000080 

part3: serialize and update nodes (itr: 81)  (secs): 0.000256 

Itr: 81, Total time for this iteration: 0.218602

Itr: 82, Total number of macro_nodes across all proc's: 187224 [min=4583 max=10613] expected=5850.750000
part1: id set creation (itr: 82)  (secs): 0.000627 
Itr: 82, global ID_set size across all proc's: 240
part2: iterate and pack  (itr: 82)  (secs): 0.214711 
part3: serialize and update communication time  (secs): 0.000085 

part3: serialize and update nodes (itr: 82)  (secs): 0.000322 

Itr: 82, Total time for this iteration: 0.217307

Itr: 83, Total number of macro_nodes across all proc's: 186984 [min=4580 max=10599] expected=5843.250000
part1: id set creation (itr: 83)  (secs): 0.000733 
Itr: 83, global ID_set size across all proc's: 247
part2: iterate and pack  (itr: 83)  (secs): 0.217717 
part3: serialize and update communication time  (secs): 0.000089 

part3: serialize and update nodes (itr: 83)  (secs): 0.000322 

Itr: 83, Total time for this iteration: 0.221833

Itr: 84, Total number of macro_nodes across all proc's: 186737 [min=4573 max=10590] expected=5835.531250
part1: id set creation (itr: 84)  (secs): 0.000658 
Itr: 84, global ID_set size across all proc's: 266
part2: iterate and pack  (itr: 84)  (secs): 0.219165 
part3: serialize and update communication time  (secs): 0.000083 

part3: serialize and update nodes (itr: 84)  (secs): 0.000336 

Itr: 84, Total time for this iteration: 0.222834

Itr: 85, Total number of macro_nodes across all proc's: 186471 [min=4568 max=10585] expected=5827.218750
part1: id set creation (itr: 85)  (secs): 0.000574 
Itr: 85, global ID_set size across all proc's: 336
part2: iterate and pack  (itr: 85)  (secs): 0.207147 
part3: serialize and update communication time  (secs): 0.000082 

part3: serialize and update nodes (itr: 85)  (secs): 0.000342 

Itr: 85, Total time for this iteration: 0.208878

Itr: 86, Total number of macro_nodes across all proc's: 186135 [min=4558 max=10571] expected=5816.718750
part1: id set creation (itr: 86)  (secs): 0.000707 
Itr: 86, global ID_set size across all proc's: 419
part2: iterate and pack  (itr: 86)  (secs): 0.206163 
part3: serialize and update communication time  (secs): 0.000094 

part3: serialize and update nodes (itr: 86)  (secs): 0.000569 

Itr: 86, Total time for this iteration: 0.209592

Itr: 87, Total number of macro_nodes across all proc's: 185716 [min=4548 max=10562] expected=5803.625000
part1: id set creation (itr: 87)  (secs): 0.000601 
Itr: 87, global ID_set size across all proc's: 499
part2: iterate and pack  (itr: 87)  (secs): 0.212903 
part3: serialize and update communication time  (secs): 0.000093 

part3: serialize and update nodes (itr: 87)  (secs): 0.000366 

Itr: 87, Total time for this iteration: 0.214651

Itr: 88, Total number of macro_nodes across all proc's: 185217 [min=4542 max=10534] expected=5788.031250
part1: id set creation (itr: 88)  (secs): 0.000573 
Itr: 88, global ID_set size across all proc's: 546
part2: iterate and pack  (itr: 88)  (secs): 0.211973 
part3: serialize and update communication time  (secs): 0.000162 

part3: serialize and update nodes (itr: 88)  (secs): 0.000579 

Itr: 88, Total time for this iteration: 0.213979

Itr: 89, Total number of macro_nodes across all proc's: 184671 [min=4535 max=10498] expected=5770.968750
part1: id set creation (itr: 89)  (secs): 0.000629 
Itr: 89, global ID_set size across all proc's: 635
part2: iterate and pack  (itr: 89)  (secs): 0.211701 
part3: serialize and update communication time  (secs): 0.000102 

part3: serialize and update nodes (itr: 89)  (secs): 0.000558 

Itr: 89, Total time for this iteration: 0.214776

Itr: 90, Total number of macro_nodes across all proc's: 184036 [min=4517 max=10472] expected=5751.125000
part1: id set creation (itr: 90)  (secs): 0.000569 
Itr: 90, global ID_set size across all proc's: 794
part2: iterate and pack  (itr: 90)  (secs): 0.206148 
part3: serialize and update communication time  (secs): 0.000102 

part3: serialize and update nodes (itr: 90)  (secs): 0.000562 

Itr: 90, Total time for this iteration: 0.208092

Itr: 91, Total number of macro_nodes across all proc's: 183242 [min=4509 max=10451] expected=5726.312500
part1: id set creation (itr: 91)  (secs): 0.000626 
Itr: 91, global ID_set size across all proc's: 1042
part2: iterate and pack  (itr: 91)  (secs): 0.213203 
part3: serialize and update communication time  (secs): 0.000203 

part3: serialize and update nodes (itr: 91)  (secs): 0.000747 

Itr: 91, Total time for this iteration: 0.216332

Itr: 92, Total number of macro_nodes across all proc's: 182200 [min=4487 max=10414] expected=5693.750000
part1: id set creation (itr: 92)  (secs): 0.000570 
Itr: 92, global ID_set size across all proc's: 1276
part2: iterate and pack  (itr: 92)  (secs): 0.192791 
part3: serialize and update communication time  (secs): 0.000183 

part3: serialize and update nodes (itr: 92)  (secs): 0.001067 

Itr: 92, Total time for this iteration: 0.195383

Itr: 93, Total number of macro_nodes across all proc's: 180924 [min=4458 max=10367] expected=5653.875000
part1: id set creation (itr: 93)  (secs): 0.000566 
Itr: 93, global ID_set size across all proc's: 1722
part2: iterate and pack  (itr: 93)  (secs): 0.204440 
part3: serialize and update communication time  (secs): 0.000245 

part3: serialize and update nodes (itr: 93)  (secs): 0.001418 

Itr: 93, Total time for this iteration: 0.207434

Itr: 94, Total number of macro_nodes across all proc's: 179202 [min=4417 max=10301] expected=5600.062500
part1: id set creation (itr: 94)  (secs): 0.000683 
Itr: 94, global ID_set size across all proc's: 1940
part2: iterate and pack  (itr: 94)  (secs): 0.213911 
part3: serialize and update communication time  (secs): 0.000231 

part3: serialize and update nodes (itr: 94)  (secs): 0.001399 

Itr: 94, Total time for this iteration: 0.218039

Itr: 95, Total number of macro_nodes across all proc's: 177262 [min=4367 max=10201] expected=5539.437500
part1: id set creation (itr: 95)  (secs): 0.000619 
Itr: 95, global ID_set size across all proc's: 2052
part2: iterate and pack  (itr: 95)  (secs): 0.207963 
part3: serialize and update communication time  (secs): 0.000227 

part3: serialize and update nodes (itr: 95)  (secs): 0.001361 

Itr: 95, Total time for this iteration: 0.212240

Itr: 96, Total number of macro_nodes across all proc's: 175210 [min=4321 max=10081] expected=5475.312500
part1: id set creation (itr: 96)  (secs): 0.000600 
Itr: 96, global ID_set size across all proc's: 2072
part2: iterate and pack  (itr: 96)  (secs): 0.192148 
part3: serialize and update communication time  (secs): 0.000241 

part3: serialize and update nodes (itr: 96)  (secs): 0.001550 

Itr: 96, Total time for this iteration: 0.196091

Itr: 97, Total number of macro_nodes across all proc's: 173138 [min=4278 max=9972] expected=5410.562500
part1: id set creation (itr: 97)  (secs): 0.000543 
Itr: 97, global ID_set size across all proc's: 2086
part2: iterate and pack  (itr: 97)  (secs): 0.206967 
part3: serialize and update communication time  (secs): 0.000226 

part3: serialize and update nodes (itr: 97)  (secs): 0.001407 

Itr: 97, Total time for this iteration: 0.209942

Itr: 98, Total number of macro_nodes across all proc's: 171052 [min=4228 max=9866] expected=5345.375000
part1: id set creation (itr: 98)  (secs): 0.000566 
Itr: 98, global ID_set size across all proc's: 2076
part2: iterate and pack  (itr: 98)  (secs): 0.197401 
part3: serialize and update communication time  (secs): 0.000232 

part3: serialize and update nodes (itr: 98)  (secs): 0.001573 

Itr: 98, Total time for this iteration: 0.200579

Itr: 99, Total number of macro_nodes across all proc's: 168976 [min=4178 max=9742] expected=5280.500000
part1: id set creation (itr: 99)  (secs): 0.000529 
Itr: 99, global ID_set size across all proc's: 2087
part2: iterate and pack  (itr: 99)  (secs): 0.219688 
part3: serialize and update communication time  (secs): 0.000284 

part3: serialize and update nodes (itr: 99)  (secs): 0.001601 

Itr: 99, Total time for this iteration: 0.222935

Itr: 100, Total number of macro_nodes across all proc's: 166889 [min=4127 max=9622] expected=5215.281250
part1: id set creation (itr: 100)  (secs): 0.000568 
Itr: 100, global ID_set size across all proc's: 2165
part2: iterate and pack  (itr: 100)  (secs): 0.200497 
part3: serialize and update communication time  (secs): 0.000247 

part3: serialize and update nodes (itr: 100)  (secs): 0.001894 

Itr: 100, Total time for this iteration: 0.205064

Itr: 101, Total number of macro_nodes across all proc's: 164724 [min=4081 max=9492] expected=5147.625000
part1: id set creation (itr: 101)  (secs): 0.000514 
Itr: 101, global ID_set size across all proc's: 2116
part2: iterate and pack  (itr: 101)  (secs): 0.202592 
part3: serialize and update communication time  (secs): 0.000347 

part3: serialize and update nodes (itr: 101)  (secs): 0.002130 

Itr: 101, Total time for this iteration: 0.206445

Itr: 102, Total number of macro_nodes across all proc's: 162608 [min=4026 max=9357] expected=5081.500000
part1: id set creation (itr: 102)  (secs): 0.000513 
Itr: 102, global ID_set size across all proc's: 2016
part2: iterate and pack  (itr: 102)  (secs): 0.206747 
part3: serialize and update communication time  (secs): 0.000327 

part3: serialize and update nodes (itr: 102)  (secs): 0.002288 

Itr: 102, Total time for this iteration: 0.210762

Itr: 103, Total number of macro_nodes across all proc's: 160592 [min=3993 max=9227] expected=5018.500000
part1: id set creation (itr: 103)  (secs): 0.000603 
Itr: 103, global ID_set size across all proc's: 1969
part2: iterate and pack  (itr: 103)  (secs): 0.237594 
part3: serialize and update communication time  (secs): 0.000269 

part3: serialize and update nodes (itr: 103)  (secs): 0.002233 

Itr: 103, Total time for this iteration: 0.242746

Itr: 104, Total number of macro_nodes across all proc's: 158623 [min=3940 max=9093] expected=4956.968750
part1: id set creation (itr: 104)  (secs): 0.000496 
Itr: 104, global ID_set size across all proc's: 1944
part2: iterate and pack  (itr: 104)  (secs): 0.235691 
part3: serialize and update communication time  (secs): 0.000304 

part3: serialize and update nodes (itr: 104)  (secs): 0.002355 

Itr: 104, Total time for this iteration: 0.239740

Itr: 105, Total number of macro_nodes across all proc's: 156679 [min=3901 max=8938] expected=4896.218750
part1: id set creation (itr: 105)  (secs): 0.000495 
Itr: 105, global ID_set size across all proc's: 1828
part2: iterate and pack  (itr: 105)  (secs): 0.226531 
part3: serialize and update communication time  (secs): 0.000264 

part3: serialize and update nodes (itr: 105)  (secs): 0.002047 

Itr: 105, Total time for this iteration: 0.230216

Itr: 106, Total number of macro_nodes across all proc's: 154851 [min=3863 max=8809] expected=4839.093750
part1: id set creation (itr: 106)  (secs): 0.000533 
Itr: 106, global ID_set size across all proc's: 1793
part2: iterate and pack  (itr: 106)  (secs): 0.236510 
part3: serialize and update communication time  (secs): 0.000297 

part3: serialize and update nodes (itr: 106)  (secs): 0.002162 

Itr: 106, Total time for this iteration: 0.241105

Itr: 107, Total number of macro_nodes across all proc's: 153058 [min=3819 max=8667] expected=4783.062500
part1: id set creation (itr: 107)  (secs): 0.000534 
Itr: 107, global ID_set size across all proc's: 1744
part2: iterate and pack  (itr: 107)  (secs): 0.224503 
part3: serialize and update communication time  (secs): 0.000359 

part3: serialize and update nodes (itr: 107)  (secs): 0.002486 

Itr: 107, Total time for this iteration: 0.231165

Itr: 108, Total number of macro_nodes across all proc's: 151314 [min=3782 max=8516] expected=4728.562500
part1: id set creation (itr: 108)  (secs): 0.000511 
Itr: 108, global ID_set size across all proc's: 1658
part2: iterate and pack  (itr: 108)  (secs): 0.218987 
part3: serialize and update communication time  (secs): 0.000276 

part3: serialize and update nodes (itr: 108)  (secs): 0.002094 

Itr: 108, Total time for this iteration: 0.223151

Itr: 109, Total number of macro_nodes across all proc's: 149656 [min=3746 max=8381] expected=4676.750000
part1: id set creation (itr: 109)  (secs): 0.000566 
Itr: 109, global ID_set size across all proc's: 1591
part2: iterate and pack  (itr: 109)  (secs): 0.212111 
part3: serialize and update communication time  (secs): 0.000290 

part3: serialize and update nodes (itr: 109)  (secs): 0.002024 

Itr: 109, Total time for this iteration: 0.216399

Itr: 110, Total number of macro_nodes across all proc's: 148065 [min=3721 max=8253] expected=4627.031250
part1: id set creation (itr: 110)  (secs): 0.000460 
Itr: 110, global ID_set size across all proc's: 1544
part2: iterate and pack  (itr: 110)  (secs): 0.221652 
part3: serialize and update communication time  (secs): 0.000278 

part3: serialize and update nodes (itr: 110)  (secs): 0.002238 

Itr: 110, Total time for this iteration: 0.225450

Itr: 111, Total number of macro_nodes across all proc's: 146521 [min=3681 max=8118] expected=4578.781250
part1: id set creation (itr: 111)  (secs): 0.000506 
Itr: 111, global ID_set size across all proc's: 1531
part2: iterate and pack  (itr: 111)  (secs): 0.210038 
part3: serialize and update communication time  (secs): 0.000288 

part3: serialize and update nodes (itr: 111)  (secs): 0.002203 

Itr: 111, Total time for this iteration: 0.217923

Itr: 112, Total number of macro_nodes across all proc's: 144990 [min=3660 max=7989] expected=4530.937500
part1: id set creation (itr: 112)  (secs): 0.000528 
Itr: 112, global ID_set size across all proc's: 1581
part2: iterate and pack  (itr: 112)  (secs): 0.197540 
part3: serialize and update communication time  (secs): 0.000396 

part3: serialize and update nodes (itr: 112)  (secs): 0.003182 

Itr: 112, Total time for this iteration: 0.204247

Itr: 113, Total number of macro_nodes across all proc's: 143409 [min=3637 max=7847] expected=4481.531250
part1: id set creation (itr: 113)  (secs): 0.000466 
Itr: 113, global ID_set size across all proc's: 1592
part2: iterate and pack  (itr: 113)  (secs): 0.219372 
part3: serialize and update communication time  (secs): 0.000297 

part3: serialize and update nodes (itr: 113)  (secs): 0.002291 

Itr: 113, Total time for this iteration: 0.223308

Itr: 114, Total number of macro_nodes across all proc's: 141817 [min=3606 max=7707] expected=4431.781250
part1: id set creation (itr: 114)  (secs): 0.000448 
Itr: 114, global ID_set size across all proc's: 1648
part2: iterate and pack  (itr: 114)  (secs): 0.242823 
part3: serialize and update communication time  (secs): 0.000263 

part3: serialize and update nodes (itr: 114)  (secs): 0.002453 

Itr: 114, Total time for this iteration: 0.246840

Itr: 115, Total number of macro_nodes across all proc's: 140169 [min=3582 max=7565] expected=4380.281250
part1: id set creation (itr: 115)  (secs): 0.000442 
Itr: 115, global ID_set size across all proc's: 1673
part2: iterate and pack  (itr: 115)  (secs): 0.210378 
part3: serialize and update communication time  (secs): 0.000368 

part3: serialize and update nodes (itr: 115)  (secs): 0.002796 

Itr: 115, Total time for this iteration: 0.214771

Itr: 116, Total number of macro_nodes across all proc's: 138496 [min=3553 max=7389] expected=4328.000000
part1: id set creation (itr: 116)  (secs): 0.000435 
Itr: 116, global ID_set size across all proc's: 1844
part2: iterate and pack  (itr: 116)  (secs): 0.207608 
part3: serialize and update communication time  (secs): 0.000387 

part3: serialize and update nodes (itr: 116)  (secs): 0.002686 

Itr: 116, Total time for this iteration: 0.211766

Itr: 117, Total number of macro_nodes across all proc's: 136652 [min=3509 max=7247] expected=4270.375000
part1: id set creation (itr: 117)  (secs): 0.000426 
Itr: 117, global ID_set size across all proc's: 2021
part2: iterate and pack  (itr: 117)  (secs): 0.208131 
part3: serialize and update communication time  (secs): 0.000381 

part3: serialize and update nodes (itr: 117)  (secs): 0.002556 

Itr: 117, Total time for this iteration: 0.213027

Itr: 118, Total number of macro_nodes across all proc's: 134631 [min=3472 max=7106] expected=4207.218750
part1: id set creation (itr: 118)  (secs): 0.000545 
Itr: 118, global ID_set size across all proc's: 2168
part2: iterate and pack  (itr: 118)  (secs): 0.216570 
part3: serialize and update communication time  (secs): 0.002046 

part3: serialize and update nodes (itr: 118)  (secs): 0.004411 

Itr: 118, Total time for this iteration: 0.223253

Itr: 119, Total number of macro_nodes across all proc's: 132463 [min=3425 max=6948] expected=4139.468750
part1: id set creation (itr: 119)  (secs): 0.000413 
Itr: 119, global ID_set size across all proc's: 2271
part2: iterate and pack  (itr: 119)  (secs): 0.206602 
part3: serialize and update communication time  (secs): 0.000320 

part3: serialize and update nodes (itr: 119)  (secs): 0.002239 

Itr: 119, Total time for this iteration: 0.210141

Itr: 120, Total number of macro_nodes across all proc's: 130192 [min=3368 max=6778] expected=4068.500000
part1: id set creation (itr: 120)  (secs): 0.000434 
Itr: 120, global ID_set size across all proc's: 2282
part2: iterate and pack  (itr: 120)  (secs): 0.188570 
part3: serialize and update communication time  (secs): 0.000322 

part3: serialize and update nodes (itr: 120)  (secs): 0.002843 

Itr: 120, Total time for this iteration: 0.192971

Itr: 121, Total number of macro_nodes across all proc's: 127910 [min=3313 max=6645] expected=3997.187500
part1: id set creation (itr: 121)  (secs): 0.000457 
Itr: 121, global ID_set size across all proc's: 2114
part2: iterate and pack  (itr: 121)  (secs): 0.198478 
part3: serialize and update communication time  (secs): 0.000218 

part3: serialize and update nodes (itr: 121)  (secs): 0.001623 

Itr: 121, Total time for this iteration: 0.202122

Itr: 122, Total number of macro_nodes across all proc's: 125796 [min=3245 max=6525] expected=3931.125000
part1: id set creation (itr: 122)  (secs): 0.000392 
Itr: 122, global ID_set size across all proc's: 1828
part2: iterate and pack  (itr: 122)  (secs): 0.199232 
part3: serialize and update communication time  (secs): 0.000249 

part3: serialize and update nodes (itr: 122)  (secs): 0.001745 

Itr: 122, Total time for this iteration: 0.202085

Itr: 123, Total number of macro_nodes across all proc's: 123968 [min=3194 max=6411] expected=3874.000000
part1: id set creation (itr: 123)  (secs): 0.000384 
Itr: 123, global ID_set size across all proc's: 1731
part2: iterate and pack  (itr: 123)  (secs): 0.204295 
part3: serialize and update communication time  (secs): 0.000250 

part3: serialize and update nodes (itr: 123)  (secs): 0.002027 

Itr: 123, Total time for this iteration: 0.207404

Itr: 124, Total number of macro_nodes across all proc's: 122237 [min=3142 max=6288] expected=3819.906250
part1: id set creation (itr: 124)  (secs): 0.000389 
Itr: 124, global ID_set size across all proc's: 1549
part2: iterate and pack  (itr: 124)  (secs): 0.214750 
part3: serialize and update communication time  (secs): 0.000237 

part3: serialize and update nodes (itr: 124)  (secs): 0.001626 

Itr: 124, Total time for this iteration: 0.217469

Itr: 125, Total number of macro_nodes across all proc's: 120688 [min=3101 max=6185] expected=3771.500000
part1: id set creation (itr: 125)  (secs): 0.000375 
Itr: 125, global ID_set size across all proc's: 1371
part2: iterate and pack  (itr: 125)  (secs): 0.225995 
part3: serialize and update communication time  (secs): 0.000198 

part3: serialize and update nodes (itr: 125)  (secs): 0.001462 

Itr: 125, Total time for this iteration: 0.228471

Itr: 126, Total number of macro_nodes across all proc's: 119317 [min=3059 max=6105] expected=3728.656250
part1: id set creation (itr: 126)  (secs): 0.000370 
Itr: 126, global ID_set size across all proc's: 1192
part2: iterate and pack  (itr: 126)  (secs): 0.212749 
part3: serialize and update communication time  (secs): 0.000265 

part3: serialize and update nodes (itr: 126)  (secs): 0.001443 

Itr: 126, Total time for this iteration: 0.215263

Itr: 127, Total number of macro_nodes across all proc's: 118125 [min=3022 max=6027] expected=3691.406250
part1: id set creation (itr: 127)  (secs): 0.000367 
Itr: 127, global ID_set size across all proc's: 1098
part2: iterate and pack  (itr: 127)  (secs): 0.195928 
part3: serialize and update communication time  (secs): 0.000291 

part3: serialize and update nodes (itr: 127)  (secs): 0.001531 

Itr: 127, Total time for this iteration: 0.198504

Itr: 128, Total number of macro_nodes across all proc's: 117027 [min=2993 max=5940] expected=3657.093750
part1: id set creation (itr: 128)  (secs): 0.000410 
Itr: 128, global ID_set size across all proc's: 1265
part2: iterate and pack  (itr: 128)  (secs): 0.195672 
part3: serialize and update communication time  (secs): 0.000272 

part3: serialize and update nodes (itr: 128)  (secs): 0.001580 

Itr: 128, Total time for this iteration: 0.199332

Itr: 129, Total number of macro_nodes across all proc's: 115762 [min=2958 max=5864] expected=3617.562500
part1: id set creation (itr: 129)  (secs): 0.000361 
Itr: 129, global ID_set size across all proc's: 1481
part2: iterate and pack  (itr: 129)  (secs): 0.194631 
part3: serialize and update communication time  (secs): 0.000317 

part3: serialize and update nodes (itr: 129)  (secs): 0.001648 

Itr: 129, Total time for this iteration: 0.197353

Itr: 130, Total number of macro_nodes across all proc's: 114281 [min=2920 max=5786] expected=3571.281250
part1: id set creation (itr: 130)  (secs): 0.000354 
Itr: 130, global ID_set size across all proc's: 1350
part2: iterate and pack  (itr: 130)  (secs): 0.182768 
part3: serialize and update communication time  (secs): 0.000419 

part3: serialize and update nodes (itr: 130)  (secs): 0.002253 

Itr: 130, Total time for this iteration: 0.186088

Itr: 131, Total number of macro_nodes across all proc's: 112931 [min=2893 max=5706] expected=3529.093750
part1: id set creation (itr: 131)  (secs): 0.000348 
Itr: 131, global ID_set size across all proc's: 1293
part2: iterate and pack  (itr: 131)  (secs): 0.182334 
part3: serialize and update communication time  (secs): 0.000217 

part3: serialize and update nodes (itr: 131)  (secs): 0.001581 

Itr: 131, Total time for this iteration: 0.184960

Itr: 132, Total number of macro_nodes across all proc's: 111638 [min=2868 max=5632] expected=3488.687500
part1: id set creation (itr: 132)  (secs): 0.000369 
Itr: 132, global ID_set size across all proc's: 1366
part2: iterate and pack  (itr: 132)  (secs): 0.213473 
part3: serialize and update communication time  (secs): 0.000268 

part3: serialize and update nodes (itr: 132)  (secs): 0.001547 

Itr: 132, Total time for this iteration: 0.216370

Itr: 133, Total number of macro_nodes across all proc's: 110272 [min=2831 max=5570] expected=3446.000000
part1: id set creation (itr: 133)  (secs): 0.000342 
Itr: 133, global ID_set size across all proc's: 1371
part2: iterate and pack  (itr: 133)  (secs): 0.182554 
part3: serialize and update communication time  (secs): 0.000231 

part3: serialize and update nodes (itr: 133)  (secs): 0.001591 

Itr: 133, Total time for this iteration: 0.185188

Itr: 134, Total number of macro_nodes across all proc's: 108901 [min=2785 max=5500] expected=3403.156250
part1: id set creation (itr: 134)  (secs): 0.000335 
Itr: 134, global ID_set size across all proc's: 1486
part2: iterate and pack  (itr: 134)  (secs): 0.191581 
part3: serialize and update communication time  (secs): 0.000201 

part3: serialize and update nodes (itr: 134)  (secs): 0.001630 

Itr: 134, Total time for this iteration: 0.194176

Itr: 135, Total number of macro_nodes across all proc's: 107415 [min=2748 max=5403] expected=3356.718750
part1: id set creation (itr: 135)  (secs): 0.000330 
Itr: 135, global ID_set size across all proc's: 1427
part2: iterate and pack  (itr: 135)  (secs): 0.179590 
part3: serialize and update communication time  (secs): 0.000239 

part3: serialize and update nodes (itr: 135)  (secs): 0.001805 

Itr: 135, Total time for this iteration: 0.182377

Itr: 136, Total number of macro_nodes across all proc's: 105988 [min=2707 max=5334] expected=3312.125000
part1: id set creation (itr: 136)  (secs): 0.000327 
Itr: 136, global ID_set size across all proc's: 1370
part2: iterate and pack  (itr: 136)  (secs): 0.183672 
part3: serialize and update communication time  (secs): 0.000373 

part3: serialize and update nodes (itr: 136)  (secs): 0.002232 

Itr: 136, Total time for this iteration: 0.186869

Itr: 137, Total number of macro_nodes across all proc's: 104618 [min=2667 max=5243] expected=3269.312500
part1: id set creation (itr: 137)  (secs): 0.000343 
Itr: 137, global ID_set size across all proc's: 1345
part2: iterate and pack  (itr: 137)  (secs): 0.173667 
part3: serialize and update communication time  (secs): 0.000281 

part3: serialize and update nodes (itr: 137)  (secs): 0.001911 

Itr: 137, Total time for this iteration: 0.176736

Itr: 138, Total number of macro_nodes across all proc's: 103273 [min=2635 max=5147] expected=3227.281250
part1: id set creation (itr: 138)  (secs): 0.000319 
Itr: 138, global ID_set size across all proc's: 1285
part2: iterate and pack  (itr: 138)  (secs): 0.171654 
part3: serialize and update communication time  (secs): 0.000267 

part3: serialize and update nodes (itr: 138)  (secs): 0.001781 

Itr: 138, Total time for this iteration: 0.174246

Itr: 139, Total number of macro_nodes across all proc's: 101988 [min=2605 max=5046] expected=3187.125000
part1: id set creation (itr: 139)  (secs): 0.000336 
Itr: 139, global ID_set size across all proc's: 1314
part2: iterate and pack  (itr: 139)  (secs): 0.164534 
part3: serialize and update communication time  (secs): 0.000237 

part3: serialize and update nodes (itr: 139)  (secs): 0.001529 

Itr: 139, Total time for this iteration: 0.167194

Itr: 140, Total number of macro_nodes across all proc's: 100674 [min=2565 max=4967] expected=3146.062500
part1: id set creation (itr: 140)  (secs): 0.000310 
Itr: 140, global ID_set size across all proc's: 1530
part2: iterate and pack  (itr: 140)  (secs): 0.185622 
part3: serialize and update communication time  (secs): 0.000235 

part3: serialize and update nodes (itr: 140)  (secs): 0.001453 

Itr: 140, Total time for this iteration: 0.187911

Itr: 141, Total number of macro_nodes across all proc's: 99144 [min=2525 max=4876] expected=3098.250000
Average time for part1: id set creation across all procs (secs): 0.750318 
Average time for part2: packing nodes across all procs (secs): 47.748331 
Average time for part3: update nodes across all procs (secs): 5.947014 
Average time for phase to merge and dropping of nodes across all procs (secs): 55.021689 

Average time for Alltoall in Serialize and Transfer (secs): 0.008861 
Average time for AlltoallV in Serialize and Transfer (secs): 0.192837 
[StopClock: pakman-original-elapsed-time-no-io]: 97.9339 sec

[StopClock: pakman-original-elapsed-time-full]: 102.11 sec

