num_buckets not specified with -t, set to default value num_buckets=21
node_threashold not specified with -n, set to default value node_threashold=100K
K-mer size: 32, L-mer size: 8, Number of Processes: 8, MAX_KMER_COUNT: 1000000000 Coverage: 100,Avg read length: 100, Num buckets: 21, Node threshold: 100000
Average time for MPI_FIle_Open (secs): 0.022395 
Average time for MPI_FIle_Read (secs): 1.651015 
Average time for MPI_FIle_copy (secs): 2.109888 
Average time for MPI_FIle_Close (secs): 0.086212 
Average time for reading and storing the Reads in each proc's memory (secs): 3.870117 
Total number of reads: 100000000
Average time for Alltoall across all procs (secs): 0.000077 
Average time for pack_sbuf_time across all procs (secs): 0.000000 
Average time for AlltoallV across all procs (secs): 0.529242 
Average time for unpack_rbuf_time across all procs (secs): 17.844673 
Average time for unpack_rbuf_time:sort across all procs (secs): 15.481699 
Average time for unpack_rbuf_time:insert across all procs (secs): 1.044160 
Average time for unpack_rbuf_time:acc across all procs (secs): 1.316934 
Average time for partial Sliding Window across all procs (secs): 107.840432 
Average time for Sliding Window across all procs (secs): 168.872718 
Average time for lmer Sliding Window across all procs (secs): 2.292749 
Average time for vector insert across all procs (secs): 36.733270 
Average time for temp_map insert across all procs (secs): 81.367656 
Average number of re-calculations of min l-mer across all procs (secs): 0.000000 
Average time for performing k-mer counting across all procs (secs): 171.289631 
Total distinct k-mer entries across all proc's: 880474949
Number of batch iterations: 1 
Number of threads: 96
Total valid (>= min_bucket(20)) k-mer entries across all proc's: 46504387 
**********************************************************************

Average time for communication in Transfer of MN nodes (secs): 0.059787 
Average time for Re-grouping for k-mers across all procs (secs): 0.657503 
Average time for identifying the macro_nodes (secs): 1.498421 
Average time for sorting the pref/suff kmer buffers (secs): 1.573921 
Average time for populating the suff and pref buffers (secs): 4.573193 
Average time for constructing MN map across all procs (secs): 7.680371 
Total number of macro_nodes across all proc's: 45874708
Average time for MN node construction across all procs (secs): 8.977352 
Average time for initial wiring of MN nodes across all procs (secs): 5.289061 

Itr: 1, Total number of macro_nodes across all proc's: 45874708 [min=5651805 max=5783443] expected=5734338.500000
part1: id set creation (itr: 1)  (secs): 0.503321 
Itr: 1, global ID_set size across all proc's: 13082909
part2: iterate and pack  (itr: 1)  (secs): 16.580852 
part3: serialize and update communication time  (secs): 0.041583 

part3: serialize and update nodes (itr: 1)  (secs): 5.482489 

Itr: 1, Total time for this iteration: 22.620658

Itr: 2, Total number of macro_nodes across all proc's: 32791799 [min=4028254 max=4145975] expected=4098974.875000
part1: id set creation (itr: 2)  (secs): 0.423804 
Itr: 2, global ID_set size across all proc's: 8044780
part2: iterate and pack  (itr: 2)  (secs): 12.118156 
part3: serialize and update communication time  (secs): 0.028439 

part3: serialize and update nodes (itr: 2)  (secs): 3.617827 

Itr: 2, Total time for this iteration: 16.217734

Itr: 3, Total number of macro_nodes across all proc's: 24747019 [min=3035878 max=3135332] expected=3093377.375000
part1: id set creation (itr: 3)  (secs): 0.354152 
Itr: 3, global ID_set size across all proc's: 5969491
part2: iterate and pack  (itr: 3)  (secs): 9.628941 
part3: serialize and update communication time  (secs): 0.021432 

part3: serialize and update nodes (itr: 3)  (secs): 2.804470 

Itr: 3, Total time for this iteration: 12.844832

Itr: 4, Total number of macro_nodes across all proc's: 18777528 [min=2297598 max=2383979] expected=2347191.000000
part1: id set creation (itr: 4)  (secs): 0.295364 
Itr: 4, global ID_set size across all proc's: 4524742
part2: iterate and pack  (itr: 4)  (secs): 7.684953 
part3: serialize and update communication time  (secs): 0.016515 

part3: serialize and update nodes (itr: 4)  (secs): 2.244796 

Itr: 4, Total time for this iteration: 10.266555

Itr: 5, Total number of macro_nodes across all proc's: 14252786 [min=1739346 max=1811485] expected=1781598.250000
part1: id set creation (itr: 5)  (secs): 0.238803 
Itr: 5, global ID_set size across all proc's: 3326542
part2: iterate and pack  (itr: 5)  (secs): 6.001592 
part3: serialize and update communication time  (secs): 0.012516 

part3: serialize and update nodes (itr: 5)  (secs): 1.734090 

Itr: 5, Total time for this iteration: 8.025233

Itr: 6, Total number of macro_nodes across all proc's: 10926244 [min=1332192 max=1401107] expected=1365780.500000
part1: id set creation (itr: 6)  (secs): 0.191925 
Itr: 6, global ID_set size across all proc's: 2494601
part2: iterate and pack  (itr: 6)  (secs): 4.846815 
part3: serialize and update communication time  (secs): 0.009888 

part3: serialize and update nodes (itr: 6)  (secs): 1.355706 

Itr: 6, Total time for this iteration: 6.438201

Itr: 7, Total number of macro_nodes across all proc's: 8431643 [min=1027477 max=1089704] expected=1053955.375000
part1: id set creation (itr: 7)  (secs): 0.155437 
Itr: 7, global ID_set size across all proc's: 1854233
part2: iterate and pack  (itr: 7)  (secs): 3.841574 
part3: serialize and update communication time  (secs): 0.007851 

part3: serialize and update nodes (itr: 7)  (secs): 1.015484 

Itr: 7, Total time for this iteration: 5.051147

Itr: 8, Total number of macro_nodes across all proc's: 6577410 [min=799212 max=854059] expected=822176.250000
part1: id set creation (itr: 8)  (secs): 0.125888 
Itr: 8, global ID_set size across all proc's: 1406404
part2: iterate and pack  (itr: 8)  (secs): 3.132943 
part3: serialize and update communication time  (secs): 0.006734 

part3: serialize and update nodes (itr: 8)  (secs): 0.786307 

Itr: 8, Total time for this iteration: 4.059201

Itr: 9, Total number of macro_nodes across all proc's: 5171006 [min=626308 max=675154] expected=646375.750000
part1: id set creation (itr: 9)  (secs): 0.101648 
Itr: 9, global ID_set size across all proc's: 1084180
part2: iterate and pack  (itr: 9)  (secs): 2.584488 
part3: serialize and update communication time  (secs): 0.004190 

part3: serialize and update nodes (itr: 9)  (secs): 0.634887 

Itr: 9, Total time for this iteration: 3.335847

Itr: 10, Total number of macro_nodes across all proc's: 4086826 [min=493382 max=537043] expected=510853.250000
part1: id set creation (itr: 10)  (secs): 0.083955 
Itr: 10, global ID_set size across all proc's: 834553
part2: iterate and pack  (itr: 10)  (secs): 2.118846 
part3: serialize and update communication time  (secs): 0.003436 

part3: serialize and update nodes (itr: 10)  (secs): 0.512909 

Itr: 10, Total time for this iteration: 2.731194

Itr: 11, Total number of macro_nodes across all proc's: 3252273 [min=391448 max=428931] expected=406534.125000
part1: id set creation (itr: 11)  (secs): 0.068823 
Itr: 11, global ID_set size across all proc's: 640253
part2: iterate and pack  (itr: 11)  (secs): 1.754772 
part3: serialize and update communication time  (secs): 0.003120 

part3: serialize and update nodes (itr: 11)  (secs): 0.410330 

Itr: 11, Total time for this iteration: 2.246383

Itr: 12, Total number of macro_nodes across all proc's: 2612020 [min=313478 max=346152] expected=326502.500000
part1: id set creation (itr: 12)  (secs): 0.055167 
Itr: 12, global ID_set size across all proc's: 492586
part2: iterate and pack  (itr: 12)  (secs): 1.509993 
part3: serialize and update communication time  (secs): 0.002896 

part3: serialize and update nodes (itr: 12)  (secs): 0.331419 

Itr: 12, Total time for this iteration: 1.905051

Itr: 13, Total number of macro_nodes across all proc's: 2119434 [min=253663 max=282158] expected=264929.250000
part1: id set creation (itr: 13)  (secs): 0.044795 
Itr: 13, global ID_set size across all proc's: 381459
part2: iterate and pack  (itr: 13)  (secs): 1.267211 
part3: serialize and update communication time  (secs): 0.002439 

part3: serialize and update nodes (itr: 13)  (secs): 0.266676 

Itr: 13, Total time for this iteration: 1.587744

Itr: 14, Total number of macro_nodes across all proc's: 1737975 [min=207531 max=232945] expected=217246.875000
part1: id set creation (itr: 14)  (secs): 0.036311 
Itr: 14, global ID_set size across all proc's: 296963
part2: iterate and pack  (itr: 14)  (secs): 1.095218 
part3: serialize and update communication time  (secs): 0.001976 

part3: serialize and update nodes (itr: 14)  (secs): 0.220466 

Itr: 14, Total time for this iteration: 1.360195

Itr: 15, Total number of macro_nodes across all proc's: 1441012 [min=171412 max=193968] expected=180126.500000
part1: id set creation (itr: 15)  (secs): 0.031117 
Itr: 15, global ID_set size across all proc's: 234072
part2: iterate and pack  (itr: 15)  (secs): 0.975246 
part3: serialize and update communication time  (secs): 0.001685 

part3: serialize and update nodes (itr: 15)  (secs): 0.180787 

Itr: 15, Total time for this iteration: 1.193491

Itr: 16, Total number of macro_nodes across all proc's: 1206940 [min=143053 max=162971] expected=150867.500000
part1: id set creation (itr: 16)  (secs): 0.026240 
Itr: 16, global ID_set size across all proc's: 186057
part2: iterate and pack  (itr: 16)  (secs): 0.848165 
part3: serialize and update communication time  (secs): 0.001904 

part3: serialize and update nodes (itr: 16)  (secs): 0.150067 

Itr: 16, Total time for this iteration: 1.031170

Itr: 17, Total number of macro_nodes across all proc's: 1020883 [min=120617 max=138372] expected=127610.375000
part1: id set creation (itr: 17)  (secs): 0.021330 
Itr: 17, global ID_set size across all proc's: 149059
part2: iterate and pack  (itr: 17)  (secs): 0.762907 
part3: serialize and update communication time  (secs): 0.001327 

part3: serialize and update nodes (itr: 17)  (secs): 0.126733 

Itr: 17, Total time for this iteration: 0.916278

Itr: 18, Total number of macro_nodes across all proc's: 871824 [min=102702 max=118831] expected=108978.000000
part1: id set creation (itr: 18)  (secs): 0.018105 
Itr: 18, global ID_set size across all proc's: 119454
part2: iterate and pack  (itr: 18)  (secs): 0.717905 
part3: serialize and update communication time  (secs): 0.001154 

part3: serialize and update nodes (itr: 18)  (secs): 0.111687 

Itr: 18, Total time for this iteration: 0.858206

Itr: 19, Total number of macro_nodes across all proc's: 752370 [min=88316 max=103167] expected=94046.250000
part1: id set creation (itr: 19)  (secs): 0.017776 
Itr: 19, global ID_set size across all proc's: 95958
part2: iterate and pack  (itr: 19)  (secs): 0.624284 
part3: serialize and update communication time  (secs): 0.001044 

part3: serialize and update nodes (itr: 19)  (secs): 0.089718 

Itr: 19, Total time for this iteration: 0.741689

Itr: 20, Total number of macro_nodes across all proc's: 656412 [min=76900 max=90383] expected=82051.500000
part1: id set creation (itr: 20)  (secs): 0.014128 
Itr: 20, global ID_set size across all proc's: 76728
part2: iterate and pack  (itr: 20)  (secs): 0.591844 
part3: serialize and update communication time  (secs): 0.001121 

part3: serialize and update nodes (itr: 20)  (secs): 0.075551 

Itr: 20, Total time for this iteration: 0.686138

Itr: 21, Total number of macro_nodes across all proc's: 579684 [min=67601 max=80126] expected=72460.500000
part1: id set creation (itr: 21)  (secs): 0.012230 
Itr: 21, global ID_set size across all proc's: 61716
part2: iterate and pack  (itr: 21)  (secs): 0.539670 
part3: serialize and update communication time  (secs): 0.000819 

part3: serialize and update nodes (itr: 21)  (secs): 0.061214 

Itr: 21, Total time for this iteration: 0.617630

Itr: 22, Total number of macro_nodes across all proc's: 517968 [min=60127 max=71835] expected=64746.000000
part1: id set creation (itr: 22)  (secs): 0.010601 
Itr: 22, global ID_set size across all proc's: 49380
part2: iterate and pack  (itr: 22)  (secs): 0.512463 
part3: serialize and update communication time  (secs): 0.000857 

part3: serialize and update nodes (itr: 22)  (secs): 0.049904 

Itr: 22, Total time for this iteration: 0.575917

Itr: 23, Total number of macro_nodes across all proc's: 468588 [min=54147 max=65332] expected=58573.500000
part1: id set creation (itr: 23)  (secs): 0.009513 
Itr: 23, global ID_set size across all proc's: 39766
part2: iterate and pack  (itr: 23)  (secs): 0.471045 
part3: serialize and update communication time  (secs): 0.001082 

part3: serialize and update nodes (itr: 23)  (secs): 0.042506 

Itr: 23, Total time for this iteration: 0.525890

Itr: 24, Total number of macro_nodes across all proc's: 428822 [min=49247 max=60068] expected=53602.750000
part1: id set creation (itr: 24)  (secs): 0.008736 
Itr: 24, global ID_set size across all proc's: 32553
part2: iterate and pack  (itr: 24)  (secs): 0.466947 
part3: serialize and update communication time  (secs): 0.000701 

part3: serialize and update nodes (itr: 24)  (secs): 0.035180 

Itr: 24, Total time for this iteration: 0.513115

Itr: 25, Total number of macro_nodes across all proc's: 396269 [min=45386 max=55718] expected=49533.625000
part1: id set creation (itr: 25)  (secs): 0.008129 
Itr: 25, global ID_set size across all proc's: 26770
part2: iterate and pack  (itr: 25)  (secs): 0.452542 
part3: serialize and update communication time  (secs): 0.000967 

part3: serialize and update nodes (itr: 25)  (secs): 0.029689 

Itr: 25, Total time for this iteration: 0.492408

Itr: 26, Total number of macro_nodes across all proc's: 369499 [min=42084 max=52184] expected=46187.375000
part1: id set creation (itr: 26)  (secs): 0.007407 
Itr: 26, global ID_set size across all proc's: 22314
part2: iterate and pack  (itr: 26)  (secs): 0.448865 
part3: serialize and update communication time  (secs): 0.000672 

part3: serialize and update nodes (itr: 26)  (secs): 0.024505 

Itr: 26, Total time for this iteration: 0.482677

Itr: 27, Total number of macro_nodes across all proc's: 347185 [min=39298 max=49281] expected=43398.125000
part1: id set creation (itr: 27)  (secs): 0.006907 
Itr: 27, global ID_set size across all proc's: 18541
part2: iterate and pack  (itr: 27)  (secs): 0.407221 
part3: serialize and update communication time  (secs): 0.000692 

part3: serialize and update nodes (itr: 27)  (secs): 0.020725 

Itr: 27, Total time for this iteration: 0.436539

Itr: 28, Total number of macro_nodes across all proc's: 328644 [min=37000 max=46918] expected=41080.500000
part1: id set creation (itr: 28)  (secs): 0.006499 
Itr: 28, global ID_set size across all proc's: 15840
part2: iterate and pack  (itr: 28)  (secs): 0.389343 
part3: serialize and update communication time  (secs): 0.000633 

part3: serialize and update nodes (itr: 28)  (secs): 0.018202 

Itr: 28, Total time for this iteration: 0.415687

Itr: 29, Total number of macro_nodes across all proc's: 312804 [min=35020 max=44936] expected=39100.500000
part1: id set creation (itr: 29)  (secs): 0.006129 
Itr: 29, global ID_set size across all proc's: 14025
part2: iterate and pack  (itr: 29)  (secs): 0.394641 
part3: serialize and update communication time  (secs): 0.000627 

part3: serialize and update nodes (itr: 29)  (secs): 0.017129 

Itr: 29, Total time for this iteration: 0.419484

Itr: 30, Total number of macro_nodes across all proc's: 298779 [min=33347 max=43102] expected=37347.375000
part1: id set creation (itr: 30)  (secs): 0.005815 
Itr: 30, global ID_set size across all proc's: 12503
part2: iterate and pack  (itr: 30)  (secs): 0.384336 
part3: serialize and update communication time  (secs): 0.000638 

part3: serialize and update nodes (itr: 30)  (secs): 0.016221 

Itr: 30, Total time for this iteration: 0.408025

Itr: 31, Total number of macro_nodes across all proc's: 286276 [min=31857 max=41517] expected=35784.500000
part1: id set creation (itr: 31)  (secs): 0.005541 
Itr: 31, global ID_set size across all proc's: 11093
part2: iterate and pack  (itr: 31)  (secs): 0.375636 
part3: serialize and update communication time  (secs): 0.000892 

part3: serialize and update nodes (itr: 31)  (secs): 0.013990 

Itr: 31, Total time for this iteration: 0.396703

Itr: 32, Total number of macro_nodes across all proc's: 275183 [min=30607 max=40098] expected=34397.875000
part1: id set creation (itr: 32)  (secs): 0.005356 
Itr: 32, global ID_set size across all proc's: 9386
part2: iterate and pack  (itr: 32)  (secs): 0.365673 
part3: serialize and update communication time  (secs): 0.000619 

part3: serialize and update nodes (itr: 32)  (secs): 0.014530 

Itr: 32, Total time for this iteration: 0.387369

Itr: 33, Total number of macro_nodes across all proc's: 265797 [min=29448 max=38878] expected=33224.625000
part1: id set creation (itr: 33)  (secs): 0.005763 
Itr: 33, global ID_set size across all proc's: 7877
part2: iterate and pack  (itr: 33)  (secs): 0.367041 
part3: serialize and update communication time  (secs): 0.000528 

part3: serialize and update nodes (itr: 33)  (secs): 0.010589 

Itr: 33, Total time for this iteration: 0.388953

Itr: 34, Total number of macro_nodes across all proc's: 257920 [min=28507 max=37910] expected=32240.000000
part1: id set creation (itr: 34)  (secs): 0.004869 
Itr: 34, global ID_set size across all proc's: 7011
part2: iterate and pack  (itr: 34)  (secs): 0.382112 
part3: serialize and update communication time  (secs): 0.000530 

part3: serialize and update nodes (itr: 34)  (secs): 0.009572 

Itr: 34, Total time for this iteration: 0.398000

Itr: 35, Total number of macro_nodes across all proc's: 250909 [min=27634 max=37021] expected=31363.625000
part1: id set creation (itr: 35)  (secs): 0.004716 
Itr: 35, global ID_set size across all proc's: 5978
part2: iterate and pack  (itr: 35)  (secs): 0.364644 
part3: serialize and update communication time  (secs): 0.000442 

part3: serialize and update nodes (itr: 35)  (secs): 0.008322 

Itr: 35, Total time for this iteration: 0.379100

Itr: 36, Total number of macro_nodes across all proc's: 244931 [min=26909 max=36294] expected=30616.375000
part1: id set creation (itr: 36)  (secs): 0.004580 
Itr: 36, global ID_set size across all proc's: 5080
part2: iterate and pack  (itr: 36)  (secs): 0.367342 
part3: serialize and update communication time  (secs): 0.000401 

part3: serialize and update nodes (itr: 36)  (secs): 0.007539 

Itr: 36, Total time for this iteration: 0.380860

Itr: 37, Total number of macro_nodes across all proc's: 239851 [min=26275 max=35636] expected=29981.375000
part1: id set creation (itr: 37)  (secs): 0.004460 
Itr: 37, global ID_set size across all proc's: 4432
part2: iterate and pack  (itr: 37)  (secs): 0.353518 
part3: serialize and update communication time  (secs): 0.000416 

part3: serialize and update nodes (itr: 37)  (secs): 0.006730 

Itr: 37, Total time for this iteration: 0.366079

Itr: 38, Total number of macro_nodes across all proc's: 235419 [min=25733 max=35108] expected=29427.375000
part1: id set creation (itr: 38)  (secs): 0.004360 
Itr: 38, global ID_set size across all proc's: 3926
part2: iterate and pack  (itr: 38)  (secs): 0.358606 
part3: serialize and update communication time  (secs): 0.000399 

part3: serialize and update nodes (itr: 38)  (secs): 0.006195 

Itr: 38, Total time for this iteration: 0.370564

Itr: 39, Total number of macro_nodes across all proc's: 231493 [min=25240 max=34611] expected=28936.625000
part1: id set creation (itr: 39)  (secs): 0.004285 
Itr: 39, global ID_set size across all proc's: 3519
part2: iterate and pack  (itr: 39)  (secs): 0.347694 
part3: serialize and update communication time  (secs): 0.000402 

part3: serialize and update nodes (itr: 39)  (secs): 0.006047 

Itr: 39, Total time for this iteration: 0.359455

Itr: 40, Total number of macro_nodes across all proc's: 227974 [min=24800 max=34192] expected=28496.750000
part1: id set creation (itr: 40)  (secs): 0.004196 
Itr: 40, global ID_set size across all proc's: 3287
part2: iterate and pack  (itr: 40)  (secs): 0.355160 
part3: serialize and update communication time  (secs): 0.000405 

part3: serialize and update nodes (itr: 40)  (secs): 0.006121 

Itr: 40, Total time for this iteration: 0.366923

Itr: 41, Total number of macro_nodes across all proc's: 224687 [min=24384 max=33794] expected=28085.875000
part1: id set creation (itr: 41)  (secs): 0.004163 
Itr: 41, global ID_set size across all proc's: 3295
part2: iterate and pack  (itr: 41)  (secs): 0.341578 
part3: serialize and update communication time  (secs): 0.000412 

part3: serialize and update nodes (itr: 41)  (secs): 0.005931 

Itr: 41, Total time for this iteration: 0.353203

Itr: 42, Total number of macro_nodes across all proc's: 221392 [min=23998 max=33419] expected=27674.000000
part1: id set creation (itr: 42)  (secs): 0.004079 
Itr: 42, global ID_set size across all proc's: 3278
part2: iterate and pack  (itr: 42)  (secs): 0.343478 
part3: serialize and update communication time  (secs): 0.000412 

part3: serialize and update nodes (itr: 42)  (secs): 0.005649 

Itr: 42, Total time for this iteration: 0.354689

Itr: 43, Total number of macro_nodes across all proc's: 218114 [min=23561 max=33008] expected=27264.250000
part1: id set creation (itr: 43)  (secs): 0.004242 
Itr: 43, global ID_set size across all proc's: 3253
part2: iterate and pack  (itr: 43)  (secs): 0.327795 
part3: serialize and update communication time  (secs): 0.000407 

part3: serialize and update nodes (itr: 43)  (secs): 0.005816 

Itr: 43, Total time for this iteration: 0.339250

Itr: 44, Total number of macro_nodes across all proc's: 214861 [min=23176 max=32641] expected=26857.625000
part1: id set creation (itr: 44)  (secs): 0.003941 
Itr: 44, global ID_set size across all proc's: 3157
part2: iterate and pack  (itr: 44)  (secs): 0.333239 
part3: serialize and update communication time  (secs): 0.000407 

part3: serialize and update nodes (itr: 44)  (secs): 0.005556 

Itr: 44, Total time for this iteration: 0.344257

Itr: 45, Total number of macro_nodes across all proc's: 211704 [min=22814 max=32269] expected=26463.000000
part1: id set creation (itr: 45)  (secs): 0.003873 
Itr: 45, global ID_set size across all proc's: 2816
part2: iterate and pack  (itr: 45)  (secs): 0.329989 
part3: serialize and update communication time  (secs): 0.000370 

part3: serialize and update nodes (itr: 45)  (secs): 0.004580 

Itr: 45, Total time for this iteration: 0.339910

Itr: 46, Total number of macro_nodes across all proc's: 208888 [min=22483 max=31934] expected=26111.000000
part1: id set creation (itr: 46)  (secs): 0.003804 
Itr: 46, global ID_set size across all proc's: 2482
part2: iterate and pack  (itr: 46)  (secs): 0.331046 
part3: serialize and update communication time  (secs): 0.000407 

part3: serialize and update nodes (itr: 46)  (secs): 0.004586 

Itr: 46, Total time for this iteration: 0.340931

Itr: 47, Total number of macro_nodes across all proc's: 206406 [min=22180 max=31671] expected=25800.750000
part1: id set creation (itr: 47)  (secs): 0.003765 
Itr: 47, global ID_set size across all proc's: 2147
part2: iterate and pack  (itr: 47)  (secs): 0.348740 
part3: serialize and update communication time  (secs): 0.000368 

part3: serialize and update nodes (itr: 47)  (secs): 0.004000 

Itr: 47, Total time for this iteration: 0.357894

Itr: 48, Total number of macro_nodes across all proc's: 204259 [min=21937 max=31412] expected=25532.375000
part1: id set creation (itr: 48)  (secs): 0.003689 
Itr: 48, global ID_set size across all proc's: 1860
part2: iterate and pack  (itr: 48)  (secs): 0.323274 
part3: serialize and update communication time  (secs): 0.000343 

part3: serialize and update nodes (itr: 48)  (secs): 0.003755 

Itr: 48, Total time for this iteration: 0.332215

Itr: 49, Total number of macro_nodes across all proc's: 202399 [min=21711 max=31164] expected=25299.875000
part1: id set creation (itr: 49)  (secs): 0.003652 
Itr: 49, global ID_set size across all proc's: 1584
part2: iterate and pack  (itr: 49)  (secs): 0.321057 
part3: serialize and update communication time  (secs): 0.000340 

part3: serialize and update nodes (itr: 49)  (secs): 0.003510 

Itr: 49, Total time for this iteration: 0.329628

Itr: 50, Total number of macro_nodes across all proc's: 200815 [min=21521 max=30976] expected=25101.875000
part1: id set creation (itr: 50)  (secs): 0.003613 
Itr: 50, global ID_set size across all proc's: 1356
part2: iterate and pack  (itr: 50)  (secs): 0.322078 
part3: serialize and update communication time  (secs): 0.000361 

part3: serialize and update nodes (itr: 50)  (secs): 0.004002 

Itr: 50, Total time for this iteration: 0.331050

Itr: 51, Total number of macro_nodes across all proc's: 199459 [min=21348 max=30810] expected=24932.375000
part1: id set creation (itr: 51)  (secs): 0.003585 
Itr: 51, global ID_set size across all proc's: 1183
part2: iterate and pack  (itr: 51)  (secs): 0.354346 
part3: serialize and update communication time  (secs): 0.000300 

part3: serialize and update nodes (itr: 51)  (secs): 0.002872 

Itr: 51, Total time for this iteration: 0.362096

Itr: 52, Total number of macro_nodes across all proc's: 198276 [min=21199 max=30677] expected=24784.500000
part1: id set creation (itr: 52)  (secs): 0.003567 
Itr: 52, global ID_set size across all proc's: 1032
part2: iterate and pack  (itr: 52)  (secs): 0.342786 
part3: serialize and update communication time  (secs): 0.000290 

part3: serialize and update nodes (itr: 52)  (secs): 0.002771 

Itr: 52, Total time for this iteration: 0.350503

Itr: 53, Total number of macro_nodes across all proc's: 197244 [min=21068 max=30551] expected=24655.500000
part1: id set creation (itr: 53)  (secs): 0.003562 
Itr: 53, global ID_set size across all proc's: 809
part2: iterate and pack  (itr: 53)  (secs): 0.336272 
part3: serialize and update communication time  (secs): 0.000430 

part3: serialize and update nodes (itr: 53)  (secs): 0.002508 

Itr: 53, Total time for this iteration: 0.343685

Itr: 54, Total number of macro_nodes across all proc's: 196435 [min=20982 max=30462] expected=24554.375000
part1: id set creation (itr: 54)  (secs): 0.003522 
Itr: 54, global ID_set size across all proc's: 666
part2: iterate and pack  (itr: 54)  (secs): 0.334785 
part3: serialize and update communication time  (secs): 0.000257 

part3: serialize and update nodes (itr: 54)  (secs): 0.001784 

Itr: 54, Total time for this iteration: 0.341418

Itr: 55, Total number of macro_nodes across all proc's: 195769 [min=20892 max=30388] expected=24471.125000
part1: id set creation (itr: 55)  (secs): 0.003508 
Itr: 55, global ID_set size across all proc's: 572
part2: iterate and pack  (itr: 55)  (secs): 0.326441 
part3: serialize and update communication time  (secs): 0.000306 

part3: serialize and update nodes (itr: 55)  (secs): 0.001756 

Itr: 55, Total time for this iteration: 0.333034

Itr: 56, Total number of macro_nodes across all proc's: 195197 [min=20832 max=30316] expected=24399.625000
part1: id set creation (itr: 56)  (secs): 0.003501 
Itr: 56, global ID_set size across all proc's: 488
part2: iterate and pack  (itr: 56)  (secs): 0.348329 
part3: serialize and update communication time  (secs): 0.000266 

part3: serialize and update nodes (itr: 56)  (secs): 0.001672 

Itr: 56, Total time for this iteration: 0.354790

Itr: 57, Total number of macro_nodes across all proc's: 194709 [min=20776 max=30261] expected=24338.625000
part1: id set creation (itr: 57)  (secs): 0.003630 
Itr: 57, global ID_set size across all proc's: 469
part2: iterate and pack  (itr: 57)  (secs): 0.327131 
part3: serialize and update communication time  (secs): 0.000204 

part3: serialize and update nodes (itr: 57)  (secs): 0.001450 

Itr: 57, Total time for this iteration: 0.333426

Itr: 58, Total number of macro_nodes across all proc's: 194240 [min=20729 max=30194] expected=24280.000000
part1: id set creation (itr: 58)  (secs): 0.003461 
Itr: 58, global ID_set size across all proc's: 393
part2: iterate and pack  (itr: 58)  (secs): 0.321454 
part3: serialize and update communication time  (secs): 0.000262 

part3: serialize and update nodes (itr: 58)  (secs): 0.001399 

Itr: 58, Total time for this iteration: 0.327631

Itr: 59, Total number of macro_nodes across all proc's: 193847 [min=20680 max=30137] expected=24230.875000
part1: id set creation (itr: 59)  (secs): 0.003465 
Itr: 59, global ID_set size across all proc's: 360
part2: iterate and pack  (itr: 59)  (secs): 0.322538 
part3: serialize and update communication time  (secs): 0.000198 

part3: serialize and update nodes (itr: 59)  (secs): 0.001354 

Itr: 59, Total time for this iteration: 0.328622

Itr: 60, Total number of macro_nodes across all proc's: 193487 [min=20651 max=30086] expected=24185.875000
part1: id set creation (itr: 60)  (secs): 0.003452 
Itr: 60, global ID_set size across all proc's: 348
part2: iterate and pack  (itr: 60)  (secs): 0.318911 
part3: serialize and update communication time  (secs): 0.000195 

part3: serialize and update nodes (itr: 60)  (secs): 0.001361 

Itr: 60, Total time for this iteration: 0.325007

Itr: 61, Total number of macro_nodes across all proc's: 193139 [min=20614 max=30042] expected=24142.375000
part1: id set creation (itr: 61)  (secs): 0.003468 
Itr: 61, global ID_set size across all proc's: 327
part2: iterate and pack  (itr: 61)  (secs): 0.315427 
part3: serialize and update communication time  (secs): 0.000266 

part3: serialize and update nodes (itr: 61)  (secs): 0.001681 

Itr: 61, Total time for this iteration: 0.321812

Itr: 62, Total number of macro_nodes across all proc's: 192812 [min=20574 max=30010] expected=24101.500000
part1: id set creation (itr: 62)  (secs): 0.003419 
Itr: 62, global ID_set size across all proc's: 360
part2: iterate and pack  (itr: 62)  (secs): 0.308318 
part3: serialize and update communication time  (secs): 0.000230 

part3: serialize and update nodes (itr: 62)  (secs): 0.001320 

Itr: 62, Total time for this iteration: 0.314297

Itr: 63, Total number of macro_nodes across all proc's: 192452 [min=20539 max=29957] expected=24056.500000
part1: id set creation (itr: 63)  (secs): 0.003551 
Itr: 63, global ID_set size across all proc's: 351
part2: iterate and pack  (itr: 63)  (secs): 0.314951 
part3: serialize and update communication time  (secs): 0.000160 

part3: serialize and update nodes (itr: 63)  (secs): 0.000958 

Itr: 63, Total time for this iteration: 0.320580

Itr: 64, Total number of macro_nodes across all proc's: 192101 [min=20494 max=29914] expected=24012.625000
part1: id set creation (itr: 64)  (secs): 0.003395 
Itr: 64, global ID_set size across all proc's: 318
part2: iterate and pack  (itr: 64)  (secs): 0.319730 
part3: serialize and update communication time  (secs): 0.000223 

part3: serialize and update nodes (itr: 64)  (secs): 0.001078 

Itr: 64, Total time for this iteration: 0.325465

Itr: 65, Total number of macro_nodes across all proc's: 191783 [min=20459 max=29874] expected=23972.875000
part1: id set creation (itr: 65)  (secs): 0.003382 
Itr: 65, global ID_set size across all proc's: 305
part2: iterate and pack  (itr: 65)  (secs): 0.323086 
part3: serialize and update communication time  (secs): 0.000158 

part3: serialize and update nodes (itr: 65)  (secs): 0.000965 

Itr: 65, Total time for this iteration: 0.328685

Itr: 66, Total number of macro_nodes across all proc's: 191478 [min=20426 max=29836] expected=23934.750000
part1: id set creation (itr: 66)  (secs): 0.003390 
Itr: 66, global ID_set size across all proc's: 286
part2: iterate and pack  (itr: 66)  (secs): 0.326164 
part3: serialize and update communication time  (secs): 0.000182 

part3: serialize and update nodes (itr: 66)  (secs): 0.000825 

Itr: 66, Total time for this iteration: 0.331632

Itr: 67, Total number of macro_nodes across all proc's: 191192 [min=20404 max=29805] expected=23899.000000
part1: id set creation (itr: 67)  (secs): 0.003389 
Itr: 67, global ID_set size across all proc's: 267
part2: iterate and pack  (itr: 67)  (secs): 0.317681 
part3: serialize and update communication time  (secs): 0.000186 

part3: serialize and update nodes (itr: 67)  (secs): 0.001210 

Itr: 67, Total time for this iteration: 0.323670

Itr: 68, Total number of macro_nodes across all proc's: 190925 [min=20364 max=29773] expected=23865.625000
part1: id set creation (itr: 68)  (secs): 0.003411 
Itr: 68, global ID_set size across all proc's: 267
part2: iterate and pack  (itr: 68)  (secs): 0.312550 
part3: serialize and update communication time  (secs): 0.000174 

part3: serialize and update nodes (itr: 68)  (secs): 0.000967 

Itr: 68, Total time for this iteration: 0.318174

Itr: 69, Total number of macro_nodes across all proc's: 190658 [min=20335 max=29741] expected=23832.250000
part1: id set creation (itr: 69)  (secs): 0.003375 
Itr: 69, global ID_set size across all proc's: 248
part2: iterate and pack  (itr: 69)  (secs): 0.321927 
part3: serialize and update communication time  (secs): 0.000151 

part3: serialize and update nodes (itr: 69)  (secs): 0.000925 

Itr: 69, Total time for this iteration: 0.327495

Itr: 70, Total number of macro_nodes across all proc's: 190410 [min=20304 max=29695] expected=23801.250000
part1: id set creation (itr: 70)  (secs): 0.003375 
Itr: 70, global ID_set size across all proc's: 265
part2: iterate and pack  (itr: 70)  (secs): 0.315333 
part3: serialize and update communication time  (secs): 0.000176 

part3: serialize and update nodes (itr: 70)  (secs): 0.001050 

Itr: 70, Total time for this iteration: 0.320994

Itr: 71, Total number of macro_nodes across all proc's: 190145 [min=20277 max=29671] expected=23768.125000
part1: id set creation (itr: 71)  (secs): 0.003377 
Itr: 71, global ID_set size across all proc's: 258
part2: iterate and pack  (itr: 71)  (secs): 0.320138 
part3: serialize and update communication time  (secs): 0.000195 

part3: serialize and update nodes (itr: 71)  (secs): 0.001252 

Itr: 71, Total time for this iteration: 0.325996

Itr: 72, Total number of macro_nodes across all proc's: 189887 [min=20245 max=29644] expected=23735.875000
part1: id set creation (itr: 72)  (secs): 0.003683 
Itr: 72, global ID_set size across all proc's: 283
part2: iterate and pack  (itr: 72)  (secs): 0.311831 
part3: serialize and update communication time  (secs): 0.000193 

part3: serialize and update nodes (itr: 72)  (secs): 0.001247 

Itr: 72, Total time for this iteration: 0.317697

Itr: 73, Total number of macro_nodes across all proc's: 189604 [min=20209 max=29607] expected=23700.500000
part1: id set creation (itr: 73)  (secs): 0.003342 
Itr: 73, global ID_set size across all proc's: 303
part2: iterate and pack  (itr: 73)  (secs): 0.306403 
part3: serialize and update communication time  (secs): 0.000173 

part3: serialize and update nodes (itr: 73)  (secs): 0.000883 

Itr: 73, Total time for this iteration: 0.311877

Itr: 74, Total number of macro_nodes across all proc's: 189301 [min=20173 max=29565] expected=23662.625000
part1: id set creation (itr: 74)  (secs): 0.003333 
Itr: 74, global ID_set size across all proc's: 308
part2: iterate and pack  (itr: 74)  (secs): 0.308676 
part3: serialize and update communication time  (secs): 0.000164 

part3: serialize and update nodes (itr: 74)  (secs): 0.000952 

Itr: 74, Total time for this iteration: 0.314198

Itr: 75, Total number of macro_nodes across all proc's: 188993 [min=20129 max=29524] expected=23624.125000
part1: id set creation (itr: 75)  (secs): 0.003320 
Itr: 75, global ID_set size across all proc's: 277
part2: iterate and pack  (itr: 75)  (secs): 0.313860 
part3: serialize and update communication time  (secs): 0.000152 

part3: serialize and update nodes (itr: 75)  (secs): 0.000674 

Itr: 75, Total time for this iteration: 0.319088

Itr: 76, Total number of macro_nodes across all proc's: 188716 [min=20091 max=29490] expected=23589.500000
part1: id set creation (itr: 76)  (secs): 0.003302 
Itr: 76, global ID_set size across all proc's: 227
part2: iterate and pack  (itr: 76)  (secs): 0.314586 
part3: serialize and update communication time  (secs): 0.000139 

part3: serialize and update nodes (itr: 76)  (secs): 0.000760 

Itr: 76, Total time for this iteration: 0.319891

Itr: 77, Total number of macro_nodes across all proc's: 188489 [min=20064 max=29475] expected=23561.125000
part1: id set creation (itr: 77)  (secs): 0.003403 
Itr: 77, global ID_set size across all proc's: 221
part2: iterate and pack  (itr: 77)  (secs): 0.310464 
part3: serialize and update communication time  (secs): 0.000053 

part3: serialize and update nodes (itr: 77)  (secs): 0.000560 

Itr: 77, Total time for this iteration: 0.315663

Itr: 78, Total number of macro_nodes across all proc's: 188268 [min=20037 max=29453] expected=23533.500000
part1: id set creation (itr: 78)  (secs): 0.003307 
Itr: 78, global ID_set size across all proc's: 224
part2: iterate and pack  (itr: 78)  (secs): 0.306365 
part3: serialize and update communication time  (secs): 0.000051 

part3: serialize and update nodes (itr: 78)  (secs): 0.000610 

Itr: 78, Total time for this iteration: 0.311549

Itr: 79, Total number of macro_nodes across all proc's: 188044 [min=20008 max=29426] expected=23505.500000
part1: id set creation (itr: 79)  (secs): 0.003300 
Itr: 79, global ID_set size across all proc's: 236
part2: iterate and pack  (itr: 79)  (secs): 0.303485 
part3: serialize and update communication time  (secs): 0.000054 

part3: serialize and update nodes (itr: 79)  (secs): 0.000665 

Itr: 79, Total time for this iteration: 0.308688

Itr: 80, Total number of macro_nodes across all proc's: 187808 [min=19980 max=29399] expected=23476.000000
part1: id set creation (itr: 80)  (secs): 0.003369 
Itr: 80, global ID_set size across all proc's: 233
part2: iterate and pack  (itr: 80)  (secs): 0.300556 
part3: serialize and update communication time  (secs): 0.000055 

part3: serialize and update nodes (itr: 80)  (secs): 0.000598 

Itr: 80, Total time for this iteration: 0.305708

Itr: 81, Total number of macro_nodes across all proc's: 187575 [min=19951 max=29372] expected=23446.875000
part1: id set creation (itr: 81)  (secs): 0.003298 
Itr: 81, global ID_set size across all proc's: 241
part2: iterate and pack  (itr: 81)  (secs): 0.295611 
part3: serialize and update communication time  (secs): 0.000089 

part3: serialize and update nodes (itr: 81)  (secs): 0.000625 

Itr: 81, Total time for this iteration: 0.300816

Itr: 82, Total number of macro_nodes across all proc's: 187334 [min=19927 max=29345] expected=23416.750000
part1: id set creation (itr: 82)  (secs): 0.003287 
Itr: 82, global ID_set size across all proc's: 252
part2: iterate and pack  (itr: 82)  (secs): 0.292427 
part3: serialize and update communication time  (secs): 0.000048 

part3: serialize and update nodes (itr: 82)  (secs): 0.000687 

Itr: 82, Total time for this iteration: 0.297672

Itr: 83, Total number of macro_nodes across all proc's: 187082 [min=19908 max=29310] expected=23385.250000
part1: id set creation (itr: 83)  (secs): 0.003269 
Itr: 83, global ID_set size across all proc's: 260
part2: iterate and pack  (itr: 83)  (secs): 0.290587 
part3: serialize and update communication time  (secs): 0.000047 

part3: serialize and update nodes (itr: 83)  (secs): 0.000610 

Itr: 83, Total time for this iteration: 0.295719

Itr: 84, Total number of macro_nodes across all proc's: 186822 [min=19887 max=29280] expected=23352.750000
part1: id set creation (itr: 84)  (secs): 0.003265 
Itr: 84, global ID_set size across all proc's: 276
part2: iterate and pack  (itr: 84)  (secs): 0.286903 
part3: serialize and update communication time  (secs): 0.000157 

part3: serialize and update nodes (itr: 84)  (secs): 0.000856 

Itr: 84, Total time for this iteration: 0.292277

Itr: 85, Total number of macro_nodes across all proc's: 186546 [min=19861 max=29259] expected=23318.250000
part1: id set creation (itr: 85)  (secs): 0.003247 
Itr: 85, global ID_set size across all proc's: 340
part2: iterate and pack  (itr: 85)  (secs): 0.303806 
part3: serialize and update communication time  (secs): 0.000184 

part3: serialize and update nodes (itr: 85)  (secs): 0.000805 

Itr: 85, Total time for this iteration: 0.309136

Itr: 86, Total number of macro_nodes across all proc's: 186206 [min=19815 max=29212] expected=23275.750000
part1: id set creation (itr: 86)  (secs): 0.003243 
Itr: 86, global ID_set size across all proc's: 420
part2: iterate and pack  (itr: 86)  (secs): 0.271517 
part3: serialize and update communication time  (secs): 0.000180 

part3: serialize and update nodes (itr: 86)  (secs): 0.000870 

Itr: 86, Total time for this iteration: 0.276890

Itr: 87, Total number of macro_nodes across all proc's: 185786 [min=19781 max=29157] expected=23223.250000
part1: id set creation (itr: 87)  (secs): 0.003233 
Itr: 87, global ID_set size across all proc's: 499
part2: iterate and pack  (itr: 87)  (secs): 0.324162 
part3: serialize and update communication time  (secs): 0.000168 

part3: serialize and update nodes (itr: 87)  (secs): 0.000913 

Itr: 87, Total time for this iteration: 0.329576

Itr: 88, Total number of macro_nodes across all proc's: 185287 [min=19723 max=29071] expected=23160.875000
part1: id set creation (itr: 88)  (secs): 0.003825 
Itr: 88, global ID_set size across all proc's: 546
part2: iterate and pack  (itr: 88)  (secs): 0.304417 
part3: serialize and update communication time  (secs): 0.000180 

part3: serialize and update nodes (itr: 88)  (secs): 0.001066 

Itr: 88, Total time for this iteration: 0.313142

Itr: 89, Total number of macro_nodes across all proc's: 184741 [min=19685 max=28937] expected=23092.625000
part1: id set creation (itr: 89)  (secs): 0.003397 
Itr: 89, global ID_set size across all proc's: 635
part2: iterate and pack  (itr: 89)  (secs): 0.307509 
part3: serialize and update communication time  (secs): 0.000226 

part3: serialize and update nodes (itr: 89)  (secs): 0.001159 

Itr: 89, Total time for this iteration: 0.313270

Itr: 90, Total number of macro_nodes across all proc's: 184106 [min=19629 max=28828] expected=23013.250000
part1: id set creation (itr: 90)  (secs): 0.003241 
Itr: 90, global ID_set size across all proc's: 794
part2: iterate and pack  (itr: 90)  (secs): 0.305016 
part3: serialize and update communication time  (secs): 0.000235 

part3: serialize and update nodes (itr: 90)  (secs): 0.001380 

Itr: 90, Total time for this iteration: 0.310924

Itr: 91, Total number of macro_nodes across all proc's: 183312 [min=19563 max=28729] expected=22914.000000
part1: id set creation (itr: 91)  (secs): 0.003225 
Itr: 91, global ID_set size across all proc's: 1043
part2: iterate and pack  (itr: 91)  (secs): 0.304524 
part3: serialize and update communication time  (secs): 0.000292 

part3: serialize and update nodes (itr: 91)  (secs): 0.001760 

Itr: 91, Total time for this iteration: 0.310772

Itr: 92, Total number of macro_nodes across all proc's: 182269 [min=19465 max=28598] expected=22783.625000
part1: id set creation (itr: 92)  (secs): 0.003211 
Itr: 92, global ID_set size across all proc's: 1276
part2: iterate and pack  (itr: 92)  (secs): 0.301919 
part3: serialize and update communication time  (secs): 0.000328 

part3: serialize and update nodes (itr: 92)  (secs): 0.002462 

Itr: 92, Total time for this iteration: 0.308986

Itr: 93, Total number of macro_nodes across all proc's: 180993 [min=19333 max=28447] expected=22624.125000
part1: id set creation (itr: 93)  (secs): 0.003194 
Itr: 93, global ID_set size across all proc's: 1723
part2: iterate and pack  (itr: 93)  (secs): 0.303554 
part3: serialize and update communication time  (secs): 0.000339 

part3: serialize and update nodes (itr: 93)  (secs): 0.003206 

Itr: 93, Total time for this iteration: 0.311466

Itr: 94, Total number of macro_nodes across all proc's: 179270 [min=19177 max=28184] expected=22408.750000
part1: id set creation (itr: 94)  (secs): 0.003144 
Itr: 94, global ID_set size across all proc's: 1936
part2: iterate and pack  (itr: 94)  (secs): 0.309466 
part3: serialize and update communication time  (secs): 0.000343 

part3: serialize and update nodes (itr: 94)  (secs): 0.003337 

Itr: 94, Total time for this iteration: 0.317428

Itr: 95, Total number of macro_nodes across all proc's: 177334 [min=18983 max=27906] expected=22166.750000
part1: id set creation (itr: 95)  (secs): 0.003110 
Itr: 95, global ID_set size across all proc's: 2043
part2: iterate and pack  (itr: 95)  (secs): 0.304004 
part3: serialize and update communication time  (secs): 0.000319 

part3: serialize and update nodes (itr: 95)  (secs): 0.003116 

Itr: 95, Total time for this iteration: 0.311708

Itr: 96, Total number of macro_nodes across all proc's: 175291 [min=18780 max=27586] expected=21911.375000
part1: id set creation (itr: 96)  (secs): 0.003069 
Itr: 96, global ID_set size across all proc's: 2067
part2: iterate and pack  (itr: 96)  (secs): 0.312026 
part3: serialize and update communication time  (secs): 0.000403 

part3: serialize and update nodes (itr: 96)  (secs): 0.003918 

Itr: 96, Total time for this iteration: 0.320422

Itr: 97, Total number of macro_nodes across all proc's: 173224 [min=18548 max=27282] expected=21653.000000
part1: id set creation (itr: 97)  (secs): 0.003037 
Itr: 97, global ID_set size across all proc's: 2087
part2: iterate and pack  (itr: 97)  (secs): 0.304094 
part3: serialize and update communication time  (secs): 0.000327 

part3: serialize and update nodes (itr: 97)  (secs): 0.003459 

Itr: 97, Total time for this iteration: 0.312024

Itr: 98, Total number of macro_nodes across all proc's: 171137 [min=18323 max=26978] expected=21392.125000
part1: id set creation (itr: 98)  (secs): 0.003066 
Itr: 98, global ID_set size across all proc's: 2079
part2: iterate and pack  (itr: 98)  (secs): 0.304360 
part3: serialize and update communication time  (secs): 0.000298 

part3: serialize and update nodes (itr: 98)  (secs): 0.003477 

Itr: 98, Total time for this iteration: 0.312342

Itr: 99, Total number of macro_nodes across all proc's: 169058 [min=18095 max=26650] expected=21132.250000
part1: id set creation (itr: 99)  (secs): 0.002973 
Itr: 99, global ID_set size across all proc's: 2101
part2: iterate and pack  (itr: 99)  (secs): 0.307754 
part3: serialize and update communication time  (secs): 0.000289 

part3: serialize and update nodes (itr: 99)  (secs): 0.003926 

Itr: 99, Total time for this iteration: 0.316194

Itr: 100, Total number of macro_nodes across all proc's: 166957 [min=17850 max=26334] expected=20869.625000
part1: id set creation (itr: 100)  (secs): 0.002935 
Itr: 100, global ID_set size across all proc's: 2169
part2: iterate and pack  (itr: 100)  (secs): 0.305742 
part3: serialize and update communication time  (secs): 0.000342 

part3: serialize and update nodes (itr: 100)  (secs): 0.004000 

Itr: 100, Total time for this iteration: 0.314192

Itr: 101, Total number of macro_nodes across all proc's: 164788 [min=17589 max=26001] expected=20598.500000
part1: id set creation (itr: 101)  (secs): 0.002881 
Itr: 101, global ID_set size across all proc's: 2117
part2: iterate and pack  (itr: 101)  (secs): 0.308079 
part3: serialize and update communication time  (secs): 0.000323 

part3: serialize and update nodes (itr: 101)  (secs): 0.004151 

Itr: 101, Total time for this iteration: 0.316741

Itr: 102, Total number of macro_nodes across all proc's: 162671 [min=17356 max=25642] expected=20333.875000
part1: id set creation (itr: 102)  (secs): 0.003084 
Itr: 102, global ID_set size across all proc's: 2020
part2: iterate and pack  (itr: 102)  (secs): 0.299647 
part3: serialize and update communication time  (secs): 0.000356 

part3: serialize and update nodes (itr: 102)  (secs): 0.004526 

Itr: 102, Total time for this iteration: 0.309186

Itr: 103, Total number of macro_nodes across all proc's: 160651 [min=17134 max=25332] expected=20081.375000
part1: id set creation (itr: 103)  (secs): 0.002799 
Itr: 103, global ID_set size across all proc's: 1973
part2: iterate and pack  (itr: 103)  (secs): 0.306428 
part3: serialize and update communication time  (secs): 0.000348 

part3: serialize and update nodes (itr: 103)  (secs): 0.004132 

Itr: 103, Total time for this iteration: 0.315083

Itr: 104, Total number of macro_nodes across all proc's: 158678 [min=16916 max=25003] expected=19834.750000
part1: id set creation (itr: 104)  (secs): 0.003028 
Itr: 104, global ID_set size across all proc's: 1934
part2: iterate and pack  (itr: 104)  (secs): 0.310828 
part3: serialize and update communication time  (secs): 0.000300 

part3: serialize and update nodes (itr: 104)  (secs): 0.004189 

Itr: 104, Total time for this iteration: 0.319836

Itr: 105, Total number of macro_nodes across all proc's: 156744 [min=16737 max=24651] expected=19593.000000
part1: id set creation (itr: 105)  (secs): 0.002735 
Itr: 105, global ID_set size across all proc's: 1850
part2: iterate and pack  (itr: 105)  (secs): 0.312960 
part3: serialize and update communication time  (secs): 0.000292 

part3: serialize and update nodes (itr: 105)  (secs): 0.005595 

Itr: 105, Total time for this iteration: 0.322837

Itr: 106, Total number of macro_nodes across all proc's: 154894 [min=16553 max=24315] expected=19361.750000
part1: id set creation (itr: 106)  (secs): 0.002862 
Itr: 106, global ID_set size across all proc's: 1814
part2: iterate and pack  (itr: 106)  (secs): 0.308249 
part3: serialize and update communication time  (secs): 0.000304 

part3: serialize and update nodes (itr: 106)  (secs): 0.004095 

Itr: 106, Total time for this iteration: 0.316616

Itr: 107, Total number of macro_nodes across all proc's: 153080 [min=16344 max=23984] expected=19135.000000
part1: id set creation (itr: 107)  (secs): 0.002663 
Itr: 107, global ID_set size across all proc's: 1727
part2: iterate and pack  (itr: 107)  (secs): 0.306440 
part3: serialize and update communication time  (secs): 0.000288 

part3: serialize and update nodes (itr: 107)  (secs): 0.003887 

Itr: 107, Total time for this iteration: 0.314472

Itr: 108, Total number of macro_nodes across all proc's: 151353 [min=16173 max=23659] expected=18919.125000
part1: id set creation (itr: 108)  (secs): 0.002622 
Itr: 108, global ID_set size across all proc's: 1718
part2: iterate and pack  (itr: 108)  (secs): 0.296023 
part3: serialize and update communication time  (secs): 0.000253 

part3: serialize and update nodes (itr: 108)  (secs): 0.004017 

Itr: 108, Total time for this iteration: 0.304262

Itr: 109, Total number of macro_nodes across all proc's: 149635 [min=15995 max=23339] expected=18704.375000
part1: id set creation (itr: 109)  (secs): 0.002602 
Itr: 109, global ID_set size across all proc's: 1590
part2: iterate and pack  (itr: 109)  (secs): 0.294877 
part3: serialize and update communication time  (secs): 0.000311 

part3: serialize and update nodes (itr: 109)  (secs): 0.003767 

Itr: 109, Total time for this iteration: 0.302771

Itr: 110, Total number of macro_nodes across all proc's: 148045 [min=15822 max=23041] expected=18505.625000
part1: id set creation (itr: 110)  (secs): 0.002538 
Itr: 110, global ID_set size across all proc's: 1530
part2: iterate and pack  (itr: 110)  (secs): 0.293457 
part3: serialize and update communication time  (secs): 0.000475 

part3: serialize and update nodes (itr: 110)  (secs): 0.004268 

Itr: 110, Total time for this iteration: 0.301745

Itr: 111, Total number of macro_nodes across all proc's: 146515 [min=15678 max=22757] expected=18314.375000
part1: id set creation (itr: 111)  (secs): 0.002519 
Itr: 111, global ID_set size across all proc's: 1497
part2: iterate and pack  (itr: 111)  (secs): 0.286732 
part3: serialize and update communication time  (secs): 0.000550 

part3: serialize and update nodes (itr: 111)  (secs): 0.004750 

Itr: 111, Total time for this iteration: 0.295663

Itr: 112, Total number of macro_nodes across all proc's: 145018 [min=15517 max=22463] expected=18127.250000
part1: id set creation (itr: 112)  (secs): 0.002501 
Itr: 112, global ID_set size across all proc's: 1563
part2: iterate and pack  (itr: 112)  (secs): 0.306981 
part3: serialize and update communication time  (secs): 0.000285 

part3: serialize and update nodes (itr: 112)  (secs): 0.004396 

Itr: 112, Total time for this iteration: 0.315564

Itr: 113, Total number of macro_nodes across all proc's: 143455 [min=15382 max=22161] expected=17931.875000
part1: id set creation (itr: 113)  (secs): 0.002451 
Itr: 113, global ID_set size across all proc's: 1566
part2: iterate and pack  (itr: 113)  (secs): 0.280122 
part3: serialize and update communication time  (secs): 0.000268 

part3: serialize and update nodes (itr: 113)  (secs): 0.004134 

Itr: 113, Total time for this iteration: 0.288192

Itr: 114, Total number of macro_nodes across all proc's: 141889 [min=15238 max=21874] expected=17736.125000
part1: id set creation (itr: 114)  (secs): 0.002421 
Itr: 114, global ID_set size across all proc's: 1656
part2: iterate and pack  (itr: 114)  (secs): 0.286211 
part3: serialize and update communication time  (secs): 0.000185 

part3: serialize and update nodes (itr: 114)  (secs): 0.004327 

Itr: 114, Total time for this iteration: 0.294613

Itr: 115, Total number of macro_nodes across all proc's: 140233 [min=15087 max=21549] expected=17529.125000
part1: id set creation (itr: 115)  (secs): 0.002394 
Itr: 115, global ID_set size across all proc's: 1668
part2: iterate and pack  (itr: 115)  (secs): 0.290416 
part3: serialize and update communication time  (secs): 0.000309 

part3: serialize and update nodes (itr: 115)  (secs): 0.004729 

Itr: 115, Total time for this iteration: 0.299054

Itr: 116, Total number of macro_nodes across all proc's: 138565 [min=14927 max=21197] expected=17320.625000
part1: id set creation (itr: 116)  (secs): 0.002367 
Itr: 116, global ID_set size across all proc's: 1855
part2: iterate and pack  (itr: 116)  (secs): 0.283130 
part3: serialize and update communication time  (secs): 0.000314 

part3: serialize and update nodes (itr: 116)  (secs): 0.004804 

Itr: 116, Total time for this iteration: 0.291808

Itr: 117, Total number of macro_nodes across all proc's: 136710 [min=14721 max=20854] expected=17088.750000
part1: id set creation (itr: 117)  (secs): 0.002326 
Itr: 117, global ID_set size across all proc's: 2002
part2: iterate and pack  (itr: 117)  (secs): 0.278086 
part3: serialize and update communication time  (secs): 0.000349 

part3: serialize and update nodes (itr: 117)  (secs): 0.004899 

Itr: 117, Total time for this iteration: 0.286623

Itr: 118, Total number of macro_nodes across all proc's: 134708 [min=14527 max=20494] expected=16838.500000
part1: id set creation (itr: 118)  (secs): 0.002274 
Itr: 118, global ID_set size across all proc's: 2151
part2: iterate and pack  (itr: 118)  (secs): 0.288469 
part3: serialize and update communication time  (secs): 0.000309 

part3: serialize and update nodes (itr: 118)  (secs): 0.004886 

Itr: 118, Total time for this iteration: 0.296869

Itr: 119, Total number of macro_nodes across all proc's: 132557 [min=14297 max=20115] expected=16569.625000
part1: id set creation (itr: 119)  (secs): 0.002253 
Itr: 119, global ID_set size across all proc's: 2270
part2: iterate and pack  (itr: 119)  (secs): 0.282071 
part3: serialize and update communication time  (secs): 0.000337 

part3: serialize and update nodes (itr: 119)  (secs): 0.005111 

Itr: 119, Total time for this iteration: 0.290687

Itr: 120, Total number of macro_nodes across all proc's: 130287 [min=14053 max=19710] expected=16285.875000
part1: id set creation (itr: 120)  (secs): 0.002208 
Itr: 120, global ID_set size across all proc's: 2253
part2: iterate and pack  (itr: 120)  (secs): 0.278073 
part3: serialize and update communication time  (secs): 0.000333 

part3: serialize and update nodes (itr: 120)  (secs): 0.004382 

Itr: 120, Total time for this iteration: 0.285715

Itr: 121, Total number of macro_nodes across all proc's: 128034 [min=13812 max=19357] expected=16004.250000
part1: id set creation (itr: 121)  (secs): 0.002157 
Itr: 121, global ID_set size across all proc's: 2097
part2: iterate and pack  (itr: 121)  (secs): 0.277474 
part3: serialize and update communication time  (secs): 0.000292 

part3: serialize and update nodes (itr: 121)  (secs): 0.004063 

Itr: 121, Total time for this iteration: 0.284744

Itr: 122, Total number of macro_nodes across all proc's: 125937 [min=13571 max=19037] expected=15742.125000
part1: id set creation (itr: 122)  (secs): 0.002125 
Itr: 122, global ID_set size across all proc's: 1860
part2: iterate and pack  (itr: 122)  (secs): 0.284447 
part3: serialize and update communication time  (secs): 0.000303 

part3: serialize and update nodes (itr: 122)  (secs): 0.003517 

Itr: 122, Total time for this iteration: 0.291045

Itr: 123, Total number of macro_nodes across all proc's: 124077 [min=13355 max=18748] expected=15509.625000
part1: id set creation (itr: 123)  (secs): 0.002077 
Itr: 123, global ID_set size across all proc's: 1726
part2: iterate and pack  (itr: 123)  (secs): 0.294188 
part3: serialize and update communication time  (secs): 0.000342 

part3: serialize and update nodes (itr: 123)  (secs): 0.003718 

Itr: 123, Total time for this iteration: 0.301131

Itr: 124, Total number of macro_nodes across all proc's: 122351 [min=13162 max=18476] expected=15293.875000
part1: id set creation (itr: 124)  (secs): 0.002048 
Itr: 124, global ID_set size across all proc's: 1551
part2: iterate and pack  (itr: 124)  (secs): 0.301448 
part3: serialize and update communication time  (secs): 0.000293 

part3: serialize and update nodes (itr: 124)  (secs): 0.003207 

Itr: 124, Total time for this iteration: 0.307684

Itr: 125, Total number of macro_nodes across all proc's: 120800 [min=12980 max=18217] expected=15100.000000
part1: id set creation (itr: 125)  (secs): 0.002022 
Itr: 125, global ID_set size across all proc's: 1371
part2: iterate and pack  (itr: 125)  (secs): 0.301598 
part3: serialize and update communication time  (secs): 0.000266 

part3: serialize and update nodes (itr: 125)  (secs): 0.002534 

Itr: 125, Total time for this iteration: 0.307082

Itr: 126, Total number of macro_nodes across all proc's: 119429 [min=12838 max=18006] expected=14928.625000
part1: id set creation (itr: 126)  (secs): 0.002012 
Itr: 126, global ID_set size across all proc's: 1194
part2: iterate and pack  (itr: 126)  (secs): 0.291787 
part3: serialize and update communication time  (secs): 0.000347 

part3: serialize and update nodes (itr: 126)  (secs): 0.002763 

Itr: 126, Total time for this iteration: 0.297630

Itr: 127, Total number of macro_nodes across all proc's: 118235 [min=12704 max=17818] expected=14779.375000
part1: id set creation (itr: 127)  (secs): 0.001959 
Itr: 127, global ID_set size across all proc's: 1130
part2: iterate and pack  (itr: 127)  (secs): 0.285686 
part3: serialize and update communication time  (secs): 0.000237 

part3: serialize and update nodes (itr: 127)  (secs): 0.002421 

Itr: 127, Total time for this iteration: 0.291100

Itr: 128, Total number of macro_nodes across all proc's: 117105 [min=12603 max=17631] expected=14638.125000
part1: id set creation (itr: 128)  (secs): 0.001938 
Itr: 128, global ID_set size across all proc's: 1228
part2: iterate and pack  (itr: 128)  (secs): 0.290304 
part3: serialize and update communication time  (secs): 0.000268 

part3: serialize and update nodes (itr: 128)  (secs): 0.002977 

Itr: 128, Total time for this iteration: 0.296115

Itr: 129, Total number of macro_nodes across all proc's: 115877 [min=12468 max=17422] expected=14484.625000
part1: id set creation (itr: 129)  (secs): 0.001922 
Itr: 129, global ID_set size across all proc's: 1505
part2: iterate and pack  (itr: 129)  (secs): 0.286793 
part3: serialize and update communication time  (secs): 0.000262 

part3: serialize and update nodes (itr: 129)  (secs): 0.002886 

Itr: 129, Total time for this iteration: 0.292538

Itr: 130, Total number of macro_nodes across all proc's: 114372 [min=12301 max=17212] expected=14296.500000
part1: id set creation (itr: 130)  (secs): 0.001879 
Itr: 130, global ID_set size across all proc's: 1325
part2: iterate and pack  (itr: 130)  (secs): 0.308924 
part3: serialize and update communication time  (secs): 0.000254 

part3: serialize and update nodes (itr: 130)  (secs): 0.003518 

Itr: 130, Total time for this iteration: 0.315484

Itr: 131, Total number of macro_nodes across all proc's: 113047 [min=12188 max=17012] expected=14130.875000
part1: id set creation (itr: 131)  (secs): 0.001868 
Itr: 131, global ID_set size across all proc's: 1231
part2: iterate and pack  (itr: 131)  (secs): 0.289381 
part3: serialize and update communication time  (secs): 0.000302 

part3: serialize and update nodes (itr: 131)  (secs): 0.003442 

Itr: 131, Total time for this iteration: 0.295627

Itr: 132, Total number of macro_nodes across all proc's: 111816 [min=12031 max=16824] expected=13977.000000
part1: id set creation (itr: 132)  (secs): 0.001839 
Itr: 132, global ID_set size across all proc's: 1354
part2: iterate and pack  (itr: 132)  (secs): 0.293552 
part3: serialize and update communication time  (secs): 0.000332 

part3: serialize and update nodes (itr: 132)  (secs): 0.003292 

Itr: 132, Total time for this iteration: 0.299615

Itr: 133, Total number of macro_nodes across all proc's: 110462 [min=11883 max=16630] expected=13807.750000
part1: id set creation (itr: 133)  (secs): 0.001816 
Itr: 133, global ID_set size across all proc's: 1364
part2: iterate and pack  (itr: 133)  (secs): 0.276330 
part3: serialize and update communication time  (secs): 0.000268 

part3: serialize and update nodes (itr: 133)  (secs): 0.003105 

Itr: 133, Total time for this iteration: 0.282178

Itr: 134, Total number of macro_nodes across all proc's: 109098 [min=11739 max=16436] expected=13637.250000
part1: id set creation (itr: 134)  (secs): 0.002032 
Itr: 134, global ID_set size across all proc's: 1454
part2: iterate and pack  (itr: 134)  (secs): 0.265168 
part3: serialize and update communication time  (secs): 0.000317 

part3: serialize and update nodes (itr: 134)  (secs): 0.003785 

Itr: 134, Total time for this iteration: 0.272760

Itr: 135, Total number of macro_nodes across all proc's: 107644 [min=11570 max=16217] expected=13455.500000
part1: id set creation (itr: 135)  (secs): 0.001759 
Itr: 135, global ID_set size across all proc's: 1428
part2: iterate and pack  (itr: 135)  (secs): 0.264852 
part3: serialize and update communication time  (secs): 0.000280 

part3: serialize and update nodes (itr: 135)  (secs): 0.003691 

Itr: 135, Total time for this iteration: 0.271152

Itr: 136, Total number of macro_nodes across all proc's: 106216 [min=11406 max=16022] expected=13277.000000
part1: id set creation (itr: 136)  (secs): 0.001736 
Itr: 136, global ID_set size across all proc's: 1381
part2: iterate and pack  (itr: 136)  (secs): 0.273418 
part3: serialize and update communication time  (secs): 0.000328 

part3: serialize and update nodes (itr: 136)  (secs): 0.003638 

Itr: 136, Total time for this iteration: 0.279692

Itr: 137, Total number of macro_nodes across all proc's: 104835 [min=11225 max=15772] expected=13104.375000
part1: id set creation (itr: 137)  (secs): 0.001707 
Itr: 137, global ID_set size across all proc's: 1390
part2: iterate and pack  (itr: 137)  (secs): 0.266613 
part3: serialize and update communication time  (secs): 0.000334 

part3: serialize and update nodes (itr: 137)  (secs): 0.004098 

Itr: 137, Total time for this iteration: 0.273324

Itr: 138, Total number of macro_nodes across all proc's: 103445 [min=11069 max=15553] expected=12930.625000
part1: id set creation (itr: 138)  (secs): 0.001680 
Itr: 138, global ID_set size across all proc's: 1390
part2: iterate and pack  (itr: 138)  (secs): 0.267756 
part3: serialize and update communication time  (secs): 0.000284 

part3: serialize and update nodes (itr: 138)  (secs): 0.003422 

Itr: 138, Total time for this iteration: 0.273605

Itr: 139, Total number of macro_nodes across all proc's: 102055 [min=10938 max=15319] expected=12756.875000
part1: id set creation (itr: 139)  (secs): 0.001669 
Itr: 139, global ID_set size across all proc's: 1377
part2: iterate and pack  (itr: 139)  (secs): 0.274903 
part3: serialize and update communication time  (secs): 0.000325 

part3: serialize and update nodes (itr: 139)  (secs): 0.003595 

Itr: 139, Total time for this iteration: 0.280872

Itr: 140, Total number of macro_nodes across all proc's: 100678 [min=10774 max=15106] expected=12584.750000
part1: id set creation (itr: 140)  (secs): 0.001765 
Itr: 140, global ID_set size across all proc's: 1544
part2: iterate and pack  (itr: 140)  (secs): 0.262815 
part3: serialize and update communication time  (secs): 0.000289 

part3: serialize and update nodes (itr: 140)  (secs): 0.003322 

Itr: 140, Total time for this iteration: 0.269003

Itr: 141, Total number of macro_nodes across all proc's: 99134 [min=10567 max=14858] expected=12391.750000
Average time for part1: id set creation across all procs (secs): 3.233950 
Average time for part2: packing nodes across all procs (secs): 117.312120 
Average time for part3: update nodes across all procs (secs): 22.840476 
Average time for phase to merge and dropping of nodes across all procs (secs): 144.030304 

Average time for Alltoall in Serialize and Transfer (secs): 0.003880 
Average time for AlltoallV in Serialize and Transfer (secs): 0.206967 
[StopClock: pakman-original-elapsed-time-no-io]: 331.802 sec

[StopClock: pakman-original-elapsed-time-full]: 336.505 sec

