num_buckets not specified with -t, set to default value num_buckets=21
node_threashold not specified with -n, set to default value node_threashold=100K
K-mer size: 32, L-mer size: 8, Number of Processes: 8, MAX_KMER_COUNT: 1000000000 Coverage: 100,Avg read length: 100, Num buckets: 21, Node threshold: 100000
Average time for MPI_FIle_Open (secs): 0.019096 
Average time for MPI_FIle_Read (secs): 0.640332 
Average time for MPI_FIle_copy (secs): 0.656617 
Average time for MPI_FIle_Close (secs): 0.004598 
Average time for reading and storing the Reads in each proc's memory (secs): 1.321784 
Total number of reads: 30000000
Average time for Alltoall across all procs (secs): 0.000067 
Average time for pack_sbuf_time across all procs (secs): 0.000000 
Average time for AlltoallV across all procs (secs): 0.164188 
Average time for unpack_rbuf_time across all procs (secs): 7.884285 
Average time for unpack_rbuf_time:sort across all procs (secs): 6.856681 
Average time for unpack_rbuf_time:insert across all procs (secs): 0.469864 
Average time for unpack_rbuf_time:acc across all procs (secs): 0.556738 
Average time for partial Sliding Window across all procs (secs): 0.000000 
Average time for Sliding Window across all procs (secs): 44.945874 
Average time for lmer Sliding Window across all procs (secs): 0.721260 
Average time for vector insert across all procs (secs): 0.000000 
Average time for temp_map insert across all procs (secs): 0.000000 
Average number of re-calculations of min l-mer across all procs (secs): 0.000000 
Average time for performing k-mer counting across all procs (secs): 45.670399 
Total distinct k-mer entries across all proc's: 415814444
Number of batch iterations: 1 
Number of threads: 96
Total valid (>= min_bucket(20)) k-mer entries across all proc's: 17682805 
**********************************************************************

Average time for communication in Transfer of MN nodes (secs): 0.024637 
Average time for Re-grouping for k-mers across all procs (secs): 0.276775 
Average time for identifying the macro_nodes (secs): 0.594614 
Average time for sorting the pref/suff kmer buffers (secs): 0.616597 
Average time for populating the suff and pref buffers (secs): 1.742120 
Average time for constructing MN map across all procs (secs): 2.966633 
Total number of macro_nodes across all proc's: 17516875
Average time for MN node construction across all procs (secs): 3.354657 
Average time for initial wiring of MN nodes across all procs (secs): 2.062606 

Itr: 1, Total number of macro_nodes across all proc's: 17516875 [min=2143587 max=2216097] expected=2189609.375000
part1: id set creation (itr: 1)  (secs): 0.193231 
Itr: 1, global ID_set size across all proc's: 5080916
part2: iterate and pack  (itr: 1)  (secs): 6.114428 
part3: serialize and update communication time  (secs): 0.015086 

part3: serialize and update nodes (itr: 1)  (secs): 2.072700 

Itr: 1, Total time for this iteration: 8.400616

Itr: 2, Total number of macro_nodes across all proc's: 12435959 [min=1514186 max=1581341] expected=1554494.875000
part1: id set creation (itr: 2)  (secs): 0.162435 
Itr: 2, global ID_set size across all proc's: 3095662
part2: iterate and pack  (itr: 2)  (secs): 4.413462 
part3: serialize and update communication time  (secs): 0.010616 

part3: serialize and update nodes (itr: 2)  (secs): 1.303284 

Itr: 2, Total time for this iteration: 5.940387

Itr: 3, Total number of macro_nodes across all proc's: 9340297 [min=1134483 max=1192334] expected=1167537.125000
part1: id set creation (itr: 3)  (secs): 0.131849 
Itr: 3, global ID_set size across all proc's: 2312294
part2: iterate and pack  (itr: 3)  (secs): 3.528460 
part3: serialize and update communication time  (secs): 0.008159 

part3: serialize and update nodes (itr: 3)  (secs): 1.022194 

Itr: 3, Total time for this iteration: 4.704531

Itr: 4, Total number of macro_nodes across all proc's: 7028003 [min=850068 max=899745] expected=878500.375000
part1: id set creation (itr: 4)  (secs): 0.108919 
Itr: 4, global ID_set size across all proc's: 1760843
part2: iterate and pack  (itr: 4)  (secs): 2.837426 
part3: serialize and update communication time  (secs): 0.006017 

part3: serialize and update nodes (itr: 4)  (secs): 0.797312 

Itr: 4, Total time for this iteration: 3.776345

Itr: 5, Total number of macro_nodes across all proc's: 5267160 [min=635197 max=676299] expected=658395.000000
part1: id set creation (itr: 5)  (secs): 0.083731 
Itr: 5, global ID_set size across all proc's: 1289836
part2: iterate and pack  (itr: 5)  (secs): 2.227761 
part3: serialize and update communication time  (secs): 0.005261 

part3: serialize and update nodes (itr: 5)  (secs): 0.602643 

Itr: 5, Total time for this iteration: 2.930468

Itr: 6, Total number of macro_nodes across all proc's: 3977324 [min=478862 max=518143] expected=497165.500000
part1: id set creation (itr: 6)  (secs): 0.067095 
Itr: 6, global ID_set size across all proc's: 964562
part2: iterate and pack  (itr: 6)  (secs): 1.792552 
part3: serialize and update communication time  (secs): 0.003774 

part3: serialize and update nodes (itr: 6)  (secs): 0.456837 

Itr: 6, Total time for this iteration: 2.328565

Itr: 7, Total number of macro_nodes across all proc's: 3012762 [min=362357 max=397617] expected=376595.250000
part1: id set creation (itr: 7)  (secs): 0.053798 
Itr: 7, global ID_set size across all proc's: 710977
part2: iterate and pack  (itr: 7)  (secs): 1.457832 
part3: serialize and update communication time  (secs): 0.003398 

part3: serialize and update nodes (itr: 7)  (secs): 0.356056 

Itr: 7, Total time for this iteration: 1.877665

Itr: 8, Total number of macro_nodes across all proc's: 2301785 [min=275589 max=305457] expected=287723.125000
part1: id set creation (itr: 8)  (secs): 0.042542 
Itr: 8, global ID_set size across all proc's: 533612
part2: iterate and pack  (itr: 8)  (secs): 1.196923 
part3: serialize and update communication time  (secs): 0.002653 

part3: serialize and update nodes (itr: 8)  (secs): 0.255600 

Itr: 8, Total time for this iteration: 1.503003

Itr: 9, Total number of macro_nodes across all proc's: 1768173 [min=210906 max=236541] expected=221021.625000
part1: id set creation (itr: 9)  (secs): 0.033128 
Itr: 9, global ID_set size across all proc's: 405786
part2: iterate and pack  (itr: 9)  (secs): 0.978288 
part3: serialize and update communication time  (secs): 0.002184 

part3: serialize and update nodes (itr: 9)  (secs): 0.202954 

Itr: 9, Total time for this iteration: 1.219936

Itr: 10, Total number of macro_nodes across all proc's: 1362387 [min=161814 max=184021] expected=170298.375000
part1: id set creation (itr: 10)  (secs): 0.028173 
Itr: 10, global ID_set size across all proc's: 308290
part2: iterate and pack  (itr: 10)  (secs): 0.858453 
part3: serialize and update communication time  (secs): 0.001545 

part3: serialize and update nodes (itr: 10)  (secs): 0.164278 

Itr: 10, Total time for this iteration: 1.065659

Itr: 11, Total number of macro_nodes across all proc's: 1054097 [min=124666 max=143231] expected=131762.125000
part1: id set creation (itr: 11)  (secs): 0.021910 
Itr: 11, global ID_set size across all proc's: 233500
part2: iterate and pack  (itr: 11)  (secs): 0.710464 
part3: serialize and update communication time  (secs): 0.001835 

part3: serialize and update nodes (itr: 11)  (secs): 0.127931 

Itr: 11, Total time for this iteration: 0.864347

Itr: 12, Total number of macro_nodes across all proc's: 820597 [min=96634 max=112019] expected=102574.625000
part1: id set creation (itr: 12)  (secs): 0.016153 
Itr: 12, global ID_set size across all proc's: 177014
part2: iterate and pack  (itr: 12)  (secs): 0.604540 
part3: serialize and update communication time  (secs): 0.001242 

part3: serialize and update nodes (itr: 12)  (secs): 0.098537 

Itr: 12, Total time for this iteration: 0.723115

Itr: 13, Total number of macro_nodes across all proc's: 643583 [min=75391 max=88349] expected=80447.875000
part1: id set creation (itr: 13)  (secs): 0.012604 
Itr: 13, global ID_set size across all proc's: 135065
part2: iterate and pack  (itr: 13)  (secs): 0.521140 
part3: serialize and update communication time  (secs): 0.001145 

part3: serialize and update nodes (itr: 13)  (secs): 0.077272 

Itr: 13, Total time for this iteration: 0.614138

Itr: 14, Total number of macro_nodes across all proc's: 508518 [min=59397 max=70409] expected=63564.750000
part1: id set creation (itr: 14)  (secs): 0.009872 
Itr: 14, global ID_set size across all proc's: 103084
part2: iterate and pack  (itr: 14)  (secs): 0.465046 
part3: serialize and update communication time  (secs): 0.000982 

part3: serialize and update nodes (itr: 14)  (secs): 0.060073 

Itr: 14, Total time for this iteration: 0.537631

Itr: 15, Total number of macro_nodes across all proc's: 405434 [min=47184 max=56395] expected=50679.250000
part1: id set creation (itr: 15)  (secs): 0.007721 
Itr: 15, global ID_set size across all proc's: 79441
part2: iterate and pack  (itr: 15)  (secs): 0.415697 
part3: serialize and update communication time  (secs): 0.000846 

part3: serialize and update nodes (itr: 15)  (secs): 0.047754 

Itr: 15, Total time for this iteration: 0.473511

Itr: 16, Total number of macro_nodes across all proc's: 325993 [min=37765 max=45729] expected=40749.125000
part1: id set creation (itr: 16)  (secs): 0.007007 
Itr: 16, global ID_set size across all proc's: 61651
part2: iterate and pack  (itr: 16)  (secs): 0.382948 
part3: serialize and update communication time  (secs): 0.000844 

part3: serialize and update nodes (itr: 16)  (secs): 0.038315 

Itr: 16, Total time for this iteration: 0.435465

Itr: 17, Total number of macro_nodes across all proc's: 264342 [min=30536 max=37450] expected=33042.750000
part1: id set creation (itr: 17)  (secs): 0.004823 
Itr: 17, global ID_set size across all proc's: 47583
part2: iterate and pack  (itr: 17)  (secs): 0.346810 
part3: serialize and update communication time  (secs): 0.000944 

part3: serialize and update nodes (itr: 17)  (secs): 0.031391 

Itr: 17, Total time for this iteration: 0.386352

Itr: 18, Total number of macro_nodes across all proc's: 216759 [min=24906 max=30843] expected=27094.875000
part1: id set creation (itr: 18)  (secs): 0.004434 
Itr: 18, global ID_set size across all proc's: 37021
part2: iterate and pack  (itr: 18)  (secs): 0.330516 
part3: serialize and update communication time  (secs): 0.000750 

part3: serialize and update nodes (itr: 18)  (secs): 0.024575 

Itr: 18, Total time for this iteration: 0.364447

Itr: 19, Total number of macro_nodes across all proc's: 179738 [min=20609 max=25810] expected=22467.250000
part1: id set creation (itr: 19)  (secs): 0.003173 
Itr: 19, global ID_set size across all proc's: 28406
part2: iterate and pack  (itr: 19)  (secs): 0.292075 
part3: serialize and update communication time  (secs): 0.000614 

part3: serialize and update nodes (itr: 19)  (secs): 0.024945 

Itr: 19, Total time for this iteration: 0.322596

Itr: 20, Total number of macro_nodes across all proc's: 151332 [min=17165 max=21998] expected=18916.500000
part1: id set creation (itr: 20)  (secs): 0.002843 
Itr: 20, global ID_set size across all proc's: 21607
part2: iterate and pack  (itr: 20)  (secs): 0.295767 
part3: serialize and update communication time  (secs): 0.000778 

part3: serialize and update nodes (itr: 20)  (secs): 0.015608 

Itr: 20, Total time for this iteration: 0.317839

Itr: 21, Total number of macro_nodes across all proc's: 129725 [min=14609 max=19004] expected=16215.625000
part1: id set creation (itr: 21)  (secs): 0.002114 
Itr: 21, global ID_set size across all proc's: 16389
part2: iterate and pack  (itr: 21)  (secs): 0.266410 
part3: serialize and update communication time  (secs): 0.000580 

part3: serialize and update nodes (itr: 21)  (secs): 0.012389 

Itr: 21, Total time for this iteration: 0.282070

Itr: 22, Total number of macro_nodes across all proc's: 113336 [min=12718 max=16702] expected=14167.000000
part1: id set creation (itr: 22)  (secs): 0.001792 
Itr: 22, global ID_set size across all proc's: 12717
part2: iterate and pack  (itr: 22)  (secs): 0.257714 
part3: serialize and update communication time  (secs): 0.000565 

part3: serialize and update nodes (itr: 22)  (secs): 0.010113 

Itr: 22, Total time for this iteration: 0.270648

Itr: 23, Total number of macro_nodes across all proc's: 100619 [min=11178 max=14925] expected=12577.375000
part1: id set creation (itr: 23)  (secs): 0.001557 
Itr: 23, global ID_set size across all proc's: 10056
part2: iterate and pack  (itr: 23)  (secs): 0.248696 
part3: serialize and update communication time  (secs): 0.000526 

part3: serialize and update nodes (itr: 23)  (secs): 0.008403 

Itr: 23, Total time for this iteration: 0.259582

Itr: 24, Total number of macro_nodes across all proc's: 90563 [min=9961 max=13494] expected=11320.375000
Average time for part1: id set creation across all procs (secs): 1.000902 
Average time for part2: packing nodes across all procs (secs): 30.543406 
Average time for part3: update nodes across all procs (secs): 7.811166 
Average time for phase to merge and dropping of nodes across all procs (secs): 39.598955 

Average time for Alltoall in Serialize and Transfer (secs): 0.000743 
Average time for AlltoallV in Serialize and Transfer (secs): 0.069601 
[StopClock: pakman-original-elapsed-time-no-io]: 91.1046 sec

[StopClock: pakman-original-elapsed-time-full]: 93.2856 sec

