num_buckets not specified with -t, set to default value num_buckets=21
node_threashold not specified with -n, set to default value node_threashold=100K
K-mer size: 32, L-mer size: 8, Number of Processes: 32, MAX_KMER_COUNT: 1000000000 Coverage: 100,Avg read length: 100, Num buckets: 21, Node threshold: 100000
Average time for MPI_FIle_Open (secs): 0.033704 
Average time for MPI_FIle_Read (secs): 0.348840 
Average time for MPI_FIle_copy (secs): 0.225030 
Average time for MPI_FIle_Close (secs): 0.008981 
Average time for reading and storing the Reads in each proc's memory (secs): 0.616771 
Total number of reads: 30000000
Average time for Alltoall across all procs (secs): 0.000089 
Average time for pack_sbuf_time across all procs (secs): 0.000000 
Average time for AlltoallV across all procs (secs): 0.232440 
Average time for unpack_rbuf_time across all procs (secs): 5.627212 
Average time for unpack_rbuf_time:sort across all procs (secs): 1.916017 
Average time for unpack_rbuf_time:insert across all procs (secs): 0.124808 
Average time for unpack_rbuf_time:acc across all procs (secs): 3.586094 
Average time for partial Sliding Window across all procs (secs): 0.000000 
Average time for Sliding Window across all procs (secs): 5.912169 
Average time for lmer Sliding Window across all procs (secs): 0.177240 
Average time for vector insert across all procs (secs): 2.682527 
Average time for temp_map insert across all procs (secs): 6.082294 
Average number of re-calculations of min l-mer across all procs (secs): 4215193.593750 
Average time for performing k-mer counting across all procs (secs): 18.498985 
Total distinct k-mer entries across all proc's: 663085647
Number of batch iterations: 1 
Number of threads: 96
Total valid (>= min_bucket(19)) k-mer entries across all proc's: 3136883 
**********************************************************************

Average time for communication in Transfer of MN nodes (secs): 0.008150 
Average time for Re-grouping for k-mers across all procs (secs): 0.086217 
Average time for identifying the macro_nodes (secs): 0.041178 
Average time for sorting the pref/suff kmer buffers (secs): 0.046549 
Average time for populating the suff and pref buffers (secs): 0.083170 
Average time for constructing MN map across all procs (secs): 0.171791 
Total number of macro_nodes across all proc's: 3132472
Average time for MN node construction across all procs (secs): 1.196650 
Average time for initial wiring of MN nodes across all procs (secs): 0.081523 

Itr: 1, Total number of macro_nodes across all proc's: 3132472 [min=95402 max=100811] expected=97889.750000
part1: id set creation (itr: 1)  (secs): 0.006340 
Itr: 1, global ID_set size across all proc's: 864446
part2: iterate and pack  (itr: 1)  (secs): 0.459979 
part3: serialize and update communication time  (secs): 0.003019 

part3: serialize and update nodes (itr: 1)  (secs): 0.089910 

Itr: 1, Total time for this iteration: 0.557382

Itr: 2, Total number of macro_nodes across all proc's: 2268026 [min=68495 max=73855] expected=70875.812500
part1: id set creation (itr: 2)  (secs): 0.005585 
Itr: 2, global ID_set size across all proc's: 588142
part2: iterate and pack  (itr: 2)  (secs): 0.356743 
part3: serialize and update communication time  (secs): 0.002571 

part3: serialize and update nodes (itr: 2)  (secs): 0.060372 

Itr: 2, Total time for this iteration: 0.423763

Itr: 3, Total number of macro_nodes across all proc's: 1679884 [min=50491 max=55216] expected=52496.375000
part1: id set creation (itr: 3)  (secs): 0.004510 
Itr: 3, global ID_set size across all proc's: 421437
part2: iterate and pack  (itr: 3)  (secs): 0.308070 
part3: serialize and update communication time  (secs): 0.002156 

part3: serialize and update nodes (itr: 3)  (secs): 0.044253 

Itr: 3, Total time for this iteration: 0.361525

Itr: 4, Total number of macro_nodes across all proc's: 1258447 [min=37659 max=41217] expected=39326.468750
part1: id set creation (itr: 4)  (secs): 0.003847 
Itr: 4, global ID_set size across all proc's: 317228
part2: iterate and pack  (itr: 4)  (secs): 0.283342 
part3: serialize and update communication time  (secs): 0.001854 

part3: serialize and update nodes (itr: 4)  (secs): 0.033706 

Itr: 4, Total time for this iteration: 0.332460

Itr: 5, Total number of macro_nodes across all proc's: 941219 [min=28224 max=30989] expected=29413.093750
part1: id set creation (itr: 5)  (secs): 0.002575 
Itr: 5, global ID_set size across all proc's: 232368
part2: iterate and pack  (itr: 5)  (secs): 0.244687 
part3: serialize and update communication time  (secs): 0.001618 

part3: serialize and update nodes (itr: 5)  (secs): 0.025287 

Itr: 5, Total time for this iteration: 0.273379

Itr: 6, Total number of macro_nodes across all proc's: 708851 [min=21128 max=23663] expected=22151.593750
part1: id set creation (itr: 6)  (secs): 0.001870 
Itr: 6, global ID_set size across all proc's: 171730
part2: iterate and pack  (itr: 6)  (secs): 0.227044 
part3: serialize and update communication time  (secs): 0.001164 

part3: serialize and update nodes (itr: 6)  (secs): 0.018465 

Itr: 6, Total time for this iteration: 0.248061

Itr: 7, Total number of macro_nodes across all proc's: 537121 [min=15916 max=18223] expected=16785.031250
part1: id set creation (itr: 7)  (secs): 0.001362 
Itr: 7, global ID_set size across all proc's: 129379
part2: iterate and pack  (itr: 7)  (secs): 0.218202 
part3: serialize and update communication time  (secs): 0.000822 

part3: serialize and update nodes (itr: 7)  (secs): 0.022383 

Itr: 7, Total time for this iteration: 0.243735

Itr: 8, Total number of macro_nodes across all proc's: 407742 [min=12039 max=14046] expected=12741.937500
part1: id set creation (itr: 8)  (secs): 0.001043 
Itr: 8, global ID_set size across all proc's: 96746
part2: iterate and pack  (itr: 8)  (secs): 0.205227 
part3: serialize and update communication time  (secs): 0.000793 

part3: serialize and update nodes (itr: 8)  (secs): 0.010512 

Itr: 8, Total time for this iteration: 0.218423

Itr: 9, Total number of macro_nodes across all proc's: 310996 [min=9188 max=10818] expected=9718.625000
part1: id set creation (itr: 9)  (secs): 0.000760 
Itr: 9, global ID_set size across all proc's: 72574
part2: iterate and pack  (itr: 9)  (secs): 0.179254 
part3: serialize and update communication time  (secs): 0.000764 

part3: serialize and update nodes (itr: 9)  (secs): 0.008238 

Itr: 9, Total time for this iteration: 0.188680

Itr: 10, Total number of macro_nodes across all proc's: 238422 [min=7029 max=8320] expected=7450.687500
part1: id set creation (itr: 10)  (secs): 0.000587 
Itr: 10, global ID_set size across all proc's: 54668
part2: iterate and pack  (itr: 10)  (secs): 0.177766 
part3: serialize and update communication time  (secs): 0.000704 

part3: serialize and update nodes (itr: 10)  (secs): 0.006499 

Itr: 10, Total time for this iteration: 0.185193

Itr: 11, Total number of macro_nodes across all proc's: 183754 [min=5410 max=6455] expected=5742.312500
part1: id set creation (itr: 11)  (secs): 0.000462 
Itr: 11, global ID_set size across all proc's: 41264
part2: iterate and pack  (itr: 11)  (secs): 0.162096 
part3: serialize and update communication time  (secs): 0.000632 

part3: serialize and update nodes (itr: 11)  (secs): 0.005312 

Itr: 11, Total time for this iteration: 0.168178

Itr: 12, Total number of macro_nodes across all proc's: 142490 [min=4148 max=5070] expected=4452.812500
part1: id set creation (itr: 12)  (secs): 0.000370 
Itr: 12, global ID_set size across all proc's: 31169
part2: iterate and pack  (itr: 12)  (secs): 0.153351 
part3: serialize and update communication time  (secs): 0.000616 

part3: serialize and update nodes (itr: 12)  (secs): 0.004363 

Itr: 12, Total time for this iteration: 0.158364

Itr: 13, Total number of macro_nodes across all proc's: 111321 [min=3229 max=3996] expected=3478.781250
part1: id set creation (itr: 13)  (secs): 0.000296 
Itr: 13, global ID_set size across all proc's: 23715
part2: iterate and pack  (itr: 13)  (secs): 0.151887 
part3: serialize and update communication time  (secs): 0.000758 

part3: serialize and update nodes (itr: 13)  (secs): 0.004036 

Itr: 13, Total time for this iteration: 0.156436

Itr: 14, Total number of macro_nodes across all proc's: 87606 [min=2518 max=3148] expected=2737.687500
Average time for part1: id set creation across all procs (secs): 0.029607 
Average time for part2: packing nodes across all procs (secs): 3.127649 
Average time for part3: update nodes across all procs (secs): 0.333337 
Average time for phase to merge and dropping of nodes across all procs (secs): 3.515585 

Average time for Alltoall in Serialize and Transfer (secs): 0.000757 
Average time for AlltoallV in Serialize and Transfer (secs): 0.016713 
[StopClock: pakman-original-elapsed-time-no-io]: 27.0826 sec

[StopClock: pakman-original-elapsed-time-full]: 28.6946 sec

