num_buckets not specified with -t, set to default value num_buckets=21
node_threashold not specified with -n, set to default value node_threashold=100K
K-mer size: 32, L-mer size: 8, Number of Processes: 8, MAX_KMER_COUNT: 1000000000 Coverage: 100,Avg read length: 100, Num buckets: 21, Node threshold: 100000
Average time for MPI_FIle_Open (secs): 0.019322 
Average time for MPI_FIle_Read (secs): 1.661634 
Average time for MPI_FIle_copy (secs): 0.906841 
Average time for MPI_FIle_Close (secs): 0.008035 
Average time for reading and storing the Reads in each proc's memory (secs): 2.596036 
Total number of reads: 30000000
Average time for Alltoall across all procs (secs): 0.000068 
Average time for pack_sbuf_time across all procs (secs): 0.000000 
Average time for AlltoallV across all procs (secs): 0.192759 
Average time for unpack_rbuf_time across all procs (secs): 22.114566 
Average time for unpack_rbuf_time:sort across all procs (secs): 6.929763 
Average time for unpack_rbuf_time:insert across all procs (secs): 0.477530 
Average time for unpack_rbuf_time:acc across all procs (secs): 14.706352 
Average time for partial Sliding Window across all procs (secs): 0.000000 
Average time for Sliding Window across all procs (secs): 23.577100 
Average time for lmer Sliding Window across all procs (secs): 0.720935 
Average time for vector insert across all procs (secs): 10.635909 
Average time for temp_map insert across all procs (secs): 28.186084 
Average number of re-calculations of min l-mer across all procs (secs): 16860774.375000 
Average time for performing k-mer counting across all procs (secs): 75.673298 
Total distinct k-mer entries across all proc's: 663085647
Number of batch iterations: 1 
Number of threads: 96
Total valid (>= min_bucket(19)) k-mer entries across all proc's: 3136883 
**********************************************************************

Average time for communication in Transfer of MN nodes (secs): 0.003843 
Average time for Re-grouping for k-mers across all procs (secs): 0.225222 
Average time for identifying the macro_nodes (secs): 0.130952 
Average time for sorting the pref/suff kmer buffers (secs): 0.118033 
Average time for populating the suff and pref buffers (secs): 0.333154 
Average time for constructing MN map across all procs (secs): 0.586991 
Total number of macro_nodes across all proc's: 3132472
Average time for MN node construction across all procs (secs): 0.986029 
Average time for initial wiring of MN nodes across all procs (secs): 0.350979 

Itr: 1, Total number of macro_nodes across all proc's: 3132472 [min=388464 max=398226] expected=391559.000000
part1: id set creation (itr: 1)  (secs): 0.030696 
Itr: 1, global ID_set size across all proc's: 864446
part2: iterate and pack  (itr: 1)  (secs): 1.235109 
part3: serialize and update communication time  (secs): 0.003916 

part3: serialize and update nodes (itr: 1)  (secs): 0.328845 

Itr: 1, Total time for this iteration: 1.597203

Itr: 2, Total number of macro_nodes across all proc's: 2268026 [min=279082 max=291071] expected=283503.250000
part1: id set creation (itr: 2)  (secs): 0.026303 
Itr: 2, global ID_set size across all proc's: 588144
part2: iterate and pack  (itr: 2)  (secs): 0.917290 
part3: serialize and update communication time  (secs): 0.003126 

part3: serialize and update nodes (itr: 2)  (secs): 0.234077 

Itr: 2, Total time for this iteration: 1.180326

Itr: 3, Total number of macro_nodes across all proc's: 1679882 [min=206223 max=216777] expected=209985.250000
part1: id set creation (itr: 3)  (secs): 0.022093 
Itr: 3, global ID_set size across all proc's: 421442
part2: iterate and pack  (itr: 3)  (secs): 0.774857 
part3: serialize and update communication time  (secs): 0.002322 

part3: serialize and update nodes (itr: 3)  (secs): 0.169309 

Itr: 3, Total time for this iteration: 0.983467

Itr: 4, Total number of macro_nodes across all proc's: 1258440 [min=153980 max=161942] expected=157305.000000
part1: id set creation (itr: 4)  (secs): 0.017794 
Itr: 4, global ID_set size across all proc's: 317219
part2: iterate and pack  (itr: 4)  (secs): 0.653068 
part3: serialize and update communication time  (secs): 0.001960 

part3: serialize and update nodes (itr: 4)  (secs): 0.130801 

Itr: 4, Total time for this iteration: 0.804827

Itr: 5, Total number of macro_nodes across all proc's: 941221 [min=115215 max=121255] expected=117652.625000
part1: id set creation (itr: 5)  (secs): 0.013756 
Itr: 5, global ID_set size across all proc's: 232371
part2: iterate and pack  (itr: 5)  (secs): 0.541785 
part3: serialize and update communication time  (secs): 0.001768 

part3: serialize and update nodes (itr: 5)  (secs): 0.100466 

Itr: 5, Total time for this iteration: 0.657517

Itr: 6, Total number of macro_nodes across all proc's: 708850 [min=86380 max=92232] expected=88606.250000
part1: id set creation (itr: 6)  (secs): 0.010852 
Itr: 6, global ID_set size across all proc's: 171738
part2: iterate and pack  (itr: 6)  (secs): 0.465274 
part3: serialize and update communication time  (secs): 0.001468 

part3: serialize and update nodes (itr: 6)  (secs): 0.076609 

Itr: 6, Total time for this iteration: 0.554084

Itr: 7, Total number of macro_nodes across all proc's: 537112 [min=65352 max=70439] expected=67139.000000
part1: id set creation (itr: 7)  (secs): 0.008489 
Itr: 7, global ID_set size across all proc's: 129369
part2: iterate and pack  (itr: 7)  (secs): 0.407155 
part3: serialize and update communication time  (secs): 0.001596 

part3: serialize and update nodes (itr: 7)  (secs): 0.059915 

Itr: 7, Total time for this iteration: 0.477008

Itr: 8, Total number of macro_nodes across all proc's: 407743 [min=49549 max=54014] expected=50967.875000
part1: id set creation (itr: 8)  (secs): 0.006482 
Itr: 8, global ID_set size across all proc's: 96756
part2: iterate and pack  (itr: 8)  (secs): 0.352832 
part3: serialize and update communication time  (secs): 0.000727 

part3: serialize and update nodes (itr: 8)  (secs): 0.045642 

Itr: 8, Total time for this iteration: 0.406211

Itr: 9, Total number of macro_nodes across all proc's: 310987 [min=37984 max=41388] expected=38873.375000
part1: id set creation (itr: 9)  (secs): 0.004899 
Itr: 9, global ID_set size across all proc's: 72565
part2: iterate and pack  (itr: 9)  (secs): 0.311478 
part3: serialize and update communication time  (secs): 0.000805 

part3: serialize and update nodes (itr: 9)  (secs): 0.034689 

Itr: 9, Total time for this iteration: 0.352106

Itr: 10, Total number of macro_nodes across all proc's: 238422 [min=29161 max=31831] expected=29802.750000
part1: id set creation (itr: 10)  (secs): 0.003603 
Itr: 10, global ID_set size across all proc's: 54682
part2: iterate and pack  (itr: 10)  (secs): 0.297797 
part3: serialize and update communication time  (secs): 0.000659 

part3: serialize and update nodes (itr: 10)  (secs): 0.027164 

Itr: 10, Total time for this iteration: 0.329466

Itr: 11, Total number of macro_nodes across all proc's: 183740 [min=22445 max=24670] expected=22967.500000
part1: id set creation (itr: 11)  (secs): 0.002669 
Itr: 11, global ID_set size across all proc's: 41258
part2: iterate and pack  (itr: 11)  (secs): 0.257956 
part3: serialize and update communication time  (secs): 0.000680 

part3: serialize and update nodes (itr: 11)  (secs): 0.021346 

Itr: 11, Total time for this iteration: 0.282596

Itr: 12, Total number of macro_nodes across all proc's: 142482 [min=17372 max=19225] expected=17810.250000
part1: id set creation (itr: 12)  (secs): 0.001942 
Itr: 12, global ID_set size across all proc's: 31179
part2: iterate and pack  (itr: 12)  (secs): 0.232054 
part3: serialize and update communication time  (secs): 0.000546 

part3: serialize and update nodes (itr: 12)  (secs): 0.016466 

Itr: 12, Total time for this iteration: 0.251096

Itr: 13, Total number of macro_nodes across all proc's: 111303 [min=13503 max=15206] expected=13912.875000
part1: id set creation (itr: 13)  (secs): 0.001457 
Itr: 13, global ID_set size across all proc's: 23713
part2: iterate and pack  (itr: 13)  (secs): 0.208517 
part3: serialize and update communication time  (secs): 0.000604 

part3: serialize and update nodes (itr: 13)  (secs): 0.013425 

Itr: 13, Total time for this iteration: 0.223892

Itr: 14, Total number of macro_nodes across all proc's: 87590 [min=10572 max=12013] expected=10948.750000
Average time for part1: id set creation across all procs (secs): 0.151034 
Average time for part2: packing nodes across all procs (secs): 6.655172 
Average time for part3: update nodes across all procs (secs): 1.258753 
Average time for phase to merge and dropping of nodes across all procs (secs): 8.099817 

Average time for Alltoall in Serialize and Transfer (secs): 0.000363 
Average time for AlltoallV in Serialize and Transfer (secs): 0.019814 
[StopClock: pakman-original-elapsed-time-no-io]: 96.0104 sec

[StopClock: pakman-original-elapsed-time-full]: 99.4606 sec

