num_buckets not specified with -t, set to default value num_buckets=21
node_threashold not specified with -n, set to default value node_threashold=100K
K-mer size: 32, L-mer size: 8, Number of Processes: 16, MAX_KMER_COUNT: 1000000000 Coverage: 100,Avg read length: 100, Num buckets: 21, Node threshold: 100000
Average time for MPI_FIle_Open (secs): 0.068601 
Average time for MPI_FIle_Read (secs): 7.935219 
Average time for MPI_FIle_copy (secs): 1.449724 
Average time for MPI_FIle_Close (secs): 0.075786 
Average time for reading and storing the Reads in each proc's memory (secs): 9.530290 
Total number of reads: 100000000
Average time for Alltoall across all procs (secs): 0.000092 
Average time for pack_sbuf_time across all procs (secs): 0.000000 
Average time for AlltoallV across all procs (secs): 0.776436 
Average time for unpack_rbuf_time across all procs (secs): 30.238818 
Average time for unpack_rbuf_time:sort across all procs (secs): 11.533893 
Average time for unpack_rbuf_time:insert across all procs (secs): 0.729862 
Average time for unpack_rbuf_time:acc across all procs (secs): 17.973815 
Average time for partial Sliding Window across all procs (secs): 0.000000 
Average time for Sliding Window across all procs (secs): 37.254886 
Average time for lmer Sliding Window across all procs (secs): 1.141945 
Average time for vector insert across all procs (secs): 16.658057 
Average time for temp_map insert across all procs (secs): 43.649037 
Average number of re-calculations of min l-mer across all procs (secs): 28129150.125000 
Average time for performing k-mer counting across all procs (secs): 118.416297 
Total distinct k-mer entries across all proc's: 1563596584
Number of batch iterations: 1 
Number of threads: 96
Total valid (>= min_bucket(20)) k-mer entries across all proc's: 7326504 
**********************************************************************

Average time for communication in Transfer of MN nodes (secs): 0.006918 
Average time for Re-grouping for k-mers across all procs (secs): 0.282861 
Average time for identifying the macro_nodes (secs): 0.147135 
Average time for sorting the pref/suff kmer buffers (secs): 0.141129 
Average time for populating the suff and pref buffers (secs): 0.370015 
Average time for constructing MN map across all procs (secs): 0.663405 
Total number of macro_nodes across all proc's: 7344186
Average time for MN node construction across all procs (secs): 1.176187 
Average time for initial wiring of MN nodes across all procs (secs): 0.394799 

Itr: 1, Total number of macro_nodes across all proc's: 7344186 [min=454788 max=467076] expected=459011.625000
part1: id set creation (itr: 1)  (secs): 0.035889 
Itr: 1, global ID_set size across all proc's: 2065366
part2: iterate and pack  (itr: 1)  (secs): 1.383449 
part3: serialize and update communication time  (secs): 0.006125 

part3: serialize and update nodes (itr: 1)  (secs): 0.417648 

Itr: 1, Total time for this iteration: 1.842304

Itr: 2, Total number of macro_nodes across all proc's: 5278820 [min=324840 max=337382] expected=329926.250000
part1: id set creation (itr: 2)  (secs): 0.031812 
Itr: 2, global ID_set size across all proc's: 1406157
part2: iterate and pack  (itr: 2)  (secs): 1.068471 
part3: serialize and update communication time  (secs): 0.005093 

part3: serialize and update nodes (itr: 2)  (secs): 0.272778 

Itr: 2, Total time for this iteration: 1.389728

Itr: 3, Total number of macro_nodes across all proc's: 3872663 [min=237837 max=247527] expected=242041.437500
part1: id set creation (itr: 3)  (secs): 0.025472 
Itr: 3, global ID_set size across all proc's: 987989
part2: iterate and pack  (itr: 3)  (secs): 0.867650 
part3: serialize and update communication time  (secs): 0.003897 

part3: serialize and update nodes (itr: 3)  (secs): 0.196793 

Itr: 3, Total time for this iteration: 1.093531

Itr: 4, Total number of macro_nodes across all proc's: 2884674 [min=176697 max=185529] expected=180292.125000
part1: id set creation (itr: 4)  (secs): 0.020452 
Itr: 4, global ID_set size across all proc's: 728916
part2: iterate and pack  (itr: 4)  (secs): 0.732878 
part3: serialize and update communication time  (secs): 0.003174 

part3: serialize and update nodes (itr: 4)  (secs): 0.164269 

Itr: 4, Total time for this iteration: 0.923707

Itr: 5, Total number of macro_nodes across all proc's: 2155758 [min=131624 max=139607] expected=134734.875000
part1: id set creation (itr: 5)  (secs): 0.016286 
Itr: 5, global ID_set size across all proc's: 531929
part2: iterate and pack  (itr: 5)  (secs): 0.615559 
part3: serialize and update communication time  (secs): 0.001973 

part3: serialize and update nodes (itr: 5)  (secs): 0.113738 

Itr: 5, Total time for this iteration: 0.748807

Itr: 6, Total number of macro_nodes across all proc's: 1623829 [min=98969 max=105594] expected=101489.312500
part1: id set creation (itr: 6)  (secs): 0.012721 
Itr: 6, global ID_set size across all proc's: 392943
part2: iterate and pack  (itr: 6)  (secs): 0.514444 
part3: serialize and update communication time  (secs): 0.002142 

part3: serialize and update nodes (itr: 6)  (secs): 0.086808 

Itr: 6, Total time for this iteration: 0.615463

Itr: 7, Total number of macro_nodes across all proc's: 1230886 [min=74860 max=80486] expected=76930.375000
part1: id set creation (itr: 7)  (secs): 0.009985 
Itr: 7, global ID_set size across all proc's: 294918
part2: iterate and pack  (itr: 7)  (secs): 0.433942 
part3: serialize and update communication time  (secs): 0.001560 

part3: serialize and update nodes (itr: 7)  (secs): 0.074996 

Itr: 7, Total time for this iteration: 0.522711

Itr: 8, Total number of macro_nodes across all proc's: 935968 [min=56541 max=61905] expected=58498.000000
part1: id set creation (itr: 8)  (secs): 0.007870 
Itr: 8, global ID_set size across all proc's: 220343
part2: iterate and pack  (itr: 8)  (secs): 0.372244 
part3: serialize and update communication time  (secs): 0.001286 

part3: serialize and update nodes (itr: 8)  (secs): 0.050281 

Itr: 8, Total time for this iteration: 0.432936

Itr: 9, Total number of macro_nodes across all proc's: 715625 [min=43134 max=47774] expected=44726.562500
part1: id set creation (itr: 9)  (secs): 0.005842 
Itr: 9, global ID_set size across all proc's: 165119
part2: iterate and pack  (itr: 9)  (secs): 0.329923 
part3: serialize and update communication time  (secs): 0.000904 

part3: serialize and update nodes (itr: 9)  (secs): 0.038096 

Itr: 9, Total time for this iteration: 0.374626

Itr: 10, Total number of macro_nodes across all proc's: 550506 [min=33146 max=36921] expected=34406.625000
part1: id set creation (itr: 10)  (secs): 0.004385 
Itr: 10, global ID_set size across all proc's: 124102
part2: iterate and pack  (itr: 10)  (secs): 0.300658 
part3: serialize and update communication time  (secs): 0.000826 

part3: serialize and update nodes (itr: 10)  (secs): 0.029942 

Itr: 10, Total time for this iteration: 0.335677

Itr: 11, Total number of macro_nodes across all proc's: 426404 [min=25654 max=28831] expected=26650.250000
part1: id set creation (itr: 11)  (secs): 0.003291 
Itr: 11, global ID_set size across all proc's: 93596
part2: iterate and pack  (itr: 11)  (secs): 0.264283 
part3: serialize and update communication time  (secs): 0.000492 

part3: serialize and update nodes (itr: 11)  (secs): 0.023069 

Itr: 11, Total time for this iteration: 0.291344

Itr: 12, Total number of macro_nodes across all proc's: 332808 [min=19876 max=22733] expected=20800.500000
part1: id set creation (itr: 12)  (secs): 0.002413 
Itr: 12, global ID_set size across all proc's: 70869
part2: iterate and pack  (itr: 12)  (secs): 0.249353 
part3: serialize and update communication time  (secs): 0.000623 

part3: serialize and update nodes (itr: 12)  (secs): 0.018065 

Itr: 12, Total time for this iteration: 0.270287

Itr: 13, Total number of macro_nodes across all proc's: 261939 [min=15545 max=17949] expected=16371.187500
part1: id set creation (itr: 13)  (secs): 0.001810 
Itr: 13, global ID_set size across all proc's: 54182
part2: iterate and pack  (itr: 13)  (secs): 0.241451 
part3: serialize and update communication time  (secs): 0.000668 

part3: serialize and update nodes (itr: 13)  (secs): 0.014427 

Itr: 13, Total time for this iteration: 0.258059

Itr: 14, Total number of macro_nodes across all proc's: 207757 [min=12233 max=14318] expected=12984.812500
part1: id set creation (itr: 14)  (secs): 0.001387 
Itr: 14, global ID_set size across all proc's: 41308
part2: iterate and pack  (itr: 14)  (secs): 0.213227 
part3: serialize and update communication time  (secs): 0.000393 

part3: serialize and update nodes (itr: 14)  (secs): 0.011688 

Itr: 14, Total time for this iteration: 0.226677

Itr: 15, Total number of macro_nodes across all proc's: 166449 [min=9748 max=11478] expected=10403.062500
part1: id set creation (itr: 15)  (secs): 0.001085 
Itr: 15, global ID_set size across all proc's: 31902
part2: iterate and pack  (itr: 15)  (secs): 0.203148 
part3: serialize and update communication time  (secs): 0.000434 

part3: serialize and update nodes (itr: 15)  (secs): 0.009880 

Itr: 15, Total time for this iteration: 0.214415

Itr: 16, Total number of macro_nodes across all proc's: 134547 [min=7905 max=9391] expected=8409.187500
part1: id set creation (itr: 16)  (secs): 0.000861 
Itr: 16, global ID_set size across all proc's: 24409
part2: iterate and pack  (itr: 16)  (secs): 0.193881 
part3: serialize and update communication time  (secs): 0.000575 

part3: serialize and update nodes (itr: 16)  (secs): 0.008163 

Itr: 16, Total time for this iteration: 0.203155

Itr: 17, Total number of macro_nodes across all proc's: 110138 [min=6454 max=7759] expected=6883.625000
part1: id set creation (itr: 17)  (secs): 0.000692 
Itr: 17, global ID_set size across all proc's: 18874
part2: iterate and pack  (itr: 17)  (secs): 0.172554 
part3: serialize and update communication time  (secs): 0.000311 

part3: serialize and update nodes (itr: 17)  (secs): 0.009876 

Itr: 17, Total time for this iteration: 0.184562

Itr: 18, Total number of macro_nodes across all proc's: 91264 [min=5261 max=6585] expected=5704.000000
Average time for part1: id set creation across all procs (secs): 0.182252 
Average time for part2: packing nodes across all procs (secs): 8.157115 
Average time for part3: update nodes across all procs (secs): 1.540519 
Average time for phase to merge and dropping of nodes across all procs (secs): 9.927981 

Average time for Alltoall in Serialize and Transfer (secs): 0.000710 
Average time for AlltoallV in Serialize and Transfer (secs): 0.029767 
[StopClock: pakman-original-elapsed-time-no-io]: 147.905 sec

[StopClock: pakman-original-elapsed-time-full]: 158.4 sec

