Start Reading the input dataset
filesize: 131732661647, localsize: 4116645876
count_size: 4
dest_offset: 4000000000, localsize: 116645876
initial locstart: 0, locend: 4116645876
new localsize: 4116645683, locstart: 0, locend: 4116645683
Total number of reads: 1000000000
Completed Reading the input dataset
Starting sliding window
Completed sliding window
remaining sliding window, num_kmers: 176757764
Completed kmer counting
Identified min_bucket
Starting transfer_macro_nodes 
Begin macro node generation
Starting construct_macro_nodes
Completed MN node construction. Starting wiring
Completed wiring of Macro nodes
Starting phase 2 iterative phase
Completed iterative phase 2
