Start Reading the input dataset
filesize: 13073266732, localsize: 1634158541
count_size: 1
dest_offset: 1000000000, localsize: 634158541
initial locstart: 0, locend: 1634158541
new localsize: 1634158439, locstart: 0, locend: 1634158439
Total number of reads: 100000000
Completed Reading the input dataset
Starting sliding window
Completed sliding window
remaining sliding window, num_kmers: 867627459
Completed kmer counting
Identified min_bucket
Starting transfer_macro_nodes 
Begin macro node generation
Starting construct_macro_nodes
Completed MN node construction. Starting wiring
Completed wiring of Macro nodes
Starting phase 2 iterative phase
Completed iterative phase 2
