num_buckets not specified with -t, set to default value num_buckets=21
node_threashold not specified with -n, set to default value node_threashold=100K
K-mer size: 32, L-mer size: 8, Number of Processes: 4, MAX_KMER_COUNT: 1000000000 Coverage: 100,Avg read length: 100, Num buckets: 21, Node threshold: 100000
Average time for MPI_FIle_Open (secs): 0.013824 
Average time for MPI_FIle_Read (secs): 2.894236 
Average time for MPI_FIle_copy (secs): 1.809091 
Average time for MPI_FIle_Close (secs): 0.014787 
Average time for reading and storing the Reads in each proc's memory (secs): 4.732082 
Total number of reads: 30000000
Average time for Alltoall across all procs (secs): 0.000052 
Average time for pack_sbuf_time across all procs (secs): 0.000000 
Average time for AlltoallV across all procs (secs): 0.531367 
Average time for unpack_rbuf_time across all procs (secs): 44.860852 
Average time for unpack_rbuf_time:sort across all procs (secs): 14.221300 
Average time for unpack_rbuf_time:insert across all procs (secs): 0.865229 
Average time for unpack_rbuf_time:acc across all procs (secs): 29.772133 
Average time for partial Sliding Window across all procs (secs): 0.000000 
Average time for Sliding Window across all procs (secs): 46.877434 
Average time for lmer Sliding Window across all procs (secs): 1.441021 
Average time for vector insert across all procs (secs): 21.021004 
Average time for temp_map insert across all procs (secs): 59.907644 
Average number of re-calculations of min l-mer across all procs (secs): 33721548.750000 
Average time for performing k-mer counting across all procs (secs): 155.275562 
Total distinct k-mer entries across all proc's: 663085647
Number of batch iterations: 1 
Number of threads: 96
Total valid (>= min_bucket(19)) k-mer entries across all proc's: 3136883 
**********************************************************************

Average time for communication in Transfer of MN nodes (secs): 0.005445 
Average time for Re-grouping for k-mers across all procs (secs): 0.384776 
Average time for identifying the macro_nodes (secs): 0.250199 
Average time for sorting the pref/suff kmer buffers (secs): 0.198913 
Average time for populating the suff and pref buffers (secs): 0.650664 
Average time for constructing MN map across all procs (secs): 1.105578 
Total number of macro_nodes across all proc's: 3132472
Average time for MN node construction across all procs (secs): 1.797739 
Average time for initial wiring of MN nodes across all procs (secs): 0.728400 

Itr: 1, Total number of macro_nodes across all proc's: 3132472 [min=778592 max=786690] expected=783118.000000
part1: id set creation (itr: 1)  (secs): 0.065457 
Itr: 1, global ID_set size across all proc's: 864446
part2: iterate and pack  (itr: 1)  (secs): 2.220177 
part3: serialize and update communication time  (secs): 0.006478 

part3: serialize and update nodes (itr: 1)  (secs): 0.667049 

Itr: 1, Total time for this iteration: 2.953859

Itr: 2, Total number of macro_nodes across all proc's: 2268026 [min=563165 max=570153] expected=567006.500000
part1: id set creation (itr: 2)  (secs): 0.055225 
Itr: 2, global ID_set size across all proc's: 588143
part2: iterate and pack  (itr: 2)  (secs): 1.635552 
part3: serialize and update communication time  (secs): 0.005481 

part3: serialize and update nodes (itr: 2)  (secs): 0.460584 

Itr: 2, Total time for this iteration: 2.152790

Itr: 3, Total number of macro_nodes across all proc's: 1679883 [min=414598 max=423000] expected=419970.750000
part1: id set creation (itr: 3)  (secs): 0.045305 
Itr: 3, global ID_set size across all proc's: 421443
part2: iterate and pack  (itr: 3)  (secs): 1.324757 
part3: serialize and update communication time  (secs): 0.004233 

part3: serialize and update nodes (itr: 3)  (secs): 0.347650 

Itr: 3, Total time for this iteration: 1.719842

Itr: 4, Total number of macro_nodes across all proc's: 1258440 [min=308914 max=318530] expected=314610.000000
part1: id set creation (itr: 4)  (secs): 0.036602 
Itr: 4, global ID_set size across all proc's: 317223
part2: iterate and pack  (itr: 4)  (secs): 1.109444 
part3: serialize and update communication time  (secs): 0.004244 

part3: serialize and update nodes (itr: 4)  (secs): 0.272702 

Itr: 4, Total time for this iteration: 1.419880

Itr: 5, Total number of macro_nodes across all proc's: 941217 [min=231170 max=239437] expected=235304.250000
part1: id set creation (itr: 5)  (secs): 0.028830 
Itr: 5, global ID_set size across all proc's: 232372
part2: iterate and pack  (itr: 5)  (secs): 0.893482 
part3: serialize and update communication time  (secs): 0.003053 

part3: serialize and update nodes (itr: 5)  (secs): 0.204956 

Itr: 5, Total time for this iteration: 1.128311

Itr: 6, Total number of macro_nodes across all proc's: 708845 [min=173886 max=181914] expected=177211.250000
part1: id set creation (itr: 6)  (secs): 0.022823 
Itr: 6, global ID_set size across all proc's: 171741
part2: iterate and pack  (itr: 6)  (secs): 0.754811 
part3: serialize and update communication time  (secs): 0.001848 

part3: serialize and update nodes (itr: 6)  (secs): 0.154820 

Itr: 6, Total time for this iteration: 0.933647

Itr: 7, Total number of macro_nodes across all proc's: 537104 [min=131834 max=138433] expected=134276.000000
part1: id set creation (itr: 7)  (secs): 0.018143 
Itr: 7, global ID_set size across all proc's: 129372
part2: iterate and pack  (itr: 7)  (secs): 0.643979 
part3: serialize and update communication time  (secs): 0.001916 

part3: serialize and update nodes (itr: 7)  (secs): 0.120153 

Itr: 7, Total time for this iteration: 0.783534

Itr: 8, Total number of macro_nodes across all proc's: 407732 [min=99977 max=105274] expected=101933.000000
part1: id set creation (itr: 8)  (secs): 0.014220 
Itr: 8, global ID_set size across all proc's: 96758
part2: iterate and pack  (itr: 8)  (secs): 0.536364 
part3: serialize and update communication time  (secs): 0.001357 

part3: serialize and update nodes (itr: 8)  (secs): 0.107876 

Itr: 8, Total time for this iteration: 0.661710

Itr: 9, Total number of macro_nodes across all proc's: 310974 [min=76407 max=80437] expected=77743.500000
part1: id set creation (itr: 9)  (secs): 0.012118 
Itr: 9, global ID_set size across all proc's: 72565
part2: iterate and pack  (itr: 9)  (secs): 0.470352 
part3: serialize and update communication time  (secs): 0.000958 

part3: serialize and update nodes (itr: 9)  (secs): 0.070916 

Itr: 9, Total time for this iteration: 0.556817

Itr: 10, Total number of macro_nodes across all proc's: 238409 [min=58552 max=61852] expected=59602.250000
part1: id set creation (itr: 10)  (secs): 0.008539 
Itr: 10, global ID_set size across all proc's: 54669
part2: iterate and pack  (itr: 10)  (secs): 0.384676 
part3: serialize and update communication time  (secs): 0.000924 

part3: serialize and update nodes (itr: 10)  (secs): 0.056401 

Itr: 10, Total time for this iteration: 0.450667

Itr: 11, Total number of macro_nodes across all proc's: 183740 [min=45003 max=47928] expected=45935.000000
part1: id set creation (itr: 11)  (secs): 0.006612 
Itr: 11, global ID_set size across all proc's: 41263
part2: iterate and pack  (itr: 11)  (secs): 0.362475 
part3: serialize and update communication time  (secs): 0.000691 

part3: serialize and update nodes (itr: 11)  (secs): 0.044230 

Itr: 11, Total time for this iteration: 0.414121

Itr: 12, Total number of macro_nodes across all proc's: 142477 [min=34781 max=37311] expected=35619.250000
part1: id set creation (itr: 12)  (secs): 0.004927 
Itr: 12, global ID_set size across all proc's: 31166
part2: iterate and pack  (itr: 12)  (secs): 0.314723 
part3: serialize and update communication time  (secs): 0.000608 

part3: serialize and update nodes (itr: 12)  (secs): 0.034588 

Itr: 12, Total time for this iteration: 0.354988

Itr: 13, Total number of macro_nodes across all proc's: 111311 [min=27095 max=29386] expected=27827.750000
part1: id set creation (itr: 13)  (secs): 0.003710 
Itr: 13, global ID_set size across all proc's: 23717
part2: iterate and pack  (itr: 13)  (secs): 0.275436 
part3: serialize and update communication time  (secs): 0.000769 

part3: serialize and update nodes (itr: 13)  (secs): 0.027850 

Itr: 13, Total time for this iteration: 0.307575

Itr: 14, Total number of macro_nodes across all proc's: 87594 [min=21214 max=23138] expected=21898.500000
Average time for part1: id set creation across all procs (secs): 0.322510 
Average time for part2: packing nodes across all procs (secs): 10.926229 
Average time for part3: update nodes across all procs (secs): 2.569776 
Average time for phase to merge and dropping of nodes across all procs (secs): 13.837719 

Average time for Alltoall in Serialize and Transfer (secs): 0.000294 
Average time for AlltoallV in Serialize and Transfer (secs): 0.032267 
[StopClock: pakman-original-elapsed-time-no-io]: 188.001 sec

[StopClock: pakman-original-elapsed-time-full]: 193.585 sec

