num_buckets not specified with -t, set to default value num_buckets=21
node_threashold not specified with -n, set to default value node_threashold=100K
K-mer size: 32, L-mer size: 8, Number of Processes: 16, MAX_KMER_COUNT: 1000000000 Coverage: 100,Avg read length: 100, Num buckets: 21, Node threshold: 100000
Average time for MPI_FIle_Open (secs): 0.049658 
Average time for MPI_FIle_Read (secs): 7.948587 
Average time for MPI_FIle_copy (secs): 1.507178 
Average time for MPI_FIle_Close (secs): 0.025004 
Average time for reading and storing the Reads in each proc's memory (secs): 9.531188 
Total number of reads: 100000000
Average time for Alltoall across all procs (secs): 0.000080 
Average time for pack_sbuf_time across all procs (secs): 0.000000 
Average time for AlltoallV across all procs (secs): 0.726869 
Average time for unpack_rbuf_time across all procs (secs): 13.562839 
Average time for unpack_rbuf_time:sort across all procs (secs): 11.753319 
Average time for unpack_rbuf_time:insert across all procs (secs): 0.747859 
Average time for unpack_rbuf_time:acc across all procs (secs): 1.060361 
Average time for partial Sliding Window across all procs (secs): 0.000000 
Average time for Sliding Window across all procs (secs): 76.053160 
Average time for lmer Sliding Window across all procs (secs): 1.199912 
Average time for vector insert across all procs (secs): 0.000000 
Average time for temp_map insert across all procs (secs): 0.000000 
Average number of re-calculations of min l-mer across all procs (secs): 0.000000 
Average time for performing k-mer counting across all procs (secs): 77.261610 
Total distinct k-mer entries across all proc's: 1563596584
Number of batch iterations: 1 
Number of threads: 96
Total valid (>= min_bucket(20)) k-mer entries across all proc's: 7326504 
**********************************************************************

Average time for communication in Transfer of MN nodes (secs): 0.005849 
Average time for Re-grouping for k-mers across all procs (secs): 0.193304 
Average time for identifying the macro_nodes (secs): 0.125604 
Average time for sorting the pref/suff kmer buffers (secs): 0.137583 
Average time for populating the suff and pref buffers (secs): 0.381031 
Average time for constructing MN map across all procs (secs): 0.648065 
Total number of macro_nodes across all proc's: 7344186
Average time for MN node construction across all procs (secs): 0.984159 
Average time for initial wiring of MN nodes across all procs (secs): 0.413688 

Itr: 1, Total number of macro_nodes across all proc's: 7344186 [min=454788 max=467076] expected=459011.625000
part1: id set creation (itr: 1)  (secs): 0.038488 
Itr: 1, global ID_set size across all proc's: 2065366
part2: iterate and pack  (itr: 1)  (secs): 1.443305 
part3: serialize and update communication time  (secs): 0.006673 

part3: serialize and update nodes (itr: 1)  (secs): 0.406745 

Itr: 1, Total time for this iteration: 1.910956

Itr: 2, Total number of macro_nodes across all proc's: 5278820 [min=324840 max=337382] expected=329926.250000
part1: id set creation (itr: 2)  (secs): 0.033295 
Itr: 2, global ID_set size across all proc's: 1406157
part2: iterate and pack  (itr: 2)  (secs): 1.060726 
part3: serialize and update communication time  (secs): 0.005428 

part3: serialize and update nodes (itr: 2)  (secs): 0.286460 

Itr: 2, Total time for this iteration: 1.412823

Itr: 3, Total number of macro_nodes across all proc's: 3872663 [min=237837 max=247527] expected=242041.437500
part1: id set creation (itr: 3)  (secs): 0.025978 
Itr: 3, global ID_set size across all proc's: 987989
part2: iterate and pack  (itr: 3)  (secs): 0.878337 
part3: serialize and update communication time  (secs): 0.004275 

part3: serialize and update nodes (itr: 3)  (secs): 0.220951 

Itr: 3, Total time for this iteration: 1.130296

Itr: 4, Total number of macro_nodes across all proc's: 2884674 [min=176697 max=185529] expected=180292.125000
part1: id set creation (itr: 4)  (secs): 0.021086 
Itr: 4, global ID_set size across all proc's: 728916
part2: iterate and pack  (itr: 4)  (secs): 0.742920 
part3: serialize and update communication time  (secs): 0.003530 

part3: serialize and update nodes (itr: 4)  (secs): 0.186564 

Itr: 4, Total time for this iteration: 0.957889

Itr: 5, Total number of macro_nodes across all proc's: 2155758 [min=131624 max=139607] expected=134734.875000
part1: id set creation (itr: 5)  (secs): 0.016667 
Itr: 5, global ID_set size across all proc's: 531929
part2: iterate and pack  (itr: 5)  (secs): 0.631074 
part3: serialize and update communication time  (secs): 0.002579 

part3: serialize and update nodes (itr: 5)  (secs): 0.134119 

Itr: 5, Total time for this iteration: 0.794124

Itr: 6, Total number of macro_nodes across all proc's: 1623829 [min=98969 max=105594] expected=101489.312500
part1: id set creation (itr: 6)  (secs): 0.013201 
Itr: 6, global ID_set size across all proc's: 392943
part2: iterate and pack  (itr: 6)  (secs): 0.544519 
part3: serialize and update communication time  (secs): 0.002390 

part3: serialize and update nodes (itr: 6)  (secs): 0.089638 

Itr: 6, Total time for this iteration: 0.652182

Itr: 7, Total number of macro_nodes across all proc's: 1230886 [min=74860 max=80486] expected=76930.375000
part1: id set creation (itr: 7)  (secs): 0.010168 
Itr: 7, global ID_set size across all proc's: 294918
part2: iterate and pack  (itr: 7)  (secs): 0.454739 
part3: serialize and update communication time  (secs): 0.001751 

part3: serialize and update nodes (itr: 7)  (secs): 0.069554 

Itr: 7, Total time for this iteration: 0.536163

Itr: 8, Total number of macro_nodes across all proc's: 935968 [min=56541 max=61905] expected=58498.000000
part1: id set creation (itr: 8)  (secs): 0.007835 
Itr: 8, global ID_set size across all proc's: 220343
part2: iterate and pack  (itr: 8)  (secs): 0.381987 
part3: serialize and update communication time  (secs): 0.002539 

part3: serialize and update nodes (itr: 8)  (secs): 0.054814 

Itr: 8, Total time for this iteration: 0.446352

Itr: 9, Total number of macro_nodes across all proc's: 715625 [min=43134 max=47774] expected=44726.562500
part1: id set creation (itr: 9)  (secs): 0.005970 
Itr: 9, global ID_set size across all proc's: 165119
part2: iterate and pack  (itr: 9)  (secs): 0.358483 
part3: serialize and update communication time  (secs): 0.001257 

part3: serialize and update nodes (itr: 9)  (secs): 0.040979 

Itr: 9, Total time for this iteration: 0.406731

Itr: 10, Total number of macro_nodes across all proc's: 550506 [min=33146 max=36921] expected=34406.625000
part1: id set creation (itr: 10)  (secs): 0.004472 
Itr: 10, global ID_set size across all proc's: 124102
part2: iterate and pack  (itr: 10)  (secs): 0.311121 
part3: serialize and update communication time  (secs): 0.001476 

part3: serialize and update nodes (itr: 10)  (secs): 0.032728 

Itr: 10, Total time for this iteration: 0.349483

Itr: 11, Total number of macro_nodes across all proc's: 426404 [min=25654 max=28831] expected=26650.250000
part1: id set creation (itr: 11)  (secs): 0.003344 
Itr: 11, global ID_set size across all proc's: 93596
part2: iterate and pack  (itr: 11)  (secs): 0.269535 
part3: serialize and update communication time  (secs): 0.001341 

part3: serialize and update nodes (itr: 11)  (secs): 0.026109 

Itr: 11, Total time for this iteration: 0.300207

Itr: 12, Total number of macro_nodes across all proc's: 332808 [min=19876 max=22733] expected=20800.500000
part1: id set creation (itr: 12)  (secs): 0.002523 
Itr: 12, global ID_set size across all proc's: 70869
part2: iterate and pack  (itr: 12)  (secs): 0.256068 
part3: serialize and update communication time  (secs): 0.001228 

part3: serialize and update nodes (itr: 12)  (secs): 0.020513 

Itr: 12, Total time for this iteration: 0.280128

Itr: 13, Total number of macro_nodes across all proc's: 261939 [min=15545 max=17949] expected=16371.187500
part1: id set creation (itr: 13)  (secs): 0.001865 
Itr: 13, global ID_set size across all proc's: 54182
part2: iterate and pack  (itr: 13)  (secs): 0.244883 
part3: serialize and update communication time  (secs): 0.000939 

part3: serialize and update nodes (itr: 13)  (secs): 0.016000 

Itr: 13, Total time for this iteration: 0.263637

Itr: 14, Total number of macro_nodes across all proc's: 207757 [min=12233 max=14318] expected=12984.812500
part1: id set creation (itr: 14)  (secs): 0.001433 
Itr: 14, global ID_set size across all proc's: 41308
part2: iterate and pack  (itr: 14)  (secs): 0.219741 
part3: serialize and update communication time  (secs): 0.001041 

part3: serialize and update nodes (itr: 14)  (secs): 0.013393 

Itr: 14, Total time for this iteration: 0.235159

Itr: 15, Total number of macro_nodes across all proc's: 166449 [min=9748 max=11478] expected=10403.062500
part1: id set creation (itr: 15)  (secs): 0.001121 
Itr: 15, global ID_set size across all proc's: 31902
part2: iterate and pack  (itr: 15)  (secs): 0.221150 
part3: serialize and update communication time  (secs): 0.000583 

part3: serialize and update nodes (itr: 15)  (secs): 0.010340 

Itr: 15, Total time for this iteration: 0.233054

Itr: 16, Total number of macro_nodes across all proc's: 134547 [min=7905 max=9391] expected=8409.187500
part1: id set creation (itr: 16)  (secs): 0.000892 
Itr: 16, global ID_set size across all proc's: 24409
part2: iterate and pack  (itr: 16)  (secs): 0.204744 
part3: serialize and update communication time  (secs): 0.000640 

part3: serialize and update nodes (itr: 16)  (secs): 0.008899 

Itr: 16, Total time for this iteration: 0.214993

Itr: 17, Total number of macro_nodes across all proc's: 110138 [min=6454 max=7759] expected=6883.625000
part1: id set creation (itr: 17)  (secs): 0.000721 
Itr: 17, global ID_set size across all proc's: 18874
part2: iterate and pack  (itr: 17)  (secs): 0.202166 
part3: serialize and update communication time  (secs): 0.000522 

part3: serialize and update nodes (itr: 17)  (secs): 0.007062 

Itr: 17, Total time for this iteration: 0.210330

Itr: 18, Total number of macro_nodes across all proc's: 91264 [min=5261 max=6585] expected=5704.000000
Average time for part1: id set creation across all procs (secs): 0.189059 
Average time for part2: packing nodes across all procs (secs): 8.425500 
Average time for part3: update nodes across all procs (secs): 1.624868 
Average time for phase to merge and dropping of nodes across all procs (secs): 10.334518 

Average time for Alltoall in Serialize and Transfer (secs): 0.000915 
Average time for AlltoallV in Serialize and Transfer (secs): 0.037277 
[StopClock: pakman-original-elapsed-time-no-io]: 89.3265 sec

[StopClock: pakman-original-elapsed-time-full]: 99.7329 sec

