num_buckets not specified with -t, set to default value num_buckets=21
node_threashold not specified with -n, set to default value node_threashold=100K
K-mer size: 32, L-mer size: 8, Number of Processes: 32, MAX_KMER_COUNT: 1000000000 Coverage: 100,Avg read length: 100, Num buckets: 21, Node threshold: 100000
Average time for MPI_FIle_Open (secs): 0.110990 
Average time for MPI_FIle_Read (secs): 5.027773 
Average time for MPI_FIle_copy (secs): 0.741320 
Average time for MPI_FIle_Close (secs): 0.037065 
Average time for reading and storing the Reads in each proc's memory (secs): 5.917344 
Total number of reads: 100000000
Average time for Alltoall across all procs (secs): 0.000109 
Average time for pack_sbuf_time across all procs (secs): 0.000000 
Average time for AlltoallV across all procs (secs): 0.679629 
Average time for unpack_rbuf_time across all procs (secs): 15.537525 
Average time for unpack_rbuf_time:sort across all procs (secs): 6.149255 
Average time for unpack_rbuf_time:insert across all procs (secs): 0.383903 
Average time for unpack_rbuf_time:acc across all procs (secs): 9.003650 
Average time for partial Sliding Window across all procs (secs): 0.000000 
Average time for Sliding Window across all procs (secs): 19.282374 
Average time for lmer Sliding Window across all procs (secs): 0.587284 
Average time for vector insert across all procs (secs): 8.667836 
Average time for temp_map insert across all procs (secs): 20.900762 
Average number of re-calculations of min l-mer across all procs (secs): 14064575.062500 
Average time for performing k-mer counting across all procs (secs): 58.846261 
Total distinct k-mer entries across all proc's: 1563596584
Number of batch iterations: 1 
Number of threads: 96
Total valid (>= min_bucket(20)) k-mer entries across all proc's: 7326504 
**********************************************************************

Average time for communication in Transfer of MN nodes (secs): 0.006722 
Average time for Re-grouping for k-mers across all procs (secs): 0.168701 
Average time for identifying the macro_nodes (secs): 0.080108 
Average time for sorting the pref/suff kmer buffers (secs): 0.086816 
Average time for populating the suff and pref buffers (secs): 0.189223 
Average time for constructing MN map across all procs (secs): 0.357354 
Total number of macro_nodes across all proc's: 7344186
Average time for MN node construction across all procs (secs): 1.925952 
Average time for initial wiring of MN nodes across all procs (secs): 0.193211 

Itr: 1, Total number of macro_nodes across all proc's: 7344186 [min=225833 max=233942] expected=229505.812500
part1: id set creation (itr: 1)  (secs): 0.016743 
Itr: 1, global ID_set size across all proc's: 2065366
part2: iterate and pack  (itr: 1)  (secs): 0.805156 
part3: serialize and update communication time  (secs): 0.005444 

part3: serialize and update nodes (itr: 1)  (secs): 0.195944 

Itr: 1, Total time for this iteration: 1.021537

Itr: 2, Total number of macro_nodes across all proc's: 5278820 [min=161120 max=169732] expected=164963.125000
part1: id set creation (itr: 2)  (secs): 0.014975 
Itr: 2, global ID_set size across all proc's: 1406161
part2: iterate and pack  (itr: 2)  (secs): 0.622747 
part3: serialize and update communication time  (secs): 0.004412 

part3: serialize and update nodes (itr: 2)  (secs): 0.141396 

Itr: 2, Total time for this iteration: 0.789434

Itr: 3, Total number of macro_nodes across all proc's: 3872659 [min=118276 max=125001] expected=121020.593750
part1: id set creation (itr: 3)  (secs): 0.012200 
Itr: 3, global ID_set size across all proc's: 987984
part2: iterate and pack  (itr: 3)  (secs): 0.531533 
part3: serialize and update communication time  (secs): 0.003710 

part3: serialize and update nodes (itr: 3)  (secs): 0.099295 

Itr: 3, Total time for this iteration: 0.644958

Itr: 4, Total number of macro_nodes across all proc's: 2884675 [min=87445 max=92911] expected=90146.093750
part1: id set creation (itr: 4)  (secs): 0.009748 
Itr: 4, global ID_set size across all proc's: 728910
part2: iterate and pack  (itr: 4)  (secs): 0.455972 
part3: serialize and update communication time  (secs): 0.002792 

part3: serialize and update nodes (itr: 4)  (secs): 0.079080 

Itr: 4, Total time for this iteration: 0.555544

Itr: 5, Total number of macro_nodes across all proc's: 2155765 [min=65138 max=69808] expected=67367.656250
part1: id set creation (itr: 5)  (secs): 0.007780 
Itr: 5, global ID_set size across all proc's: 531934
part2: iterate and pack  (itr: 5)  (secs): 0.396730 
part3: serialize and update communication time  (secs): 0.002792 

part3: serialize and update nodes (itr: 5)  (secs): 0.059140 

Itr: 5, Total time for this iteration: 0.468261

Itr: 6, Total number of macro_nodes across all proc's: 1623831 [min=48866 max=53027] expected=50744.718750
part1: id set creation (itr: 6)  (secs): 0.005843 
Itr: 6, global ID_set size across all proc's: 392939
part2: iterate and pack  (itr: 6)  (secs): 0.345360 
part3: serialize and update communication time  (secs): 0.001857 

part3: serialize and update nodes (itr: 6)  (secs): 0.043662 

Itr: 6, Total time for this iteration: 0.395948

Itr: 7, Total number of macro_nodes across all proc's: 1230892 [min=37099 max=40544] expected=38465.375000
part1: id set creation (itr: 7)  (secs): 0.004440 
Itr: 7, global ID_set size across all proc's: 294910
part2: iterate and pack  (itr: 7)  (secs): 0.306382 
part3: serialize and update communication time  (secs): 0.001436 

part3: serialize and update nodes (itr: 7)  (secs): 0.033341 

Itr: 7, Total time for this iteration: 0.345337

Itr: 8, Total number of macro_nodes across all proc's: 935982 [min=28144 max=31282] expected=29249.437500
part1: id set creation (itr: 8)  (secs): 0.003283 
Itr: 8, global ID_set size across all proc's: 220335
part2: iterate and pack  (itr: 8)  (secs): 0.265620 
part3: serialize and update communication time  (secs): 0.001352 

part3: serialize and update nodes (itr: 8)  (secs): 0.026032 

Itr: 8, Total time for this iteration: 0.300661

Itr: 9, Total number of macro_nodes across all proc's: 715647 [min=21433 max=24192] expected=22363.968750
part1: id set creation (itr: 9)  (secs): 0.002418 
Itr: 9, global ID_set size across all proc's: 165130
part2: iterate and pack  (itr: 9)  (secs): 0.259623 
part3: serialize and update communication time  (secs): 0.001007 

part3: serialize and update nodes (itr: 9)  (secs): 0.019466 

Itr: 9, Total time for this iteration: 0.283258

Itr: 10, Total number of macro_nodes across all proc's: 550517 [min=16441 max=18666] expected=17203.656250
part1: id set creation (itr: 10)  (secs): 0.001730 
Itr: 10, global ID_set size across all proc's: 124097
part2: iterate and pack  (itr: 10)  (secs): 0.230771 
part3: serialize and update communication time  (secs): 0.000775 

part3: serialize and update nodes (itr: 10)  (secs): 0.015696 

Itr: 10, Total time for this iteration: 0.250845

Itr: 11, Total number of macro_nodes across all proc's: 426420 [min=12728 max=14551] expected=13325.625000
part1: id set creation (itr: 11)  (secs): 0.001326 
Itr: 11, global ID_set size across all proc's: 93598
part2: iterate and pack  (itr: 11)  (secs): 0.208667 
part3: serialize and update communication time  (secs): 0.000768 

part3: serialize and update nodes (itr: 11)  (secs): 0.012294 

Itr: 11, Total time for this iteration: 0.223916

Itr: 12, Total number of macro_nodes across all proc's: 332822 [min=9856 max=11540] expected=10400.687500
part1: id set creation (itr: 12)  (secs): 0.000987 
Itr: 12, global ID_set size across all proc's: 70864
part2: iterate and pack  (itr: 12)  (secs): 0.198583 
part3: serialize and update communication time  (secs): 0.000631 

part3: serialize and update nodes (itr: 12)  (secs): 0.011268 

Itr: 12, Total time for this iteration: 0.212123

Itr: 13, Total number of macro_nodes across all proc's: 261958 [min=7665 max=9060] expected=8186.187500
part1: id set creation (itr: 13)  (secs): 0.000793 
Itr: 13, global ID_set size across all proc's: 54187
part2: iterate and pack  (itr: 13)  (secs): 0.192306 
part3: serialize and update communication time  (secs): 0.000595 

part3: serialize and update nodes (itr: 13)  (secs): 0.007715 

Itr: 13, Total time for this iteration: 0.202007

Itr: 14, Total number of macro_nodes across all proc's: 207771 [min=6063 max=7196] expected=6492.843750
part1: id set creation (itr: 14)  (secs): 0.000608 
Itr: 14, global ID_set size across all proc's: 41310
part2: iterate and pack  (itr: 14)  (secs): 0.171472 
part3: serialize and update communication time  (secs): 0.000701 

part3: serialize and update nodes (itr: 14)  (secs): 0.006765 

Itr: 14, Total time for this iteration: 0.179243

Itr: 15, Total number of macro_nodes across all proc's: 166461 [min=4859 max=5778] expected=5201.906250
part1: id set creation (itr: 15)  (secs): 0.000490 
Itr: 15, global ID_set size across all proc's: 31904
part2: iterate and pack  (itr: 15)  (secs): 0.175702 
part3: serialize and update communication time  (secs): 0.000616 

part3: serialize and update nodes (itr: 15)  (secs): 0.005445 

Itr: 15, Total time for this iteration: 0.181945

Itr: 16, Total number of macro_nodes across all proc's: 134557 [min=3929 max=4716] expected=4204.906250
part1: id set creation (itr: 16)  (secs): 0.000398 
Itr: 16, global ID_set size across all proc's: 24411
part2: iterate and pack  (itr: 16)  (secs): 0.165396 
part3: serialize and update communication time  (secs): 0.000579 

part3: serialize and update nodes (itr: 16)  (secs): 0.004556 

Itr: 16, Total time for this iteration: 0.170595

Itr: 17, Total number of macro_nodes across all proc's: 110146 [min=3208 max=3888] expected=3442.062500
part1: id set creation (itr: 17)  (secs): 0.000328 
Itr: 17, global ID_set size across all proc's: 18870
part2: iterate and pack  (itr: 17)  (secs): 0.163872 
part3: serialize and update communication time  (secs): 0.000570 

part3: serialize and update nodes (itr: 17)  (secs): 0.004211 

Itr: 17, Total time for this iteration: 0.168988

Itr: 18, Total number of macro_nodes across all proc's: 91276 [min=2621 max=3293] expected=2852.375000
Average time for part1: id set creation across all procs (secs): 0.084089 
Average time for part2: packing nodes across all procs (secs): 5.495894 
Average time for part3: update nodes across all procs (secs): 0.765304 
Average time for phase to merge and dropping of nodes across all procs (secs): 6.394595 

Average time for Alltoall in Serialize and Transfer (secs): 0.001008 
Average time for AlltoallV in Serialize and Transfer (secs): 0.029029 
[StopClock: pakman-original-elapsed-time-no-io]: 78.2193 sec

[StopClock: pakman-original-elapsed-time-full]: 85.2148 sec

