num_buckets not specified with -t, set to default value num_buckets=21
node_threashold not specified with -n, set to default value node_threashold=100K
K-mer size: 32, L-mer size: 8, Number of Processes: 4, MAX_KMER_COUNT: 1000000000 Coverage: 100,Avg read length: 100, Num buckets: 21, Node threshold: 100000
Average time for MPI_FIle_Open (secs): 0.016893 
Average time for MPI_FIle_Read (secs): 15.570430 
Average time for MPI_FIle_copy (secs): 6.031393 
Average time for MPI_FIle_Close (secs): 0.037857 
Average time for reading and storing the Reads in each proc's memory (secs): 21.656821 
Total number of reads: 100000000
Average time for Alltoall across all procs (secs): 0.000130 
Average time for pack_sbuf_time across all procs (secs): 0.000000 
Average time for AlltoallV across all procs (secs): 1.713394 
Average time for unpack_rbuf_time across all procs (secs): 186.538756 
Average time for unpack_rbuf_time:sort across all procs (secs): 53.812499 
Average time for unpack_rbuf_time:insert across all procs (secs): 8.496060 
Average time for unpack_rbuf_time:acc across all procs (secs): 124.224141 
Average time for partial Sliding Window across all procs (secs): 205.438528 
Average time for Sliding Window across all procs (secs): 361.337682 
Average time for lmer Sliding Window across all procs (secs): 4.829209 
Average time for vector insert across all procs (secs): 69.720064 
Average time for temp_map insert across all procs (secs): 201.854684 
Average number of re-calculations of min l-mer across all procs (secs): 112516600.500000 
Average time for performing k-mer counting across all procs (secs): 584.638100 
Total distinct k-mer entries across all proc's: 1563596584
Number of batch iterations: 2 
Number of threads: 96
Total valid (>= min_bucket(20)) k-mer entries across all proc's: 7326504 
**********************************************************************

Average time for communication in Transfer of MN nodes (secs): 0.012788 
Average time for Re-grouping for k-mers across all procs (secs): 0.918476 
Average time for identifying the macro_nodes (secs): 0.582922 
Average time for sorting the pref/suff kmer buffers (secs): 0.462714 
Average time for populating the suff and pref buffers (secs): 1.506356 
Average time for constructing MN map across all procs (secs): 2.553071 
Total number of macro_nodes across all proc's: 7344186
Average time for MN node construction across all procs (secs): 4.119324 
Average time for initial wiring of MN nodes across all procs (secs): 1.747707 

Itr: 1, Total number of macro_nodes across all proc's: 7344186 [min=1831922 max=1839487] expected=1836046.500000
part1: id set creation (itr: 1)  (secs): 0.158088 
Itr: 1, global ID_set size across all proc's: 2065366
part2: iterate and pack  (itr: 1)  (secs): 4.901843 
part3: serialize and update communication time  (secs): 0.015348 

part3: serialize and update nodes (itr: 1)  (secs): 1.609496 

Itr: 1, Total time for this iteration: 6.694083

Itr: 2, Total number of macro_nodes across all proc's: 5278820 [min=1316355 max=1324827] expected=1319705.000000
part1: id set creation (itr: 2)  (secs): 0.134433 
Itr: 2, global ID_set size across all proc's: 1406161
part2: iterate and pack  (itr: 2)  (secs): 3.697083 
part3: serialize and update communication time  (secs): 0.011940 

part3: serialize and update nodes (itr: 2)  (secs): 1.153811 

Itr: 2, Total time for this iteration: 5.002956

Itr: 3, Total number of macro_nodes across all proc's: 3872659 [min=961694 max=972531] expected=968164.750000
part1: id set creation (itr: 3)  (secs): 0.119880 
Itr: 3, global ID_set size across all proc's: 987991
part2: iterate and pack  (itr: 3)  (secs): 2.890899 
part3: serialize and update communication time  (secs): 0.009959 

part3: serialize and update nodes (itr: 3)  (secs): 0.847405 

Itr: 3, Total time for this iteration: 3.889884

Itr: 4, Total number of macro_nodes across all proc's: 2884668 [min=713996 max=728028] expected=721167.000000
part1: id set creation (itr: 4)  (secs): 0.090864 
Itr: 4, global ID_set size across all proc's: 728911
part2: iterate and pack  (itr: 4)  (secs): 2.397887 
part3: serialize and update communication time  (secs): 0.006720 

part3: serialize and update nodes (itr: 4)  (secs): 0.671046 

Itr: 4, Total time for this iteration: 3.165423

Itr: 5, Total number of macro_nodes across all proc's: 2155757 [min=534483 max=545832] expected=538939.250000
part1: id set creation (itr: 5)  (secs): 0.071731 
Itr: 5, global ID_set size across all proc's: 531931
part2: iterate and pack  (itr: 5)  (secs): 1.895940 
part3: serialize and update communication time  (secs): 0.004972 

part3: serialize and update nodes (itr: 5)  (secs): 0.490745 

Itr: 5, Total time for this iteration: 2.461869

Itr: 6, Total number of macro_nodes across all proc's: 1623826 [min=401834 max=413737] expected=405956.500000
part1: id set creation (itr: 6)  (secs): 0.063842 
Itr: 6, global ID_set size across all proc's: 392941
part2: iterate and pack  (itr: 6)  (secs): 1.544275 
part3: serialize and update communication time  (secs): 0.003750 

part3: serialize and update nodes (itr: 6)  (secs): 0.381278 

Itr: 6, Total time for this iteration: 2.013555

Itr: 7, Total number of macro_nodes across all proc's: 1230885 [min=304930 max=314465] expected=307721.250000
part1: id set creation (itr: 7)  (secs): 0.044494 
Itr: 7, global ID_set size across all proc's: 294933
part2: iterate and pack  (itr: 7)  (secs): 1.248365 
part3: serialize and update communication time  (secs): 0.003073 

part3: serialize and update nodes (itr: 7)  (secs): 0.294528 

Itr: 7, Total time for this iteration: 1.590026

Itr: 8, Total number of macro_nodes across all proc's: 935952 [min=231373 max=239452] expected=233988.000000
part1: id set creation (itr: 8)  (secs): 0.035341 
Itr: 8, global ID_set size across all proc's: 220360
part2: iterate and pack  (itr: 8)  (secs): 1.017350 
part3: serialize and update communication time  (secs): 0.002628 

part3: serialize and update nodes (itr: 8)  (secs): 0.233463 

Itr: 8, Total time for this iteration: 1.288505

Itr: 9, Total number of macro_nodes across all proc's: 715592 [min=176531 max=183607] expected=178898.000000
part1: id set creation (itr: 9)  (secs): 0.027779 
Itr: 9, global ID_set size across all proc's: 165115
part2: iterate and pack  (itr: 9)  (secs): 0.845828 
part3: serialize and update communication time  (secs): 0.002183 

part3: serialize and update nodes (itr: 9)  (secs): 0.192517 

Itr: 9, Total time for this iteration: 1.070057

Itr: 10, Total number of macro_nodes across all proc's: 550477 [min=135817 max=141564] expected=137619.250000
part1: id set creation (itr: 10)  (secs): 0.023930 
Itr: 10, global ID_set size across all proc's: 124095
part2: iterate and pack  (itr: 10)  (secs): 0.710122 
part3: serialize and update communication time  (secs): 0.001596 

part3: serialize and update nodes (itr: 10)  (secs): 0.134956 

Itr: 10, Total time for this iteration: 0.872235

Itr: 11, Total number of macro_nodes across all proc's: 426382 [min=105181 max=110279] expected=106595.500000
part1: id set creation (itr: 11)  (secs): 0.017175 
Itr: 11, global ID_set size across all proc's: 93579
part2: iterate and pack  (itr: 11)  (secs): 0.608652 
part3: serialize and update communication time  (secs): 0.001569 

part3: serialize and update nodes (itr: 11)  (secs): 0.108014 

Itr: 11, Total time for this iteration: 0.735085

Itr: 12, Total number of macro_nodes across all proc's: 332803 [min=82054 max=86334] expected=83200.750000
part1: id set creation (itr: 12)  (secs): 0.013479 
Itr: 12, global ID_set size across all proc's: 70859
part2: iterate and pack  (itr: 12)  (secs): 0.527240 
part3: serialize and update communication time  (secs): 0.001710 

part3: serialize and update nodes (itr: 12)  (secs): 0.092448 

Itr: 12, Total time for this iteration: 0.635347

Itr: 13, Total number of macro_nodes across all proc's: 261944 [min=64169 max=68340] expected=65486.000000
part1: id set creation (itr: 13)  (secs): 0.011130 
Itr: 13, global ID_set size across all proc's: 54190
part2: iterate and pack  (itr: 13)  (secs): 0.461190 
part3: serialize and update communication time  (secs): 0.001146 

part3: serialize and update nodes (itr: 13)  (secs): 0.069244 

Itr: 13, Total time for this iteration: 0.543625

Itr: 14, Total number of macro_nodes across all proc's: 207754 [min=50722 max=54295] expected=51938.500000
part1: id set creation (itr: 14)  (secs): 0.008310 
Itr: 14, global ID_set size across all proc's: 41316
part2: iterate and pack  (itr: 14)  (secs): 0.403110 
part3: serialize and update communication time  (secs): 0.000982 

part3: serialize and update nodes (itr: 14)  (secs): 0.056400 

Itr: 14, Total time for this iteration: 0.468779

Itr: 15, Total number of macro_nodes across all proc's: 166438 [min=40544 max=43665] expected=41609.500000
part1: id set creation (itr: 15)  (secs): 0.006515 
Itr: 15, global ID_set size across all proc's: 31911
part2: iterate and pack  (itr: 15)  (secs): 0.371302 
part3: serialize and update communication time  (secs): 0.000763 

part3: serialize and update nodes (itr: 15)  (secs): 0.044606 

Itr: 15, Total time for this iteration: 0.423142

Itr: 16, Total number of macro_nodes across all proc's: 134527 [min=32715 max=35525] expected=33631.750000
part1: id set creation (itr: 16)  (secs): 0.005146 
Itr: 16, global ID_set size across all proc's: 24404
part2: iterate and pack  (itr: 16)  (secs): 0.338036 
part3: serialize and update communication time  (secs): 0.000672 

part3: serialize and update nodes (itr: 16)  (secs): 0.035936 

Itr: 16, Total time for this iteration: 0.379805

Itr: 17, Total number of macro_nodes across all proc's: 110123 [min=26638 max=29224] expected=27530.750000
part1: id set creation (itr: 17)  (secs): 0.004132 
Itr: 17, global ID_set size across all proc's: 18865
part2: iterate and pack  (itr: 17)  (secs): 0.298706 
part3: serialize and update communication time  (secs): 0.000578 

part3: serialize and update nodes (itr: 17)  (secs): 0.030380 

Itr: 17, Total time for this iteration: 0.333835

Itr: 18, Total number of macro_nodes across all proc's: 91258 [min=21920 max=24478] expected=22814.500000
Average time for part1: id set creation across all procs (secs): 0.836269 
Average time for part2: packing nodes across all procs (secs): 24.157827 
Average time for part3: update nodes across all procs (secs): 6.446273 
Average time for phase to merge and dropping of nodes across all procs (secs): 31.568203 

Average time for Alltoall in Serialize and Transfer (secs): 0.000387 
Average time for AlltoallV in Serialize and Transfer (secs): 0.069203 
[StopClock: pakman-original-elapsed-time-no-io]: 658.621 sec

[StopClock: pakman-original-elapsed-time-full]: 681.08 sec

