num_buckets not specified with -t, set to default value num_buckets=21
node_threashold not specified with -n, set to default value node_threashold=100K
K-mer size: 32, L-mer size: 8, Number of Processes: 16, MAX_KMER_COUNT: 1000000000 Coverage: 100,Avg read length: 100, Num buckets: 21, Node threshold: 100000
Average time for MPI_FIle_Open (secs): 0.022930 
Average time for MPI_FIle_Read (secs): 0.390156 
Average time for MPI_FIle_copy (secs): 0.451808 
Average time for MPI_FIle_Close (secs): 0.006963 
Average time for reading and storing the Reads in each proc's memory (secs): 0.872577 
Total number of reads: 30000000
Average time for Alltoall across all procs (secs): 0.000089 
Average time for pack_sbuf_time across all procs (secs): 0.000000 
Average time for AlltoallV across all procs (secs): 0.228036 
Average time for unpack_rbuf_time across all procs (secs): 4.068724 
Average time for unpack_rbuf_time:sort across all procs (secs): 3.615454 
Average time for unpack_rbuf_time:insert across all procs (secs): 0.242574 
Average time for unpack_rbuf_time:acc across all procs (secs): 0.210151 
Average time for partial Sliding Window across all procs (secs): 0.000000 
Average time for Sliding Window across all procs (secs): 22.279801 
Average time for lmer Sliding Window across all procs (secs): 0.360076 
Average time for vector insert across all procs (secs): 0.000000 
Average time for temp_map insert across all procs (secs): 0.000000 
Average number of re-calculations of min l-mer across all procs (secs): 0.000000 
Average time for performing k-mer counting across all procs (secs): 22.643493 
Total distinct k-mer entries across all proc's: 663085647
Number of batch iterations: 1 
Number of threads: 96
Total valid (>= min_bucket(19)) k-mer entries across all proc's: 3136883 
**********************************************************************

Average time for communication in Transfer of MN nodes (secs): 0.003921 
Average time for Re-grouping for k-mers across all procs (secs): 0.086706 
Average time for identifying the macro_nodes (secs): 0.058249 
Average time for sorting the pref/suff kmer buffers (secs): 0.066693 
Average time for populating the suff and pref buffers (secs): 0.165207 
Average time for constructing MN map across all procs (secs): 0.291956 
Total number of macro_nodes across all proc's: 3132472
Average time for MN node construction across all procs (secs): 0.449903 
Average time for initial wiring of MN nodes across all procs (secs): 0.167164 

Itr: 1, Total number of macro_nodes across all proc's: 3132472 [min=192620 max=201237] expected=195779.500000
part1: id set creation (itr: 1)  (secs): 0.014427 
Itr: 1, global ID_set size across all proc's: 864446
part2: iterate and pack  (itr: 1)  (secs): 0.740585 
part3: serialize and update communication time  (secs): 0.003249 

part3: serialize and update nodes (itr: 1)  (secs): 0.163991 

Itr: 1, Total time for this iteration: 0.921445

Itr: 2, Total number of macro_nodes across all proc's: 2268026 [min=138544 max=146730] expected=141751.625000
part1: id set creation (itr: 2)  (secs): 0.012294 
Itr: 2, global ID_set size across all proc's: 588141
part2: iterate and pack  (itr: 2)  (secs): 0.554472 
part3: serialize and update communication time  (secs): 0.003046 

part3: serialize and update nodes (itr: 2)  (secs): 0.115666 

Itr: 2, Total time for this iteration: 0.684127

Itr: 3, Total number of macro_nodes across all proc's: 1679885 [min=101890 max=108709] expected=104992.812500
part1: id set creation (itr: 3)  (secs): 0.010175 
Itr: 3, global ID_set size across all proc's: 421437
part2: iterate and pack  (itr: 3)  (secs): 0.471858 
part3: serialize and update communication time  (secs): 0.002313 

part3: serialize and update nodes (itr: 3)  (secs): 0.093366 

Itr: 3, Total time for this iteration: 0.577278

Itr: 4, Total number of macro_nodes across all proc's: 1258448 [min=75992 max=81767] expected=78653.000000
part1: id set creation (itr: 4)  (secs): 0.008297 
Itr: 4, global ID_set size across all proc's: 317226
part2: iterate and pack  (itr: 4)  (secs): 0.418841 
part3: serialize and update communication time  (secs): 0.002017 

part3: serialize and update nodes (itr: 4)  (secs): 0.071170 

Itr: 4, Total time for this iteration: 0.500480

Itr: 5, Total number of macro_nodes across all proc's: 941222 [min=56735 max=61882] expected=58826.375000
part1: id set creation (itr: 5)  (secs): 0.006385 
Itr: 5, global ID_set size across all proc's: 232364
part2: iterate and pack  (itr: 5)  (secs): 0.354841 
part3: serialize and update communication time  (secs): 0.001578 

part3: serialize and update nodes (itr: 5)  (secs): 0.049572 

Itr: 5, Total time for this iteration: 0.412607

Itr: 6, Total number of macro_nodes across all proc's: 708858 [min=42699 max=47015] expected=44303.625000
part1: id set creation (itr: 6)  (secs): 0.004833 
Itr: 6, global ID_set size across all proc's: 171731
part2: iterate and pack  (itr: 6)  (secs): 0.316509 
part3: serialize and update communication time  (secs): 0.001186 

part3: serialize and update nodes (itr: 6)  (secs): 0.037776 

Itr: 6, Total time for this iteration: 0.360189

Itr: 7, Total number of macro_nodes across all proc's: 537127 [min=32127 max=36028] expected=33570.437500
part1: id set creation (itr: 7)  (secs): 0.003655 
Itr: 7, global ID_set size across all proc's: 129382
part2: iterate and pack  (itr: 7)  (secs): 0.289257 
part3: serialize and update communication time  (secs): 0.001829 

part3: serialize and update nodes (itr: 7)  (secs): 0.029456 

Itr: 7, Total time for this iteration: 0.323408

Itr: 8, Total number of macro_nodes across all proc's: 407745 [min=24148 max=27711] expected=25484.062500
part1: id set creation (itr: 8)  (secs): 0.002637 
Itr: 8, global ID_set size across all proc's: 96753
part2: iterate and pack  (itr: 8)  (secs): 0.256449 
part3: serialize and update communication time  (secs): 0.001732 

part3: serialize and update nodes (itr: 8)  (secs): 0.022211 

Itr: 8, Total time for this iteration: 0.282218

Itr: 9, Total number of macro_nodes across all proc's: 310992 [min=18400 max=21279] expected=19437.000000
part1: id set creation (itr: 9)  (secs): 0.001909 
Itr: 9, global ID_set size across all proc's: 72564
part2: iterate and pack  (itr: 9)  (secs): 0.234480 
part3: serialize and update communication time  (secs): 0.001101 

part3: serialize and update nodes (itr: 9)  (secs): 0.016520 

Itr: 9, Total time for this iteration: 0.253647

Itr: 10, Total number of macro_nodes across all proc's: 238428 [min=14073 max=16420] expected=14901.750000
part1: id set creation (itr: 10)  (secs): 0.001391 
Itr: 10, global ID_set size across all proc's: 54678
part2: iterate and pack  (itr: 10)  (secs): 0.224458 
part3: serialize and update communication time  (secs): 0.000899 

part3: serialize and update nodes (itr: 10)  (secs): 0.013091 

Itr: 10, Total time for this iteration: 0.239548

Itr: 11, Total number of macro_nodes across all proc's: 183750 [min=10854 max=12815] expected=11484.375000
part1: id set creation (itr: 11)  (secs): 0.001053 
Itr: 11, global ID_set size across all proc's: 41267
part2: iterate and pack  (itr: 11)  (secs): 0.206540 
part3: serialize and update communication time  (secs): 0.000669 

part3: serialize and update nodes (itr: 11)  (secs): 0.010497 

Itr: 11, Total time for this iteration: 0.218673

Itr: 12, Total number of macro_nodes across all proc's: 142483 [min=8339 max=10049] expected=8905.187500
part1: id set creation (itr: 12)  (secs): 0.000829 
Itr: 12, global ID_set size across all proc's: 31163
part2: iterate and pack  (itr: 12)  (secs): 0.194756 
part3: serialize and update communication time  (secs): 0.000586 

part3: serialize and update nodes (itr: 12)  (secs): 0.008311 

Itr: 12, Total time for this iteration: 0.204459

Itr: 13, Total number of macro_nodes across all proc's: 111320 [min=6473 max=7930] expected=6957.500000
part1: id set creation (itr: 13)  (secs): 0.000641 
Itr: 13, global ID_set size across all proc's: 23710
part2: iterate and pack  (itr: 13)  (secs): 0.195313 
part3: serialize and update communication time  (secs): 0.000546 

part3: serialize and update nodes (itr: 13)  (secs): 0.006646 

Itr: 13, Total time for this iteration: 0.202938

Itr: 14, Total number of macro_nodes across all proc's: 87610 [min=5112 max=6287] expected=5475.625000
Average time for part1: id set creation across all procs (secs): 0.068526 
Average time for part2: packing nodes across all procs (secs): 4.458358 
Average time for part3: update nodes across all procs (secs): 0.638272 
Average time for phase to merge and dropping of nodes across all procs (secs): 5.181024 

Average time for Alltoall in Serialize and Transfer (secs): 0.000506 
Average time for AlltoallV in Serialize and Transfer (secs): 0.020245 
[StopClock: pakman-original-elapsed-time-no-io]: 28.598 sec

[StopClock: pakman-original-elapsed-time-full]: 30.3756 sec

