num_buckets not specified with -t, set to default value num_buckets=21
node_threashold not specified with -n, set to default value node_threashold=100K
K-mer size: 32, L-mer size: 8, Number of Processes: 32, MAX_KMER_COUNT: 1000000000 Coverage: 100,Avg read length: 100, Num buckets: 21, Node threshold: 100000
Average time for MPI_FIle_Open (secs): 0.153341 
Average time for MPI_FIle_Read (secs): 5.020379 
Average time for MPI_FIle_copy (secs): 0.756658 
Average time for MPI_FIle_Close (secs): 0.021354 
Average time for reading and storing the Reads in each proc's memory (secs): 5.952175 
Total number of reads: 100000000
Average time for Alltoall across all procs (secs): 0.000085 
Average time for pack_sbuf_time across all procs (secs): 0.000000 
Average time for AlltoallV across all procs (secs): 0.595348 
Average time for unpack_rbuf_time across all procs (secs): 7.191092 
Average time for unpack_rbuf_time:sort across all procs (secs): 6.240345 
Average time for unpack_rbuf_time:insert across all procs (secs): 0.394277 
Average time for unpack_rbuf_time:acc across all procs (secs): 0.555737 
Average time for partial Sliding Window across all procs (secs): 0.000000 
Average time for Sliding Window across all procs (secs): 38.332275 
Average time for lmer Sliding Window across all procs (secs): 0.601702 
Average time for vector insert across all procs (secs): 0.000000 
Average time for temp_map insert across all procs (secs): 0.000000 
Average number of re-calculations of min l-mer across all procs (secs): 0.000000 
Average time for performing k-mer counting across all procs (secs): 38.961700 
Total distinct k-mer entries across all proc's: 1563596584
Number of batch iterations: 1 
Number of threads: 96
Total valid (>= min_bucket(20)) k-mer entries across all proc's: 7326504 
**********************************************************************

Average time for communication in Transfer of MN nodes (secs): 0.004632 
Average time for Re-grouping for k-mers across all procs (secs): 0.115358 
Average time for identifying the macro_nodes (secs): 0.068704 
Average time for sorting the pref/suff kmer buffers (secs): 0.079270 
Average time for populating the suff and pref buffers (secs): 0.194745 
Average time for constructing MN map across all procs (secs): 0.344516 
Total number of macro_nodes across all proc's: 7344186
Average time for MN node construction across all procs (secs): 0.534123 
Average time for initial wiring of MN nodes across all procs (secs): 0.197576 

Itr: 1, Total number of macro_nodes across all proc's: 7344186 [min=225833 max=233942] expected=229505.812500
part1: id set creation (itr: 1)  (secs): 0.017189 
Itr: 1, global ID_set size across all proc's: 2065366
part2: iterate and pack  (itr: 1)  (secs): 0.807086 
part3: serialize and update communication time  (secs): 0.006226 

part3: serialize and update nodes (itr: 1)  (secs): 0.207349 

Itr: 1, Total time for this iteration: 1.050519

Itr: 2, Total number of macro_nodes across all proc's: 5278820 [min=161120 max=169732] expected=164963.125000
part1: id set creation (itr: 2)  (secs): 0.015430 
Itr: 2, global ID_set size across all proc's: 1406161
part2: iterate and pack  (itr: 2)  (secs): 0.638062 
part3: serialize and update communication time  (secs): 0.005553 

part3: serialize and update nodes (itr: 2)  (secs): 0.157803 

Itr: 2, Total time for this iteration: 0.825341

Itr: 3, Total number of macro_nodes across all proc's: 3872659 [min=118276 max=125001] expected=121020.593750
part1: id set creation (itr: 3)  (secs): 0.012383 
Itr: 3, global ID_set size across all proc's: 987984
part2: iterate and pack  (itr: 3)  (secs): 0.521516 
part3: serialize and update communication time  (secs): 0.003748 

part3: serialize and update nodes (itr: 3)  (secs): 0.108991 

Itr: 3, Total time for this iteration: 0.646174

Itr: 4, Total number of macro_nodes across all proc's: 2884675 [min=87445 max=92911] expected=90146.093750
part1: id set creation (itr: 4)  (secs): 0.009866 
Itr: 4, global ID_set size across all proc's: 728910
part2: iterate and pack  (itr: 4)  (secs): 0.456458 
part3: serialize and update communication time  (secs): 0.005420 

part3: serialize and update nodes (itr: 4)  (secs): 0.080741 

Itr: 4, Total time for this iteration: 0.549195

Itr: 5, Total number of macro_nodes across all proc's: 2155765 [min=65138 max=69808] expected=67367.656250
part1: id set creation (itr: 5)  (secs): 0.007711 
Itr: 5, global ID_set size across all proc's: 531934
part2: iterate and pack  (itr: 5)  (secs): 0.398311 
part3: serialize and update communication time  (secs): 0.002219 

part3: serialize and update nodes (itr: 5)  (secs): 0.058723 

Itr: 5, Total time for this iteration: 0.467024

Itr: 6, Total number of macro_nodes across all proc's: 1623831 [min=48866 max=53027] expected=50744.718750
part1: id set creation (itr: 6)  (secs): 0.005906 
Itr: 6, global ID_set size across all proc's: 392939
part2: iterate and pack  (itr: 6)  (secs): 0.350032 
part3: serialize and update communication time  (secs): 0.002009 

part3: serialize and update nodes (itr: 6)  (secs): 0.044882 

Itr: 6, Total time for this iteration: 0.401827

Itr: 7, Total number of macro_nodes across all proc's: 1230892 [min=37099 max=40544] expected=38465.375000
part1: id set creation (itr: 7)  (secs): 0.004486 
Itr: 7, global ID_set size across all proc's: 294910
part2: iterate and pack  (itr: 7)  (secs): 0.304371 
part3: serialize and update communication time  (secs): 0.001991 

part3: serialize and update nodes (itr: 7)  (secs): 0.036141 

Itr: 7, Total time for this iteration: 0.347347

Itr: 8, Total number of macro_nodes across all proc's: 935982 [min=28144 max=31282] expected=29249.437500
part1: id set creation (itr: 8)  (secs): 0.003342 
Itr: 8, global ID_set size across all proc's: 220335
part2: iterate and pack  (itr: 8)  (secs): 0.260867 
part3: serialize and update communication time  (secs): 0.001584 

part3: serialize and update nodes (itr: 8)  (secs): 0.025956 

Itr: 8, Total time for this iteration: 0.291629

Itr: 9, Total number of macro_nodes across all proc's: 715647 [min=21433 max=24192] expected=22363.968750
part1: id set creation (itr: 9)  (secs): 0.002423 
Itr: 9, global ID_set size across all proc's: 165130
part2: iterate and pack  (itr: 9)  (secs): 0.255450 
part3: serialize and update communication time  (secs): 0.001058 

part3: serialize and update nodes (itr: 9)  (secs): 0.019749 

Itr: 9, Total time for this iteration: 0.278454

Itr: 10, Total number of macro_nodes across all proc's: 550517 [min=16441 max=18666] expected=17203.656250
part1: id set creation (itr: 10)  (secs): 0.001762 
Itr: 10, global ID_set size across all proc's: 124097
part2: iterate and pack  (itr: 10)  (secs): 0.228792 
part3: serialize and update communication time  (secs): 0.000889 

part3: serialize and update nodes (itr: 10)  (secs): 0.015150 

Itr: 10, Total time for this iteration: 0.246346

Itr: 11, Total number of macro_nodes across all proc's: 426420 [min=12728 max=14551] expected=13325.625000
part1: id set creation (itr: 11)  (secs): 0.001315 
Itr: 11, global ID_set size across all proc's: 93598
part2: iterate and pack  (itr: 11)  (secs): 0.205488 
part3: serialize and update communication time  (secs): 0.000892 

part3: serialize and update nodes (itr: 11)  (secs): 0.012449 

Itr: 11, Total time for this iteration: 0.219884

Itr: 12, Total number of macro_nodes across all proc's: 332822 [min=9856 max=11540] expected=10400.687500
part1: id set creation (itr: 12)  (secs): 0.001006 
Itr: 12, global ID_set size across all proc's: 70864
part2: iterate and pack  (itr: 12)  (secs): 0.194781 
part3: serialize and update communication time  (secs): 0.000906 

part3: serialize and update nodes (itr: 12)  (secs): 0.010235 

Itr: 12, Total time for this iteration: 0.206506

Itr: 13, Total number of macro_nodes across all proc's: 261958 [min=7665 max=9060] expected=8186.187500
part1: id set creation (itr: 13)  (secs): 0.000785 
Itr: 13, global ID_set size across all proc's: 54187
part2: iterate and pack  (itr: 13)  (secs): 0.195442 
part3: serialize and update communication time  (secs): 0.000843 

part3: serialize and update nodes (itr: 13)  (secs): 0.007933 

Itr: 13, Total time for this iteration: 0.204577

Itr: 14, Total number of macro_nodes across all proc's: 207771 [min=6063 max=7196] expected=6492.843750
part1: id set creation (itr: 14)  (secs): 0.000624 
Itr: 14, global ID_set size across all proc's: 41310
part2: iterate and pack  (itr: 14)  (secs): 0.168479 
part3: serialize and update communication time  (secs): 0.000853 

part3: serialize and update nodes (itr: 14)  (secs): 0.006697 

Itr: 14, Total time for this iteration: 0.176131

Itr: 15, Total number of macro_nodes across all proc's: 166461 [min=4859 max=5778] expected=5201.906250
part1: id set creation (itr: 15)  (secs): 0.000502 
Itr: 15, global ID_set size across all proc's: 31904
part2: iterate and pack  (itr: 15)  (secs): 0.172163 
part3: serialize and update communication time  (secs): 0.000909 

part3: serialize and update nodes (itr: 15)  (secs): 0.005783 

Itr: 15, Total time for this iteration: 0.178705

Itr: 16, Total number of macro_nodes across all proc's: 134557 [min=3929 max=4716] expected=4204.906250
part1: id set creation (itr: 16)  (secs): 0.000408 
Itr: 16, global ID_set size across all proc's: 24411
part2: iterate and pack  (itr: 16)  (secs): 0.161857 
part3: serialize and update communication time  (secs): 0.000759 

part3: serialize and update nodes (itr: 16)  (secs): 0.004724 

Itr: 16, Total time for this iteration: 0.167212

Itr: 17, Total number of macro_nodes across all proc's: 110146 [min=3208 max=3888] expected=3442.062500
part1: id set creation (itr: 17)  (secs): 0.000336 
Itr: 17, global ID_set size across all proc's: 18870
part2: iterate and pack  (itr: 17)  (secs): 0.163974 
part3: serialize and update communication time  (secs): 0.000664 

part3: serialize and update nodes (itr: 17)  (secs): 0.004004 

Itr: 17, Total time for this iteration: 0.168537

Itr: 18, Total number of macro_nodes across all proc's: 91276 [min=2621 max=3293] expected=2852.375000
Average time for part1: id set creation across all procs (secs): 0.085475 
Average time for part2: packing nodes across all procs (secs): 5.483127 
Average time for part3: update nodes across all procs (secs): 0.807310 
Average time for phase to merge and dropping of nodes across all procs (secs): 6.425409 

Average time for Alltoall in Serialize and Transfer (secs): 0.001464 
Average time for AlltoallV in Serialize and Transfer (secs): 0.035057 
[StopClock: pakman-original-elapsed-time-no-io]: 46.3529 sec

[StopClock: pakman-original-elapsed-time-full]: 54.0043 sec

